18.1064 	WARNING 	User requested fullscreen with size [1920 1080], but screen is actually [2560, 1440]. Using actual size
19.3319 	EXP 	Created window1 = Window(allowGUI=False, allowStencil=False, args=UNKNOWN, autoLog=True, bitsMode=UNKNOWN, blendMode='avg', color=array([0., 0., 0.]), colorSpace='rgb', fullscr=<method-wrapper '__getattribute__' of attributeSetter object at 0x11cc377f0>, gamma=None, kwargs=UNKNOWN, lms=UNKNOWN, monitor=<psychopy.monitors.calibTools.Monitor object at 0x11cc08a20>, multiSample=False, name='window1', numSamples=2, pos=[0.0, 0.0], screen=0, size=array([2560, 1440]), stereo=False, units='deg', useFBO=True, useRetina=False, viewOri=0.0, viewPos=None, viewScale=None, waitBlanking=True, winType='pyglet')
19.3319 	EXP 	window1: recordFrameIntervals = False
19.4983 	EXP 	window1: recordFrameIntervals = True
19.6819 	EXP 	window1: recordFrameIntervals = False
21.3207 	EXP 	Created instrText = TextStim(__class__=<class 'psychopy.visual.text.TextStim'>, alignHoriz='center', alignVert='center', antialias=True, autoLog=True, bold=False, color='white', colorSpace='named', contrast=1.0, depth=0.0, flipHoriz=False, flipVert=False, font='Arial', fontFiles=[], height=1, italic=False, languageStyle='LTR', name='instrText', opacity=1.0, ori=0, pos=array([0., 0.]), rgb=array([255., 255., 255.]), text=str(...), units='deg', win=Window(...), wrapWidth=15.0)
21.3231 	EXP 	Created fixation = GratingStim(__class__=<class 'psychopy.visual.grating.GratingStim'>, autoDraw=False, autoLog=True, blendmode='avg', color='black', colorSpace='named', contrast=1.0, depth=0, interpolate=True, mask='gauss', maskParams=None, name='fixation', opacity=1.0, ori=0.0, phase=array([0., 0.]), pos=array([0., 0.]), rgbPedestal=array([0., 0., 0.]), sf=array([1., 1.]), size=array([1., 1.]), tex=None, texRes=128, units='deg', win=Window(...))
21.3255 	EXP 	Created grating = GratingStim(__class__=<class 'psychopy.visual.grating.GratingStim'>, autoDraw=False, autoLog=True, blendmode='avg', color='white', colorSpace='named', contrast=1.0, depth=0.0, interpolate=True, mask='gauss', maskParams=None, name='grating', opacity=1.0, ori=1.0, phase=array([0., 0.]), pos=array([0., 0.]), rgbPedestal=array([0., 0., 0.]), sf=array([1., 1.]), size=array([1., 1.]), tex='sin', texRes=128, units='deg', win=Window(...))
21.3459 	EXP 	Created thanksMsg = TextStim(__class__=<class 'psychopy.visual.text.TextStim'>, alignHoriz='center', alignVert='center', antialias=True, autoLog=True, bold=False, color=array([1., 1., 1.]), colorSpace='rgb', contrast=1.0, depth=0.0, flipHoriz=False, flipVert=False, font='Arial', fontFiles=[], height=0.1, italic=False, languageStyle='LTR', name='thanksMsg', opacity=1.0, ori=0, pos=array([0., 0.]), rgb=array([1., 1., 1.]), text=str(...), units='deg', win=Window(...), wrapWidth=15.0)
21.3688 	EXP 	instrText: autoDraw = True
22.2172 	DATA 	Mouse: Left button down, pos=(1016,850)
22.3337 	DATA 	Mouse:  Left button up, pos=(1016,850)
31.1996 	EXP 	Imported stairDefinitions.xlsx as conditions, 4 conditions, 9 params
31.3967 	EXP 	window1: recordFrameIntervals = False
31.3994 	DATA 	Keypress: space
31.4082 	EXP 	instrText: autoDraw = False
31.4082 	EXP 	grating: color = '[0.001 0.001 0.001] (rgb)'
31.4082 	EXP 	grating: size = array([3.6, 3.6])
31.4082 	EXP 	grating: ori = 90.0
31.4082 	EXP 	grating: sf = array([1.2, 1.2])
31.4083 	EXP 	window1: recordFrameIntervals = False
31.6585 	EXP 	fixation: autoDraw = True
31.8586 	EXP 	fixation: autoDraw = False
31.9086 	EXP 	grating: autoDraw = True
44.1042 	DATA 	Keypress: space
45.3875 	EXP 	window1: recordFrameIntervals = False
45.3894 	DATA 	Keypress: right
45.4034 	EXP 	fixation: autoDraw = False
45.4034 	EXP 	grating: autoDraw = False
45.4034 	EXP 	grating: color = '[0.3 0.3 0.3] (rgb)'
45.4034 	EXP 	grating: size = array([3.6, 3.6])
45.4034 	EXP 	grating: ori = 90.0
45.4034 	EXP 	grating: sf = array([1.2, 1.2])
45.4035 	EXP 	window1: recordFrameIntervals = False
45.6535 	EXP 	fixation: autoDraw = True
45.8394 	EXP 	fixation: autoDraw = False
45.9061 	EXP 	grating: autoDraw = True
48.1127 	EXP 	window1: recordFrameIntervals = False
48.1142 	DATA 	Keypress: right
48.1223 	EXP 	fixation: autoDraw = False
48.1223 	EXP 	grating: autoDraw = False
48.1223 	EXP 	grating: color = '[0.3 0.3 0.3] (rgb)'
48.1223 	EXP 	grating: size = array([3.6, 3.6])
48.1223 	EXP 	grating: ori = 90.0
48.1223 	EXP 	grating: sf = array([12., 12.])
48.1224 	EXP 	window1: recordFrameIntervals = False
48.3892 	EXP 	fixation: autoDraw = True
48.5728 	EXP 	fixation: autoDraw = False
48.6395 	EXP 	grating: autoDraw = True
49.9309 	EXP 	window1: recordFrameIntervals = False
49.9323 	DATA 	Keypress: right
49.9405 	EXP 	fixation: autoDraw = False
49.9405 	EXP 	grating: autoDraw = False
49.9405 	EXP 	grating: color = '[0.001 0.001 0.001] (rgb)'
49.9405 	EXP 	grating: size = array([3.6, 3.6])
49.9405 	EXP 	grating: ori = 90.0
49.9405 	EXP 	grating: sf = array([12., 12.])
49.9406 	EXP 	window1: recordFrameIntervals = False
50.2074 	EXP 	fixation: autoDraw = True
50.3909 	EXP 	fixation: autoDraw = False
50.4576 	EXP 	grating: autoDraw = True
53.1001 	EXP 	window1: recordFrameIntervals = False
53.1017 	DATA 	Keypress: left
53.1098 	EXP 	fixation: autoDraw = False
53.1098 	EXP 	grating: autoDraw = False
53.1098 	EXP 	grating: color = '[0.02506749 0.02506749 0.02506749] (rgb)'
53.1098 	EXP 	grating: size = array([3.6, 3.6])
53.1098 	EXP 	grating: ori = 90.0
53.1098 	EXP 	grating: sf = array([12., 12.])
53.1100 	EXP 	window1: recordFrameIntervals = False
53.3768 	EXP 	fixation: autoDraw = True
53.5602 	EXP 	fixation: autoDraw = False
53.6269 	EXP 	grating: autoDraw = True
54.9182 	EXP 	window1: recordFrameIntervals = False
54.9196 	DATA 	Keypress: right
54.9280 	EXP 	fixation: autoDraw = False
54.9280 	EXP 	grating: autoDraw = False
54.9280 	EXP 	grating: color = '[0.30209459 0.30209459 0.30209459] (rgb)'
54.9280 	EXP 	grating: size = array([3.6, 3.6])
54.9280 	EXP 	grating: ori = 90.0
54.9280 	EXP 	grating: sf = array([1.2, 1.2])
54.9281 	EXP 	window1: recordFrameIntervals = False
55.1949 	EXP 	fixation: autoDraw = True
55.3784 	EXP 	fixation: autoDraw = False
55.4451 	EXP 	grating: autoDraw = True
55.9971 	DATA 	Keypress: up
57.2040 	EXP 	window1: recordFrameIntervals = False
57.2054 	DATA 	Keypress: right
57.2134 	EXP 	fixation: autoDraw = False
57.2134 	EXP 	grating: autoDraw = False
57.2134 	EXP 	grating: color = '[0.00309459 0.00309459 0.00309459] (rgb)'
57.2134 	EXP 	grating: size = array([3.6, 3.6])
57.2134 	EXP 	grating: ori = 0.0
57.2134 	EXP 	grating: sf = array([1.2, 1.2])
57.2135 	EXP 	window1: recordFrameIntervals = False
57.4802 	EXP 	fixation: autoDraw = True
57.6637 	EXP 	fixation: autoDraw = False
57.7304 	EXP 	grating: autoDraw = True
61.2903 	EXP 	window1: recordFrameIntervals = False
61.2917 	DATA 	Keypress: left
61.3001 	EXP 	fixation: autoDraw = False
61.3001 	EXP 	grating: autoDraw = False
61.3001 	EXP 	grating: color = '[0.30209459 0.30209459 0.30209459] (rgb)'
61.3001 	EXP 	grating: size = array([3.6, 3.6])
61.3001 	EXP 	grating: ori = 0.0
61.3001 	EXP 	grating: sf = array([12., 12.])
61.3002 	EXP 	window1: recordFrameIntervals = False
61.5670 	EXP 	fixation: autoDraw = True
61.7504 	EXP 	fixation: autoDraw = False
61.8171 	EXP 	grating: autoDraw = True
63.2090 	EXP 	window1: recordFrameIntervals = False
63.2104 	DATA 	Keypress: left
63.2184 	EXP 	fixation: autoDraw = False
63.2184 	EXP 	grating: autoDraw = False
63.2184 	EXP 	grating: color = '[0.29787761 0.29787761 0.29787761] (rgb)'
63.2184 	EXP 	grating: size = array([3.6, 3.6])
63.2184 	EXP 	grating: ori = 90.0
63.2184 	EXP 	grating: sf = array([1.2, 1.2])
63.2185 	EXP 	window1: recordFrameIntervals = False
63.4853 	EXP 	fixation: autoDraw = True
63.6689 	EXP 	fixation: autoDraw = False
63.7355 	EXP 	grating: autoDraw = True
64.3597 	EXP 	window1: recordFrameIntervals = False
64.3611 	DATA 	Keypress: right
64.3694 	EXP 	fixation: autoDraw = False
64.3694 	EXP 	grating: autoDraw = False
64.3694 	EXP 	grating: color = '[0.29787761 0.29787761 0.29787761] (rgb)'
64.3694 	EXP 	grating: size = array([3.6, 3.6])
64.3694 	EXP 	grating: ori = 90.0
64.3694 	EXP 	grating: sf = array([12., 12.])
64.3695 	EXP 	window1: recordFrameIntervals = False
64.6362 	EXP 	fixation: autoDraw = True
64.8197 	EXP 	fixation: autoDraw = False
64.8865 	EXP 	grating: autoDraw = True
66.0611 	EXP 	window1: recordFrameIntervals = False
66.0626 	DATA 	Keypress: right
66.0708 	EXP 	fixation: autoDraw = False
66.0708 	EXP 	grating: autoDraw = False
66.0708 	EXP 	grating: color = '[0. 0. 0.] (rgb)'
66.0708 	EXP 	grating: size = array([3.6, 3.6])
66.0708 	EXP 	grating: ori = 90.0
66.0708 	EXP 	grating: sf = array([1.2, 1.2])
66.0708 	EXP 	window1: recordFrameIntervals = False
66.3377 	EXP 	fixation: autoDraw = True
66.5211 	EXP 	fixation: autoDraw = False
66.5879 	EXP 	grating: autoDraw = True
69.5141 	EXP 	window1: recordFrameIntervals = False
69.5156 	DATA 	Keypress: left
69.5237 	EXP 	fixation: autoDraw = False
69.5237 	EXP 	grating: autoDraw = False
69.5237 	EXP 	grating: color = '[0.02123613 0.02123613 0.02123613] (rgb)'
69.5237 	EXP 	grating: size = array([3.6, 3.6])
69.5237 	EXP 	grating: ori = 90.0
69.5237 	EXP 	grating: sf = array([12., 12.])
69.5238 	EXP 	window1: recordFrameIntervals = False
69.7907 	EXP 	fixation: autoDraw = True
69.9740 	EXP 	fixation: autoDraw = False
70.0409 	EXP 	grating: autoDraw = True
71.1986 	EXP 	window1: recordFrameIntervals = False
71.2002 	DATA 	Keypress: right
71.2084 	EXP 	fixation: autoDraw = False
71.2084 	EXP 	grating: autoDraw = False
71.2084 	EXP 	grating: color = '[0.2937835 0.2937835 0.2937835] (rgb)'
71.2084 	EXP 	grating: size = array([3.6, 3.6])
71.2084 	EXP 	grating: ori = 0.0
71.2084 	EXP 	grating: sf = array([1.2, 1.2])
71.2085 	EXP 	window1: recordFrameIntervals = False
71.4754 	EXP 	fixation: autoDraw = True
71.6588 	EXP 	fixation: autoDraw = False
71.7256 	EXP 	grating: autoDraw = True
72.3831 	EXP 	window1: recordFrameIntervals = False
72.3845 	DATA 	Keypress: left
72.3929 	EXP 	fixation: autoDraw = False
72.3929 	EXP 	grating: autoDraw = False
72.3929 	EXP 	grating: color = '[0.01758127 0.01758127 0.01758127] (rgb)'
72.3929 	EXP 	grating: size = array([3.6, 3.6])
72.3929 	EXP 	grating: ori = 90.0
72.3929 	EXP 	grating: sf = array([12., 12.])
72.3929 	EXP 	window1: recordFrameIntervals = False
72.6597 	EXP 	fixation: autoDraw = True
72.8431 	EXP 	fixation: autoDraw = False
72.9099 	EXP 	grating: autoDraw = True
73.1951 	DATA 	Keypress: escape
73.5411 	EXP 	window1: mouseVisible = True
