14.0639 	WARNING 	User requested fullscreen with size [1024  768], but screen is actually [1920, 1080]. Using actual size
14.9787 	EXP 	Created window1 = Window(allowGUI=False, allowStencil=False, args=UNKNOWN, autoLog=True, bitsMode=UNKNOWN, blendMode='avg', color=array([0., 0., 0.]), colorSpace='rgb', fullscr=<method-wrapper '__getattribute__' of attributeSetter object at 0x12e419860>, gamma=None, kwargs=UNKNOWN, lms=UNKNOWN, monitor=<psychopy.monitors.calibTools.Monitor object at 0x12fbb35f8>, multiSample=False, name='window1', numSamples=2, pos=[0.0, 0.0], screen=0, size=array([1920, 1080]), stereo=False, units='height', useFBO=True, useRetina=False, viewOri=0.0, viewPos=None, viewScale=None, waitBlanking=True, winType='pyglet')
15.5903 	EXP 	Created grating_S1_T5 = GratingStim(__class__=<class 'psychopy.visual.grating.GratingStim'>, autoDraw=False, autoLog=True, blendmode='avg', color=array([0.5, 0.5, 0.5]), colorSpace='rgb', contrast=1.0, depth=0.0, interpolate=True, mask='circle', maskParams=None, name='grating_S1_T5', opacity=1.0, ori=90.0, phase=array([0., 0.]), pos=array([0., 0.]), rgbPedestal=array([0., 0., 0.]), sf=array([0.6, 0.6]), size=array([3.5, 3.5]), tex='sin', texRes=128, units='deg', win=Window(...))
15.6119 	EXP 	grating_S1_T5: phase = 0.0
15.6119 	EXP 	grating_S1_T5: color = [0.0001252032117918134, 0.0001252032117918134, 0.0001252032117918134]
15.6288 	EXP 	grating_S1_T5: phase = 0.0
15.6288 	EXP 	grating_S1_T5: color = [0.03499696960207075, 0.03499696960207075, 0.03499696960207075]
15.6442 	EXP 	grating_S1_T5: phase = 0.0
15.6442 	EXP 	grating_S1_T5: color = [0.06218264480121434, 0.06218264480121434, 0.06218264480121434]
15.6612 	EXP 	grating_S1_T5: phase = 0.0
15.6612 	EXP 	grating_S1_T5: color = [0.08659745759796351, 0.08659745759796351, 0.08659745759796351]
15.6765 	EXP 	grating_S1_T5: phase = 0.0
15.6765 	EXP 	grating_S1_T5: color = [0.11389516959898174, 0.11389516959898174, 0.11389516959898174]
15.6942 	EXP 	grating_S1_T5: phase = 0.0
15.6942 	EXP 	grating_S1_T5: color = [0.13829950401559474, 0.13829950401559474, 0.13829950401559474]
15.7112 	EXP 	grating_S1_T5: phase = 0.0
15.7112 	EXP 	grating_S1_T5: color = [0.16657433761283758, 0.16657433761283758, 0.16657433761283758]
15.7276 	EXP 	grating_S1_T5: phase = 0.0
15.7276 	EXP 	grating_S1_T5: color = [0.19383849441073836, 0.19383849441073836, 0.19383849441073836]
15.7442 	EXP 	grating_S1_T5: phase = 0.0
15.7442 	EXP 	grating_S1_T5: color = [0.22018275361042472, 0.22018275361042472, 0.22018275361042472]
15.7610 	EXP 	grating_S1_T5: phase = 0.0
15.7610 	EXP 	grating_S1_T5: color = [0.2467351376079023, 0.2467351376079023, 0.2467351376079023]
15.7772 	EXP 	grating_S1_T5: phase = 0.0
15.7772 	EXP 	grating_S1_T5: color = [0.27346088960766796, 0.27346088960766796, 0.27346088960766796]
15.7947 	EXP 	grating_S1_T5: phase = 0.0
15.7947 	EXP 	grating_S1_T5: color = [0.29935509599745275, 0.29935509599745275, 0.29935509599745275]
15.8106 	EXP 	grating_S1_T5: phase = 0.0
15.8106 	EXP 	grating_S1_T5: color = [0.32739767201710496, 0.32739767201710496, 0.32739767201710496]
15.8277 	EXP 	grating_S1_T5: phase = 0.0
15.8277 	EXP 	grating_S1_T5: color = [0.35277065921109174, 0.35277065921109174, 0.35277065921109174]
15.8443 	EXP 	grating_S1_T5: phase = 0.0
15.8443 	EXP 	grating_S1_T5: color = [0.38027541441842916, 0.38027541441842916, 0.38027541441842916]
15.8613 	EXP 	grating_S1_T5: phase = 0.0
15.8613 	EXP 	grating_S1_T5: color = [0.4068730400176719, 0.4068730400176719, 0.4068730400176719]
15.8776 	EXP 	grating_S1_T5: phase = 0.0
15.8776 	EXP 	grating_S1_T5: color = [0.43399504320696, 0.43399504320696, 0.43399504320696]
15.8945 	EXP 	grating_S1_T5: phase = 0.0
15.8945 	EXP 	grating_S1_T5: color = [0.4600296976044774, 0.4600296976044774, 0.4600296976044774]
15.9104 	EXP 	grating_S1_T5: phase = 0.0
15.9104 	EXP 	grating_S1_T5: color = [0.48705116000492127, 0.48705116000492127, 0.48705116000492127]
15.9275 	EXP 	grating_S1_T5: phase = 0.0
15.9275 	EXP 	grating_S1_T5: color = [0.5125561536056921, 0.5125561536056921, 0.5125561536056921]
15.9447 	EXP 	grating_S1_T5: phase = 0.0
15.9447 	EXP 	grating_S1_T5: color = [0.5398179264040665, 0.5398179264040665, 0.5398179264040665]
15.9613 	EXP 	grating_S1_T5: phase = 0.0
15.9613 	EXP 	grating_S1_T5: color = [0.5673565760022029, 0.5673565760022029, 0.5673565760022029]
15.9781 	EXP 	grating_S1_T5: phase = 0.0
15.9781 	EXP 	grating_S1_T5: color = [0.5939344256184995, 0.5939344256184995, 0.5939344256184995]
15.9946 	EXP 	grating_S1_T5: phase = 0.0
15.9946 	EXP 	grating_S1_T5: color = [0.6207688336027787, 0.6207688336027787, 0.6207688336027787]
16.0110 	EXP 	grating_S1_T5: phase = 0.0
16.0110 	EXP 	grating_S1_T5: color = [0.6472916176076979, 0.6472916176076979, 0.6472916176076979]
16.0269 	EXP 	grating_S1_T5: phase = 0.0
16.0269 	EXP 	grating_S1_T5: color = [0.6735243231989444, 0.6735243231989444, 0.6735243231989444]
16.0447 	EXP 	grating_S1_T5: phase = 0.0
16.0447 	EXP 	grating_S1_T5: color = [0.6988489120034501, 0.6988489120034501, 0.6988489120034501]
16.0612 	EXP 	grating_S1_T5: phase = 0.0
16.0612 	EXP 	grating_S1_T5: color = [0.7274359424132855, 0.7274359424132855, 0.7274359424132855]
16.0772 	EXP 	grating_S1_T5: phase = 0.0
16.0772 	EXP 	grating_S1_T5: color = [0.7539022544166074, 0.7539022544166074, 0.7539022544166074]
16.0947 	EXP 	grating_S1_T5: phase = 0.0
16.0947 	EXP 	grating_S1_T5: color = [0.7795596880139783, 0.7795596880139783, 0.7795596880139783]
16.1108 	EXP 	grating_S1_T5: phase = 0.5
16.1108 	EXP 	grating_S1_T5: color = [0.8, 0.8, 0.8]
16.1278 	EXP 	grating_S1_T5: phase = 0.5
16.1278 	EXP 	grating_S1_T5: color = [0.8, 0.8, 0.8]
16.1445 	EXP 	grating_S1_T5: phase = 0.5
16.1445 	EXP 	grating_S1_T5: color = [0.8, 0.8, 0.8]
16.1613 	EXP 	grating_S1_T5: phase = 0.5
16.1613 	EXP 	grating_S1_T5: color = [0.8, 0.8, 0.8]
16.1779 	EXP 	grating_S1_T5: phase = 0.5
16.1779 	EXP 	grating_S1_T5: color = [0.8, 0.8, 0.8]
16.1940 	EXP 	grating_S1_T5: phase = 0.5
16.1940 	EXP 	grating_S1_T5: color = [0.8, 0.8, 0.8]
16.2110 	EXP 	grating_S1_T5: phase = 0.5
16.2110 	EXP 	grating_S1_T5: color = [0.8, 0.8, 0.8]
16.2277 	EXP 	grating_S1_T5: phase = 0.5
16.2277 	EXP 	grating_S1_T5: color = [0.8, 0.8, 0.8]
16.2436 	EXP 	grating_S1_T5: phase = 0.5
16.2436 	EXP 	grating_S1_T5: color = [0.8, 0.8, 0.8]
16.2606 	EXP 	grating_S1_T5: phase = 0.5
16.2606 	EXP 	grating_S1_T5: color = [0.8, 0.8, 0.8]
16.2774 	EXP 	grating_S1_T5: phase = 0.5
16.2774 	EXP 	grating_S1_T5: color = [0.8, 0.8, 0.8]
16.2951 	EXP 	grating_S1_T5: phase = 0.5
16.2951 	EXP 	grating_S1_T5: color = [0.8, 0.8, 0.8]
16.3102 	EXP 	grating_S1_T5: phase = 0.5
16.3102 	EXP 	grating_S1_T5: color = [0.8, 0.8, 0.8]
16.3277 	EXP 	grating_S1_T5: phase = 0.5
16.3277 	EXP 	grating_S1_T5: color = [0.8, 0.8, 0.8]
16.3444 	EXP 	grating_S1_T5: phase = 0.5
16.3444 	EXP 	grating_S1_T5: color = [0.8, 0.8, 0.8]
16.3614 	EXP 	grating_S1_T5: phase = 0.5
16.3614 	EXP 	grating_S1_T5: color = [0.8, 0.8, 0.8]
16.3773 	EXP 	grating_S1_T5: phase = 0.5
16.3773 	EXP 	grating_S1_T5: color = [0.8, 0.8, 0.8]
16.3941 	EXP 	grating_S1_T5: phase = 0.5
16.3941 	EXP 	grating_S1_T5: color = [0.8, 0.8, 0.8]
16.4111 	EXP 	grating_S1_T5: phase = 0.5
16.4111 	EXP 	grating_S1_T5: color = [0.8, 0.8, 0.8]
16.4274 	EXP 	grating_S1_T5: phase = 0.5
16.4274 	EXP 	grating_S1_T5: color = [0.8, 0.8, 0.8]
16.4440 	EXP 	grating_S1_T5: phase = 0.5
16.4440 	EXP 	grating_S1_T5: color = [0.8, 0.8, 0.8]
16.4602 	EXP 	grating_S1_T5: phase = 0.5
16.4602 	EXP 	grating_S1_T5: color = [0.8, 0.8, 0.8]
16.4779 	EXP 	grating_S1_T5: phase = 0.5
16.4779 	EXP 	grating_S1_T5: color = [0.8, 0.8, 0.8]
16.4943 	EXP 	grating_S1_T5: phase = 0.5
16.4943 	EXP 	grating_S1_T5: color = [0.8, 0.8, 0.8]
16.5105 	EXP 	grating_S1_T5: phase = 0.5
16.5105 	EXP 	grating_S1_T5: color = [0.8, 0.8, 0.8]
16.5275 	EXP 	grating_S1_T5: phase = 0.5
16.5275 	EXP 	grating_S1_T5: color = [0.8, 0.8, 0.8]
16.5442 	EXP 	grating_S1_T5: phase = 0.5
16.5442 	EXP 	grating_S1_T5: color = [0.8, 0.8, 0.8]
16.5606 	EXP 	grating_S1_T5: phase = 0.5
16.5606 	EXP 	grating_S1_T5: color = [0.8, 0.8, 0.8]
16.5778 	EXP 	grating_S1_T5: phase = 0.5
16.5778 	EXP 	grating_S1_T5: color = [0.8, 0.8, 0.8]
16.5952 	EXP 	grating_S1_T5: phase = 0.5
16.5952 	EXP 	grating_S1_T5: color = [0.8, 0.8, 0.8]
16.6113 	EXP 	grating_S1_T5: phase = 0.0
16.6113 	EXP 	grating_S1_T5: color = [0.8, 0.8, 0.8]
16.6280 	EXP 	grating_S1_T5: phase = 0.0
16.6280 	EXP 	grating_S1_T5: color = [0.8, 0.8, 0.8]
16.6447 	EXP 	grating_S1_T5: phase = 0.0
16.6447 	EXP 	grating_S1_T5: color = [0.8, 0.8, 0.8]
16.6610 	EXP 	grating_S1_T5: phase = 0.0
16.6610 	EXP 	grating_S1_T5: color = [0.8, 0.8, 0.8]
16.6769 	EXP 	grating_S1_T5: phase = 0.0
16.6769 	EXP 	grating_S1_T5: color = [0.8, 0.8, 0.8]
16.6945 	EXP 	grating_S1_T5: phase = 0.0
16.6945 	EXP 	grating_S1_T5: color = [0.8, 0.8, 0.8]
16.7108 	EXP 	grating_S1_T5: phase = 0.0
16.7108 	EXP 	grating_S1_T5: color = [0.8, 0.8, 0.8]
16.7272 	EXP 	grating_S1_T5: phase = 0.0
16.7272 	EXP 	grating_S1_T5: color = [0.8, 0.8, 0.8]
16.7438 	EXP 	grating_S1_T5: phase = 0.0
16.7438 	EXP 	grating_S1_T5: color = [0.8, 0.8, 0.8]
16.7609 	EXP 	grating_S1_T5: phase = 0.0
16.7609 	EXP 	grating_S1_T5: color = [0.8, 0.8, 0.8]
16.7778 	EXP 	grating_S1_T5: phase = 0.0
16.7778 	EXP 	grating_S1_T5: color = [0.8, 0.8, 0.8]
16.7939 	EXP 	grating_S1_T5: phase = 0.0
16.7939 	EXP 	grating_S1_T5: color = [0.8, 0.8, 0.8]
16.8111 	EXP 	grating_S1_T5: phase = 0.0
16.8111 	EXP 	grating_S1_T5: color = [0.8, 0.8, 0.8]
16.8269 	EXP 	grating_S1_T5: phase = 0.0
16.8269 	EXP 	grating_S1_T5: color = [0.8, 0.8, 0.8]
16.8443 	EXP 	grating_S1_T5: phase = 0.0
16.8443 	EXP 	grating_S1_T5: color = [0.8, 0.8, 0.8]
16.8609 	EXP 	grating_S1_T5: phase = 0.0
16.8609 	EXP 	grating_S1_T5: color = [0.8, 0.8, 0.8]
16.8774 	EXP 	grating_S1_T5: phase = 0.0
16.8774 	EXP 	grating_S1_T5: color = [0.8, 0.8, 0.8]
16.8943 	EXP 	grating_S1_T5: phase = 0.0
16.8943 	EXP 	grating_S1_T5: color = [0.8, 0.8, 0.8]
16.9112 	EXP 	grating_S1_T5: phase = 0.0
16.9112 	EXP 	grating_S1_T5: color = [0.8, 0.8, 0.8]
16.9274 	EXP 	grating_S1_T5: phase = 0.0
16.9274 	EXP 	grating_S1_T5: color = [0.8, 0.8, 0.8]
16.9446 	EXP 	grating_S1_T5: phase = 0.0
16.9446 	EXP 	grating_S1_T5: color = [0.8, 0.8, 0.8]
16.9604 	EXP 	grating_S1_T5: phase = 0.0
16.9604 	EXP 	grating_S1_T5: color = [0.8, 0.8, 0.8]
16.9774 	EXP 	grating_S1_T5: phase = 0.0
16.9774 	EXP 	grating_S1_T5: color = [0.8, 0.8, 0.8]
16.9944 	EXP 	grating_S1_T5: phase = 0.0
16.9944 	EXP 	grating_S1_T5: color = [0.8, 0.8, 0.8]
17.0108 	EXP 	grating_S1_T5: phase = 0.0
17.0108 	EXP 	grating_S1_T5: color = [0.8, 0.8, 0.8]
17.0279 	EXP 	grating_S1_T5: phase = 0.0
17.0279 	EXP 	grating_S1_T5: color = [0.8, 0.8, 0.8]
17.0443 	EXP 	grating_S1_T5: phase = 0.0
17.0443 	EXP 	grating_S1_T5: color = [0.8, 0.8, 0.8]
17.0607 	EXP 	grating_S1_T5: phase = 0.0
17.0607 	EXP 	grating_S1_T5: color = [0.8, 0.8, 0.8]
17.0778 	EXP 	grating_S1_T5: phase = 0.0
17.0778 	EXP 	grating_S1_T5: color = [0.8, 0.8, 0.8]
17.0939 	EXP 	grating_S1_T5: phase = 0.0
17.0939 	EXP 	grating_S1_T5: color = [0.8, 0.8, 0.8]
17.1114 	EXP 	grating_S1_T5: phase = 0.5
17.1114 	EXP 	grating_S1_T5: color = [0.7939202959882096, 0.7939202959882096, 0.7939202959882096]
17.1274 	EXP 	grating_S1_T5: phase = 0.5
17.1274 	EXP 	grating_S1_T5: color = [0.7658246751874686, 0.7658246751874686, 0.7658246751874686]
17.1447 	EXP 	grating_S1_T5: phase = 0.5
17.1447 	EXP 	grating_S1_T5: color = [0.7401037839939818, 0.7401037839939818, 0.7401037839939818]
17.1612 	EXP 	grating_S1_T5: phase = 0.5
17.1612 	EXP 	grating_S1_T5: color = [0.7124476864002646, 0.7124476864002646, 0.7124476864002646]
17.1776 	EXP 	grating_S1_T5: phase = 0.5
17.1776 	EXP 	grating_S1_T5: color = [0.6860466911923141, 0.6860466911923141, 0.6860466911923141]
17.1941 	EXP 	grating_S1_T5: phase = 0.5
17.1941 	EXP 	grating_S1_T5: color = [0.660100289597176, 0.660100289597176, 0.660100289597176]
17.2110 	EXP 	grating_S1_T5: phase = 0.5
17.2110 	EXP 	grating_S1_T5: color = [0.6334214527858422, 0.6334214527858422, 0.6334214527858422]
17.2280 	EXP 	grating_S1_T5: phase = 0.5
17.2280 	EXP 	grating_S1_T5: color = [0.6064219872001559, 0.6064219872001559, 0.6064219872001559]
17.2439 	EXP 	grating_S1_T5: phase = 0.5
17.2439 	EXP 	grating_S1_T5: color = [0.5789773728000001, 0.5789773728000001, 0.5789773728000001]
17.2611 	EXP 	grating_S1_T5: phase = 0.5
17.2611 	EXP 	grating_S1_T5: color = [0.5538281023968011, 0.5538281023968011, 0.5538281023968011]
17.2777 	EXP 	grating_S1_T5: phase = 0.5
17.2777 	EXP 	grating_S1_T5: color = [0.526448351982981, 0.526448351982981, 0.526448351982981]
17.2943 	EXP 	grating_S1_T5: phase = 0.5
17.2943 	EXP 	grating_S1_T5: color = [0.49982830879744145, 0.49982830879744145, 0.49982830879744145]
17.3108 	EXP 	grating_S1_T5: phase = 0.5
17.3108 	EXP 	grating_S1_T5: color = [0.47322697918862106, 0.47322697918862106, 0.47322697918862106]
17.3277 	EXP 	grating_S1_T5: phase = 0.5
17.3277 	EXP 	grating_S1_T5: color = [0.446868836786598, 0.446868836786598, 0.446868836786598]
17.3443 	EXP 	grating_S1_T5: phase = 0.5
17.3443 	EXP 	grating_S1_T5: color = [0.41985808638855815, 0.41985808638855815, 0.41985808638855815]
17.3613 	EXP 	grating_S1_T5: phase = 0.5
17.3613 	EXP 	grating_S1_T5: color = [0.3932311472017318, 0.3932311472017318, 0.3932311472017318]
17.3778 	EXP 	grating_S1_T5: phase = 0.5
17.3778 	EXP 	grating_S1_T5: color = [0.3659452335909009, 0.3659452335909009, 0.3659452335909009]
17.3946 	EXP 	grating_S1_T5: phase = 0.5
17.3946 	EXP 	grating_S1_T5: color = [0.339469155180268, 0.339469155180268, 0.339469155180268]
17.4107 	EXP 	grating_S1_T5: phase = 0.5
17.4107 	EXP 	grating_S1_T5: color = [0.3128206623950973, 0.3128206623950973, 0.3128206623950973]
17.4271 	EXP 	grating_S1_T5: phase = 0.5
17.4271 	EXP 	grating_S1_T5: color = [0.28707252638414504, 0.28707252638414504, 0.28707252638414504]
17.4449 	EXP 	grating_S1_T5: phase = 0.5
17.4449 	EXP 	grating_S1_T5: color = [0.2608973567839712, 0.2608973567839712, 0.2608973567839712]
17.4611 	EXP 	grating_S1_T5: phase = 0.5
17.4611 	EXP 	grating_S1_T5: color = [0.23220716000068933, 0.23220716000068933, 0.23220716000068933]
17.4777 	EXP 	grating_S1_T5: phase = 0.5
17.4777 	EXP 	grating_S1_T5: color = [0.206460222392343, 0.206460222392343, 0.206460222392343]
17.4939 	EXP 	grating_S1_T5: phase = 0.5
17.4939 	EXP 	grating_S1_T5: color = [0.17961165599990636, 0.17961165599990636, 0.17961165599990636]
17.5108 	EXP 	grating_S1_T5: phase = 0.5
17.5108 	EXP 	grating_S1_T5: color = [0.15394359519705178, 0.15394359519705178, 0.15394359519705178]
17.5275 	EXP 	grating_S1_T5: phase = 0.5
17.5275 	EXP 	grating_S1_T5: color = [0.1267052431823686, 0.1267052431823686, 0.1267052431823686]
17.5439 	EXP 	grating_S1_T5: phase = 0.5
17.5439 	EXP 	grating_S1_T5: color = [0.10015998878516258, 0.10015998878516258, 0.10015998878516258]
17.5613 	EXP 	grating_S1_T5: phase = 0.5
17.5613 	EXP 	grating_S1_T5: color = [0.07387400639709085, 0.07387400639709085, 0.07387400639709085]
17.5779 	EXP 	grating_S1_T5: phase = 0.5
17.5779 	EXP 	grating_S1_T5: color = [0.04616657278966159, 0.04616657278966159, 0.04616657278966159]
17.5943 	EXP 	grating_S1_T5: phase = 0.5
17.5943 	EXP 	grating_S1_T5: color = [0.019440664001740517, 0.019440664001740517, 0.019440664001740517]
17.8874 	EXP 	window1: mouseVisible = True
12.0896 	WARNING 	User requested fullscreen with size [1024  768], but screen is actually [1920, 1080]. Using actual size
13.0089 	EXP 	Created window1 = Window(allowGUI=False, allowStencil=False, args=UNKNOWN, autoLog=True, bitsMode=UNKNOWN, blendMode='avg', color=array([0., 0., 0.]), colorSpace='rgb', fullscr=<method-wrapper '__getattribute__' of attributeSetter object at 0x12f72e7f0>, gamma=None, kwargs=UNKNOWN, lms=UNKNOWN, monitor=<psychopy.monitors.calibTools.Monitor object at 0x12f5f5588>, multiSample=False, name='window1', numSamples=2, pos=[0.0, 0.0], screen=0, size=array([1920, 1080]), stereo=False, units='height', useFBO=True, useRetina=False, viewOri=0.0, viewPos=None, viewScale=None, waitBlanking=True, winType='pyglet')
13.3142 	EXP 	Created grating_S1_T5 = GratingStim(__class__=<class 'psychopy.visual.grating.GratingStim'>, autoDraw=False, autoLog=True, blendmode='avg', color=array([0.5, 0.5, 0.5]), colorSpace='rgb', contrast=1.0, depth=0.0, interpolate=True, mask='circle', maskParams=None, name='grating_S1_T5', opacity=1.0, ori=90.0, phase=array([0., 0.]), pos=array([0., 0.]), rgbPedestal=array([0., 0., 0.]), sf=array([0.6, 0.6]), size=array([3.5, 3.5]), tex='sin', texRes=128, units='deg', win=Window(...))
13.3284 	EXP 	grating_S1_T5: phase = 0.0
13.3284 	EXP 	grating_S1_T5: color = [1.6708800103515387e-05, 1.6708800103515387e-05, 1.6708800103515387e-05]
13.3415 	EXP 	grating_S1_T5: phase = 0.0
13.3415 	EXP 	grating_S1_T5: color = [0.002879920802661218, 0.002879920802661218, 0.002879920802661218]
13.3581 	EXP 	grating_S1_T5: phase = 0.0
13.3581 	EXP 	grating_S1_T5: color = [0.005514614601270296, 0.005514614601270296, 0.005514614601270296]
13.3753 	EXP 	grating_S1_T5: phase = 0.0
13.3753 	EXP 	grating_S1_T5: color = [0.008847104001324624, 0.008847104001324624, 0.008847104001324624]
13.3921 	EXP 	grating_S1_T5: phase = 0.0
13.3921 	EXP 	grating_S1_T5: color = [0.01227799840271473, 0.01227799840271473, 0.01227799840271473]
13.4085 	EXP 	grating_S1_T5: phase = 0.0
13.4085 	EXP 	grating_S1_T5: color = [0.01563830540108029, 0.01563830540108029, 0.01563830540108029]
13.4246 	EXP 	grating_S1_T5: phase = 0.0
13.4246 	EXP 	grating_S1_T5: color = [0.018904583001858558, 0.018904583001858558, 0.018904583001858558]
13.4416 	EXP 	grating_S1_T5: phase = 0.0
13.4416 	EXP 	grating_S1_T5: color = [0.022144222201313825, 0.022144222201313825, 0.022144222201313825]
13.4577 	EXP 	grating_S1_T5: phase = 0.0
13.4577 	EXP 	grating_S1_T5: color = [0.025541186801274308, 0.025541186801274308, 0.025541186801274308]
13.4751 	EXP 	grating_S1_T5: phase = 0.0
13.4751 	EXP 	grating_S1_T5: color = [0.02875626500172075, 0.02875626500172075, 0.02875626500172075]
13.4920 	EXP 	grating_S1_T5: phase = 0.0
13.4920 	EXP 	grating_S1_T5: color = [0.032237678201636304, 0.032237678201636304, 0.032237678201636304]
13.5084 	EXP 	grating_S1_T5: phase = 0.0
13.5084 	EXP 	grating_S1_T5: color = [0.03561275720130652, 0.03561275720130652, 0.03561275720130652]
13.5252 	EXP 	grating_S1_T5: phase = 0.0
13.5252 	EXP 	grating_S1_T5: color = [0.0388772822014289, 0.0388772822014289, 0.0388772822014289]
13.5415 	EXP 	grating_S1_T5: phase = 0.0
13.5415 	EXP 	grating_S1_T5: color = [0.04226970200252254, 0.04226970200252254, 0.04226970200252254]
13.5588 	EXP 	grating_S1_T5: phase = 0.0
13.5588 	EXP 	grating_S1_T5: color = [0.04549923660233617, 0.04549923660233617, 0.04549923660233617]
13.5750 	EXP 	grating_S1_T5: phase = 0.0
13.5750 	EXP 	grating_S1_T5: color = [0.048968545201933014, 0.048968545201933014, 0.048968545201933014]
13.5913 	EXP 	grating_S1_T5: phase = 0.0
13.5913 	EXP 	grating_S1_T5: color = [0.052226524602156134, 0.052226524602156134, 0.052226524602156134]
13.6085 	EXP 	grating_S1_T5: phase = 0.0
13.6085 	EXP 	grating_S1_T5: color = [0.05550027680001222, 0.05550027680001222, 0.05550027680001222]
13.6248 	EXP 	grating_S1_T5: phase = 0.0
13.6248 	EXP 	grating_S1_T5: color = [0.05891801040270366, 0.05891801040270366, 0.05891801040270366]
13.6419 	EXP 	grating_S1_T5: phase = 0.0
13.6419 	EXP 	grating_S1_T5: color = [0.062181588599924, 0.062181588599924, 0.062181588599924]
13.6577 	EXP 	grating_S1_T5: phase = 0.0
13.6577 	EXP 	grating_S1_T5: color = [0.06558492900221609, 0.06558492900221609, 0.06558492900221609]
13.6747 	EXP 	grating_S1_T5: phase = 0.0
13.6747 	EXP 	grating_S1_T5: color = [0.06873981120006648, 0.06873981120006648, 0.06873981120006648]
13.6913 	EXP 	grating_S1_T5: phase = 0.0
13.6913 	EXP 	grating_S1_T5: color = [0.07214340240170714, 0.07214340240170714, 0.07214340240170714]
13.7086 	EXP 	grating_S1_T5: phase = 0.0
13.7086 	EXP 	grating_S1_T5: color = [0.07546269000158645, 0.07546269000158645, 0.07546269000158645]
13.7254 	EXP 	grating_S1_T5: phase = 0.0
13.7254 	EXP 	grating_S1_T5: color = [0.07895807300228626, 0.07895807300228626, 0.07895807300228626]
13.7415 	EXP 	grating_S1_T5: phase = 0.0
13.7415 	EXP 	grating_S1_T5: color = [0.08230715719982983, 0.08230715719982983, 0.08230715719982983]
13.7588 	EXP 	grating_S1_T5: phase = 0.0
13.7588 	EXP 	grating_S1_T5: color = [0.08552777700242586, 0.08552777700242586, 0.08552777700242586]
13.7750 	EXP 	grating_S1_T5: phase = 0.0
13.7750 	EXP 	grating_S1_T5: color = [0.08898244560114109, 0.08898244560114109, 0.08898244560114109]
13.7914 	EXP 	grating_S1_T5: phase = 0.0
13.7914 	EXP 	grating_S1_T5: color = [0.09221588320215234, 0.09221588320215234, 0.09221588320215234]
13.8085 	EXP 	grating_S1_T5: phase = 0.0
13.8085 	EXP 	grating_S1_T5: color = [0.0955182778008748, 0.0955182778008748, 0.0955182778008748]
13.8244 	EXP 	grating_S1_T5: phase = 0.0
13.8244 	EXP 	grating_S1_T5: color = [0.09891057600034402, 0.09891057600034402, 0.09891057600034402]
13.8418 	EXP 	grating_S1_T5: phase = 0.5
13.8418 	EXP 	grating_S1_T5: color = [0.1, 0.1, 0.1]
13.8586 	EXP 	grating_S1_T5: phase = 0.5
13.8586 	EXP 	grating_S1_T5: color = [0.1, 0.1, 0.1]
13.8747 	EXP 	grating_S1_T5: phase = 0.5
13.8747 	EXP 	grating_S1_T5: color = [0.1, 0.1, 0.1]
13.8918 	EXP 	grating_S1_T5: phase = 0.5
13.8918 	EXP 	grating_S1_T5: color = [0.1, 0.1, 0.1]
13.9084 	EXP 	grating_S1_T5: phase = 0.5
13.9084 	EXP 	grating_S1_T5: color = [0.1, 0.1, 0.1]
13.9248 	EXP 	grating_S1_T5: phase = 0.5
13.9248 	EXP 	grating_S1_T5: color = [0.1, 0.1, 0.1]
13.9410 	EXP 	grating_S1_T5: phase = 0.5
13.9410 	EXP 	grating_S1_T5: color = [0.1, 0.1, 0.1]
13.9579 	EXP 	grating_S1_T5: phase = 0.5
13.9579 	EXP 	grating_S1_T5: color = [0.1, 0.1, 0.1]
13.9755 	EXP 	grating_S1_T5: phase = 0.5
13.9755 	EXP 	grating_S1_T5: color = [0.1, 0.1, 0.1]
13.9915 	EXP 	grating_S1_T5: phase = 0.5
13.9915 	EXP 	grating_S1_T5: color = [0.1, 0.1, 0.1]
14.0086 	EXP 	grating_S1_T5: phase = 0.5
14.0086 	EXP 	grating_S1_T5: color = [0.1, 0.1, 0.1]
14.0255 	EXP 	grating_S1_T5: phase = 0.5
14.0255 	EXP 	grating_S1_T5: color = [0.1, 0.1, 0.1]
14.0416 	EXP 	grating_S1_T5: phase = 0.5
14.0416 	EXP 	grating_S1_T5: color = [0.1, 0.1, 0.1]
14.0587 	EXP 	grating_S1_T5: phase = 0.5
14.0587 	EXP 	grating_S1_T5: color = [0.1, 0.1, 0.1]
14.0755 	EXP 	grating_S1_T5: phase = 0.5
14.0755 	EXP 	grating_S1_T5: color = [0.1, 0.1, 0.1]
14.0917 	EXP 	grating_S1_T5: phase = 0.5
14.0917 	EXP 	grating_S1_T5: color = [0.1, 0.1, 0.1]
14.1088 	EXP 	grating_S1_T5: phase = 0.5
14.1088 	EXP 	grating_S1_T5: color = [0.1, 0.1, 0.1]
14.1251 	EXP 	grating_S1_T5: phase = 0.5
14.1251 	EXP 	grating_S1_T5: color = [0.1, 0.1, 0.1]
14.1416 	EXP 	grating_S1_T5: phase = 0.5
14.1416 	EXP 	grating_S1_T5: color = [0.1, 0.1, 0.1]
14.1578 	EXP 	grating_S1_T5: phase = 0.5
14.1578 	EXP 	grating_S1_T5: color = [0.1, 0.1, 0.1]
14.1751 	EXP 	grating_S1_T5: phase = 0.5
14.1751 	EXP 	grating_S1_T5: color = [0.1, 0.1, 0.1]
14.1915 	EXP 	grating_S1_T5: phase = 0.5
14.1915 	EXP 	grating_S1_T5: color = [0.1, 0.1, 0.1]
14.2083 	EXP 	grating_S1_T5: phase = 0.5
14.2083 	EXP 	grating_S1_T5: color = [0.1, 0.1, 0.1]
14.2252 	EXP 	grating_S1_T5: phase = 0.5
14.2252 	EXP 	grating_S1_T5: color = [0.1, 0.1, 0.1]
14.2413 	EXP 	grating_S1_T5: phase = 0.5
14.2413 	EXP 	grating_S1_T5: color = [0.1, 0.1, 0.1]
14.2577 	EXP 	grating_S1_T5: phase = 0.5
14.2577 	EXP 	grating_S1_T5: color = [0.1, 0.1, 0.1]
14.2747 	EXP 	grating_S1_T5: phase = 0.5
14.2747 	EXP 	grating_S1_T5: color = [0.1, 0.1, 0.1]
14.2920 	EXP 	grating_S1_T5: phase = 0.5
14.2920 	EXP 	grating_S1_T5: color = [0.1, 0.1, 0.1]
14.3090 	EXP 	grating_S1_T5: phase = 0.5
14.3090 	EXP 	grating_S1_T5: color = [0.1, 0.1, 0.1]
14.3251 	EXP 	grating_S1_T5: phase = 0.5
14.3251 	EXP 	grating_S1_T5: color = [0.1, 0.1, 0.1]
14.3422 	EXP 	grating_S1_T5: phase = 0.0
14.3422 	EXP 	grating_S1_T5: color = [0.1, 0.1, 0.1]
14.3584 	EXP 	grating_S1_T5: phase = 0.0
14.3584 	EXP 	grating_S1_T5: color = [0.1, 0.1, 0.1]
14.3746 	EXP 	grating_S1_T5: phase = 0.0
14.3746 	EXP 	grating_S1_T5: color = [0.1, 0.1, 0.1]
14.3915 	EXP 	grating_S1_T5: phase = 0.0
14.3915 	EXP 	grating_S1_T5: color = [0.1, 0.1, 0.1]
14.4082 	EXP 	grating_S1_T5: phase = 0.0
14.4082 	EXP 	grating_S1_T5: color = [0.1, 0.1, 0.1]
14.4252 	EXP 	grating_S1_T5: phase = 0.0
14.4252 	EXP 	grating_S1_T5: color = [0.1, 0.1, 0.1]
14.4416 	EXP 	grating_S1_T5: phase = 0.0
14.4416 	EXP 	grating_S1_T5: color = [0.1, 0.1, 0.1]
14.4581 	EXP 	grating_S1_T5: phase = 0.0
14.4581 	EXP 	grating_S1_T5: color = [0.1, 0.1, 0.1]
14.4752 	EXP 	grating_S1_T5: phase = 0.0
14.4752 	EXP 	grating_S1_T5: color = [0.1, 0.1, 0.1]
14.4913 	EXP 	grating_S1_T5: phase = 0.0
14.4913 	EXP 	grating_S1_T5: color = [0.1, 0.1, 0.1]
14.5082 	EXP 	grating_S1_T5: phase = 0.0
14.5082 	EXP 	grating_S1_T5: color = [0.1, 0.1, 0.1]
14.5248 	EXP 	grating_S1_T5: phase = 0.0
14.5248 	EXP 	grating_S1_T5: color = [0.1, 0.1, 0.1]
14.5421 	EXP 	grating_S1_T5: phase = 0.0
14.5421 	EXP 	grating_S1_T5: color = [0.1, 0.1, 0.1]
14.5584 	EXP 	grating_S1_T5: phase = 0.0
14.5584 	EXP 	grating_S1_T5: color = [0.1, 0.1, 0.1]
14.5747 	EXP 	grating_S1_T5: phase = 0.0
14.5747 	EXP 	grating_S1_T5: color = [0.1, 0.1, 0.1]
14.5915 	EXP 	grating_S1_T5: phase = 0.0
14.5915 	EXP 	grating_S1_T5: color = [0.1, 0.1, 0.1]
14.6084 	EXP 	grating_S1_T5: phase = 0.0
14.6084 	EXP 	grating_S1_T5: color = [0.1, 0.1, 0.1]
14.6245 	EXP 	grating_S1_T5: phase = 0.0
14.6245 	EXP 	grating_S1_T5: color = [0.1, 0.1, 0.1]
14.6425 	EXP 	grating_S1_T5: phase = 0.0
14.6425 	EXP 	grating_S1_T5: color = [0.1, 0.1, 0.1]
14.6576 	EXP 	grating_S1_T5: phase = 0.0
14.6576 	EXP 	grating_S1_T5: color = [0.1, 0.1, 0.1]
14.6754 	EXP 	grating_S1_T5: phase = 0.0
14.6754 	EXP 	grating_S1_T5: color = [0.1, 0.1, 0.1]
14.6921 	EXP 	grating_S1_T5: phase = 0.0
14.6921 	EXP 	grating_S1_T5: color = [0.1, 0.1, 0.1]
14.7081 	EXP 	grating_S1_T5: phase = 0.0
14.7081 	EXP 	grating_S1_T5: color = [0.1, 0.1, 0.1]
14.7254 	EXP 	grating_S1_T5: phase = 0.0
14.7254 	EXP 	grating_S1_T5: color = [0.1, 0.1, 0.1]
14.7414 	EXP 	grating_S1_T5: phase = 0.0
14.7414 	EXP 	grating_S1_T5: color = [0.1, 0.1, 0.1]
14.7583 	EXP 	grating_S1_T5: phase = 0.0
14.7583 	EXP 	grating_S1_T5: color = [0.1, 0.1, 0.1]
14.7745 	EXP 	grating_S1_T5: phase = 0.0
14.7745 	EXP 	grating_S1_T5: color = [0.1, 0.1, 0.1]
14.7918 	EXP 	grating_S1_T5: phase = 0.0
14.7918 	EXP 	grating_S1_T5: color = [0.1, 0.1, 0.1]
14.8086 	EXP 	grating_S1_T5: phase = 0.0
14.8086 	EXP 	grating_S1_T5: color = [0.1, 0.1, 0.1]
14.8253 	EXP 	grating_S1_T5: phase = 0.0
14.8253 	EXP 	grating_S1_T5: color = [0.1, 0.1, 0.1]
14.8415 	EXP 	grating_S1_T5: phase = 0.5
14.8415 	EXP 	grating_S1_T5: color = [0.09773218880000059, 0.09773218880000059, 0.09773218880000059]
14.8583 	EXP 	grating_S1_T5: phase = 0.5
14.8583 	EXP 	grating_S1_T5: color = [0.09447749679966365, 0.09447749679966365, 0.09447749679966365]
14.8750 	EXP 	grating_S1_T5: phase = 0.5
14.8750 	EXP 	grating_S1_T5: color = [0.09109123039816042, 0.09109123039816042, 0.09109123039816042]
14.8910 	EXP 	grating_S1_T5: phase = 0.5
14.8910 	EXP 	grating_S1_T5: color = [0.08777863759896719, 0.08777863759896719, 0.08777863759896719]
14.9087 	EXP 	grating_S1_T5: phase = 0.5
14.9087 	EXP 	grating_S1_T5: color = [0.0845883073983714, 0.0845883073983714, 0.0845883073983714]
14.9246 	EXP 	grating_S1_T5: phase = 0.5
14.9246 	EXP 	grating_S1_T5: color = [0.08103562659816817, 0.08103562659816817, 0.08103562659816817]
14.9420 	EXP 	grating_S1_T5: phase = 0.5
14.9420 	EXP 	grating_S1_T5: color = [0.07786052379815374, 0.07786052379815374, 0.07786052379815374]
14.9579 	EXP 	grating_S1_T5: phase = 0.5
14.9579 	EXP 	grating_S1_T5: color = [0.07438364079862368, 0.07438364079862368, 0.07438364079862368]
14.9750 	EXP 	grating_S1_T5: phase = 0.5
14.9750 	EXP 	grating_S1_T5: color = [0.07120497679861729, 0.07120497679861729, 0.07120497679861729]
14.9919 	EXP 	grating_S1_T5: phase = 0.5
14.9919 	EXP 	grating_S1_T5: color = [0.0677841267985059, 0.0677841267985059, 0.0677841267985059]
15.0080 	EXP 	grating_S1_T5: phase = 0.5
15.0080 	EXP 	grating_S1_T5: color = [0.06440899739973248, 0.06440899739973248, 0.06440899739973248]
15.0255 	EXP 	grating_S1_T5: phase = 0.5
15.0255 	EXP 	grating_S1_T5: color = [0.06117370719730389, 0.06117370719730389, 0.06117370719730389]
15.0418 	EXP 	grating_S1_T5: phase = 0.5
15.0418 	EXP 	grating_S1_T5: color = [0.057670980397961105, 0.057670980397961105, 0.057670980397961105]
15.0589 	EXP 	grating_S1_T5: phase = 0.5
15.0589 	EXP 	grating_S1_T5: color = [0.054423892998602244, 0.054423892998602244, 0.054423892998602244]
15.0745 	EXP 	grating_S1_T5: phase = 0.5
15.0745 	EXP 	grating_S1_T5: color = [0.050990568997804075, 0.050990568997804075, 0.050990568997804075]
15.0913 	EXP 	grating_S1_T5: phase = 0.5
15.0913 	EXP 	grating_S1_T5: color = [0.04786451859981753, 0.04786451859981753, 0.04786451859981753]
15.1087 	EXP 	grating_S1_T5: phase = 0.5
15.1087 	EXP 	grating_S1_T5: color = [0.044501132398727355, 0.044501132398727355, 0.044501132398727355]
15.1254 	EXP 	grating_S1_T5: phase = 0.5
15.1254 	EXP 	grating_S1_T5: color = [0.041030368398060096, 0.041030368398060096, 0.041030368398060096]
15.1415 	EXP 	grating_S1_T5: phase = 0.5
15.1415 	EXP 	grating_S1_T5: color = [0.037698765599634504, 0.037698765599634504, 0.037698765599634504]
15.1581 	EXP 	grating_S1_T5: phase = 0.5
15.1581 	EXP 	grating_S1_T5: color = [0.03445611279748846, 0.03445611279748846, 0.03445611279748846]
15.1752 	EXP 	grating_S1_T5: phase = 0.5
15.1752 	EXP 	grating_S1_T5: color = [0.031159800599562006, 0.031159800599562006, 0.031159800599562006]
15.1915 	EXP 	grating_S1_T5: phase = 0.5
15.1915 	EXP 	grating_S1_T5: color = [0.027753698598826305, 0.027753698598826305, 0.027753698598826305]
15.2083 	EXP 	grating_S1_T5: phase = 0.5
15.2083 	EXP 	grating_S1_T5: color = [0.02449212479987182, 0.02449212479987182, 0.02449212479987182]
15.2246 	EXP 	grating_S1_T5: phase = 0.5
15.2246 	EXP 	grating_S1_T5: color = [0.02107517319964245, 0.02107517319964245, 0.02107517319964245]
15.2413 	EXP 	grating_S1_T5: phase = 0.5
15.2413 	EXP 	grating_S1_T5: color = [0.017839858197839932, 0.017839858197839932, 0.017839858197839932]
15.2584 	EXP 	grating_S1_T5: phase = 0.5
15.2584 	EXP 	grating_S1_T5: color = [0.014535418199375273, 0.014535418199375273, 0.014535418199375273]
15.2746 	EXP 	grating_S1_T5: phase = 0.5
15.2746 	EXP 	grating_S1_T5: color = [0.011102167799253949, 0.011102167799253949, 0.011102167799253949]
15.2917 	EXP 	grating_S1_T5: phase = 0.5
15.2917 	EXP 	grating_S1_T5: color = [0.007861380800022744, 0.007861380800022744, 0.007861380800022744]
15.3077 	EXP 	grating_S1_T5: phase = 0.5
15.3077 	EXP 	grating_S1_T5: color = [0.004441898598452099, 0.004441898598452099, 0.004441898598452099]
15.3252 	EXP 	grating_S1_T5: phase = 0.5
15.3252 	EXP 	grating_S1_T5: color = [0.0012306505988817662, 0.0012306505988817662, 0.0012306505988817662]
15.6082 	EXP 	window1: mouseVisible = True
