12.7579 	WARNING 	User requested fullscreen with size [1024  768], but screen is actually [1920, 1080]. Using actual size
13.6077 	EXP 	Created window1 = Window(allowGUI=False, allowStencil=False, args=UNKNOWN, autoLog=True, bitsMode=UNKNOWN, blendMode='avg', color=array([0., 0., 0.]), colorSpace='rgb', fullscr=<method-wrapper '__getattribute__' of attributeSetter object at 0x12f531860>, gamma=None, kwargs=UNKNOWN, lms=UNKNOWN, monitor=<psychopy.monitors.calibTools.Monitor object at 0x12f1f35f8>, multiSample=False, name='window1', numSamples=2, pos=[0.0, 0.0], screen=0, size=array([1920, 1080]), stereo=False, units='height', useFBO=True, useRetina=False, viewOri=0.0, viewPos=None, viewScale=None, waitBlanking=True, winType='pyglet')
14.2818 	EXP 	Created grating_S1_T5 = GratingStim(__class__=<class 'psychopy.visual.grating.GratingStim'>, autoDraw=False, autoLog=True, blendmode='avg', color=array([0.5, 0.5, 0.5]), colorSpace='rgb', contrast=1.0, depth=0.0, interpolate=True, mask='circle', maskParams=None, name='grating_S1_T5', opacity=1.0, ori=90.0, phase=array([0., 0.]), pos=array([0., 0.]), rgbPedestal=array([0., 0., 0.]), sf=array([0.6, 0.6]), size=array([3.5, 3.5]), tex='sin', texRes=128, units='deg', win=Window(...))
14.3069 	EXP 	grating_S1_T5: phase = 0.0
14.3069 	EXP 	grating_S1_T5: color = [0.00013405438512563707, 0.00013405438512563707, 0.00013405438512563707]
14.3232 	EXP 	grating_S1_T5: phase = 0.0
14.3232 	EXP 	grating_S1_T5: color = [0.040620427182875576, 0.040620427182875576, 0.040620427182875576]
14.3390 	EXP 	grating_S1_T5: phase = 0.0
14.3390 	EXP 	grating_S1_T5: color = [0.06678806717973203, 0.06678806717973203, 0.06678806717973203]
14.3573 	EXP 	grating_S1_T5: phase = 0.0
14.3573 	EXP 	grating_S1_T5: color = [0.0921966991852969, 0.0921966991852969, 0.0921966991852969]
14.3742 	EXP 	grating_S1_T5: phase = 0.0
14.3742 	EXP 	grating_S1_T5: color = [0.12135217438917607, 0.12135217438917607, 0.12135217438917607]
14.3904 	EXP 	grating_S1_T5: phase = 0.0
14.3904 	EXP 	grating_S1_T5: color = [0.14838095200248064, 0.14838095200248064, 0.14838095200248064]
14.4059 	EXP 	grating_S1_T5: phase = 0.0
14.4059 	EXP 	grating_S1_T5: color = [0.1744012095965445, 0.1744012095965445, 0.1744012095965445]
14.4226 	EXP 	grating_S1_T5: phase = 0.0
14.4226 	EXP 	grating_S1_T5: color = [0.1991350127849728, 0.1991350127849728, 0.1991350127849728]
14.4397 	EXP 	grating_S1_T5: phase = 0.0
14.4397 	EXP 	grating_S1_T5: color = [0.22570315198972823, 0.22570315198972823, 0.22570315198972823]
14.4555 	EXP 	grating_S1_T5: phase = 0.0
14.4555 	EXP 	grating_S1_T5: color = [0.2530386223923415, 0.2530386223923415, 0.2530386223923415]
14.4726 	EXP 	grating_S1_T5: phase = 0.0
14.4726 	EXP 	grating_S1_T5: color = [0.27848624959588053, 0.27848624959588053, 0.27848624959588053]
14.4898 	EXP 	grating_S1_T5: phase = 0.0
14.4898 	EXP 	grating_S1_T5: color = [0.30579719678498807, 0.30579719678498807, 0.30579719678498807]
14.5065 	EXP 	grating_S1_T5: phase = 0.0
14.5065 	EXP 	grating_S1_T5: color = [0.33329002079553904, 0.33329002079553904, 0.33329002079553904]
14.5233 	EXP 	grating_S1_T5: phase = 0.0
14.5233 	EXP 	grating_S1_T5: color = [0.36024709278717637, 0.36024709278717637, 0.36024709278717637]
14.5390 	EXP 	grating_S1_T5: phase = 0.0
14.5390 	EXP 	grating_S1_T5: color = [0.3870234159985557, 0.3870234159985557, 0.3870234159985557]
14.5566 	EXP 	grating_S1_T5: phase = 0.0
14.5566 	EXP 	grating_S1_T5: color = [0.4121563968015835, 0.4121563968015835, 0.4121563968015835]
14.5732 	EXP 	grating_S1_T5: phase = 0.0
14.5732 	EXP 	grating_S1_T5: color = [0.44015159360133116, 0.44015159360133116, 0.44015159360133116]
14.5905 	EXP 	grating_S1_T5: phase = 0.0
14.5905 	EXP 	grating_S1_T5: color = [0.46677495359908794, 0.46677495359908794, 0.46677495359908794]
14.6068 	EXP 	grating_S1_T5: phase = 0.0
14.6068 	EXP 	grating_S1_T5: color = [0.4946444607805461, 0.4946444607805461, 0.4946444607805461]
14.6232 	EXP 	grating_S1_T5: phase = 0.0
14.6232 	EXP 	grating_S1_T5: color = [0.5206707695964724, 0.5206707695964724, 0.5206707695964724]
14.6390 	EXP 	grating_S1_T5: phase = 0.0
14.6390 	EXP 	grating_S1_T5: color = [0.5466218431945891, 0.5466218431945891, 0.5466218431945891]
14.6572 	EXP 	grating_S1_T5: phase = 0.0
14.6572 	EXP 	grating_S1_T5: color = [0.5719398591900244, 0.5719398591900244, 0.5719398591900244]
14.6728 	EXP 	grating_S1_T5: phase = 0.0
14.6728 	EXP 	grating_S1_T5: color = [0.6014829855877907, 0.6014829855877907, 0.6014829855877907]
14.6905 	EXP 	grating_S1_T5: phase = 0.0
14.6905 	EXP 	grating_S1_T5: color = [0.6261446272023022, 0.6261446272023022, 0.6261446272023022]
14.7067 	EXP 	grating_S1_T5: phase = 0.0
14.7067 	EXP 	grating_S1_T5: color = [0.6545852944022045, 0.6545852944022045, 0.6545852944022045]
14.7232 	EXP 	grating_S1_T5: phase = 0.0
14.7232 	EXP 	grating_S1_T5: color = [0.6802758063888178, 0.6802758063888178, 0.6802758063888178]
14.7399 	EXP 	grating_S1_T5: phase = 0.0
14.7399 	EXP 	grating_S1_T5: color = [0.7066860431805253, 0.7066860431805253, 0.7066860431805253]
14.7567 	EXP 	grating_S1_T5: phase = 0.0
14.7567 	EXP 	grating_S1_T5: color = [0.7334228431805969, 0.7334228431805969, 0.7334228431805969]
14.7734 	EXP 	grating_S1_T5: phase = 0.0
14.7734 	EXP 	grating_S1_T5: color = [0.7603811135981232, 0.7603811135981232, 0.7603811135981232]
14.7902 	EXP 	grating_S1_T5: phase = 0.0
14.7902 	EXP 	grating_S1_T5: color = [0.7869124367833138, 0.7869124367833138, 0.7869124367833138]
14.8069 	EXP 	grating_S1_T5: phase = 0.5
14.8069 	EXP 	grating_S1_T5: color = [0.8, 0.8, 0.8]
14.8228 	EXP 	grating_S1_T5: phase = 0.5
14.8228 	EXP 	grating_S1_T5: color = [0.8, 0.8, 0.8]
14.8401 	EXP 	grating_S1_T5: phase = 0.5
14.8401 	EXP 	grating_S1_T5: color = [0.8, 0.8, 0.8]
14.8572 	EXP 	grating_S1_T5: phase = 0.5
14.8572 	EXP 	grating_S1_T5: color = [0.8, 0.8, 0.8]
14.8736 	EXP 	grating_S1_T5: phase = 0.5
14.8736 	EXP 	grating_S1_T5: color = [0.8, 0.8, 0.8]
14.8902 	EXP 	grating_S1_T5: phase = 0.5
14.8902 	EXP 	grating_S1_T5: color = [0.8, 0.8, 0.8]
14.9075 	EXP 	grating_S1_T5: phase = 0.5
14.9075 	EXP 	grating_S1_T5: color = [0.8, 0.8, 0.8]
14.9244 	EXP 	grating_S1_T5: phase = 0.5
14.9244 	EXP 	grating_S1_T5: color = [0.8, 0.8, 0.8]
14.9402 	EXP 	grating_S1_T5: phase = 0.5
14.9402 	EXP 	grating_S1_T5: color = [0.8, 0.8, 0.8]
14.9567 	EXP 	grating_S1_T5: phase = 0.5
14.9567 	EXP 	grating_S1_T5: color = [0.8, 0.8, 0.8]
14.9738 	EXP 	grating_S1_T5: phase = 0.5
14.9738 	EXP 	grating_S1_T5: color = [0.8, 0.8, 0.8]
14.9902 	EXP 	grating_S1_T5: phase = 0.5
14.9902 	EXP 	grating_S1_T5: color = [0.8, 0.8, 0.8]
15.0075 	EXP 	grating_S1_T5: phase = 0.5
15.0075 	EXP 	grating_S1_T5: color = [0.8, 0.8, 0.8]
15.0231 	EXP 	grating_S1_T5: phase = 0.5
15.0231 	EXP 	grating_S1_T5: color = [0.8, 0.8, 0.8]
15.0403 	EXP 	grating_S1_T5: phase = 0.5
15.0403 	EXP 	grating_S1_T5: color = [0.8, 0.8, 0.8]
15.0563 	EXP 	grating_S1_T5: phase = 0.5
15.0563 	EXP 	grating_S1_T5: color = [0.8, 0.8, 0.8]
15.0736 	EXP 	grating_S1_T5: phase = 0.5
15.0736 	EXP 	grating_S1_T5: color = [0.8, 0.8, 0.8]
15.0891 	EXP 	grating_S1_T5: phase = 0.5
15.0891 	EXP 	grating_S1_T5: color = [0.8, 0.8, 0.8]
15.1071 	EXP 	grating_S1_T5: phase = 0.5
15.1071 	EXP 	grating_S1_T5: color = [0.8, 0.8, 0.8]
15.1232 	EXP 	grating_S1_T5: phase = 0.5
15.1232 	EXP 	grating_S1_T5: color = [0.8, 0.8, 0.8]
15.1409 	EXP 	grating_S1_T5: phase = 0.5
15.1409 	EXP 	grating_S1_T5: color = [0.8, 0.8, 0.8]
15.1574 	EXP 	grating_S1_T5: phase = 0.5
15.1574 	EXP 	grating_S1_T5: color = [0.8, 0.8, 0.8]
15.1730 	EXP 	grating_S1_T5: phase = 0.5
15.1730 	EXP 	grating_S1_T5: color = [0.8, 0.8, 0.8]
15.1903 	EXP 	grating_S1_T5: phase = 0.5
15.1903 	EXP 	grating_S1_T5: color = [0.8, 0.8, 0.8]
15.2064 	EXP 	grating_S1_T5: phase = 0.5
15.2064 	EXP 	grating_S1_T5: color = [0.8, 0.8, 0.8]
15.2234 	EXP 	grating_S1_T5: phase = 0.5
15.2234 	EXP 	grating_S1_T5: color = [0.8, 0.8, 0.8]
15.2394 	EXP 	grating_S1_T5: phase = 0.5
15.2394 	EXP 	grating_S1_T5: color = [0.8, 0.8, 0.8]
15.2578 	EXP 	grating_S1_T5: phase = 0.5
15.2578 	EXP 	grating_S1_T5: color = [0.8, 0.8, 0.8]
15.2742 	EXP 	grating_S1_T5: phase = 0.5
15.2742 	EXP 	grating_S1_T5: color = [0.8, 0.8, 0.8]
15.2902 	EXP 	grating_S1_T5: phase = 0.5
15.2902 	EXP 	grating_S1_T5: color = [0.8, 0.8, 0.8]
15.3088 	EXP 	grating_S1_T5: phase = 0.0
15.3088 	EXP 	grating_S1_T5: color = [0.8, 0.8, 0.8]
15.3228 	EXP 	grating_S1_T5: phase = 0.0
15.3228 	EXP 	grating_S1_T5: color = [0.8, 0.8, 0.8]
15.3395 	EXP 	grating_S1_T5: phase = 0.0
15.3395 	EXP 	grating_S1_T5: color = [0.8, 0.8, 0.8]
15.3570 	EXP 	grating_S1_T5: phase = 0.0
15.3570 	EXP 	grating_S1_T5: color = [0.8, 0.8, 0.8]
15.3736 	EXP 	grating_S1_T5: phase = 0.0
15.3736 	EXP 	grating_S1_T5: color = [0.8, 0.8, 0.8]
15.3902 	EXP 	grating_S1_T5: phase = 0.0
15.3902 	EXP 	grating_S1_T5: color = [0.8, 0.8, 0.8]
15.4071 	EXP 	grating_S1_T5: phase = 0.0
15.4071 	EXP 	grating_S1_T5: color = [0.8, 0.8, 0.8]
15.4236 	EXP 	grating_S1_T5: phase = 0.0
15.4236 	EXP 	grating_S1_T5: color = [0.8, 0.8, 0.8]
15.4403 	EXP 	grating_S1_T5: phase = 0.0
15.4403 	EXP 	grating_S1_T5: color = [0.8, 0.8, 0.8]
15.4564 	EXP 	grating_S1_T5: phase = 0.0
15.4564 	EXP 	grating_S1_T5: color = [0.8, 0.8, 0.8]
15.4738 	EXP 	grating_S1_T5: phase = 0.0
15.4738 	EXP 	grating_S1_T5: color = [0.8, 0.8, 0.8]
15.4898 	EXP 	grating_S1_T5: phase = 0.0
15.4898 	EXP 	grating_S1_T5: color = [0.8, 0.8, 0.8]
15.5069 	EXP 	grating_S1_T5: phase = 0.0
15.5069 	EXP 	grating_S1_T5: color = [0.8, 0.8, 0.8]
15.5230 	EXP 	grating_S1_T5: phase = 0.0
15.5230 	EXP 	grating_S1_T5: color = [0.8, 0.8, 0.8]
15.5397 	EXP 	grating_S1_T5: phase = 0.0
15.5397 	EXP 	grating_S1_T5: color = [0.8, 0.8, 0.8]
15.5565 	EXP 	grating_S1_T5: phase = 0.0
15.5565 	EXP 	grating_S1_T5: color = [0.8, 0.8, 0.8]
15.5737 	EXP 	grating_S1_T5: phase = 0.0
15.5737 	EXP 	grating_S1_T5: color = [0.8, 0.8, 0.8]
15.5902 	EXP 	grating_S1_T5: phase = 0.0
15.5902 	EXP 	grating_S1_T5: color = [0.8, 0.8, 0.8]
15.6073 	EXP 	grating_S1_T5: phase = 0.0
15.6073 	EXP 	grating_S1_T5: color = [0.8, 0.8, 0.8]
15.6231 	EXP 	grating_S1_T5: phase = 0.0
15.6231 	EXP 	grating_S1_T5: color = [0.8, 0.8, 0.8]
15.6399 	EXP 	grating_S1_T5: phase = 0.0
15.6399 	EXP 	grating_S1_T5: color = [0.8, 0.8, 0.8]
15.6571 	EXP 	grating_S1_T5: phase = 0.0
15.6571 	EXP 	grating_S1_T5: color = [0.8, 0.8, 0.8]
15.6736 	EXP 	grating_S1_T5: phase = 0.0
15.6736 	EXP 	grating_S1_T5: color = [0.8, 0.8, 0.8]
15.6899 	EXP 	grating_S1_T5: phase = 0.0
15.6899 	EXP 	grating_S1_T5: color = [0.8, 0.8, 0.8]
15.7074 	EXP 	grating_S1_T5: phase = 0.0
15.7074 	EXP 	grating_S1_T5: color = [0.8, 0.8, 0.8]
15.7235 	EXP 	grating_S1_T5: phase = 0.0
15.7235 	EXP 	grating_S1_T5: color = [0.8, 0.8, 0.8]
15.7402 	EXP 	grating_S1_T5: phase = 0.0
15.7402 	EXP 	grating_S1_T5: color = [0.8, 0.8, 0.8]
15.7567 	EXP 	grating_S1_T5: phase = 0.0
15.7567 	EXP 	grating_S1_T5: color = [0.8, 0.8, 0.8]
15.7731 	EXP 	grating_S1_T5: phase = 0.0
15.7731 	EXP 	grating_S1_T5: color = [0.8, 0.8, 0.8]
15.7897 	EXP 	grating_S1_T5: phase = 0.0
15.7897 	EXP 	grating_S1_T5: color = [0.8, 0.8, 0.8]
15.8072 	EXP 	grating_S1_T5: phase = 0.5
15.8072 	EXP 	grating_S1_T5: color = [0.7869328144006431, 0.7869328144006431, 0.7869328144006431]
15.8238 	EXP 	grating_S1_T5: phase = 0.5
15.8238 	EXP 	grating_S1_T5: color = [0.7589159775990993, 0.7589159775990993, 0.7589159775990993]
15.8405 	EXP 	grating_S1_T5: phase = 0.5
15.8405 	EXP 	grating_S1_T5: color = [0.732380515197292, 0.732380515197292, 0.732380515197292]
15.8570 	EXP 	grating_S1_T5: phase = 0.5
15.8570 	EXP 	grating_S1_T5: color = [0.7055031568044797, 0.7055031568044797, 0.7055031568044797]
15.8736 	EXP 	grating_S1_T5: phase = 0.5
15.8736 	EXP 	grating_S1_T5: color = [0.67922991681844, 0.67922991681844, 0.67922991681844]
15.8893 	EXP 	grating_S1_T5: phase = 0.5
15.8893 	EXP 	grating_S1_T5: color = [0.6526729632169008, 0.6526729632169008, 0.6526729632169008]
15.9065 	EXP 	grating_S1_T5: phase = 0.5
15.9065 	EXP 	grating_S1_T5: color = [0.6275405120104551, 0.6275405120104551, 0.6275405120104551]
15.9236 	EXP 	grating_S1_T5: phase = 0.5
15.9236 	EXP 	grating_S1_T5: color = [0.5999911712016911, 0.5999911712016911, 0.5999911712016911]
15.9403 	EXP 	grating_S1_T5: phase = 0.5
15.9403 	EXP 	grating_S1_T5: color = [0.5724100704072044, 0.5724100704072044, 0.5724100704072044]
15.9561 	EXP 	grating_S1_T5: phase = 0.5
15.9561 	EXP 	grating_S1_T5: color = [0.5454255344113336, 0.5454255344113336, 0.5454255344113336]
15.9735 	EXP 	grating_S1_T5: phase = 0.5
15.9735 	EXP 	grating_S1_T5: color = [0.5207259920192883, 0.5207259920192883, 0.5207259920192883]
15.9896 	EXP 	grating_S1_T5: phase = 0.5
15.9896 	EXP 	grating_S1_T5: color = [0.4925369519973174, 0.4925369519973174, 0.4925369519973174]
16.0076 	EXP 	grating_S1_T5: phase = 0.5
16.0076 	EXP 	grating_S1_T5: color = [0.46697799200192097, 0.46697799200192097, 0.46697799200192097]
16.0236 	EXP 	grating_S1_T5: phase = 0.5
16.0236 	EXP 	grating_S1_T5: color = [0.4380517072044313, 0.4380517072044313, 0.4380517072044313]
16.0408 	EXP 	grating_S1_T5: phase = 0.5
16.0408 	EXP 	grating_S1_T5: color = [0.41257517761550844, 0.41257517761550844, 0.41257517761550844]
16.0569 	EXP 	grating_S1_T5: phase = 0.5
16.0569 	EXP 	grating_S1_T5: color = [0.3851642416091636, 0.3851642416091636, 0.3851642416091636]
16.0734 	EXP 	grating_S1_T5: phase = 0.5
16.0734 	EXP 	grating_S1_T5: color = [0.35928302879910917, 0.35928302879910917, 0.35928302879910917]
16.0904 	EXP 	grating_S1_T5: phase = 0.5
16.0904 	EXP 	grating_S1_T5: color = [0.33282798561267557, 0.33282798561267557, 0.33282798561267557]
16.1075 	EXP 	grating_S1_T5: phase = 0.5
16.1075 	EXP 	grating_S1_T5: color = [0.3057453104062006, 0.3057453104062006, 0.3057453104062006]
16.1236 	EXP 	grating_S1_T5: phase = 0.5
16.1236 	EXP 	grating_S1_T5: color = [0.2783297024201602, 0.2783297024201602, 0.2783297024201602]
16.1403 	EXP 	grating_S1_T5: phase = 0.5
16.1403 	EXP 	grating_S1_T5: color = [0.2526661840034649, 0.2526661840034649, 0.2526661840034649]
16.1565 	EXP 	grating_S1_T5: phase = 0.5
16.1565 	EXP 	grating_S1_T5: color = [0.22597765279933812, 0.22597765279933812, 0.22597765279933812]
16.1735 	EXP 	grating_S1_T5: phase = 0.5
16.1735 	EXP 	grating_S1_T5: color = [0.20003089921083303, 0.20003089921083303, 0.20003089921083303]
16.1905 	EXP 	grating_S1_T5: phase = 0.5
16.1905 	EXP 	grating_S1_T5: color = [0.17265676320530476, 0.17265676320530476, 0.17265676320530476]
16.2071 	EXP 	grating_S1_T5: phase = 0.5
16.2071 	EXP 	grating_S1_T5: color = [0.14553006240166724, 0.14553006240166724, 0.14553006240166724]
16.2229 	EXP 	grating_S1_T5: phase = 0.5
16.2229 	EXP 	grating_S1_T5: color = [0.11870520000811667, 0.11870520000811667, 0.11870520000811667]
16.2398 	EXP 	grating_S1_T5: phase = 0.5
16.2398 	EXP 	grating_S1_T5: color = [0.09373157920781523, 0.09373157920781523, 0.09373157920781523]
16.2574 	EXP 	grating_S1_T5: phase = 0.5
16.2574 	EXP 	grating_S1_T5: color = [0.06659276001155377, 0.06659276001155377, 0.06659276001155377]
16.2739 	EXP 	grating_S1_T5: phase = 0.5
16.2739 	EXP 	grating_S1_T5: color = [0.038472660817205906, 0.038472660817205906, 0.038472660817205906]
16.2909 	EXP 	grating_S1_T5: phase = 0.5
16.2909 	EXP 	grating_S1_T5: color = [0.012055976013652981, 0.012055976013652981, 0.012055976013652981]
16.5883 	EXP 	window1: mouseVisible = True
