11.5516 	WARNING 	User requested fullscreen with size [1024  768], but screen is actually [1920, 1080]. Using actual size
14.4101 	EXP 	Created window1 = Window(allowGUI=False, allowStencil=False, args=UNKNOWN, autoLog=True, bitsMode=UNKNOWN, blendMode='avg', color=array([0., 0., 0.]), colorSpace='rgb', fullscr=<method-wrapper '__getattribute__' of attributeSetter object at 0x12f5cc860>, gamma=None, kwargs=UNKNOWN, lms=UNKNOWN, monitor=<psychopy.monitors.calibTools.Monitor object at 0x12f5915f8>, multiSample=False, name='window1', numSamples=2, pos=[0.0, 0.0], screen=0, size=array([1920, 1080]), stereo=False, units='height', useFBO=True, useRetina=False, viewOri=0.0, viewPos=None, viewScale=None, waitBlanking=True, winType='pyglet')
14.7452 	EXP 	Created grating_S1_T5 = GratingStim(__class__=<class 'psychopy.visual.grating.GratingStim'>, autoDraw=False, autoLog=True, blendmode='avg', color=array([0.5, 0.5, 0.5]), colorSpace='rgb', contrast=1.0, depth=0.0, interpolate=True, mask='circle', maskParams=None, name='grating_S1_T5', opacity=1.0, ori=90.0, phase=array([0., 0.]), pos=array([0., 0.]), rgbPedestal=array([0., 0., 0.]), sf=array([0.6, 0.6]), size=array([3.5, 3.5]), tex='sin', texRes=128, units='deg', win=Window(...))
14.7616 	EXP 	grating_S1_T5: phase = 0.0
14.7616 	EXP 	grating_S1_T5: color = [2.9775602160952986e-05, 2.9775602160952986e-05, 2.9775602160952986e-05]
14.7758 	EXP 	grating_S1_T5: phase = 0.0
14.7758 	EXP 	grating_S1_T5: color = [0.003341989399632439, 0.003341989399632439, 0.003341989399632439]
14.7921 	EXP 	grating_S1_T5: phase = 0.0
14.7921 	EXP 	grating_S1_T5: color = [0.006192340402049013, 0.006192340402049013, 0.006192340402049013]
14.8088 	EXP 	grating_S1_T5: phase = 0.0
14.8088 	EXP 	grating_S1_T5: color = [0.0094359662005445, 0.0094359662005445, 0.0094359662005445]
14.8257 	EXP 	grating_S1_T5: phase = 0.0
14.8257 	EXP 	grating_S1_T5: color = [0.012767576801707037, 0.012767576801707037, 0.012767576801707037]
14.8429 	EXP 	grating_S1_T5: phase = 0.0
14.8429 	EXP 	grating_S1_T5: color = [0.016141743800835686, 0.016141743800835686, 0.016141743800835686]
14.8590 	EXP 	grating_S1_T5: phase = 0.0
14.8590 	EXP 	grating_S1_T5: color = [0.019581704802112656, 0.019581704802112656, 0.019581704802112656]
14.8751 	EXP 	grating_S1_T5: phase = 0.0
14.8751 	EXP 	grating_S1_T5: color = [0.022833746200194585, 0.022833746200194585, 0.022833746200194585]
14.8921 	EXP 	grating_S1_T5: phase = 0.0
14.8921 	EXP 	grating_S1_T5: color = [0.026020701800007373, 0.026020701800007373, 0.026020701800007373]
14.9090 	EXP 	grating_S1_T5: phase = 0.0
14.9090 	EXP 	grating_S1_T5: color = [0.02943013080221135, 0.02943013080221135, 0.02943013080221135]
14.9260 	EXP 	grating_S1_T5: phase = 0.0
14.9260 	EXP 	grating_S1_T5: color = [0.03282414560089819, 0.03282414560089819, 0.03282414560089819]
14.9419 	EXP 	grating_S1_T5: phase = 0.0
14.9419 	EXP 	grating_S1_T5: color = [0.03621045300096739, 0.03621045300096739, 0.03621045300096739]
14.9597 	EXP 	grating_S1_T5: phase = 0.0
14.9597 	EXP 	grating_S1_T5: color = [0.03938807640224695, 0.03938807640224695, 0.03938807640224695]
14.9761 	EXP 	grating_S1_T5: phase = 0.0
14.9761 	EXP 	grating_S1_T5: color = [0.042960769601631914, 0.042960769601631914, 0.042960769601631914]
14.9924 	EXP 	grating_S1_T5: phase = 0.0
14.9924 	EXP 	grating_S1_T5: color = [0.046243400801904505, 0.046243400801904505, 0.046243400801904505]
15.0090 	EXP 	grating_S1_T5: phase = 0.0
15.0090 	EXP 	grating_S1_T5: color = [0.04948269720189274, 0.04948269720189274, 0.04948269720189274]
15.0260 	EXP 	grating_S1_T5: phase = 0.0
15.0260 	EXP 	grating_S1_T5: color = [0.052794831001665446, 0.052794831001665446, 0.052794831001665446]
15.0417 	EXP 	grating_S1_T5: phase = 0.0
15.0417 	EXP 	grating_S1_T5: color = [0.05620582100236789, 0.05620582100236789, 0.05620582100236789]
15.0590 	EXP 	grating_S1_T5: phase = 0.0
15.0590 	EXP 	grating_S1_T5: color = [0.059363449399825186, 0.059363449399825186, 0.059363449399825186]
15.0763 	EXP 	grating_S1_T5: phase = 0.0
15.0763 	EXP 	grating_S1_T5: color = [0.06282300860038958, 0.06282300860038958, 0.06282300860038958]
15.0925 	EXP 	grating_S1_T5: phase = 0.0
15.0925 	EXP 	grating_S1_T5: color = [0.06628548520093318, 0.06628548520093318, 0.06628548520093318]
15.1095 	EXP 	grating_S1_T5: phase = 0.0
15.1095 	EXP 	grating_S1_T5: color = [0.06951833740167786, 0.06951833740167786, 0.06951833740167786]
15.1257 	EXP 	grating_S1_T5: phase = 0.0
15.1257 	EXP 	grating_S1_T5: color = [0.0729320223996183, 0.0729320223996183, 0.0729320223996183]
15.1430 	EXP 	grating_S1_T5: phase = 0.0
15.1430 	EXP 	grating_S1_T5: color = [0.07615230360243004, 0.07615230360243004, 0.07615230360243004]
15.1589 	EXP 	grating_S1_T5: phase = 0.0
15.1589 	EXP 	grating_S1_T5: color = [0.07959658940089867, 0.07959658940089867, 0.07959658940089867]
15.1758 	EXP 	grating_S1_T5: phase = 0.0
15.1758 	EXP 	grating_S1_T5: color = [0.08282045219966677, 0.08282045219966677, 0.08282045219966677]
15.1932 	EXP 	grating_S1_T5: phase = 0.0
15.1932 	EXP 	grating_S1_T5: color = [0.0861693508020835, 0.0861693508020835, 0.0861693508020835]
15.2089 	EXP 	grating_S1_T5: phase = 0.0
15.2089 	EXP 	grating_S1_T5: color = [0.08967659600020852, 0.08967659600020852, 0.08967659600020852]
15.2257 	EXP 	grating_S1_T5: phase = 0.0
15.2257 	EXP 	grating_S1_T5: color = [0.09280263740220107, 0.09280263740220107, 0.09280263740220107]
15.2424 	EXP 	grating_S1_T5: phase = 0.0
15.2424 	EXP 	grating_S1_T5: color = [0.09613863140111789, 0.09613863140111789, 0.09613863140111789]
15.2594 	EXP 	grating_S1_T5: phase = 0.0
15.2594 	EXP 	grating_S1_T5: color = [0.09947130040090997, 0.09947130040090997, 0.09947130040090997]
15.2764 	EXP 	grating_S1_T5: phase = 0.5
15.2764 	EXP 	grating_S1_T5: color = [0.1, 0.1, 0.1]
15.2926 	EXP 	grating_S1_T5: phase = 0.5
15.2926 	EXP 	grating_S1_T5: color = [0.1, 0.1, 0.1]
15.3090 	EXP 	grating_S1_T5: phase = 0.5
15.3090 	EXP 	grating_S1_T5: color = [0.1, 0.1, 0.1]
15.3258 	EXP 	grating_S1_T5: phase = 0.5
15.3258 	EXP 	grating_S1_T5: color = [0.1, 0.1, 0.1]
15.3426 	EXP 	grating_S1_T5: phase = 0.5
15.3426 	EXP 	grating_S1_T5: color = [0.1, 0.1, 0.1]
15.3595 	EXP 	grating_S1_T5: phase = 0.5
15.3595 	EXP 	grating_S1_T5: color = [0.1, 0.1, 0.1]
15.3759 	EXP 	grating_S1_T5: phase = 0.5
15.3759 	EXP 	grating_S1_T5: color = [0.1, 0.1, 0.1]
15.3926 	EXP 	grating_S1_T5: phase = 0.5
15.3926 	EXP 	grating_S1_T5: color = [0.1, 0.1, 0.1]
15.4088 	EXP 	grating_S1_T5: phase = 0.5
15.4088 	EXP 	grating_S1_T5: color = [0.1, 0.1, 0.1]
15.4259 	EXP 	grating_S1_T5: phase = 0.5
15.4259 	EXP 	grating_S1_T5: color = [0.1, 0.1, 0.1]
15.4419 	EXP 	grating_S1_T5: phase = 0.5
15.4419 	EXP 	grating_S1_T5: color = [0.1, 0.1, 0.1]
15.4586 	EXP 	grating_S1_T5: phase = 0.5
15.4586 	EXP 	grating_S1_T5: color = [0.1, 0.1, 0.1]
15.4758 	EXP 	grating_S1_T5: phase = 0.5
15.4758 	EXP 	grating_S1_T5: color = [0.1, 0.1, 0.1]
15.4928 	EXP 	grating_S1_T5: phase = 0.5
15.4928 	EXP 	grating_S1_T5: color = [0.1, 0.1, 0.1]
15.5094 	EXP 	grating_S1_T5: phase = 0.5
15.5094 	EXP 	grating_S1_T5: color = [0.1, 0.1, 0.1]
15.5259 	EXP 	grating_S1_T5: phase = 0.5
15.5259 	EXP 	grating_S1_T5: color = [0.1, 0.1, 0.1]
15.5421 	EXP 	grating_S1_T5: phase = 0.5
15.5421 	EXP 	grating_S1_T5: color = [0.1, 0.1, 0.1]
15.5591 	EXP 	grating_S1_T5: phase = 0.5
15.5591 	EXP 	grating_S1_T5: color = [0.1, 0.1, 0.1]
15.5758 	EXP 	grating_S1_T5: phase = 0.5
15.5758 	EXP 	grating_S1_T5: color = [0.1, 0.1, 0.1]
15.5919 	EXP 	grating_S1_T5: phase = 0.5
15.5919 	EXP 	grating_S1_T5: color = [0.1, 0.1, 0.1]
15.6087 	EXP 	grating_S1_T5: phase = 0.5
15.6087 	EXP 	grating_S1_T5: color = [0.1, 0.1, 0.1]
15.6258 	EXP 	grating_S1_T5: phase = 0.5
15.6258 	EXP 	grating_S1_T5: color = [0.1, 0.1, 0.1]
15.6426 	EXP 	grating_S1_T5: phase = 0.5
15.6426 	EXP 	grating_S1_T5: color = [0.1, 0.1, 0.1]
15.6594 	EXP 	grating_S1_T5: phase = 0.5
15.6594 	EXP 	grating_S1_T5: color = [0.1, 0.1, 0.1]
15.6764 	EXP 	grating_S1_T5: phase = 0.5
15.6764 	EXP 	grating_S1_T5: color = [0.1, 0.1, 0.1]
15.6933 	EXP 	grating_S1_T5: phase = 0.5
15.6933 	EXP 	grating_S1_T5: color = [0.1, 0.1, 0.1]
15.7096 	EXP 	grating_S1_T5: phase = 0.5
15.7096 	EXP 	grating_S1_T5: color = [0.1, 0.1, 0.1]
15.7257 	EXP 	grating_S1_T5: phase = 0.5
15.7257 	EXP 	grating_S1_T5: color = [0.1, 0.1, 0.1]
15.7426 	EXP 	grating_S1_T5: phase = 0.5
15.7426 	EXP 	grating_S1_T5: color = [0.1, 0.1, 0.1]
15.7593 	EXP 	grating_S1_T5: phase = 0.5
15.7593 	EXP 	grating_S1_T5: color = [0.1, 0.1, 0.1]
15.7759 	EXP 	grating_S1_T5: phase = 0.0
15.7759 	EXP 	grating_S1_T5: color = [0.1, 0.1, 0.1]
15.7920 	EXP 	grating_S1_T5: phase = 0.0
15.7920 	EXP 	grating_S1_T5: color = [0.1, 0.1, 0.1]
15.8087 	EXP 	grating_S1_T5: phase = 0.0
15.8087 	EXP 	grating_S1_T5: color = [0.1, 0.1, 0.1]
15.8261 	EXP 	grating_S1_T5: phase = 0.0
15.8261 	EXP 	grating_S1_T5: color = [0.1, 0.1, 0.1]
15.8424 	EXP 	grating_S1_T5: phase = 0.0
15.8424 	EXP 	grating_S1_T5: color = [0.1, 0.1, 0.1]
15.8590 	EXP 	grating_S1_T5: phase = 0.0
15.8590 	EXP 	grating_S1_T5: color = [0.1, 0.1, 0.1]
15.8757 	EXP 	grating_S1_T5: phase = 0.0
15.8757 	EXP 	grating_S1_T5: color = [0.1, 0.1, 0.1]
15.8924 	EXP 	grating_S1_T5: phase = 0.0
15.8924 	EXP 	grating_S1_T5: color = [0.1, 0.1, 0.1]
15.9087 	EXP 	grating_S1_T5: phase = 0.0
15.9087 	EXP 	grating_S1_T5: color = [0.1, 0.1, 0.1]
15.9262 	EXP 	grating_S1_T5: phase = 0.0
15.9262 	EXP 	grating_S1_T5: color = [0.1, 0.1, 0.1]
15.9426 	EXP 	grating_S1_T5: phase = 0.0
15.9426 	EXP 	grating_S1_T5: color = [0.1, 0.1, 0.1]
15.9591 	EXP 	grating_S1_T5: phase = 0.0
15.9591 	EXP 	grating_S1_T5: color = [0.1, 0.1, 0.1]
15.9757 	EXP 	grating_S1_T5: phase = 0.0
15.9757 	EXP 	grating_S1_T5: color = [0.1, 0.1, 0.1]
15.9919 	EXP 	grating_S1_T5: phase = 0.0
15.9919 	EXP 	grating_S1_T5: color = [0.1, 0.1, 0.1]
16.0091 	EXP 	grating_S1_T5: phase = 0.0
16.0091 	EXP 	grating_S1_T5: color = [0.1, 0.1, 0.1]
16.0261 	EXP 	grating_S1_T5: phase = 0.0
16.0261 	EXP 	grating_S1_T5: color = [0.1, 0.1, 0.1]
16.0427 	EXP 	grating_S1_T5: phase = 0.0
16.0427 	EXP 	grating_S1_T5: color = [0.1, 0.1, 0.1]
16.0589 	EXP 	grating_S1_T5: phase = 0.0
16.0589 	EXP 	grating_S1_T5: color = [0.1, 0.1, 0.1]
16.0755 	EXP 	grating_S1_T5: phase = 0.0
16.0755 	EXP 	grating_S1_T5: color = [0.1, 0.1, 0.1]
16.0925 	EXP 	grating_S1_T5: phase = 0.0
16.0925 	EXP 	grating_S1_T5: color = [0.1, 0.1, 0.1]
16.1096 	EXP 	grating_S1_T5: phase = 0.0
16.1096 	EXP 	grating_S1_T5: color = [0.1, 0.1, 0.1]
16.1257 	EXP 	grating_S1_T5: phase = 0.0
16.1257 	EXP 	grating_S1_T5: color = [0.1, 0.1, 0.1]
16.1423 	EXP 	grating_S1_T5: phase = 0.0
16.1423 	EXP 	grating_S1_T5: color = [0.1, 0.1, 0.1]
16.1590 	EXP 	grating_S1_T5: phase = 0.0
16.1590 	EXP 	grating_S1_T5: color = [0.1, 0.1, 0.1]
16.1758 	EXP 	grating_S1_T5: phase = 0.0
16.1758 	EXP 	grating_S1_T5: color = [0.1, 0.1, 0.1]
16.1919 	EXP 	grating_S1_T5: phase = 0.0
16.1919 	EXP 	grating_S1_T5: color = [0.1, 0.1, 0.1]
16.2085 	EXP 	grating_S1_T5: phase = 0.0
16.2085 	EXP 	grating_S1_T5: color = [0.1, 0.1, 0.1]
16.2250 	EXP 	grating_S1_T5: phase = 0.0
16.2250 	EXP 	grating_S1_T5: color = [0.1, 0.1, 0.1]
16.2419 	EXP 	grating_S1_T5: phase = 0.0
16.2419 	EXP 	grating_S1_T5: color = [0.1, 0.1, 0.1]
16.2592 	EXP 	grating_S1_T5: phase = 0.0
16.2592 	EXP 	grating_S1_T5: color = [0.1, 0.1, 0.1]
16.2763 	EXP 	grating_S1_T5: phase = 0.5
16.2763 	EXP 	grating_S1_T5: color = [0.09713788319786545, 0.09713788319786545, 0.09713788319786545]
16.2924 	EXP 	grating_S1_T5: phase = 0.5
16.2924 	EXP 	grating_S1_T5: color = [0.09373846619855614, 0.09373846619855614, 0.09373846619855614]
16.3096 	EXP 	grating_S1_T5: phase = 0.5
16.3096 	EXP 	grating_S1_T5: color = [0.09051853999844753, 0.09051853999844753, 0.09051853999844753]
16.3256 	EXP 	grating_S1_T5: phase = 0.5
16.3256 	EXP 	grating_S1_T5: color = [0.08706300819758327, 0.08706300819758327, 0.08706300819758327]
16.3423 	EXP 	grating_S1_T5: phase = 0.5
16.3423 	EXP 	grating_S1_T5: color = [0.0838387399999192, 0.0838387399999192, 0.0838387399999192]
16.3596 	EXP 	grating_S1_T5: phase = 0.5
16.3596 	EXP 	grating_S1_T5: color = [0.08052111440047156, 0.08052111440047156, 0.08052111440047156]
16.3762 	EXP 	grating_S1_T5: phase = 0.5
16.3762 	EXP 	grating_S1_T5: color = [0.07705775659997016, 0.07705775659997016, 0.07705775659997016]
16.3920 	EXP 	grating_S1_T5: phase = 0.5
16.3920 	EXP 	grating_S1_T5: color = [0.07374666679825169, 0.07374666679825169, 0.07374666679825169]
16.4088 	EXP 	grating_S1_T5: phase = 0.5
16.4088 	EXP 	grating_S1_T5: color = [0.07059383039886598, 0.07059383039886598, 0.07059383039886598]
16.4262 	EXP 	grating_S1_T5: phase = 0.5
16.4262 	EXP 	grating_S1_T5: color = [0.06723256959812716, 0.06723256959812716, 0.06723256959812716]
16.4428 	EXP 	grating_S1_T5: phase = 0.5
16.4428 	EXP 	grating_S1_T5: color = [0.06373746779863723, 0.06373746779863723, 0.06373746779863723]
16.4593 	EXP 	grating_S1_T5: phase = 0.5
16.4593 	EXP 	grating_S1_T5: color = [0.06042157999763731, 0.06042157999763731, 0.06042157999763731]
16.4752 	EXP 	grating_S1_T5: phase = 0.5
16.4752 	EXP 	grating_S1_T5: color = [0.057118877599714325, 0.057118877599714325, 0.057118877599714325]
16.4927 	EXP 	grating_S1_T5: phase = 0.5
16.4927 	EXP 	grating_S1_T5: color = [0.05395733779878356, 0.05395733779878356, 0.05395733779878356]
16.5089 	EXP 	grating_S1_T5: phase = 0.5
16.5089 	EXP 	grating_S1_T5: color = [0.05043407699849922, 0.05043407699849922, 0.05043407699849922]
16.5254 	EXP 	grating_S1_T5: phase = 0.5
16.5254 	EXP 	grating_S1_T5: color = [0.047201310598757124, 0.047201310598757124, 0.047201310598757124]
16.5423 	EXP 	grating_S1_T5: phase = 0.5
16.5423 	EXP 	grating_S1_T5: color = [0.04390029219794087, 0.04390029219794087, 0.04390029219794087]
16.5598 	EXP 	grating_S1_T5: phase = 0.5
16.5598 	EXP 	grating_S1_T5: color = [0.0405268761998741, 0.0405268761998741, 0.0405268761998741]
16.5756 	EXP 	grating_S1_T5: phase = 0.5
16.5756 	EXP 	grating_S1_T5: color = [0.03701092839764897, 0.03701092839764897, 0.03701092839764897]
16.5927 	EXP 	grating_S1_T5: phase = 0.5
16.5927 	EXP 	grating_S1_T5: color = [0.03386401839961763, 0.03386401839961763, 0.03386401839961763]
16.6085 	EXP 	grating_S1_T5: phase = 0.5
16.6085 	EXP 	grating_S1_T5: color = [0.030431612397660502, 0.030431612397660502, 0.030431612397660502]
16.6255 	EXP 	grating_S1_T5: phase = 0.5
16.6255 	EXP 	grating_S1_T5: color = [0.02728439139900729, 0.02728439139900729, 0.02728439139900729]
16.6422 	EXP 	grating_S1_T5: phase = 0.5
16.6422 	EXP 	grating_S1_T5: color = [0.0238573655980872, 0.0238573655980872, 0.0238573655980872]
16.6595 	EXP 	grating_S1_T5: phase = 0.5
16.6595 	EXP 	grating_S1_T5: color = [0.02052767440036405, 0.02052767440036405, 0.02052767440036405]
16.6752 	EXP 	grating_S1_T5: phase = 0.5
16.6752 	EXP 	grating_S1_T5: color = [0.01710992360021919, 0.01710992360021919, 0.01710992360021919]
16.6924 	EXP 	grating_S1_T5: phase = 0.5
16.6924 	EXP 	grating_S1_T5: color = [0.013946513200062328, 0.013946513200062328, 0.013946513200062328]
16.7086 	EXP 	grating_S1_T5: phase = 0.5
16.7086 	EXP 	grating_S1_T5: color = [0.010494943597586827, 0.010494943597586827, 0.010494943597586827]
16.7263 	EXP 	grating_S1_T5: phase = 0.5
16.7263 	EXP 	grating_S1_T5: color = [0.007263080598204397, 0.007263080598204397, 0.007263080598204397]
16.7422 	EXP 	grating_S1_T5: phase = 0.5
16.7422 	EXP 	grating_S1_T5: color = [0.0037395074003143238, 0.0037395074003143238, 0.0037395074003143238]
16.7596 	EXP 	grating_S1_T5: phase = 0.5
16.7596 	EXP 	grating_S1_T5: color = [0.0005362889991374686, 0.0005362889991374686, 0.0005362889991374686]
17.0448 	EXP 	window1: mouseVisible = True
