10.6138 	WARNING 	User requested fullscreen with size [1024  768], but screen is actually [1920, 1080]. Using actual size
11.3790 	EXP 	Created window1 = Window(allowGUI=False, allowStencil=False, args=UNKNOWN, autoLog=True, bitsMode=UNKNOWN, blendMode='avg', color=array([0., 0., 0.]), colorSpace='rgb', fullscr=<method-wrapper '__getattribute__' of attributeSetter object at 0x12f72e860>, gamma=None, kwargs=UNKNOWN, lms=UNKNOWN, monitor=<psychopy.monitors.calibTools.Monitor object at 0x12f3ff5f8>, multiSample=False, name='window1', numSamples=2, pos=[0.0, 0.0], screen=0, size=array([1920, 1080]), stereo=False, units='height', useFBO=True, useRetina=False, viewOri=0.0, viewPos=None, viewScale=None, waitBlanking=True, winType='pyglet')
11.6970 	EXP 	Created grating_S1_T5 = GratingStim(__class__=<class 'psychopy.visual.grating.GratingStim'>, autoDraw=False, autoLog=True, blendmode='avg', color=array([0.5, 0.5, 0.5]), colorSpace='rgb', contrast=1.0, depth=0.0, interpolate=True, mask='circle', maskParams=None, name='grating_S1_T5', opacity=1.0, ori=90.0, phase=array([0., 0.]), pos=array([0., 0.]), rgbPedestal=array([0., 0., 0.]), sf=array([0.6, 0.6]), size=array([3.5, 3.5]), tex='sin', texRes=128, units='deg', win=Window(...))
11.7112 	EXP 	grating_S1_T5: phase = 0.0
11.7112 	EXP 	grating_S1_T5: color = [0.00012155999429523945, 0.00012155999429523945, 0.00012155999429523945]
11.7277 	EXP 	grating_S1_T5: phase = 0.0
11.7277 	EXP 	grating_S1_T5: color = [0.02308237438555807, 0.02308237438555807, 0.02308237438555807]
11.7439 	EXP 	grating_S1_T5: phase = 0.0
11.7439 	EXP 	grating_S1_T5: color = [0.04947837279178202, 0.04947837279178202, 0.04947837279178202]
11.7607 	EXP 	grating_S1_T5: phase = 0.0
11.7607 	EXP 	grating_S1_T5: color = [0.07554101599380375, 0.07554101599380375, 0.07554101599380375]
11.7774 	EXP 	grating_S1_T5: phase = 0.0
11.7774 	EXP 	grating_S1_T5: color = [0.1023321423912421, 0.1023321423912421, 0.1023321423912421]
11.7941 	EXP 	grating_S1_T5: phase = 0.0
11.7941 	EXP 	grating_S1_T5: color = [0.12913169278763234, 0.12913169278763234, 0.12913169278763234]
11.8109 	EXP 	grating_S1_T5: phase = 0.0
11.8109 	EXP 	grating_S1_T5: color = [0.15573885280173272, 0.15573885280173272, 0.15573885280173272]
11.8269 	EXP 	grating_S1_T5: phase = 0.0
11.8269 	EXP 	grating_S1_T5: color = [0.18258950880263003, 0.18258950880263003, 0.18258950880263003]
11.8445 	EXP 	grating_S1_T5: phase = 0.0
11.8445 	EXP 	grating_S1_T5: color = [0.2085422303993255, 0.2085422303993255, 0.2085422303993255]
11.8616 	EXP 	grating_S1_T5: phase = 0.0
11.8616 	EXP 	grating_S1_T5: color = [0.2365900703938678, 0.2365900703938678, 0.2365900703938678]
11.8777 	EXP 	grating_S1_T5: phase = 0.0
11.8777 	EXP 	grating_S1_T5: color = [0.2639548928011209, 0.2639548928011209, 0.2639548928011209]
11.8941 	EXP 	grating_S1_T5: phase = 0.0
11.8941 	EXP 	grating_S1_T5: color = [0.2897895199945197, 0.2897895199945197, 0.2897895199945197]
11.9107 	EXP 	grating_S1_T5: phase = 0.0
11.9107 	EXP 	grating_S1_T5: color = [0.3158425247995183, 0.3158425247995183, 0.3158425247995183]
11.9276 	EXP 	grating_S1_T5: phase = 0.0
11.9276 	EXP 	grating_S1_T5: color = [0.34230994880199433, 0.34230994880199433, 0.34230994880199433]
11.9446 	EXP 	grating_S1_T5: phase = 0.0
11.9446 	EXP 	grating_S1_T5: color = [0.3693143375916407, 0.3693143375916407, 0.3693143375916407]
11.9612 	EXP 	grating_S1_T5: phase = 0.0
11.9612 	EXP 	grating_S1_T5: color = [0.3966960799880326, 0.3966960799880326, 0.3966960799880326]
11.9773 	EXP 	grating_S1_T5: phase = 0.0
11.9773 	EXP 	grating_S1_T5: color = [0.42307013438548896, 0.42307013438548896, 0.42307013438548896]
11.9950 	EXP 	grating_S1_T5: phase = 0.0
11.9950 	EXP 	grating_S1_T5: color = [0.4488265583990142, 0.4488265583990142, 0.4488265583990142]
12.0116 	EXP 	grating_S1_T5: phase = 0.0
12.0116 	EXP 	grating_S1_T5: color = [0.47736062719486655, 0.47736062719486655, 0.47736062719486655]
12.0272 	EXP 	grating_S1_T5: phase = 0.0
12.0272 	EXP 	grating_S1_T5: color = [0.5037899951916188, 0.5037899951916188, 0.5037899951916188]
12.0444 	EXP 	grating_S1_T5: phase = 0.0
12.0444 	EXP 	grating_S1_T5: color = [0.5287261775927619, 0.5287261775927619, 0.5287261775927619]
12.0612 	EXP 	grating_S1_T5: phase = 0.0
12.0612 	EXP 	grating_S1_T5: color = [0.5563604559982196, 0.5563604559982196, 0.5563604559982196]
12.0778 	EXP 	grating_S1_T5: phase = 0.0
12.0778 	EXP 	grating_S1_T5: color = [0.5831849663984031, 0.5831849663984031, 0.5831849663984031]
12.0943 	EXP 	grating_S1_T5: phase = 0.0
12.0943 	EXP 	grating_S1_T5: color = [0.6096073743887246, 0.6096073743887246, 0.6096073743887246]
12.1104 	EXP 	grating_S1_T5: phase = 0.0
12.1104 	EXP 	grating_S1_T5: color = [0.6360908079892398, 0.6360908079892398, 0.6360908079892398]
12.1280 	EXP 	grating_S1_T5: phase = 0.0
12.1280 	EXP 	grating_S1_T5: color = [0.6618903759866953, 0.6618903759866953, 0.6618903759866953]
12.1437 	EXP 	grating_S1_T5: phase = 0.0
12.1437 	EXP 	grating_S1_T5: color = [0.6899699887959287, 0.6899699887959287, 0.6899699887959287]
12.1611 	EXP 	grating_S1_T5: phase = 0.0
12.1611 	EXP 	grating_S1_T5: color = [0.7150494816014543, 0.7150494816014543, 0.7150494816014543]
12.1772 	EXP 	grating_S1_T5: phase = 0.0
12.1772 	EXP 	grating_S1_T5: color = [0.7428809855831787, 0.7428809855831787, 0.7428809855831787]
12.1950 	EXP 	grating_S1_T5: phase = 0.0
12.1950 	EXP 	grating_S1_T5: color = [0.768805487989448, 0.768805487989448, 0.768805487989448]
12.2113 	EXP 	grating_S1_T5: phase = 0.0
12.2113 	EXP 	grating_S1_T5: color = [0.7973204031819479, 0.7973204031819479, 0.7973204031819479]
12.2280 	EXP 	grating_S1_T5: phase = 0.5
12.2280 	EXP 	grating_S1_T5: color = [0.8, 0.8, 0.8]
12.2438 	EXP 	grating_S1_T5: phase = 0.5
12.2438 	EXP 	grating_S1_T5: color = [0.8, 0.8, 0.8]
12.2607 	EXP 	grating_S1_T5: phase = 0.5
12.2607 	EXP 	grating_S1_T5: color = [0.8, 0.8, 0.8]
12.2777 	EXP 	grating_S1_T5: phase = 0.5
12.2777 	EXP 	grating_S1_T5: color = [0.8, 0.8, 0.8]
12.2943 	EXP 	grating_S1_T5: phase = 0.5
12.2943 	EXP 	grating_S1_T5: color = [0.8, 0.8, 0.8]
12.3111 	EXP 	grating_S1_T5: phase = 0.5
12.3111 	EXP 	grating_S1_T5: color = [0.8, 0.8, 0.8]
12.3283 	EXP 	grating_S1_T5: phase = 0.5
12.3283 	EXP 	grating_S1_T5: color = [0.8, 0.8, 0.8]
12.3442 	EXP 	grating_S1_T5: phase = 0.5
12.3442 	EXP 	grating_S1_T5: color = [0.8, 0.8, 0.8]
12.3611 	EXP 	grating_S1_T5: phase = 0.5
12.3611 	EXP 	grating_S1_T5: color = [0.8, 0.8, 0.8]
12.3770 	EXP 	grating_S1_T5: phase = 0.5
12.3770 	EXP 	grating_S1_T5: color = [0.8, 0.8, 0.8]
12.3938 	EXP 	grating_S1_T5: phase = 0.5
12.3938 	EXP 	grating_S1_T5: color = [0.8, 0.8, 0.8]
12.4108 	EXP 	grating_S1_T5: phase = 0.5
12.4108 	EXP 	grating_S1_T5: color = [0.8, 0.8, 0.8]
12.4274 	EXP 	grating_S1_T5: phase = 0.5
12.4274 	EXP 	grating_S1_T5: color = [0.8, 0.8, 0.8]
12.4448 	EXP 	grating_S1_T5: phase = 0.5
12.4448 	EXP 	grating_S1_T5: color = [0.8, 0.8, 0.8]
12.4608 	EXP 	grating_S1_T5: phase = 0.5
12.4608 	EXP 	grating_S1_T5: color = [0.8, 0.8, 0.8]
12.4780 	EXP 	grating_S1_T5: phase = 0.5
12.4780 	EXP 	grating_S1_T5: color = [0.8, 0.8, 0.8]
12.4947 	EXP 	grating_S1_T5: phase = 0.5
12.4947 	EXP 	grating_S1_T5: color = [0.8, 0.8, 0.8]
12.5115 	EXP 	grating_S1_T5: phase = 0.5
12.5115 	EXP 	grating_S1_T5: color = [0.8, 0.8, 0.8]
12.5269 	EXP 	grating_S1_T5: phase = 0.5
12.5269 	EXP 	grating_S1_T5: color = [0.8, 0.8, 0.8]
12.5442 	EXP 	grating_S1_T5: phase = 0.5
12.5442 	EXP 	grating_S1_T5: color = [0.8, 0.8, 0.8]
12.5605 	EXP 	grating_S1_T5: phase = 0.5
12.5605 	EXP 	grating_S1_T5: color = [0.8, 0.8, 0.8]
12.5773 	EXP 	grating_S1_T5: phase = 0.5
12.5773 	EXP 	grating_S1_T5: color = [0.8, 0.8, 0.8]
12.5949 	EXP 	grating_S1_T5: phase = 0.5
12.5949 	EXP 	grating_S1_T5: color = [0.8, 0.8, 0.8]
12.6106 	EXP 	grating_S1_T5: phase = 0.5
12.6106 	EXP 	grating_S1_T5: color = [0.8, 0.8, 0.8]
12.6262 	EXP 	grating_S1_T5: phase = 0.5
12.6262 	EXP 	grating_S1_T5: color = [0.8, 0.8, 0.8]
12.6445 	EXP 	grating_S1_T5: phase = 0.5
12.6445 	EXP 	grating_S1_T5: color = [0.8, 0.8, 0.8]
12.6612 	EXP 	grating_S1_T5: phase = 0.5
12.6612 	EXP 	grating_S1_T5: color = [0.8, 0.8, 0.8]
12.6774 	EXP 	grating_S1_T5: phase = 0.5
12.6774 	EXP 	grating_S1_T5: color = [0.8, 0.8, 0.8]
12.6938 	EXP 	grating_S1_T5: phase = 0.5
12.6938 	EXP 	grating_S1_T5: color = [0.8, 0.8, 0.8]
12.7108 	EXP 	grating_S1_T5: phase = 0.5
12.7108 	EXP 	grating_S1_T5: color = [0.8, 0.8, 0.8]
12.7281 	EXP 	grating_S1_T5: phase = 0.0
12.7281 	EXP 	grating_S1_T5: color = [0.8, 0.8, 0.8]
12.7430 	EXP 	grating_S1_T5: phase = 0.0
12.7430 	EXP 	grating_S1_T5: color = [0.8, 0.8, 0.8]
12.7608 	EXP 	grating_S1_T5: phase = 0.0
12.7608 	EXP 	grating_S1_T5: color = [0.8, 0.8, 0.8]
12.7774 	EXP 	grating_S1_T5: phase = 0.0
12.7774 	EXP 	grating_S1_T5: color = [0.8, 0.8, 0.8]
12.7942 	EXP 	grating_S1_T5: phase = 0.0
12.7942 	EXP 	grating_S1_T5: color = [0.8, 0.8, 0.8]
12.8104 	EXP 	grating_S1_T5: phase = 0.0
12.8104 	EXP 	grating_S1_T5: color = [0.8, 0.8, 0.8]
12.8280 	EXP 	grating_S1_T5: phase = 0.0
12.8280 	EXP 	grating_S1_T5: color = [0.8, 0.8, 0.8]
12.8438 	EXP 	grating_S1_T5: phase = 0.0
12.8438 	EXP 	grating_S1_T5: color = [0.8, 0.8, 0.8]
12.8604 	EXP 	grating_S1_T5: phase = 0.0
12.8604 	EXP 	grating_S1_T5: color = [0.8, 0.8, 0.8]
12.8783 	EXP 	grating_S1_T5: phase = 0.0
12.8783 	EXP 	grating_S1_T5: color = [0.8, 0.8, 0.8]
12.8954 	EXP 	grating_S1_T5: phase = 0.0
12.8954 	EXP 	grating_S1_T5: color = [0.8, 0.8, 0.8]
12.9115 	EXP 	grating_S1_T5: phase = 0.0
12.9115 	EXP 	grating_S1_T5: color = [0.8, 0.8, 0.8]
12.9279 	EXP 	grating_S1_T5: phase = 0.0
12.9279 	EXP 	grating_S1_T5: color = [0.8, 0.8, 0.8]
12.9438 	EXP 	grating_S1_T5: phase = 0.0
12.9438 	EXP 	grating_S1_T5: color = [0.8, 0.8, 0.8]
12.9604 	EXP 	grating_S1_T5: phase = 0.0
12.9604 	EXP 	grating_S1_T5: color = [0.8, 0.8, 0.8]
12.9777 	EXP 	grating_S1_T5: phase = 0.0
12.9777 	EXP 	grating_S1_T5: color = [0.8, 0.8, 0.8]
12.9938 	EXP 	grating_S1_T5: phase = 0.0
12.9938 	EXP 	grating_S1_T5: color = [0.8, 0.8, 0.8]
13.0107 	EXP 	grating_S1_T5: phase = 0.0
13.0107 	EXP 	grating_S1_T5: color = [0.8, 0.8, 0.8]
13.0273 	EXP 	grating_S1_T5: phase = 0.0
13.0273 	EXP 	grating_S1_T5: color = [0.8, 0.8, 0.8]
13.0444 	EXP 	grating_S1_T5: phase = 0.0
13.0444 	EXP 	grating_S1_T5: color = [0.8, 0.8, 0.8]
13.0611 	EXP 	grating_S1_T5: phase = 0.0
13.0611 	EXP 	grating_S1_T5: color = [0.8, 0.8, 0.8]
13.0779 	EXP 	grating_S1_T5: phase = 0.0
13.0779 	EXP 	grating_S1_T5: color = [0.8, 0.8, 0.8]
13.0940 	EXP 	grating_S1_T5: phase = 0.0
13.0940 	EXP 	grating_S1_T5: color = [0.8, 0.8, 0.8]
13.1111 	EXP 	grating_S1_T5: phase = 0.0
13.1111 	EXP 	grating_S1_T5: color = [0.8, 0.8, 0.8]
13.1277 	EXP 	grating_S1_T5: phase = 0.0
13.1277 	EXP 	grating_S1_T5: color = [0.8, 0.8, 0.8]
13.1443 	EXP 	grating_S1_T5: phase = 0.0
13.1443 	EXP 	grating_S1_T5: color = [0.8, 0.8, 0.8]
13.1605 	EXP 	grating_S1_T5: phase = 0.0
13.1605 	EXP 	grating_S1_T5: color = [0.8, 0.8, 0.8]
13.1778 	EXP 	grating_S1_T5: phase = 0.0
13.1778 	EXP 	grating_S1_T5: color = [0.8, 0.8, 0.8]
13.1940 	EXP 	grating_S1_T5: phase = 0.0
13.1940 	EXP 	grating_S1_T5: color = [0.8, 0.8, 0.8]
13.2111 	EXP 	grating_S1_T5: phase = 0.0
13.2111 	EXP 	grating_S1_T5: color = [0.8, 0.8, 0.8]
13.2278 	EXP 	grating_S1_T5: phase = 0.5
13.2278 	EXP 	grating_S1_T5: color = [0.023074503988027573, 0.023074503988027573, 0.023074503988027573]
13.2430 	EXP 	grating_S1_T5: phase = 0.5
13.2430 	EXP 	grating_S1_T5: color = [0.04962815358303488, 0.04962815358303488, 0.04962815358303488]
13.2604 	EXP 	grating_S1_T5: phase = 0.5
13.2604 	EXP 	grating_S1_T5: color = [0.07387467520311475, 0.07387467520311475, 0.07387467520311475]
13.2774 	EXP 	grating_S1_T5: phase = 0.5
13.2774 	EXP 	grating_S1_T5: color = [0.10171144478954375, 0.10171144478954375, 0.10171144478954375]
13.2944 	EXP 	grating_S1_T5: phase = 0.5
13.2944 	EXP 	grating_S1_T5: color = [0.1291766976006329, 0.1291766976006329, 0.1291766976006329]
13.3105 	EXP 	grating_S1_T5: phase = 0.5
13.3105 	EXP 	grating_S1_T5: color = [0.15634827038738877, 0.15634827038738877, 0.15634827038738877]
13.3293 	EXP 	grating_S1_T5: phase = 0.5
13.3293 	EXP 	grating_S1_T5: color = [0.182255159993656, 0.182255159993656, 0.182255159993656]
13.3438 	EXP 	grating_S1_T5: phase = 0.5
13.3438 	EXP 	grating_S1_T5: color = [0.21205799200106412, 0.21205799200106412, 0.21205799200106412]
13.3608 	EXP 	grating_S1_T5: phase = 0.5
13.3608 	EXP 	grating_S1_T5: color = [0.23529989279340954, 0.23529989279340954, 0.23529989279340954]
13.3773 	EXP 	grating_S1_T5: phase = 0.5
13.3773 	EXP 	grating_S1_T5: color = [0.2624332319945097, 0.2624332319945097, 0.2624332319945097]
13.3946 	EXP 	grating_S1_T5: phase = 0.5
13.3946 	EXP 	grating_S1_T5: color = [0.28891160478815436, 0.28891160478815436, 0.28891160478815436]
13.4104 	EXP 	grating_S1_T5: phase = 0.5
13.4104 	EXP 	grating_S1_T5: color = [0.3166471279924736, 0.3166471279924736, 0.3166471279924736]
13.4283 	EXP 	grating_S1_T5: phase = 0.5
13.4283 	EXP 	grating_S1_T5: color = [0.3418350319843739, 0.3418350319843739, 0.3418350319843739]
13.4436 	EXP 	grating_S1_T5: phase = 0.5
13.4436 	EXP 	grating_S1_T5: color = [0.3704839263809845, 0.3704839263809845, 0.3704839263809845]
13.4608 	EXP 	grating_S1_T5: phase = 0.5
13.4608 	EXP 	grating_S1_T5: color = [0.3950272047892213, 0.3950272047892213, 0.3950272047892213]
13.4775 	EXP 	grating_S1_T5: phase = 0.5
13.4775 	EXP 	grating_S1_T5: color = [0.4225655055837706, 0.4225655055837706, 0.4225655055837706]
13.4937 	EXP 	grating_S1_T5: phase = 0.5
13.4937 	EXP 	grating_S1_T5: color = [0.44924405599012973, 0.44924405599012973, 0.44924405599012973]
13.5104 	EXP 	grating_S1_T5: phase = 0.5
13.5104 	EXP 	grating_S1_T5: color = [0.47527257918845867, 0.47527257918845867, 0.47527257918845867]
13.5278 	EXP 	grating_S1_T5: phase = 0.5
13.5278 	EXP 	grating_S1_T5: color = [0.5019444976001978, 0.5019444976001978, 0.5019444976001978]
13.5443 	EXP 	grating_S1_T5: phase = 0.5
13.5443 	EXP 	grating_S1_T5: color = [0.5297274079872295, 0.5297274079872295, 0.5297274079872295]
13.5610 	EXP 	grating_S1_T5: phase = 0.5
13.5610 	EXP 	grating_S1_T5: color = [0.5563196223927662, 0.5563196223927662, 0.5563196223927662]
13.5773 	EXP 	grating_S1_T5: phase = 0.5
13.5773 	EXP 	grating_S1_T5: color = [0.5828571407822892, 0.5828571407822892, 0.5828571407822892]
13.5947 	EXP 	grating_S1_T5: phase = 0.5
13.5947 	EXP 	grating_S1_T5: color = [0.6089124095859006, 0.6089124095859006, 0.6089124095859006]
13.6108 	EXP 	grating_S1_T5: phase = 0.5
13.6108 	EXP 	grating_S1_T5: color = [0.6367160591995344, 0.6367160591995344, 0.6367160591995344]
13.6273 	EXP 	grating_S1_T5: phase = 0.5
13.6273 	EXP 	grating_S1_T5: color = [0.6626333151943982, 0.6626333151943982, 0.6626333151943982]
13.6438 	EXP 	grating_S1_T5: phase = 0.5
13.6438 	EXP 	grating_S1_T5: color = [0.6888876399956644, 0.6888876399956644, 0.6888876399956644]
13.6606 	EXP 	grating_S1_T5: phase = 0.5
13.6606 	EXP 	grating_S1_T5: color = [0.7152027535950766, 0.7152027535950766, 0.7152027535950766]
13.6774 	EXP 	grating_S1_T5: phase = 0.5
13.6774 	EXP 	grating_S1_T5: color = [0.7424119663890452, 0.7424119663890452, 0.7424119663890452]
13.6945 	EXP 	grating_S1_T5: phase = 0.5
13.6945 	EXP 	grating_S1_T5: color = [0.7690878927940503, 0.7690878927940503, 0.7690878927940503]
13.7102 	EXP 	grating_S1_T5: phase = 0.5
13.7102 	EXP 	grating_S1_T5: color = [0.7965217551914976, 0.7965217551914976, 0.7965217551914976]
14.0010 	EXP 	window1: mouseVisible = True
