11.4213 	WARNING 	User requested fullscreen with size [1024  768], but screen is actually [1920, 1080]. Using actual size
12.3163 	EXP 	Created window1 = Window(allowGUI=False, allowStencil=False, args=UNKNOWN, autoLog=True, bitsMode=UNKNOWN, blendMode='avg', color=array([0., 0., 0.]), colorSpace='rgb', fullscr=<method-wrapper '__getattribute__' of attributeSetter object at 0x12f396940>, gamma=None, kwargs=UNKNOWN, lms=UNKNOWN, monitor=<psychopy.monitors.calibTools.Monitor object at 0x12ed9ec18>, multiSample=False, name='window1', numSamples=2, pos=[0.0, 0.0], screen=0, size=array([1920, 1080]), stereo=False, units='height', useFBO=True, useRetina=False, viewOri=0.0, viewPos=None, viewScale=None, waitBlanking=True, winType='pyglet')
12.6084 	EXP 	Created grating_murray = GratingStim(__class__=<class 'psychopy.visual.grating.GratingStim'>, autoDraw=False, autoLog=True, blendmode='avg', color=array([0.98, 0.98, 0.98]), colorSpace='rgb', contrast=1.0, depth=0.0, interpolate=True, mask='gauss', maskParams=None, name='grating_murray', opacity=1.0, ori=0.0, phase=array([0., 0.]), pos=array([0., 0.]), rgbPedestal=array([0., 0., 0.]), sf=array([1.2, 1.2]), size=array([10., 10.]), tex='sin', texRes=128, units='deg', win=Window(...))
12.6326 	EXP 	grating_murray: phase = 1.7948004824575037e-05
12.6478 	EXP 	grating_murray: phase = 0.09712585200031754
12.6647 	EXP 	grating_murray: phase = 0.15784566000365885
12.6815 	EXP 	grating_murray: phase = 0.22539601600146852
12.6989 	EXP 	grating_murray: phase = 0.2927257199989981
12.7142 	EXP 	grating_murray: phase = 0.36211225199804176
12.7320 	EXP 	grating_murray: phase = 0.42343149200314656
12.7487 	EXP 	grating_murray: phase = 0.49453204400197137
12.7654 	EXP 	grating_murray: phase = 0.561537572000816
12.7815 	EXP 	grating_murray: phase = 0.6283112360033556
12.7985 	EXP 	grating_murray: phase = 0.6925979759980692
12.8150 	EXP 	grating_murray: phase = 0.7606873600016115
12.8321 	EXP 	grating_murray: phase = 0.8266395399987232
12.8479 	EXP 	grating_murray: phase = 0.8949449840001762
12.8654 	EXP 	grating_murray: phase = 0.958225588001369
12.8815 	EXP 	grating_murray: phase = 1.0282363279984565
12.8990 	EXP 	grating_murray: phase = 1.0924618440039922
12.9153 	EXP 	grating_murray: phase = 1.1625940640005865
12.9320 	EXP 	grating_murray: phase = 1.2276486240007216
12.9481 	EXP 	grating_murray: phase = 1.2947032439988106
18.2444 	EXP 	window1: mouseVisible = True
