12.1499 	WARNING 	User requested fullscreen with size [1024  768], but screen is actually [1920, 1080]. Using actual size
12.8864 	EXP 	Created window1 = Window(allowGUI=False, allowStencil=False, args=UNKNOWN, autoLog=True, bitsMode=UNKNOWN, blendMode='avg', color=array([0., 0., 0.]), colorSpace='rgb', fullscr=<method-wrapper '__getattribute__' of attributeSetter object at 0x12fbee860>, gamma=None, kwargs=UNKNOWN, lms=UNKNOWN, monitor=<psychopy.monitors.calibTools.Monitor object at 0x12fbb55f8>, multiSample=False, name='window1', numSamples=2, pos=[0.0, 0.0], screen=0, size=array([1920, 1080]), stereo=False, units='height', useFBO=True, useRetina=False, viewOri=0.0, viewPos=None, viewScale=None, waitBlanking=True, winType='pyglet')
13.1435 	EXP 	Created grating_S1_T5 = GratingStim(__class__=<class 'psychopy.visual.grating.GratingStim'>, autoDraw=False, autoLog=True, blendmode='avg', color=array([0.5, 0.5, 0.5]), colorSpace='rgb', contrast=1.0, depth=0.0, interpolate=True, mask='circle', maskParams=None, name='grating_S1_T5', opacity=1.0, ori=90.0, phase=array([0., 0.]), pos=array([0., 0.]), rgbPedestal=array([0., 0., 0.]), sf=array([0.6, 0.6]), size=array([3.5, 3.5]), tex='sin', texRes=128, units='deg', win=Window(...))
13.1695 	EXP 	grating_S1_T5: phase = 0.0
13.1695 	EXP 	grating_S1_T5: color = [1.7133599612861872e-05, 1.7133599612861872e-05, 1.7133599612861872e-05]
13.1853 	EXP 	grating_S1_T5: phase = 0.0
13.1853 	EXP 	grating_S1_T5: color = [0.005247016198700294, 0.005247016198700294, 0.005247016198700294]
13.2030 	EXP 	grating_S1_T5: phase = 0.0
13.2030 	EXP 	grating_S1_T5: color = [0.008416433999082073, 0.008416433999082073, 0.008416433999082073]
13.2192 	EXP 	grating_S1_T5: phase = 0.0
13.2192 	EXP 	grating_S1_T5: color = [0.011977118797949516, 0.011977118797949516, 0.011977118797949516]
13.2355 	EXP 	grating_S1_T5: phase = 0.5
13.2355 	EXP 	grating_S1_T5: color = [0.015199060397571885, 0.015199060397571885, 0.015199060397571885]
13.2527 	EXP 	grating_S1_T5: phase = 0.5
13.2527 	EXP 	grating_S1_T5: color = [0.018445462599629536, 0.018445462599629536, 0.018445462599629536]
13.2694 	EXP 	grating_S1_T5: phase = 0.5
13.2694 	EXP 	grating_S1_T5: color = [0.02190358419902623, 0.02190358419902623, 0.02190358419902623]
13.2856 	EXP 	grating_S1_T5: phase = 0.0
13.2856 	EXP 	grating_S1_T5: color = [0.025224751597852448, 0.025224751597852448, 0.025224751597852448]
13.3029 	EXP 	grating_S1_T5: phase = 0.0
13.3029 	EXP 	grating_S1_T5: color = [0.028467120198183694, 0.028467120198183694, 0.028467120198183694]
13.3194 	EXP 	grating_S1_T5: phase = 0.0
13.3194 	EXP 	grating_S1_T5: color = [0.03193609479931183, 0.03193609479931183, 0.03193609479931183]
13.3360 	EXP 	grating_S1_T5: phase = 0.0
13.3360 	EXP 	grating_S1_T5: color = [0.03524509679991752, 0.03524509679991752, 0.03524509679991752]
13.3523 	EXP 	grating_S1_T5: phase = 0.5
13.3523 	EXP 	grating_S1_T5: color = [0.038558666198514405, 0.038558666198514405, 0.038558666198514405]
13.3691 	EXP 	grating_S1_T5: phase = 0.5
13.3691 	EXP 	grating_S1_T5: color = [0.0418137967993971, 0.0418137967993971, 0.0418137967993971]
13.3860 	EXP 	grating_S1_T5: phase = 0.5
13.3860 	EXP 	grating_S1_T5: color = [0.045193845199537466, 0.045193845199537466, 0.045193845199537466]
13.4028 	EXP 	grating_S1_T5: phase = 0.5
13.4028 	EXP 	grating_S1_T5: color = [0.04857531119778287, 0.04857531119778287, 0.04857531119778287]
13.4198 	EXP 	grating_S1_T5: phase = 0.0
13.4198 	EXP 	grating_S1_T5: color = [0.051910706597846, 0.051910706597846, 0.051910706597846]
13.4363 	EXP 	grating_S1_T5: phase = 0.0
13.4363 	EXP 	grating_S1_T5: color = [0.055317379598272966, 0.055317379598272966, 0.055317379598272966]
13.4529 	EXP 	grating_S1_T5: phase = 0.0
13.4529 	EXP 	grating_S1_T5: color = [0.05861165919923224, 0.05861165919923224, 0.05861165919923224]
13.4706 	EXP 	grating_S1_T5: phase = 0.0
13.4706 	EXP 	grating_S1_T5: color = [0.061947962199337785, 0.061947962199337785, 0.061947962199337785]
13.4863 	EXP 	grating_S1_T5: phase = 0.5
13.4863 	EXP 	grating_S1_T5: color = [0.065468704799423, 0.065468704799423, 0.065468704799423]
13.5033 	EXP 	grating_S1_T5: phase = 0.5
13.5033 	EXP 	grating_S1_T5: color = [0.06861145319999196, 0.06861145319999196, 0.06861145319999196]
13.5196 	EXP 	grating_S1_T5: phase = 0.5
13.5196 	EXP 	grating_S1_T5: color = [0.07201472519955132, 0.07201472519955132, 0.07201472519955132]
13.5369 	EXP 	grating_S1_T5: phase = 0.0
13.5369 	EXP 	grating_S1_T5: color = [0.07527316219930072, 0.07527316219930072, 0.07527316219930072]
13.5528 	EXP 	grating_S1_T5: phase = 0.0
13.5528 	EXP 	grating_S1_T5: color = [0.07872116359940265, 0.07872116359940265, 0.07872116359940265]
13.5699 	EXP 	grating_S1_T5: phase = 0.0
13.5699 	EXP 	grating_S1_T5: color = [0.08190878539753613, 0.08190878539753613, 0.08190878539753613]
13.5861 	EXP 	grating_S1_T5: phase = 0.0
13.5861 	EXP 	grating_S1_T5: color = [0.08532162659976167, 0.08532162659976167, 0.08532162659976167]
13.6033 	EXP 	grating_S1_T5: phase = 0.5
13.6033 	EXP 	grating_S1_T5: color = [0.08855752059898805, 0.08855752059898805, 0.08855752059898805]
13.6200 	EXP 	grating_S1_T5: phase = 0.5
13.6200 	EXP 	grating_S1_T5: color = [0.0920164955983637, 0.0920164955983637, 0.0920164955983637]
13.6364 	EXP 	grating_S1_T5: phase = 0.5
13.6364 	EXP 	grating_S1_T5: color = [0.09539918339869474, 0.09539918339869474, 0.09539918339869474]
13.6536 	EXP 	grating_S1_T5: phase = 0.5
13.6536 	EXP 	grating_S1_T5: color = [0.09863328560022638, 0.09863328560022638, 0.09863328560022638]
13.6699 	EXP 	grating_S1_T5: phase = 0.0
13.6699 	EXP 	grating_S1_T5: color = [0.1, 0.1, 0.1]
13.6870 	EXP 	grating_S1_T5: phase = 0.0
13.6870 	EXP 	grating_S1_T5: color = [0.1, 0.1, 0.1]
13.7036 	EXP 	grating_S1_T5: phase = 0.0
13.7036 	EXP 	grating_S1_T5: color = [0.1, 0.1, 0.1]
13.7212 	EXP 	grating_S1_T5: phase = 0.0
13.7212 	EXP 	grating_S1_T5: color = [0.1, 0.1, 0.1]
13.7363 	EXP 	grating_S1_T5: phase = 0.5
13.7363 	EXP 	grating_S1_T5: color = [0.1, 0.1, 0.1]
13.7536 	EXP 	grating_S1_T5: phase = 0.5
13.7536 	EXP 	grating_S1_T5: color = [0.1, 0.1, 0.1]
13.7703 	EXP 	grating_S1_T5: phase = 0.5
13.7703 	EXP 	grating_S1_T5: color = [0.1, 0.1, 0.1]
13.7869 	EXP 	grating_S1_T5: phase = 0.0
13.7869 	EXP 	grating_S1_T5: color = [0.1, 0.1, 0.1]
13.8036 	EXP 	grating_S1_T5: phase = 0.0
13.8036 	EXP 	grating_S1_T5: color = [0.1, 0.1, 0.1]
13.8198 	EXP 	grating_S1_T5: phase = 0.0
13.8198 	EXP 	grating_S1_T5: color = [0.1, 0.1, 0.1]
13.8363 	EXP 	grating_S1_T5: phase = 0.0
13.8363 	EXP 	grating_S1_T5: color = [0.1, 0.1, 0.1]
13.8535 	EXP 	grating_S1_T5: phase = 0.5
13.8535 	EXP 	grating_S1_T5: color = [0.1, 0.1, 0.1]
13.8699 	EXP 	grating_S1_T5: phase = 0.5
13.8699 	EXP 	grating_S1_T5: color = [0.1, 0.1, 0.1]
13.8869 	EXP 	grating_S1_T5: phase = 0.5
13.8869 	EXP 	grating_S1_T5: color = [0.1, 0.1, 0.1]
13.9036 	EXP 	grating_S1_T5: phase = 0.5
13.9036 	EXP 	grating_S1_T5: color = [0.1, 0.1, 0.1]
13.9200 	EXP 	grating_S1_T5: phase = 0.0
13.9200 	EXP 	grating_S1_T5: color = [0.1, 0.1, 0.1]
13.9369 	EXP 	grating_S1_T5: phase = 0.0
13.9369 	EXP 	grating_S1_T5: color = [0.1, 0.1, 0.1]
13.9535 	EXP 	grating_S1_T5: phase = 0.0
13.9535 	EXP 	grating_S1_T5: color = [0.1, 0.1, 0.1]
13.9705 	EXP 	grating_S1_T5: phase = 0.0
13.9705 	EXP 	grating_S1_T5: color = [0.1, 0.1, 0.1]
13.9867 	EXP 	grating_S1_T5: phase = 0.5
13.9867 	EXP 	grating_S1_T5: color = [0.1, 0.1, 0.1]
14.0033 	EXP 	grating_S1_T5: phase = 0.5
14.0033 	EXP 	grating_S1_T5: color = [0.1, 0.1, 0.1]
14.0203 	EXP 	grating_S1_T5: phase = 0.5
14.0203 	EXP 	grating_S1_T5: color = [0.1, 0.1, 0.1]
14.0365 	EXP 	grating_S1_T5: phase = 0.0
14.0365 	EXP 	grating_S1_T5: color = [0.1, 0.1, 0.1]
14.0537 	EXP 	grating_S1_T5: phase = 0.0
14.0537 	EXP 	grating_S1_T5: color = [0.1, 0.1, 0.1]
14.0708 	EXP 	grating_S1_T5: phase = 0.0
14.0708 	EXP 	grating_S1_T5: color = [0.1, 0.1, 0.1]
14.0867 	EXP 	grating_S1_T5: phase = 0.0
14.0867 	EXP 	grating_S1_T5: color = [0.1, 0.1, 0.1]
14.1037 	EXP 	grating_S1_T5: phase = 0.5
14.1037 	EXP 	grating_S1_T5: color = [0.1, 0.1, 0.1]
14.1199 	EXP 	grating_S1_T5: phase = 0.5
14.1199 	EXP 	grating_S1_T5: color = [0.1, 0.1, 0.1]
14.1368 	EXP 	grating_S1_T5: phase = 0.5
14.1368 	EXP 	grating_S1_T5: color = [0.1, 0.1, 0.1]
14.1533 	EXP 	grating_S1_T5: phase = 0.5
14.1533 	EXP 	grating_S1_T5: color = [0.1, 0.1, 0.1]
14.1706 	EXP 	grating_S1_T5: phase = 0.0
14.1706 	EXP 	grating_S1_T5: color = [0.1, 0.1, 0.1]
14.1872 	EXP 	grating_S1_T5: phase = 0.0
14.1872 	EXP 	grating_S1_T5: color = [0.1, 0.1, 0.1]
14.2034 	EXP 	grating_S1_T5: phase = 0.0
14.2034 	EXP 	grating_S1_T5: color = [0.1, 0.1, 0.1]
14.2198 	EXP 	grating_S1_T5: phase = 0.0
14.2198 	EXP 	grating_S1_T5: color = [0.1, 0.1, 0.1]
14.2370 	EXP 	grating_S1_T5: phase = 0.5
14.2370 	EXP 	grating_S1_T5: color = [0.1, 0.1, 0.1]
14.2535 	EXP 	grating_S1_T5: phase = 0.5
14.2535 	EXP 	grating_S1_T5: color = [0.1, 0.1, 0.1]
14.2706 	EXP 	grating_S1_T5: phase = 0.5
14.2706 	EXP 	grating_S1_T5: color = [0.1, 0.1, 0.1]
14.2869 	EXP 	grating_S1_T5: phase = 0.0
14.2869 	EXP 	grating_S1_T5: color = [0.1, 0.1, 0.1]
14.3034 	EXP 	grating_S1_T5: phase = 0.0
14.3034 	EXP 	grating_S1_T5: color = [0.1, 0.1, 0.1]
14.3200 	EXP 	grating_S1_T5: phase = 0.0
14.3200 	EXP 	grating_S1_T5: color = [0.1, 0.1, 0.1]
14.3375 	EXP 	grating_S1_T5: phase = 0.0
14.3375 	EXP 	grating_S1_T5: color = [0.1, 0.1, 0.1]
14.3529 	EXP 	grating_S1_T5: phase = 0.5
14.3529 	EXP 	grating_S1_T5: color = [0.1, 0.1, 0.1]
14.3700 	EXP 	grating_S1_T5: phase = 0.5
14.3700 	EXP 	grating_S1_T5: color = [0.1, 0.1, 0.1]
14.3863 	EXP 	grating_S1_T5: phase = 0.5
14.3863 	EXP 	grating_S1_T5: color = [0.1, 0.1, 0.1]
14.4038 	EXP 	grating_S1_T5: phase = 0.5
14.4038 	EXP 	grating_S1_T5: color = [0.1, 0.1, 0.1]
14.4205 	EXP 	grating_S1_T5: phase = 0.0
14.4205 	EXP 	grating_S1_T5: color = [0.1, 0.1, 0.1]
14.4370 	EXP 	grating_S1_T5: phase = 0.0
14.4370 	EXP 	grating_S1_T5: color = [0.1, 0.1, 0.1]
14.4535 	EXP 	grating_S1_T5: phase = 0.0
14.4535 	EXP 	grating_S1_T5: color = [0.1, 0.1, 0.1]
14.4701 	EXP 	grating_S1_T5: phase = 0.0
14.4701 	EXP 	grating_S1_T5: color = [0.1, 0.1, 0.1]
14.4874 	EXP 	grating_S1_T5: phase = 0.5
14.4874 	EXP 	grating_S1_T5: color = [0.1, 0.1, 0.1]
14.5033 	EXP 	grating_S1_T5: phase = 0.5
14.5033 	EXP 	grating_S1_T5: color = [0.1, 0.1, 0.1]
14.5203 	EXP 	grating_S1_T5: phase = 0.5
14.5203 	EXP 	grating_S1_T5: color = [0.1, 0.1, 0.1]
14.5363 	EXP 	grating_S1_T5: phase = 0.0
14.5363 	EXP 	grating_S1_T5: color = [0.1, 0.1, 0.1]
14.5535 	EXP 	grating_S1_T5: phase = 0.0
14.5535 	EXP 	grating_S1_T5: color = [0.1, 0.1, 0.1]
14.5694 	EXP 	grating_S1_T5: phase = 0.0
14.5694 	EXP 	grating_S1_T5: color = [0.1, 0.1, 0.1]
14.5867 	EXP 	grating_S1_T5: phase = 0.0
14.5867 	EXP 	grating_S1_T5: color = [0.1, 0.1, 0.1]
14.6026 	EXP 	grating_S1_T5: phase = 0.5
14.6026 	EXP 	grating_S1_T5: color = [0.1, 0.1, 0.1]
14.6195 	EXP 	grating_S1_T5: phase = 0.5
14.6195 	EXP 	grating_S1_T5: color = [0.1, 0.1, 0.1]
14.6368 	EXP 	grating_S1_T5: phase = 0.5
14.6368 	EXP 	grating_S1_T5: color = [0.1, 0.1, 0.1]
14.6537 	EXP 	grating_S1_T5: phase = 0.5
14.6537 	EXP 	grating_S1_T5: color = [0.1, 0.1, 0.1]
14.6703 	EXP 	grating_S1_T5: phase = 0.0
14.6703 	EXP 	grating_S1_T5: color = [0.09789565280079843, 0.09789565280079843, 0.09789565280079843]
14.6861 	EXP 	grating_S1_T5: phase = 0.0
14.6861 	EXP 	grating_S1_T5: color = [0.09458831940137316, 0.09458831940137316, 0.09458831940137316]
14.7039 	EXP 	grating_S1_T5: phase = 0.0
14.7039 	EXP 	grating_S1_T5: color = [0.09142793920182157, 0.09142793920182157, 0.09142793920182157]
14.7204 	EXP 	grating_S1_T5: phase = 0.0
14.7204 	EXP 	grating_S1_T5: color = [0.0878643028001534, 0.0878643028001534, 0.0878643028001534]
14.7367 	EXP 	grating_S1_T5: phase = 0.5
14.7367 	EXP 	grating_S1_T5: color = [0.08453811920189765, 0.08453811920189765, 0.08453811920189765]
14.7537 	EXP 	grating_S1_T5: phase = 0.5
14.7537 	EXP 	grating_S1_T5: color = [0.08130459160020109, 0.08130459160020109, 0.08130459160020109]
14.7701 	EXP 	grating_S1_T5: phase = 0.5
14.7701 	EXP 	grating_S1_T5: color = [0.07789752160024364, 0.07789752160024364, 0.07789752160024364]
14.7869 	EXP 	grating_S1_T5: phase = 0.0
14.7869 	EXP 	grating_S1_T5: color = [0.07463125080103054, 0.07463125080103054, 0.07463125080103054]
14.8035 	EXP 	grating_S1_T5: phase = 0.0
14.8035 	EXP 	grating_S1_T5: color = [0.07126185200177133, 0.07126185200177133, 0.07126185200177133]
14.8200 	EXP 	grating_S1_T5: phase = 0.0
14.8200 	EXP 	grating_S1_T5: color = [0.06794738640019204, 0.06794738640019204, 0.06794738640019204]
14.8362 	EXP 	grating_S1_T5: phase = 0.0
14.8362 	EXP 	grating_S1_T5: color = [0.06461941100133117, 0.06461941100133117, 0.06461941100133117]
14.8537 	EXP 	grating_S1_T5: phase = 0.5
14.8537 	EXP 	grating_S1_T5: color = [0.06141293660039082, 0.06141293660039082, 0.06141293660039082]
14.8706 	EXP 	grating_S1_T5: phase = 0.5
14.8706 	EXP 	grating_S1_T5: color = [0.05788936339959037, 0.05788936339959037, 0.05788936339959037]
14.8864 	EXP 	grating_S1_T5: phase = 0.5
14.8864 	EXP 	grating_S1_T5: color = [0.05451426540093962, 0.05451426540093962, 0.05451426540093962]
14.9032 	EXP 	grating_S1_T5: phase = 0.5
14.9032 	EXP 	grating_S1_T5: color = [0.05136047880223487, 0.05136047880223487, 0.05136047880223487]
14.9196 	EXP 	grating_S1_T5: phase = 0.0
14.9196 	EXP 	grating_S1_T5: color = [0.047996241200598894, 0.047996241200598894, 0.047996241200598894]
14.9371 	EXP 	grating_S1_T5: phase = 0.0
14.9371 	EXP 	grating_S1_T5: color = [0.04471644940203987, 0.04471644940203987, 0.04471644940203987]
14.9534 	EXP 	grating_S1_T5: phase = 0.0
14.9534 	EXP 	grating_S1_T5: color = [0.041219464800087736, 0.041219464800087736, 0.041219464800087736]
14.9696 	EXP 	grating_S1_T5: phase = 0.0
14.9696 	EXP 	grating_S1_T5: color = [0.03798447080189363, 0.03798447080189363, 0.03798447080189363]
14.9865 	EXP 	grating_S1_T5: phase = 0.5
14.9865 	EXP 	grating_S1_T5: color = [0.03470964940206613, 0.03470964940206613, 0.03470964940206613]
15.0038 	EXP 	grating_S1_T5: phase = 0.5
15.0038 	EXP 	grating_S1_T5: color = [0.03135638780076988, 0.03135638780076988, 0.03135638780076988]
15.0198 	EXP 	grating_S1_T5: phase = 0.5
15.0198 	EXP 	grating_S1_T5: color = [0.02787187579961028, 0.02787187579961028, 0.02787187579961028]
15.0367 	EXP 	grating_S1_T5: phase = 0.0
15.0367 	EXP 	grating_S1_T5: color = [0.024675233400193976, 0.024675233400193976, 0.024675233400193976]
15.0529 	EXP 	grating_S1_T5: phase = 0.0
15.0529 	EXP 	grating_S1_T5: color = [0.02129340940155089, 0.02129340940155089, 0.02129340940155089]
15.0700 	EXP 	grating_S1_T5: phase = 0.0
15.0700 	EXP 	grating_S1_T5: color = [0.0180633680021856, 0.0180633680021856, 0.0180633680021856]
15.0872 	EXP 	grating_S1_T5: phase = 0.0
15.0872 	EXP 	grating_S1_T5: color = [0.01463551000051666, 0.01463551000051666, 0.01463551000051666]
15.1040 	EXP 	grating_S1_T5: phase = 0.5
15.1040 	EXP 	grating_S1_T5: color = [0.011206789800780825, 0.011206789800780825, 0.011206789800780825]
15.1209 	EXP 	grating_S1_T5: phase = 0.5
15.1209 	EXP 	grating_S1_T5: color = [0.00780207520001568, 0.00780207520001568, 0.00780207520001568]
15.1376 	EXP 	grating_S1_T5: phase = 0.5
15.1376 	EXP 	grating_S1_T5: color = [0.00444929380028043, 0.00444929380028043, 0.00444929380028043]
15.1535 	EXP 	grating_S1_T5: phase = 0.5
15.1535 	EXP 	grating_S1_T5: color = [0.0011156344000482932, 0.0011156344000482932, 0.0011156344000482932]
15.4334 	EXP 	window1: mouseVisible = True
