11.1335 	WARNING 	User requested fullscreen with size [1024  768], but screen is actually [1920, 1080]. Using actual size
11.9401 	EXP 	Created window1 = Window(allowGUI=False, allowStencil=False, args=UNKNOWN, autoLog=True, bitsMode=UNKNOWN, blendMode='avg', color=array([0., 0., 0.]), colorSpace='rgb', fullscr=<method-wrapper '__getattribute__' of attributeSetter object at 0x12d52d860>, gamma=None, kwargs=UNKNOWN, lms=UNKNOWN, monitor=<psychopy.monitors.calibTools.Monitor object at 0x1301fc5f8>, multiSample=False, name='window1', numSamples=2, pos=[0.0, 0.0], screen=0, size=array([1920, 1080]), stereo=False, units='height', useFBO=True, useRetina=False, viewOri=0.0, viewPos=None, viewScale=None, waitBlanking=True, winType='pyglet')
12.2749 	EXP 	Created grating_S1_T5 = GratingStim(__class__=<class 'psychopy.visual.grating.GratingStim'>, autoDraw=False, autoLog=True, blendmode='avg', color=array([1., 1., 1.]), colorSpace='rgb', contrast=1.0, depth=0.0, interpolate=True, mask='circle', maskParams=None, name='grating_S1_T5', opacity=1.0, ori=90.0, phase=array([0., 0.]), pos=array([0., 0.]), rgbPedestal=array([0., 0., 0.]), sf=array([0.6, 0.6]), size=array([3.5, 3.5]), tex='sin', texRes=128, units='deg', win=Window(...))
12.2899 	EXP 	grating_S1_T5: phase = 0.0
12.3074 	EXP 	grating_S1_T5: phase = 0.0
12.3226 	EXP 	grating_S1_T5: phase = 0.0
12.3397 	EXP 	grating_S1_T5: phase = 0.0
12.3564 	EXP 	grating_S1_T5: phase = 0.0
12.3724 	EXP 	grating_S1_T5: phase = 0.0
12.3897 	EXP 	grating_S1_T5: phase = 0.0
12.4059 	EXP 	grating_S1_T5: phase = 0.0
12.4226 	EXP 	grating_S1_T5: phase = 0.0
12.4388 	EXP 	grating_S1_T5: phase = 0.0
12.4563 	EXP 	grating_S1_T5: phase = 0.0
12.4732 	EXP 	grating_S1_T5: phase = 0.0
12.4897 	EXP 	grating_S1_T5: phase = 0.0
12.5060 	EXP 	grating_S1_T5: phase = 0.0
12.5228 	EXP 	grating_S1_T5: phase = 0.0
12.5393 	EXP 	grating_S1_T5: phase = 0.0
12.5562 	EXP 	grating_S1_T5: phase = 0.0
12.5738 	EXP 	grating_S1_T5: phase = 0.0
12.5896 	EXP 	grating_S1_T5: phase = 0.0
12.6059 	EXP 	grating_S1_T5: phase = 0.0
12.6229 	EXP 	grating_S1_T5: phase = 0.0
12.6397 	EXP 	grating_S1_T5: phase = 0.0
12.6555 	EXP 	grating_S1_T5: phase = 0.0
12.6726 	EXP 	grating_S1_T5: phase = 0.0
12.6893 	EXP 	grating_S1_T5: phase = 0.0
12.7063 	EXP 	grating_S1_T5: phase = 0.0
12.7222 	EXP 	grating_S1_T5: phase = 0.0
12.7399 	EXP 	grating_S1_T5: phase = 0.0
12.7554 	EXP 	grating_S1_T5: phase = 0.0
12.7725 	EXP 	grating_S1_T5: phase = 0.0
12.7896 	EXP 	grating_S1_T5: phase = 0.0
12.8063 	EXP 	grating_S1_T5: phase = 0.5
12.8226 	EXP 	grating_S1_T5: phase = 0.5
12.8398 	EXP 	grating_S1_T5: phase = 0.5
12.8565 	EXP 	grating_S1_T5: phase = 0.5
12.8732 	EXP 	grating_S1_T5: phase = 0.5
12.8899 	EXP 	grating_S1_T5: phase = 0.5
12.9058 	EXP 	grating_S1_T5: phase = 0.5
12.9229 	EXP 	grating_S1_T5: phase = 0.5
12.9404 	EXP 	grating_S1_T5: phase = 0.5
12.9564 	EXP 	grating_S1_T5: phase = 0.5
12.9722 	EXP 	grating_S1_T5: phase = 0.5
12.9887 	EXP 	grating_S1_T5: phase = 0.5
13.0067 	EXP 	grating_S1_T5: phase = 0.5
13.0222 	EXP 	grating_S1_T5: phase = 0.5
13.0395 	EXP 	grating_S1_T5: phase = 0.5
13.0562 	EXP 	grating_S1_T5: phase = 0.5
13.0723 	EXP 	grating_S1_T5: phase = 0.5
13.0896 	EXP 	grating_S1_T5: phase = 0.5
13.1075 	EXP 	grating_S1_T5: phase = 0.5
13.1234 	EXP 	grating_S1_T5: phase = 0.5
13.1402 	EXP 	grating_S1_T5: phase = 0.5
13.1564 	EXP 	grating_S1_T5: phase = 0.5
13.1733 	EXP 	grating_S1_T5: phase = 0.5
13.1897 	EXP 	grating_S1_T5: phase = 0.5
13.2064 	EXP 	grating_S1_T5: phase = 0.5
13.2218 	EXP 	grating_S1_T5: phase = 0.5
13.2394 	EXP 	grating_S1_T5: phase = 0.5
13.2560 	EXP 	grating_S1_T5: phase = 0.5
13.2726 	EXP 	grating_S1_T5: phase = 0.5
13.2881 	EXP 	grating_S1_T5: phase = 0.5
13.3064 	EXP 	grating_S1_T5: phase = 0.0
13.3227 	EXP 	grating_S1_T5: phase = 0.0
13.3399 	EXP 	grating_S1_T5: phase = 0.0
13.3559 	EXP 	grating_S1_T5: phase = 0.0
13.3729 	EXP 	grating_S1_T5: phase = 0.0
13.3893 	EXP 	grating_S1_T5: phase = 0.0
13.4060 	EXP 	grating_S1_T5: phase = 0.0
13.4232 	EXP 	grating_S1_T5: phase = 0.0
13.4401 	EXP 	grating_S1_T5: phase = 0.0
13.4552 	EXP 	grating_S1_T5: phase = 0.0
13.4721 	EXP 	grating_S1_T5: phase = 0.0
13.4899 	EXP 	grating_S1_T5: phase = 0.0
13.5054 	EXP 	grating_S1_T5: phase = 0.0
13.5234 	EXP 	grating_S1_T5: phase = 0.0
13.5398 	EXP 	grating_S1_T5: phase = 0.0
13.5561 	EXP 	grating_S1_T5: phase = 0.0
13.5729 	EXP 	grating_S1_T5: phase = 0.0
13.5894 	EXP 	grating_S1_T5: phase = 0.0
13.6058 	EXP 	grating_S1_T5: phase = 0.0
13.6223 	EXP 	grating_S1_T5: phase = 0.0
13.6398 	EXP 	grating_S1_T5: phase = 0.0
13.6556 	EXP 	grating_S1_T5: phase = 0.0
13.6726 	EXP 	grating_S1_T5: phase = 0.0
13.6904 	EXP 	grating_S1_T5: phase = 0.0
13.7068 	EXP 	grating_S1_T5: phase = 0.0
13.7221 	EXP 	grating_S1_T5: phase = 0.0
13.7392 	EXP 	grating_S1_T5: phase = 0.0
13.7568 	EXP 	grating_S1_T5: phase = 0.0
13.7732 	EXP 	grating_S1_T5: phase = 0.0
13.7901 	EXP 	grating_S1_T5: phase = 0.0
13.8063 	EXP 	grating_S1_T5: phase = 0.5
13.8230 	EXP 	grating_S1_T5: phase = 0.5
13.8398 	EXP 	grating_S1_T5: phase = 0.5
13.8566 	EXP 	grating_S1_T5: phase = 0.5
13.8727 	EXP 	grating_S1_T5: phase = 0.5
13.8897 	EXP 	grating_S1_T5: phase = 0.5
13.9049 	EXP 	grating_S1_T5: phase = 0.5
13.9217 	EXP 	grating_S1_T5: phase = 0.5
13.9388 	EXP 	grating_S1_T5: phase = 0.5
13.9560 	EXP 	grating_S1_T5: phase = 0.5
13.9712 	EXP 	grating_S1_T5: phase = 0.5
13.9877 	EXP 	grating_S1_T5: phase = 0.5
14.0049 	EXP 	grating_S1_T5: phase = 0.5
14.0222 	EXP 	grating_S1_T5: phase = 0.5
14.0382 	EXP 	grating_S1_T5: phase = 0.5
14.0550 	EXP 	grating_S1_T5: phase = 0.5
14.0727 	EXP 	grating_S1_T5: phase = 0.5
14.0885 	EXP 	grating_S1_T5: phase = 0.5
14.1052 	EXP 	grating_S1_T5: phase = 0.5
14.1222 	EXP 	grating_S1_T5: phase = 0.5
14.1388 	EXP 	grating_S1_T5: phase = 0.5
14.1557 	EXP 	grating_S1_T5: phase = 0.5
14.1736 	EXP 	grating_S1_T5: phase = 0.5
14.1896 	EXP 	grating_S1_T5: phase = 0.5
14.2051 	EXP 	grating_S1_T5: phase = 0.5
14.2216 	EXP 	grating_S1_T5: phase = 0.5
14.2394 	EXP 	grating_S1_T5: phase = 0.5
14.2558 	EXP 	grating_S1_T5: phase = 0.5
14.2731 	EXP 	grating_S1_T5: phase = 0.5
14.2887 	EXP 	grating_S1_T5: phase = 0.5
14.3062 	EXP 	grating_S1_T5: color = [0.5, 0.5, 0.5]
14.3062 	EXP 	grating_S1_T5: ori = 0
14.3062 	EXP 	grating_S1_T5: phase = 0.0
14.3232 	EXP 	grating_S1_T5: phase = 0.0
14.3390 	EXP 	grating_S1_T5: phase = 0.0
14.3550 	EXP 	grating_S1_T5: phase = 0.0
14.3722 	EXP 	grating_S1_T5: phase = 0.0
14.3888 	EXP 	grating_S1_T5: phase = 0.0
14.4076 	EXP 	grating_S1_T5: phase = 0.0
14.4223 	EXP 	grating_S1_T5: phase = 0.0
14.4397 	EXP 	grating_S1_T5: phase = 0.0
14.4558 	EXP 	grating_S1_T5: phase = 0.0
14.4728 	EXP 	grating_S1_T5: phase = 0.0
14.4889 	EXP 	grating_S1_T5: phase = 0.0
14.5068 	EXP 	grating_S1_T5: phase = 0.0
14.5228 	EXP 	grating_S1_T5: phase = 0.0
14.5400 	EXP 	grating_S1_T5: phase = 0.0
14.5567 	EXP 	grating_S1_T5: phase = 0.0
14.5723 	EXP 	grating_S1_T5: phase = 0.0
14.5893 	EXP 	grating_S1_T5: phase = 0.0
14.6062 	EXP 	grating_S1_T5: phase = 0.0
14.6229 	EXP 	grating_S1_T5: phase = 0.0
14.6396 	EXP 	grating_S1_T5: phase = 0.0
14.6565 	EXP 	grating_S1_T5: phase = 0.0
14.6725 	EXP 	grating_S1_T5: phase = 0.0
14.6896 	EXP 	grating_S1_T5: phase = 0.0
14.7059 	EXP 	grating_S1_T5: phase = 0.0
14.7235 	EXP 	grating_S1_T5: phase = 0.0
14.7399 	EXP 	grating_S1_T5: phase = 0.0
14.7565 	EXP 	grating_S1_T5: phase = 0.0
14.7729 	EXP 	grating_S1_T5: phase = 0.0
14.7901 	EXP 	grating_S1_T5: phase = 0.0
14.8061 	EXP 	grating_S1_T5: phase = 0.5
14.8232 	EXP 	grating_S1_T5: phase = 0.5
14.8391 	EXP 	grating_S1_T5: phase = 0.5
14.8565 	EXP 	grating_S1_T5: phase = 0.5
14.8731 	EXP 	grating_S1_T5: phase = 0.5
14.8892 	EXP 	grating_S1_T5: phase = 0.5
14.9063 	EXP 	grating_S1_T5: phase = 0.5
14.9235 	EXP 	grating_S1_T5: phase = 0.5
14.9392 	EXP 	grating_S1_T5: phase = 0.5
14.9564 	EXP 	grating_S1_T5: phase = 0.5
14.9733 	EXP 	grating_S1_T5: phase = 0.5
14.9894 	EXP 	grating_S1_T5: phase = 0.5
15.0064 	EXP 	grating_S1_T5: phase = 0.5
15.0228 	EXP 	grating_S1_T5: phase = 0.5
15.0399 	EXP 	grating_S1_T5: phase = 0.5
15.0560 	EXP 	grating_S1_T5: phase = 0.5
15.0731 	EXP 	grating_S1_T5: phase = 0.5
15.0893 	EXP 	grating_S1_T5: phase = 0.5
15.1057 	EXP 	grating_S1_T5: phase = 0.5
15.1229 	EXP 	grating_S1_T5: phase = 0.5
15.1393 	EXP 	grating_S1_T5: phase = 0.5
15.1559 	EXP 	grating_S1_T5: phase = 0.5
15.1725 	EXP 	grating_S1_T5: phase = 0.5
15.1889 	EXP 	grating_S1_T5: phase = 0.5
15.2053 	EXP 	grating_S1_T5: phase = 0.5
15.2225 	EXP 	grating_S1_T5: phase = 0.5
15.2392 	EXP 	grating_S1_T5: phase = 0.5
15.2557 	EXP 	grating_S1_T5: phase = 0.5
15.2740 	EXP 	grating_S1_T5: phase = 0.5
15.2894 	EXP 	grating_S1_T5: phase = 0.5
15.3069 	EXP 	grating_S1_T5: phase = 0.0
15.3234 	EXP 	grating_S1_T5: phase = 0.0
15.3389 	EXP 	grating_S1_T5: phase = 0.0
15.3562 	EXP 	grating_S1_T5: phase = 0.0
15.3732 	EXP 	grating_S1_T5: phase = 0.0
15.3895 	EXP 	grating_S1_T5: phase = 0.0
15.4074 	EXP 	grating_S1_T5: phase = 0.0
15.4241 	EXP 	grating_S1_T5: phase = 0.0
15.4402 	EXP 	grating_S1_T5: phase = 0.0
15.4555 	EXP 	grating_S1_T5: phase = 0.0
15.4733 	EXP 	grating_S1_T5: phase = 0.0
15.4893 	EXP 	grating_S1_T5: phase = 0.0
15.5066 	EXP 	grating_S1_T5: phase = 0.0
15.5243 	EXP 	grating_S1_T5: phase = 0.0
15.5405 	EXP 	grating_S1_T5: phase = 0.0
15.5568 	EXP 	grating_S1_T5: phase = 0.0
15.5728 	EXP 	grating_S1_T5: phase = 0.0
15.5898 	EXP 	grating_S1_T5: phase = 0.0
15.6069 	EXP 	grating_S1_T5: phase = 0.0
15.6234 	EXP 	grating_S1_T5: phase = 0.0
15.6390 	EXP 	grating_S1_T5: phase = 0.0
15.6565 	EXP 	grating_S1_T5: phase = 0.0
15.6735 	EXP 	grating_S1_T5: phase = 0.0
15.6890 	EXP 	grating_S1_T5: phase = 0.0
15.7059 	EXP 	grating_S1_T5: phase = 0.0
15.7223 	EXP 	grating_S1_T5: phase = 0.0
15.7397 	EXP 	grating_S1_T5: phase = 0.0
15.7558 	EXP 	grating_S1_T5: phase = 0.0
15.7730 	EXP 	grating_S1_T5: phase = 0.0
15.7897 	EXP 	grating_S1_T5: phase = 0.0
15.8066 	EXP 	grating_S1_T5: phase = 0.5
15.8227 	EXP 	grating_S1_T5: phase = 0.5
15.8394 	EXP 	grating_S1_T5: phase = 0.5
15.8557 	EXP 	grating_S1_T5: phase = 0.5
15.8732 	EXP 	grating_S1_T5: phase = 0.5
15.8897 	EXP 	grating_S1_T5: phase = 0.5
15.9075 	EXP 	grating_S1_T5: phase = 0.5
15.9239 	EXP 	grating_S1_T5: phase = 0.5
15.9397 	EXP 	grating_S1_T5: phase = 0.5
15.9557 	EXP 	grating_S1_T5: phase = 0.5
15.9732 	EXP 	grating_S1_T5: phase = 0.5
15.9890 	EXP 	grating_S1_T5: phase = 0.5
16.0060 	EXP 	grating_S1_T5: phase = 0.5
16.0225 	EXP 	grating_S1_T5: phase = 0.5
16.0395 	EXP 	grating_S1_T5: phase = 0.5
16.0562 	EXP 	grating_S1_T5: phase = 0.5
16.0726 	EXP 	grating_S1_T5: phase = 0.5
16.0891 	EXP 	grating_S1_T5: phase = 0.5
16.1065 	EXP 	grating_S1_T5: phase = 0.5
16.1221 	EXP 	grating_S1_T5: phase = 0.5
16.1392 	EXP 	grating_S1_T5: phase = 0.5
16.1558 	EXP 	grating_S1_T5: phase = 0.5
16.1725 	EXP 	grating_S1_T5: phase = 0.5
16.1889 	EXP 	grating_S1_T5: phase = 0.5
16.2054 	EXP 	grating_S1_T5: phase = 0.5
16.2228 	EXP 	grating_S1_T5: phase = 0.5
16.2396 	EXP 	grating_S1_T5: phase = 0.5
16.2556 	EXP 	grating_S1_T5: phase = 0.5
16.2723 	EXP 	grating_S1_T5: phase = 0.5
16.2889 	EXP 	grating_S1_T5: phase = 0.5
16.3055 	EXP 	grating_S1_T5: phase = 0.0
16.3220 	EXP 	grating_S1_T5: color = [0.1, 0.1, 0.1]
16.3220 	EXP 	grating_S1_T5: ori = 0
16.3220 	EXP 	grating_S1_T5: phase = 0.0
16.3382 	EXP 	grating_S1_T5: phase = 0.0
16.3557 	EXP 	grating_S1_T5: phase = 0.0
16.3723 	EXP 	grating_S1_T5: phase = 0.0
16.3892 	EXP 	grating_S1_T5: phase = 0.0
16.4055 	EXP 	grating_S1_T5: phase = 0.0
16.4218 	EXP 	grating_S1_T5: phase = 0.0
16.4403 	EXP 	grating_S1_T5: phase = 0.0
16.4549 	EXP 	grating_S1_T5: phase = 0.0
16.4722 	EXP 	grating_S1_T5: phase = 0.0
16.4893 	EXP 	grating_S1_T5: phase = 0.0
16.5057 	EXP 	grating_S1_T5: phase = 0.0
16.5225 	EXP 	grating_S1_T5: phase = 0.0
16.5388 	EXP 	grating_S1_T5: phase = 0.0
16.5549 	EXP 	grating_S1_T5: phase = 0.0
16.5723 	EXP 	grating_S1_T5: phase = 0.0
16.5892 	EXP 	grating_S1_T5: phase = 0.0
16.6054 	EXP 	grating_S1_T5: phase = 0.0
16.6223 	EXP 	grating_S1_T5: phase = 0.0
16.6393 	EXP 	grating_S1_T5: phase = 0.0
16.6555 	EXP 	grating_S1_T5: phase = 0.0
16.6722 	EXP 	grating_S1_T5: phase = 0.0
16.6889 	EXP 	grating_S1_T5: phase = 0.0
16.7067 	EXP 	grating_S1_T5: phase = 0.0
16.7236 	EXP 	grating_S1_T5: phase = 0.0
16.7400 	EXP 	grating_S1_T5: phase = 0.0
16.7564 	EXP 	grating_S1_T5: phase = 0.0
16.7729 	EXP 	grating_S1_T5: phase = 0.0
16.7898 	EXP 	grating_S1_T5: phase = 0.0
16.8060 	EXP 	grating_S1_T5: phase = 0.5
16.8226 	EXP 	grating_S1_T5: phase = 0.5
16.8390 	EXP 	grating_S1_T5: phase = 0.5
16.8573 	EXP 	grating_S1_T5: phase = 0.5
16.8742 	EXP 	grating_S1_T5: phase = 0.5
16.8897 	EXP 	grating_S1_T5: phase = 0.5
16.9059 	EXP 	grating_S1_T5: phase = 0.5
16.9233 	EXP 	grating_S1_T5: phase = 0.5
16.9395 	EXP 	grating_S1_T5: phase = 0.5
16.9561 	EXP 	grating_S1_T5: phase = 0.5
16.9729 	EXP 	grating_S1_T5: phase = 0.5
16.9897 	EXP 	grating_S1_T5: phase = 0.5
17.0062 	EXP 	grating_S1_T5: phase = 0.5
17.0233 	EXP 	grating_S1_T5: phase = 0.5
17.0397 	EXP 	grating_S1_T5: phase = 0.5
17.0562 	EXP 	grating_S1_T5: phase = 0.5
17.0727 	EXP 	grating_S1_T5: phase = 0.5
17.0893 	EXP 	grating_S1_T5: phase = 0.5
17.1059 	EXP 	grating_S1_T5: phase = 0.5
17.1242 	EXP 	grating_S1_T5: phase = 0.5
17.1399 	EXP 	grating_S1_T5: phase = 0.5
17.1555 	EXP 	grating_S1_T5: phase = 0.5
17.1735 	EXP 	grating_S1_T5: phase = 0.5
17.1899 	EXP 	grating_S1_T5: phase = 0.5
17.2057 	EXP 	grating_S1_T5: phase = 0.5
17.2228 	EXP 	grating_S1_T5: phase = 0.5
17.2401 	EXP 	grating_S1_T5: phase = 0.5
17.2561 	EXP 	grating_S1_T5: phase = 0.5
17.2741 	EXP 	grating_S1_T5: phase = 0.5
17.2905 	EXP 	grating_S1_T5: phase = 0.5
17.3071 	EXP 	grating_S1_T5: phase = 0.0
17.3239 	EXP 	grating_S1_T5: phase = 0.0
17.3395 	EXP 	grating_S1_T5: phase = 0.0
17.3558 	EXP 	grating_S1_T5: phase = 0.0
17.3727 	EXP 	grating_S1_T5: phase = 0.0
17.3909 	EXP 	grating_S1_T5: phase = 0.0
17.4078 	EXP 	grating_S1_T5: phase = 0.0
17.4222 	EXP 	grating_S1_T5: phase = 0.0
17.4393 	EXP 	grating_S1_T5: phase = 0.0
17.4560 	EXP 	grating_S1_T5: phase = 0.0
17.4725 	EXP 	grating_S1_T5: phase = 0.0
17.4889 	EXP 	grating_S1_T5: phase = 0.0
17.5059 	EXP 	grating_S1_T5: phase = 0.0
17.5229 	EXP 	grating_S1_T5: phase = 0.0
17.5398 	EXP 	grating_S1_T5: phase = 0.0
17.5563 	EXP 	grating_S1_T5: phase = 0.0
17.5734 	EXP 	grating_S1_T5: phase = 0.0
17.5905 	EXP 	grating_S1_T5: phase = 0.0
17.6076 	EXP 	grating_S1_T5: phase = 0.0
17.6236 	EXP 	grating_S1_T5: phase = 0.0
17.6400 	EXP 	grating_S1_T5: phase = 0.0
17.6558 	EXP 	grating_S1_T5: phase = 0.0
17.6732 	EXP 	grating_S1_T5: phase = 0.0
17.6890 	EXP 	grating_S1_T5: phase = 0.0
17.7064 	EXP 	grating_S1_T5: phase = 0.0
17.7228 	EXP 	grating_S1_T5: phase = 0.0
17.7393 	EXP 	grating_S1_T5: phase = 0.0
17.7565 	EXP 	grating_S1_T5: phase = 0.0
17.7733 	EXP 	grating_S1_T5: phase = 0.0
17.7889 	EXP 	grating_S1_T5: phase = 0.0
17.8062 	EXP 	grating_S1_T5: phase = 0.5
17.8230 	EXP 	grating_S1_T5: phase = 0.5
17.8393 	EXP 	grating_S1_T5: phase = 0.5
17.8553 	EXP 	grating_S1_T5: phase = 0.5
17.8728 	EXP 	grating_S1_T5: phase = 0.5
17.8897 	EXP 	grating_S1_T5: phase = 0.5
17.9060 	EXP 	grating_S1_T5: phase = 0.5
17.9228 	EXP 	grating_S1_T5: phase = 0.5
17.9397 	EXP 	grating_S1_T5: phase = 0.5
17.9562 	EXP 	grating_S1_T5: phase = 0.5
17.9726 	EXP 	grating_S1_T5: phase = 0.5
17.9902 	EXP 	grating_S1_T5: phase = 0.5
18.0064 	EXP 	grating_S1_T5: phase = 0.5
18.0227 	EXP 	grating_S1_T5: phase = 0.5
18.0397 	EXP 	grating_S1_T5: phase = 0.5
18.0563 	EXP 	grating_S1_T5: phase = 0.5
18.0730 	EXP 	grating_S1_T5: phase = 0.5
18.0897 	EXP 	grating_S1_T5: phase = 0.5
18.1061 	EXP 	grating_S1_T5: phase = 0.5
18.1228 	EXP 	grating_S1_T5: phase = 0.5
18.1393 	EXP 	grating_S1_T5: phase = 0.5
18.1560 	EXP 	grating_S1_T5: phase = 0.5
18.1733 	EXP 	grating_S1_T5: phase = 0.5
18.1893 	EXP 	grating_S1_T5: phase = 0.5
18.2067 	EXP 	grating_S1_T5: phase = 0.5
18.2223 	EXP 	grating_S1_T5: phase = 0.5
18.2386 	EXP 	grating_S1_T5: phase = 0.5
18.2555 	EXP 	grating_S1_T5: phase = 0.5
18.2731 	EXP 	grating_S1_T5: phase = 0.5
18.2899 	EXP 	grating_S1_T5: phase = 0.5
18.3058 	EXP 	grating_S1_T5: phase = 0.0
18.3217 	EXP 	grating_S1_T5: phase = 0.0
18.3400 	EXP 	grating_S1_T5: color = [0.25, 0.25, 0.25]
18.3400 	EXP 	grating_S1_T5: ori = 90
18.3400 	EXP 	grating_S1_T5: phase = 0.0
18.3566 	EXP 	grating_S1_T5: phase = 0.5
18.3731 	EXP 	grating_S1_T5: phase = 0.5
18.3895 	EXP 	grating_S1_T5: phase = 0.5
18.4061 	EXP 	grating_S1_T5: phase = 0.5
18.4225 	EXP 	grating_S1_T5: phase = 0.0
18.4397 	EXP 	grating_S1_T5: phase = 0.0
18.4563 	EXP 	grating_S1_T5: phase = 0.0
18.4728 	EXP 	grating_S1_T5: phase = 0.0
18.4897 	EXP 	grating_S1_T5: phase = 0.5
18.5064 	EXP 	grating_S1_T5: phase = 0.5
18.5234 	EXP 	grating_S1_T5: phase = 0.5
18.5392 	EXP 	grating_S1_T5: phase = 0.5
18.5558 	EXP 	grating_S1_T5: phase = 0.0
18.5729 	EXP 	grating_S1_T5: phase = 0.0
18.5896 	EXP 	grating_S1_T5: phase = 0.0
18.6068 	EXP 	grating_S1_T5: phase = 0.5
18.6230 	EXP 	grating_S1_T5: phase = 0.5
18.6399 	EXP 	grating_S1_T5: phase = 0.5
18.6559 	EXP 	grating_S1_T5: phase = 0.5
18.6729 	EXP 	grating_S1_T5: phase = 0.0
18.6899 	EXP 	grating_S1_T5: phase = 0.0
18.7065 	EXP 	grating_S1_T5: phase = 0.0
18.7228 	EXP 	grating_S1_T5: phase = 0.0
18.7399 	EXP 	grating_S1_T5: phase = 0.5
18.7556 	EXP 	grating_S1_T5: phase = 0.5
18.7727 	EXP 	grating_S1_T5: phase = 0.5
18.7896 	EXP 	grating_S1_T5: phase = 0.5
18.8064 	EXP 	grating_S1_T5: phase = 0.0
18.8224 	EXP 	grating_S1_T5: phase = 0.0
18.8404 	EXP 	grating_S1_T5: phase = 0.0
18.8560 	EXP 	grating_S1_T5: phase = 0.5
18.8735 	EXP 	grating_S1_T5: phase = 0.5
18.8898 	EXP 	grating_S1_T5: phase = 0.5
18.9065 	EXP 	grating_S1_T5: phase = 0.5
18.9228 	EXP 	grating_S1_T5: phase = 0.0
18.9392 	EXP 	grating_S1_T5: phase = 0.0
18.9559 	EXP 	grating_S1_T5: phase = 0.0
18.9727 	EXP 	grating_S1_T5: phase = 0.0
18.9899 	EXP 	grating_S1_T5: phase = 0.5
19.0066 	EXP 	grating_S1_T5: phase = 0.5
19.0233 	EXP 	grating_S1_T5: phase = 0.5
19.0391 	EXP 	grating_S1_T5: phase = 0.5
19.0560 	EXP 	grating_S1_T5: phase = 0.0
19.0726 	EXP 	grating_S1_T5: phase = 0.0
19.0899 	EXP 	grating_S1_T5: phase = 0.0
19.1063 	EXP 	grating_S1_T5: phase = 0.5
19.1230 	EXP 	grating_S1_T5: phase = 0.5
19.1390 	EXP 	grating_S1_T5: phase = 0.5
19.1564 	EXP 	grating_S1_T5: phase = 0.5
19.1728 	EXP 	grating_S1_T5: phase = 0.0
19.1893 	EXP 	grating_S1_T5: phase = 0.0
19.2063 	EXP 	grating_S1_T5: phase = 0.0
19.2225 	EXP 	grating_S1_T5: phase = 0.0
19.2393 	EXP 	grating_S1_T5: phase = 0.5
19.2566 	EXP 	grating_S1_T5: phase = 0.5
19.2727 	EXP 	grating_S1_T5: phase = 0.5
19.2901 	EXP 	grating_S1_T5: phase = 0.5
19.3063 	EXP 	grating_S1_T5: phase = 0.0
19.3228 	EXP 	grating_S1_T5: phase = 0.0
19.3396 	EXP 	grating_S1_T5: phase = 0.0
19.3558 	EXP 	grating_S1_T5: phase = 0.5
19.3722 	EXP 	grating_S1_T5: phase = 0.5
19.3892 	EXP 	grating_S1_T5: phase = 0.5
19.4058 	EXP 	grating_S1_T5: phase = 0.5
19.4236 	EXP 	grating_S1_T5: phase = 0.0
19.4387 	EXP 	grating_S1_T5: phase = 0.0
19.4558 	EXP 	grating_S1_T5: phase = 0.0
19.4726 	EXP 	grating_S1_T5: phase = 0.0
19.4891 	EXP 	grating_S1_T5: phase = 0.5
19.5062 	EXP 	grating_S1_T5: phase = 0.5
19.5232 	EXP 	grating_S1_T5: phase = 0.5
19.5396 	EXP 	grating_S1_T5: phase = 0.5
19.5554 	EXP 	grating_S1_T5: phase = 0.0
19.5724 	EXP 	grating_S1_T5: phase = 0.0
19.5896 	EXP 	grating_S1_T5: phase = 0.0
19.6060 	EXP 	grating_S1_T5: phase = 0.5
19.6227 	EXP 	grating_S1_T5: phase = 0.5
19.6400 	EXP 	grating_S1_T5: phase = 0.5
19.6562 	EXP 	grating_S1_T5: phase = 0.5
19.6732 	EXP 	grating_S1_T5: phase = 0.0
19.6888 	EXP 	grating_S1_T5: phase = 0.0
19.7054 	EXP 	grating_S1_T5: phase = 0.0
19.7233 	EXP 	grating_S1_T5: phase = 0.0
19.7394 	EXP 	grating_S1_T5: phase = 0.5
19.7555 	EXP 	grating_S1_T5: phase = 0.5
19.7734 	EXP 	grating_S1_T5: phase = 0.5
19.7890 	EXP 	grating_S1_T5: phase = 0.5
19.8064 	EXP 	grating_S1_T5: phase = 0.0
19.8220 	EXP 	grating_S1_T5: phase = 0.0
19.8392 	EXP 	grating_S1_T5: phase = 0.0
19.8561 	EXP 	grating_S1_T5: phase = 0.5
19.8739 	EXP 	grating_S1_T5: phase = 0.5
19.8897 	EXP 	grating_S1_T5: phase = 0.5
19.9063 	EXP 	grating_S1_T5: phase = 0.5
19.9230 	EXP 	grating_S1_T5: phase = 0.0
19.9401 	EXP 	grating_S1_T5: phase = 0.0
19.9562 	EXP 	grating_S1_T5: phase = 0.0
19.9722 	EXP 	grating_S1_T5: phase = 0.0
19.9893 	EXP 	grating_S1_T5: phase = 0.5
20.0070 	EXP 	grating_S1_T5: phase = 0.5
20.0230 	EXP 	grating_S1_T5: phase = 0.5
20.0401 	EXP 	grating_S1_T5: phase = 0.5
20.0571 	EXP 	grating_S1_T5: phase = 0.0
20.0732 	EXP 	grating_S1_T5: phase = 0.0
20.0897 	EXP 	grating_S1_T5: phase = 0.0
20.1114 	EXP 	grating_S1_T5: phase = 0.5
20.1267 	EXP 	grating_S1_T5: phase = 0.5
20.1440 	EXP 	grating_S1_T5: phase = 0.5
20.1602 	EXP 	grating_S1_T5: phase = 0.5
20.1869 	EXP 	grating_S1_T5: phase = 0.0
20.2100 	EXP 	grating_S1_T5: phase = 0.0
20.2258 	EXP 	grating_S1_T5: phase = 0.0
20.2422 	EXP 	grating_S1_T5: phase = 0.5
20.2596 	EXP 	grating_S1_T5: phase = 0.5
20.2781 	EXP 	grating_S1_T5: phase = 0.5
20.2927 	EXP 	grating_S1_T5: phase = 0.0
20.3112 	EXP 	grating_S1_T5: phase = 0.0
20.3267 	EXP 	grating_S1_T5: phase = 0.0
20.3453 	EXP 	grating_S1_T5: color = [0.05, 0.05, 0.05]
20.3453 	EXP 	grating_S1_T5: ori = 0
20.3453 	EXP 	grating_S1_T5: phase = 0.5
20.3613 	EXP 	grating_S1_T5: phase = 0.0
20.3775 	EXP 	grating_S1_T5: phase = 0.0
20.3932 	EXP 	grating_S1_T5: phase = 0.5
20.4100 	EXP 	grating_S1_T5: phase = 0.5
20.4280 	EXP 	grating_S1_T5: phase = 0.0
20.4427 	EXP 	grating_S1_T5: phase = 0.0
20.4558 	EXP 	grating_S1_T5: phase = 0.5
20.4778 	EXP 	grating_S1_T5: phase = 0.5
20.4944 	EXP 	grating_S1_T5: phase = 0.0
20.5092 	EXP 	grating_S1_T5: phase = 0.0
20.5268 	EXP 	grating_S1_T5: phase = 0.5
20.5442 	EXP 	grating_S1_T5: phase = 0.5
20.5601 	EXP 	grating_S1_T5: phase = 0.0
20.5765 	EXP 	grating_S1_T5: phase = 0.0
20.5943 	EXP 	grating_S1_T5: phase = 0.5
20.6111 	EXP 	grating_S1_T5: phase = 0.5
20.6265 	EXP 	grating_S1_T5: phase = 0.0
20.6448 	EXP 	grating_S1_T5: phase = 0.0
20.6598 	EXP 	grating_S1_T5: phase = 0.5
20.6769 	EXP 	grating_S1_T5: phase = 0.5
20.6935 	EXP 	grating_S1_T5: phase = 0.0
20.7105 	EXP 	grating_S1_T5: phase = 0.0
20.7277 	EXP 	grating_S1_T5: phase = 0.5
20.7437 	EXP 	grating_S1_T5: phase = 0.5
20.7590 	EXP 	grating_S1_T5: phase = 0.0
20.7772 	EXP 	grating_S1_T5: phase = 0.0
20.7936 	EXP 	grating_S1_T5: phase = 0.5
20.8103 	EXP 	grating_S1_T5: phase = 0.5
20.8272 	EXP 	grating_S1_T5: phase = 0.0
20.8433 	EXP 	grating_S1_T5: phase = 0.0
20.8597 	EXP 	grating_S1_T5: phase = 0.5
20.8764 	EXP 	grating_S1_T5: phase = 0.5
20.8900 	EXP 	grating_S1_T5: phase = 0.0
20.9208 	EXP 	grating_S1_T5: phase = 0.0
20.9451 	EXP 	grating_S1_T5: phase = 0.5
20.9603 	EXP 	grating_S1_T5: phase = 0.0
20.9765 	EXP 	grating_S1_T5: phase = 0.0
20.9928 	EXP 	grating_S1_T5: phase = 0.5
21.0106 	EXP 	grating_S1_T5: phase = 0.5
21.0272 	EXP 	grating_S1_T5: phase = 0.0
21.0433 	EXP 	grating_S1_T5: phase = 0.0
21.0603 	EXP 	grating_S1_T5: phase = 0.5
21.0771 	EXP 	grating_S1_T5: phase = 0.5
21.0939 	EXP 	grating_S1_T5: phase = 0.0
21.1057 	EXP 	grating_S1_T5: phase = 0.0
21.1223 	EXP 	grating_S1_T5: phase = 0.0
21.1433 	EXP 	grating_S1_T5: phase = 0.5
21.1615 	EXP 	grating_S1_T5: phase = 0.0
21.1722 	EXP 	grating_S1_T5: phase = 0.0
21.1890 	EXP 	grating_S1_T5: phase = 0.0
21.2056 	EXP 	grating_S1_T5: phase = 0.5
21.2227 	EXP 	grating_S1_T5: phase = 0.5
21.2399 	EXP 	grating_S1_T5: phase = 0.0
21.2604 	EXP 	grating_S1_T5: phase = 0.0
21.2726 	EXP 	grating_S1_T5: phase = 0.5
21.2898 	EXP 	grating_S1_T5: phase = 0.5
21.3061 	EXP 	grating_S1_T5: phase = 0.0
21.3230 	EXP 	grating_S1_T5: phase = 0.0
21.3397 	EXP 	grating_S1_T5: phase = 0.5
21.3564 	EXP 	grating_S1_T5: phase = 0.5
21.3732 	EXP 	grating_S1_T5: phase = 0.0
21.3897 	EXP 	grating_S1_T5: phase = 0.0
21.4065 	EXP 	grating_S1_T5: phase = 0.5
21.4230 	EXP 	grating_S1_T5: phase = 0.5
21.4400 	EXP 	grating_S1_T5: phase = 0.0
21.4563 	EXP 	grating_S1_T5: phase = 0.0
21.4735 	EXP 	grating_S1_T5: phase = 0.5
21.4897 	EXP 	grating_S1_T5: phase = 0.5
21.5067 	EXP 	grating_S1_T5: phase = 0.0
21.5231 	EXP 	grating_S1_T5: phase = 0.0
21.5404 	EXP 	grating_S1_T5: phase = 0.5
21.5567 	EXP 	grating_S1_T5: phase = 0.5
21.5735 	EXP 	grating_S1_T5: phase = 0.0
21.5904 	EXP 	grating_S1_T5: phase = 0.0
21.6113 	EXP 	grating_S1_T5: phase = 0.5
21.6222 	EXP 	grating_S1_T5: phase = 0.0
21.6403 	EXP 	grating_S1_T5: phase = 0.0
21.6570 	EXP 	grating_S1_T5: phase = 0.0
21.6728 	EXP 	grating_S1_T5: phase = 0.5
21.6895 	EXP 	grating_S1_T5: phase = 0.5
21.7062 	EXP 	grating_S1_T5: phase = 0.0
21.7231 	EXP 	grating_S1_T5: phase = 0.0
21.7393 	EXP 	grating_S1_T5: phase = 0.5
21.7561 	EXP 	grating_S1_T5: phase = 0.5
21.7731 	EXP 	grating_S1_T5: phase = 0.0
21.7897 	EXP 	grating_S1_T5: phase = 0.0
21.8064 	EXP 	grating_S1_T5: phase = 0.5
21.8227 	EXP 	grating_S1_T5: phase = 0.5
21.8395 	EXP 	grating_S1_T5: phase = 0.0
21.8564 	EXP 	grating_S1_T5: phase = 0.0
21.8731 	EXP 	grating_S1_T5: phase = 0.5
21.8896 	EXP 	grating_S1_T5: phase = 0.5
21.9061 	EXP 	grating_S1_T5: phase = 0.0
21.9227 	EXP 	grating_S1_T5: phase = 0.0
21.9394 	EXP 	grating_S1_T5: phase = 0.5
21.9565 	EXP 	grating_S1_T5: phase = 0.5
21.9724 	EXP 	grating_S1_T5: phase = 0.0
21.9899 	EXP 	grating_S1_T5: phase = 0.0
22.0064 	EXP 	grating_S1_T5: phase = 0.5
22.0231 	EXP 	grating_S1_T5: phase = 0.5
22.0397 	EXP 	grating_S1_T5: phase = 0.0
22.0563 	EXP 	grating_S1_T5: phase = 0.0
22.0729 	EXP 	grating_S1_T5: phase = 0.5
22.0895 	EXP 	grating_S1_T5: phase = 0.5
22.1059 	EXP 	grating_S1_T5: phase = 0.0
22.1234 	EXP 	grating_S1_T5: phase = 0.0
22.1390 	EXP 	grating_S1_T5: phase = 0.5
22.1557 	EXP 	grating_S1_T5: phase = 0.5
22.1735 	EXP 	grating_S1_T5: phase = 0.0
22.1899 	EXP 	grating_S1_T5: phase = 0.0
22.2062 	EXP 	grating_S1_T5: phase = 0.5
22.2219 	EXP 	grating_S1_T5: phase = 0.5
22.2391 	EXP 	grating_S1_T5: phase = 0.0
22.2561 	EXP 	grating_S1_T5: phase = 0.0
22.2730 	EXP 	grating_S1_T5: phase = 0.5
22.2895 	EXP 	grating_S1_T5: phase = 0.5
22.3066 	EXP 	grating_S1_T5: phase = 0.0
22.3231 	EXP 	grating_S1_T5: phase = 0.0
22.3398 	EXP 	grating_S1_T5: phase = 0.5
22.6305 	EXP 	window1: mouseVisible = True
