10.0980 	WARNING 	User requested fullscreen with size [1024  768], but screen is actually [1920, 1080]. Using actual size
10.9734 	EXP 	Created window1 = Window(allowGUI=False, allowStencil=False, args=UNKNOWN, autoLog=True, bitsMode=UNKNOWN, blendMode='avg', color=array([0., 0., 0.]), colorSpace='rgb', fullscr=<method-wrapper '__getattribute__' of attributeSetter object at 0x12f72e860>, gamma=None, kwargs=UNKNOWN, lms=UNKNOWN, monitor=<psychopy.monitors.calibTools.Monitor object at 0x12f4cb5f8>, multiSample=False, name='window1', numSamples=2, pos=[0.0, 0.0], screen=0, size=array([1920, 1080]), stereo=False, units='height', useFBO=True, useRetina=False, viewOri=0.0, viewPos=None, viewScale=None, waitBlanking=True, winType='pyglet')
11.4229 	EXP 	Created grating_S1_T5 = GratingStim(__class__=<class 'psychopy.visual.grating.GratingStim'>, autoDraw=False, autoLog=True, blendmode='avg', color=array([0.5, 0.5, 0.5]), colorSpace='rgb', contrast=1.0, depth=0.0, interpolate=True, mask='circle', maskParams=None, name='grating_S1_T5', opacity=1.0, ori=90.0, phase=array([0., 0.]), pos=array([0., 0.]), rgbPedestal=array([0., 0., 0.]), sf=array([0.6, 0.6]), size=array([3.5, 3.5]), tex='sin', texRes=128, units='deg', win=Window(...))
11.4404 	EXP 	grating_S1_T5: phase = 0.0
11.4568 	EXP 	grating_S1_T5: phase = 0.0
11.4739 	EXP 	grating_S1_T5: phase = 0.0
11.4902 	EXP 	grating_S1_T5: phase = 0.0
11.5066 	EXP 	grating_S1_T5: phase = 0.0
11.5240 	EXP 	grating_S1_T5: phase = 0.0
11.5399 	EXP 	grating_S1_T5: phase = 0.0
11.5564 	EXP 	grating_S1_T5: phase = 0.0
11.5736 	EXP 	grating_S1_T5: phase = 0.0
11.5897 	EXP 	grating_S1_T5: phase = 0.0
11.6070 	EXP 	grating_S1_T5: phase = 0.0
11.6235 	EXP 	grating_S1_T5: phase = 0.0
11.6398 	EXP 	grating_S1_T5: phase = 0.0
11.6561 	EXP 	grating_S1_T5: phase = 0.0
11.6739 	EXP 	grating_S1_T5: phase = 0.0
11.6904 	EXP 	grating_S1_T5: phase = 0.0
11.7068 	EXP 	grating_S1_T5: phase = 0.0
11.7230 	EXP 	grating_S1_T5: phase = 0.0
11.7404 	EXP 	grating_S1_T5: phase = 0.0
11.7566 	EXP 	grating_S1_T5: phase = 0.0
11.7730 	EXP 	grating_S1_T5: phase = 0.0
11.7902 	EXP 	grating_S1_T5: phase = 0.0
11.8064 	EXP 	grating_S1_T5: phase = 0.0
11.8236 	EXP 	grating_S1_T5: phase = 0.0
11.8406 	EXP 	grating_S1_T5: phase = 0.0
11.8568 	EXP 	grating_S1_T5: phase = 0.0
11.8730 	EXP 	grating_S1_T5: phase = 0.0
11.8902 	EXP 	grating_S1_T5: phase = 0.0
11.9068 	EXP 	grating_S1_T5: phase = 0.0
11.9232 	EXP 	grating_S1_T5: phase = 0.0
11.9403 	EXP 	grating_S1_T5: phase = 0.5
11.9567 	EXP 	grating_S1_T5: phase = 0.5
11.9727 	EXP 	grating_S1_T5: phase = 0.5
11.9899 	EXP 	grating_S1_T5: phase = 0.5
12.0063 	EXP 	grating_S1_T5: phase = 0.5
12.0237 	EXP 	grating_S1_T5: phase = 0.5
12.0398 	EXP 	grating_S1_T5: phase = 0.5
12.0569 	EXP 	grating_S1_T5: phase = 0.5
12.0731 	EXP 	grating_S1_T5: phase = 0.5
12.0893 	EXP 	grating_S1_T5: phase = 0.5
12.1066 	EXP 	grating_S1_T5: phase = 0.5
12.1236 	EXP 	grating_S1_T5: phase = 0.5
12.1402 	EXP 	grating_S1_T5: phase = 0.5
12.1562 	EXP 	grating_S1_T5: phase = 0.5
12.1735 	EXP 	grating_S1_T5: phase = 0.5
12.1900 	EXP 	grating_S1_T5: phase = 0.5
12.2062 	EXP 	grating_S1_T5: phase = 0.5
12.2233 	EXP 	grating_S1_T5: phase = 0.5
12.2396 	EXP 	grating_S1_T5: phase = 0.5
12.2568 	EXP 	grating_S1_T5: phase = 0.5
12.2731 	EXP 	grating_S1_T5: phase = 0.5
12.2904 	EXP 	grating_S1_T5: phase = 0.5
12.3063 	EXP 	grating_S1_T5: phase = 0.5
12.3236 	EXP 	grating_S1_T5: phase = 0.5
12.3401 	EXP 	grating_S1_T5: phase = 0.5
12.3560 	EXP 	grating_S1_T5: phase = 0.5
12.3733 	EXP 	grating_S1_T5: phase = 0.5
12.3898 	EXP 	grating_S1_T5: phase = 0.5
12.4071 	EXP 	grating_S1_T5: phase = 0.5
12.4232 	EXP 	grating_S1_T5: phase = 0.5
12.4403 	EXP 	grating_S1_T5: phase = 0.0
12.4566 	EXP 	grating_S1_T5: phase = 0.0
12.4737 	EXP 	grating_S1_T5: phase = 0.0
12.4900 	EXP 	grating_S1_T5: phase = 0.0
12.5064 	EXP 	grating_S1_T5: phase = 0.0
12.5227 	EXP 	grating_S1_T5: phase = 0.0
12.5400 	EXP 	grating_S1_T5: phase = 0.0
12.5562 	EXP 	grating_S1_T5: phase = 0.0
12.5734 	EXP 	grating_S1_T5: phase = 0.0
12.5896 	EXP 	grating_S1_T5: phase = 0.0
12.6068 	EXP 	grating_S1_T5: phase = 0.0
12.6240 	EXP 	grating_S1_T5: phase = 0.0
12.6400 	EXP 	grating_S1_T5: phase = 0.0
12.6566 	EXP 	grating_S1_T5: phase = 0.0
12.6738 	EXP 	grating_S1_T5: phase = 0.0
12.6901 	EXP 	grating_S1_T5: phase = 0.0
12.7068 	EXP 	grating_S1_T5: phase = 0.0
12.7229 	EXP 	grating_S1_T5: phase = 0.0
12.7400 	EXP 	grating_S1_T5: phase = 0.0
12.7571 	EXP 	grating_S1_T5: phase = 0.0
12.7732 	EXP 	grating_S1_T5: phase = 0.0
12.7895 	EXP 	grating_S1_T5: phase = 0.0
12.8061 	EXP 	grating_S1_T5: phase = 0.0
12.8233 	EXP 	grating_S1_T5: phase = 0.0
12.8392 	EXP 	grating_S1_T5: phase = 0.0
12.8566 	EXP 	grating_S1_T5: phase = 0.0
12.8738 	EXP 	grating_S1_T5: phase = 0.0
12.8900 	EXP 	grating_S1_T5: phase = 0.0
12.9063 	EXP 	grating_S1_T5: phase = 0.0
12.9233 	EXP 	grating_S1_T5: phase = 0.0
12.9399 	EXP 	grating_S1_T5: phase = 0.5
12.9569 	EXP 	grating_S1_T5: phase = 0.5
12.9734 	EXP 	grating_S1_T5: phase = 0.5
12.9907 	EXP 	grating_S1_T5: phase = 0.5
13.0081 	EXP 	grating_S1_T5: phase = 0.5
13.0247 	EXP 	grating_S1_T5: phase = 0.5
13.0413 	EXP 	grating_S1_T5: phase = 0.5
13.0566 	EXP 	grating_S1_T5: phase = 0.5
13.0742 	EXP 	grating_S1_T5: phase = 0.5
13.0906 	EXP 	grating_S1_T5: phase = 0.5
13.1072 	EXP 	grating_S1_T5: phase = 0.5
13.1233 	EXP 	grating_S1_T5: phase = 0.5
13.1410 	EXP 	grating_S1_T5: phase = 0.5
13.1564 	EXP 	grating_S1_T5: phase = 0.5
13.1740 	EXP 	grating_S1_T5: phase = 0.5
13.1897 	EXP 	grating_S1_T5: phase = 0.5
13.2070 	EXP 	grating_S1_T5: phase = 0.5
13.2237 	EXP 	grating_S1_T5: phase = 0.5
13.2400 	EXP 	grating_S1_T5: phase = 0.5
13.2562 	EXP 	grating_S1_T5: phase = 0.5
13.2733 	EXP 	grating_S1_T5: phase = 0.5
13.2897 	EXP 	grating_S1_T5: phase = 0.5
13.3072 	EXP 	grating_S1_T5: phase = 0.5
13.3234 	EXP 	grating_S1_T5: phase = 0.5
13.3408 	EXP 	grating_S1_T5: phase = 0.5
13.3568 	EXP 	grating_S1_T5: phase = 0.5
13.3730 	EXP 	grating_S1_T5: phase = 0.5
13.3903 	EXP 	grating_S1_T5: phase = 0.5
13.4067 	EXP 	grating_S1_T5: phase = 0.5
13.4227 	EXP 	grating_S1_T5: phase = 0.5
13.4404 	EXP 	grating_S1_T5: phase = 0.5
13.4565 	EXP 	grating_S1_T5: color = [0.5, 0.5, 0.5]
13.4565 	EXP 	grating_S1_T5: ori = 0
13.4565 	EXP 	grating_S1_T5: phase = 0.0
13.4735 	EXP 	grating_S1_T5: phase = 0.0
13.4896 	EXP 	grating_S1_T5: phase = 0.0
13.5060 	EXP 	grating_S1_T5: phase = 0.0
13.5227 	EXP 	grating_S1_T5: phase = 0.0
13.5399 	EXP 	grating_S1_T5: phase = 0.0
13.5569 	EXP 	grating_S1_T5: phase = 0.0
13.5736 	EXP 	grating_S1_T5: phase = 0.0
13.5900 	EXP 	grating_S1_T5: phase = 0.0
13.6060 	EXP 	grating_S1_T5: phase = 0.0
13.6231 	EXP 	grating_S1_T5: phase = 0.0
13.6407 	EXP 	grating_S1_T5: phase = 0.0
13.6566 	EXP 	grating_S1_T5: phase = 0.0
13.6736 	EXP 	grating_S1_T5: phase = 0.0
13.6914 	EXP 	grating_S1_T5: phase = 0.0
13.7069 	EXP 	grating_S1_T5: phase = 0.0
13.7235 	EXP 	grating_S1_T5: phase = 0.0
13.7402 	EXP 	grating_S1_T5: phase = 0.0
13.7558 	EXP 	grating_S1_T5: phase = 0.0
13.7733 	EXP 	grating_S1_T5: phase = 0.0
13.7900 	EXP 	grating_S1_T5: phase = 0.0
13.8068 	EXP 	grating_S1_T5: phase = 0.0
13.8235 	EXP 	grating_S1_T5: phase = 0.0
13.8406 	EXP 	grating_S1_T5: phase = 0.0
13.8569 	EXP 	grating_S1_T5: phase = 0.0
13.8733 	EXP 	grating_S1_T5: phase = 0.0
13.8897 	EXP 	grating_S1_T5: phase = 0.0
13.9068 	EXP 	grating_S1_T5: phase = 0.0
13.9242 	EXP 	grating_S1_T5: phase = 0.0
13.9398 	EXP 	grating_S1_T5: phase = 0.5
13.9571 	EXP 	grating_S1_T5: phase = 0.5
13.9748 	EXP 	grating_S1_T5: phase = 0.5
13.9910 	EXP 	grating_S1_T5: phase = 0.5
14.0076 	EXP 	grating_S1_T5: phase = 0.5
14.0247 	EXP 	grating_S1_T5: phase = 0.5
14.0410 	EXP 	grating_S1_T5: phase = 0.5
14.0581 	EXP 	grating_S1_T5: phase = 0.5
14.0742 	EXP 	grating_S1_T5: phase = 0.5
14.0907 	EXP 	grating_S1_T5: phase = 0.5
14.1070 	EXP 	grating_S1_T5: phase = 0.5
14.1240 	EXP 	grating_S1_T5: phase = 0.5
14.1411 	EXP 	grating_S1_T5: phase = 0.5
14.1579 	EXP 	grating_S1_T5: phase = 0.5
14.1745 	EXP 	grating_S1_T5: phase = 0.5
14.1903 	EXP 	grating_S1_T5: phase = 0.5
14.2080 	EXP 	grating_S1_T5: phase = 0.5
14.2251 	EXP 	grating_S1_T5: phase = 0.5
14.2398 	EXP 	grating_S1_T5: phase = 0.5
14.2578 	EXP 	grating_S1_T5: phase = 0.5
14.2747 	EXP 	grating_S1_T5: phase = 0.5
14.2914 	EXP 	grating_S1_T5: phase = 0.5
14.3072 	EXP 	grating_S1_T5: phase = 0.5
14.3243 	EXP 	grating_S1_T5: phase = 0.5
14.3402 	EXP 	grating_S1_T5: phase = 0.5
14.3565 	EXP 	grating_S1_T5: phase = 0.5
14.3735 	EXP 	grating_S1_T5: phase = 0.5
14.3910 	EXP 	grating_S1_T5: phase = 0.5
14.4069 	EXP 	grating_S1_T5: phase = 0.5
14.4235 	EXP 	grating_S1_T5: phase = 0.5
14.4398 	EXP 	grating_S1_T5: phase = 0.0
14.4570 	EXP 	grating_S1_T5: phase = 0.0
14.4737 	EXP 	grating_S1_T5: phase = 0.0
14.4896 	EXP 	grating_S1_T5: phase = 0.0
14.5066 	EXP 	grating_S1_T5: phase = 0.0
14.5244 	EXP 	grating_S1_T5: phase = 0.0
14.5402 	EXP 	grating_S1_T5: phase = 0.0
14.5563 	EXP 	grating_S1_T5: phase = 0.0
14.5734 	EXP 	grating_S1_T5: phase = 0.0
14.5907 	EXP 	grating_S1_T5: phase = 0.0
14.6067 	EXP 	grating_S1_T5: phase = 0.0
14.6241 	EXP 	grating_S1_T5: phase = 0.0
14.6403 	EXP 	grating_S1_T5: phase = 0.0
14.6576 	EXP 	grating_S1_T5: phase = 0.0
14.6739 	EXP 	grating_S1_T5: phase = 0.0
14.6918 	EXP 	grating_S1_T5: phase = 0.0
14.7067 	EXP 	grating_S1_T5: phase = 0.0
14.7230 	EXP 	grating_S1_T5: phase = 0.0
14.7401 	EXP 	grating_S1_T5: phase = 0.0
14.7567 	EXP 	grating_S1_T5: phase = 0.0
14.7734 	EXP 	grating_S1_T5: phase = 0.0
14.7899 	EXP 	grating_S1_T5: phase = 0.0
14.8066 	EXP 	grating_S1_T5: phase = 0.0
14.8237 	EXP 	grating_S1_T5: phase = 0.0
14.8399 	EXP 	grating_S1_T5: phase = 0.0
14.8575 	EXP 	grating_S1_T5: phase = 0.0
14.8737 	EXP 	grating_S1_T5: phase = 0.0
14.8911 	EXP 	grating_S1_T5: phase = 0.0
14.9074 	EXP 	grating_S1_T5: phase = 0.0
14.9233 	EXP 	grating_S1_T5: phase = 0.0
14.9396 	EXP 	grating_S1_T5: phase = 0.5
14.9571 	EXP 	grating_S1_T5: phase = 0.5
14.9735 	EXP 	grating_S1_T5: phase = 0.5
14.9903 	EXP 	grating_S1_T5: phase = 0.5
15.0067 	EXP 	grating_S1_T5: phase = 0.5
15.0234 	EXP 	grating_S1_T5: phase = 0.5
15.0403 	EXP 	grating_S1_T5: phase = 0.5
15.0570 	EXP 	grating_S1_T5: phase = 0.5
15.0736 	EXP 	grating_S1_T5: phase = 0.5
15.0901 	EXP 	grating_S1_T5: phase = 0.5
15.1071 	EXP 	grating_S1_T5: phase = 0.5
15.1233 	EXP 	grating_S1_T5: phase = 0.5
15.1399 	EXP 	grating_S1_T5: phase = 0.5
15.1569 	EXP 	grating_S1_T5: phase = 0.5
15.1739 	EXP 	grating_S1_T5: phase = 0.5
15.1902 	EXP 	grating_S1_T5: phase = 0.5
15.2072 	EXP 	grating_S1_T5: phase = 0.5
15.2239 	EXP 	grating_S1_T5: phase = 0.5
15.2405 	EXP 	grating_S1_T5: phase = 0.5
15.2570 	EXP 	grating_S1_T5: phase = 0.5
15.2733 	EXP 	grating_S1_T5: phase = 0.5
15.2906 	EXP 	grating_S1_T5: phase = 0.5
15.3077 	EXP 	grating_S1_T5: phase = 0.5
15.3245 	EXP 	grating_S1_T5: phase = 0.5
15.3402 	EXP 	grating_S1_T5: phase = 0.5
15.3575 	EXP 	grating_S1_T5: phase = 0.5
15.3741 	EXP 	grating_S1_T5: phase = 0.5
15.3907 	EXP 	grating_S1_T5: phase = 0.5
15.4073 	EXP 	grating_S1_T5: phase = 0.5
15.4238 	EXP 	grating_S1_T5: phase = 0.5
15.4401 	EXP 	grating_S1_T5: phase = 0.0
15.4560 	EXP 	grating_S1_T5: phase = 0.0
15.4739 	EXP 	grating_S1_T5: color = [0.1, 0.1, 0.1]
15.4739 	EXP 	grating_S1_T5: ori = 0
15.4739 	EXP 	grating_S1_T5: phase = 0.0
15.4902 	EXP 	grating_S1_T5: phase = 0.0
15.5064 	EXP 	grating_S1_T5: phase = 0.0
15.5230 	EXP 	grating_S1_T5: phase = 0.0
15.5404 	EXP 	grating_S1_T5: phase = 0.0
15.5568 	EXP 	grating_S1_T5: phase = 0.0
15.5730 	EXP 	grating_S1_T5: phase = 0.0
15.5902 	EXP 	grating_S1_T5: phase = 0.0
15.6068 	EXP 	grating_S1_T5: phase = 0.0
15.6234 	EXP 	grating_S1_T5: phase = 0.0
15.6404 	EXP 	grating_S1_T5: phase = 0.0
15.6563 	EXP 	grating_S1_T5: phase = 0.0
15.6734 	EXP 	grating_S1_T5: phase = 0.0
15.6917 	EXP 	grating_S1_T5: phase = 0.0
15.7071 	EXP 	grating_S1_T5: phase = 0.0
15.7235 	EXP 	grating_S1_T5: phase = 0.0
15.7401 	EXP 	grating_S1_T5: phase = 0.0
15.7567 	EXP 	grating_S1_T5: phase = 0.0
15.7728 	EXP 	grating_S1_T5: phase = 0.0
15.7904 	EXP 	grating_S1_T5: phase = 0.0
15.8070 	EXP 	grating_S1_T5: phase = 0.0
15.8227 	EXP 	grating_S1_T5: phase = 0.0
15.8398 	EXP 	grating_S1_T5: phase = 0.0
15.8571 	EXP 	grating_S1_T5: phase = 0.0
15.8741 	EXP 	grating_S1_T5: phase = 0.0
15.8907 	EXP 	grating_S1_T5: phase = 0.0
15.9070 	EXP 	grating_S1_T5: phase = 0.0
15.9236 	EXP 	grating_S1_T5: phase = 0.0
15.9399 	EXP 	grating_S1_T5: phase = 0.5
15.9569 	EXP 	grating_S1_T5: phase = 0.5
15.9740 	EXP 	grating_S1_T5: phase = 0.5
15.9902 	EXP 	grating_S1_T5: phase = 0.5
16.0067 	EXP 	grating_S1_T5: phase = 0.5
16.0232 	EXP 	grating_S1_T5: phase = 0.5
16.0401 	EXP 	grating_S1_T5: phase = 0.5
16.0570 	EXP 	grating_S1_T5: phase = 0.5
16.0734 	EXP 	grating_S1_T5: phase = 0.5
16.0896 	EXP 	grating_S1_T5: phase = 0.5
16.1066 	EXP 	grating_S1_T5: phase = 0.5
16.1237 	EXP 	grating_S1_T5: phase = 0.5
16.1408 	EXP 	grating_S1_T5: phase = 0.5
16.1572 	EXP 	grating_S1_T5: phase = 0.5
16.1737 	EXP 	grating_S1_T5: phase = 0.5
16.1906 	EXP 	grating_S1_T5: phase = 0.5
16.2068 	EXP 	grating_S1_T5: phase = 0.5
16.2232 	EXP 	grating_S1_T5: phase = 0.5
16.2403 	EXP 	grating_S1_T5: phase = 0.5
16.2568 	EXP 	grating_S1_T5: phase = 0.5
16.2739 	EXP 	grating_S1_T5: phase = 0.5
16.2903 	EXP 	grating_S1_T5: phase = 0.5
16.3065 	EXP 	grating_S1_T5: phase = 0.5
16.3227 	EXP 	grating_S1_T5: phase = 0.5
16.3399 	EXP 	grating_S1_T5: phase = 0.5
16.3572 	EXP 	grating_S1_T5: phase = 0.5
16.3737 	EXP 	grating_S1_T5: phase = 0.5
16.3899 	EXP 	grating_S1_T5: phase = 0.5
16.4065 	EXP 	grating_S1_T5: phase = 0.5
16.4234 	EXP 	grating_S1_T5: phase = 0.5
16.4398 	EXP 	grating_S1_T5: phase = 0.0
16.4564 	EXP 	grating_S1_T5: phase = 0.0
16.4737 	EXP 	grating_S1_T5: phase = 0.0
16.4898 	EXP 	grating_S1_T5: phase = 0.0
16.5071 	EXP 	grating_S1_T5: phase = 0.0
16.5242 	EXP 	grating_S1_T5: phase = 0.0
16.5403 	EXP 	grating_S1_T5: phase = 0.0
16.5563 	EXP 	grating_S1_T5: phase = 0.0
16.5737 	EXP 	grating_S1_T5: phase = 0.0
16.5893 	EXP 	grating_S1_T5: phase = 0.0
16.6069 	EXP 	grating_S1_T5: phase = 0.0
16.6236 	EXP 	grating_S1_T5: phase = 0.0
16.6403 	EXP 	grating_S1_T5: phase = 0.0
16.6575 	EXP 	grating_S1_T5: phase = 0.0
16.6729 	EXP 	grating_S1_T5: phase = 0.0
16.6910 	EXP 	grating_S1_T5: phase = 0.0
16.7071 	EXP 	grating_S1_T5: phase = 0.0
16.7233 	EXP 	grating_S1_T5: phase = 0.0
16.7402 	EXP 	grating_S1_T5: phase = 0.0
16.7569 	EXP 	grating_S1_T5: phase = 0.0
16.7731 	EXP 	grating_S1_T5: phase = 0.0
16.7904 	EXP 	grating_S1_T5: phase = 0.0
16.8064 	EXP 	grating_S1_T5: phase = 0.0
16.8233 	EXP 	grating_S1_T5: phase = 0.0
16.8408 	EXP 	grating_S1_T5: phase = 0.0
16.8571 	EXP 	grating_S1_T5: phase = 0.0
16.8745 	EXP 	grating_S1_T5: phase = 0.0
16.8906 	EXP 	grating_S1_T5: phase = 0.0
16.9068 	EXP 	grating_S1_T5: phase = 0.0
16.9236 	EXP 	grating_S1_T5: phase = 0.0
16.9398 	EXP 	grating_S1_T5: phase = 0.5
16.9572 	EXP 	grating_S1_T5: phase = 0.5
16.9735 	EXP 	grating_S1_T5: phase = 0.5
16.9914 	EXP 	grating_S1_T5: phase = 0.5
17.0072 	EXP 	grating_S1_T5: phase = 0.5
17.0236 	EXP 	grating_S1_T5: phase = 0.5
17.0403 	EXP 	grating_S1_T5: phase = 0.5
17.0563 	EXP 	grating_S1_T5: phase = 0.5
17.0733 	EXP 	grating_S1_T5: phase = 0.5
17.0892 	EXP 	grating_S1_T5: phase = 0.5
17.1060 	EXP 	grating_S1_T5: phase = 0.5
17.1225 	EXP 	grating_S1_T5: phase = 0.5
17.1408 	EXP 	grating_S1_T5: phase = 0.5
17.1571 	EXP 	grating_S1_T5: phase = 0.5
17.1730 	EXP 	grating_S1_T5: phase = 0.5
17.1898 	EXP 	grating_S1_T5: phase = 0.5
17.2073 	EXP 	grating_S1_T5: phase = 0.5
17.2230 	EXP 	grating_S1_T5: phase = 0.5
17.2392 	EXP 	grating_S1_T5: phase = 0.5
17.2569 	EXP 	grating_S1_T5: phase = 0.5
17.2729 	EXP 	grating_S1_T5: phase = 0.5
17.2896 	EXP 	grating_S1_T5: phase = 0.5
17.3065 	EXP 	grating_S1_T5: phase = 0.5
17.3228 	EXP 	grating_S1_T5: phase = 0.5
17.3404 	EXP 	grating_S1_T5: phase = 0.5
17.3559 	EXP 	grating_S1_T5: phase = 0.5
17.3727 	EXP 	grating_S1_T5: phase = 0.5
17.3896 	EXP 	grating_S1_T5: phase = 0.5
17.4067 	EXP 	grating_S1_T5: phase = 0.5
17.4228 	EXP 	grating_S1_T5: phase = 0.5
17.4404 	EXP 	grating_S1_T5: phase = 0.5
17.4570 	EXP 	grating_S1_T5: phase = 0.0
17.4728 	EXP 	grating_S1_T5: color = [0.25, 0.25, 0.25]
17.4728 	EXP 	grating_S1_T5: ori = 90
17.4728 	EXP 	grating_S1_T5: phase = 0.0
17.4897 	EXP 	grating_S1_T5: phase = 0.0
17.5059 	EXP 	grating_S1_T5: phase = 0.5
17.5247 	EXP 	grating_S1_T5: phase = 0.5
17.5393 	EXP 	grating_S1_T5: phase = 0.5
17.5564 	EXP 	grating_S1_T5: phase = 0.5
17.5733 	EXP 	grating_S1_T5: phase = 0.0
17.5905 	EXP 	grating_S1_T5: phase = 0.0
17.6067 	EXP 	grating_S1_T5: phase = 0.0
17.6238 	EXP 	grating_S1_T5: phase = 0.0
17.6394 	EXP 	grating_S1_T5: phase = 0.5
17.6568 	EXP 	grating_S1_T5: phase = 0.5
17.6736 	EXP 	grating_S1_T5: phase = 0.5
17.6913 	EXP 	grating_S1_T5: phase = 0.0
17.7075 	EXP 	grating_S1_T5: phase = 0.0
17.7229 	EXP 	grating_S1_T5: phase = 0.0
17.7407 	EXP 	grating_S1_T5: phase = 0.0
17.7571 	EXP 	grating_S1_T5: phase = 0.5
17.7734 	EXP 	grating_S1_T5: phase = 0.5
17.7897 	EXP 	grating_S1_T5: phase = 0.5
17.8063 	EXP 	grating_S1_T5: phase = 0.5
17.8244 	EXP 	grating_S1_T5: phase = 0.0
17.8399 	EXP 	grating_S1_T5: phase = 0.0
17.8570 	EXP 	grating_S1_T5: phase = 0.0
17.8736 	EXP 	grating_S1_T5: phase = 0.0
17.8903 	EXP 	grating_S1_T5: phase = 0.5
17.9069 	EXP 	grating_S1_T5: phase = 0.5
17.9240 	EXP 	grating_S1_T5: phase = 0.5
17.9400 	EXP 	grating_S1_T5: phase = 0.0
17.9575 	EXP 	grating_S1_T5: phase = 0.0
17.9738 	EXP 	grating_S1_T5: phase = 0.0
17.9905 	EXP 	grating_S1_T5: phase = 0.0
18.0074 	EXP 	grating_S1_T5: phase = 0.5
18.0241 	EXP 	grating_S1_T5: phase = 0.5
18.0402 	EXP 	grating_S1_T5: phase = 0.5
18.0568 	EXP 	grating_S1_T5: phase = 0.5
18.0732 	EXP 	grating_S1_T5: phase = 0.0
18.0903 	EXP 	grating_S1_T5: phase = 0.0
18.1069 	EXP 	grating_S1_T5: phase = 0.0
18.1231 	EXP 	grating_S1_T5: phase = 0.0
18.1405 	EXP 	grating_S1_T5: phase = 0.5
18.1567 	EXP 	grating_S1_T5: phase = 0.5
18.1739 	EXP 	grating_S1_T5: phase = 0.5
18.1902 	EXP 	grating_S1_T5: phase = 0.0
18.2076 	EXP 	grating_S1_T5: phase = 0.0
18.2242 	EXP 	grating_S1_T5: phase = 0.0
18.2403 	EXP 	grating_S1_T5: phase = 0.0
18.2574 	EXP 	grating_S1_T5: phase = 0.5
18.2736 	EXP 	grating_S1_T5: phase = 0.5
18.2909 	EXP 	grating_S1_T5: phase = 0.5
18.3071 	EXP 	grating_S1_T5: phase = 0.5
18.3239 	EXP 	grating_S1_T5: phase = 0.0
18.3403 	EXP 	grating_S1_T5: phase = 0.0
18.3568 	EXP 	grating_S1_T5: phase = 0.0
18.3736 	EXP 	grating_S1_T5: phase = 0.0
18.3902 	EXP 	grating_S1_T5: phase = 0.5
18.4075 	EXP 	grating_S1_T5: phase = 0.5
18.4235 	EXP 	grating_S1_T5: phase = 0.5
18.4401 	EXP 	grating_S1_T5: phase = 0.0
18.4572 	EXP 	grating_S1_T5: phase = 0.0
18.4736 	EXP 	grating_S1_T5: phase = 0.0
18.4907 	EXP 	grating_S1_T5: phase = 0.0
18.5071 	EXP 	grating_S1_T5: phase = 0.5
18.5238 	EXP 	grating_S1_T5: phase = 0.5
18.5402 	EXP 	grating_S1_T5: phase = 0.5
18.5568 	EXP 	grating_S1_T5: phase = 0.5
18.5732 	EXP 	grating_S1_T5: phase = 0.0
18.5900 	EXP 	grating_S1_T5: phase = 0.0
18.6066 	EXP 	grating_S1_T5: phase = 0.0
18.6236 	EXP 	grating_S1_T5: phase = 0.0
18.6402 	EXP 	grating_S1_T5: phase = 0.5
18.6564 	EXP 	grating_S1_T5: phase = 0.5
18.6732 	EXP 	grating_S1_T5: phase = 0.5
18.6907 	EXP 	grating_S1_T5: phase = 0.0
18.7069 	EXP 	grating_S1_T5: phase = 0.0
18.7233 	EXP 	grating_S1_T5: phase = 0.0
18.7402 	EXP 	grating_S1_T5: phase = 0.0
18.7567 	EXP 	grating_S1_T5: phase = 0.5
18.7738 	EXP 	grating_S1_T5: phase = 0.5
18.7896 	EXP 	grating_S1_T5: phase = 0.5
18.8074 	EXP 	grating_S1_T5: phase = 0.5
18.8245 	EXP 	grating_S1_T5: phase = 0.0
18.8400 	EXP 	grating_S1_T5: phase = 0.0
18.8566 	EXP 	grating_S1_T5: phase = 0.0
18.8733 	EXP 	grating_S1_T5: phase = 0.0
18.8898 	EXP 	grating_S1_T5: phase = 0.5
18.9068 	EXP 	grating_S1_T5: phase = 0.5
18.9234 	EXP 	grating_S1_T5: phase = 0.5
18.9403 	EXP 	grating_S1_T5: phase = 0.0
18.9573 	EXP 	grating_S1_T5: phase = 0.0
18.9738 	EXP 	grating_S1_T5: phase = 0.0
18.9908 	EXP 	grating_S1_T5: phase = 0.0
19.0068 	EXP 	grating_S1_T5: phase = 0.5
19.0232 	EXP 	grating_S1_T5: phase = 0.5
19.0401 	EXP 	grating_S1_T5: phase = 0.5
19.0576 	EXP 	grating_S1_T5: phase = 0.5
19.0739 	EXP 	grating_S1_T5: phase = 0.0
19.0902 	EXP 	grating_S1_T5: phase = 0.0
19.1070 	EXP 	grating_S1_T5: phase = 0.0
19.1228 	EXP 	grating_S1_T5: phase = 0.0
19.1397 	EXP 	grating_S1_T5: phase = 0.5
19.1566 	EXP 	grating_S1_T5: phase = 0.5
19.1735 	EXP 	grating_S1_T5: phase = 0.5
19.1899 	EXP 	grating_S1_T5: phase = 0.0
19.2070 	EXP 	grating_S1_T5: phase = 0.0
19.2235 	EXP 	grating_S1_T5: phase = 0.0
19.2396 	EXP 	grating_S1_T5: phase = 0.0
19.2561 	EXP 	grating_S1_T5: phase = 0.5
19.2730 	EXP 	grating_S1_T5: phase = 0.5
19.2898 	EXP 	grating_S1_T5: phase = 0.5
19.3065 	EXP 	grating_S1_T5: phase = 0.5
19.3228 	EXP 	grating_S1_T5: phase = 0.0
19.3404 	EXP 	grating_S1_T5: phase = 0.0
19.3561 	EXP 	grating_S1_T5: phase = 0.0
19.3730 	EXP 	grating_S1_T5: phase = 0.0
19.3905 	EXP 	grating_S1_T5: phase = 0.5
19.4071 	EXP 	grating_S1_T5: phase = 0.5
19.4238 	EXP 	grating_S1_T5: phase = 0.5
19.4402 	EXP 	grating_S1_T5: phase = 0.0
19.4568 	EXP 	grating_S1_T5: phase = 0.0
19.4738 	EXP 	grating_S1_T5: phase = 0.0
19.4906 	EXP 	grating_S1_T5: color = [0.05, 0.05, 0.05]
19.4906 	EXP 	grating_S1_T5: ori = 0
19.4906 	EXP 	grating_S1_T5: phase = 0.5
19.5071 	EXP 	grating_S1_T5: phase = 0.0
19.5244 	EXP 	grating_S1_T5: phase = 0.0
19.5400 	EXP 	grating_S1_T5: phase = 0.5
19.5567 	EXP 	grating_S1_T5: phase = 0.5
19.5741 	EXP 	grating_S1_T5: phase = 0.0
19.5895 	EXP 	grating_S1_T5: phase = 0.0
19.6070 	EXP 	grating_S1_T5: phase = 0.5
19.6230 	EXP 	grating_S1_T5: phase = 0.5
19.6398 	EXP 	grating_S1_T5: phase = 0.0
19.6577 	EXP 	grating_S1_T5: phase = 0.0
19.6739 	EXP 	grating_S1_T5: phase = 0.5
19.6926 	EXP 	grating_S1_T5: phase = 0.5
19.7068 	EXP 	grating_S1_T5: phase = 0.0
19.7242 	EXP 	grating_S1_T5: phase = 0.0
19.7410 	EXP 	grating_S1_T5: phase = 0.5
19.7572 	EXP 	grating_S1_T5: phase = 0.5
19.7740 	EXP 	grating_S1_T5: phase = 0.0
19.7912 	EXP 	grating_S1_T5: phase = 0.0
19.8069 	EXP 	grating_S1_T5: phase = 0.5
19.8232 	EXP 	grating_S1_T5: phase = 0.5
19.8401 	EXP 	grating_S1_T5: phase = 0.0
19.8566 	EXP 	grating_S1_T5: phase = 0.0
19.8730 	EXP 	grating_S1_T5: phase = 0.5
19.8898 	EXP 	grating_S1_T5: phase = 0.5
19.9066 	EXP 	grating_S1_T5: phase = 0.0
19.9232 	EXP 	grating_S1_T5: phase = 0.0
19.9398 	EXP 	grating_S1_T5: phase = 0.5
19.9568 	EXP 	grating_S1_T5: phase = 0.5
19.9729 	EXP 	grating_S1_T5: phase = 0.0
19.9900 	EXP 	grating_S1_T5: phase = 0.0
20.0059 	EXP 	grating_S1_T5: phase = 0.5
20.0229 	EXP 	grating_S1_T5: phase = 0.5
20.0397 	EXP 	grating_S1_T5: phase = 0.0
20.0570 	EXP 	grating_S1_T5: phase = 0.0
20.0730 	EXP 	grating_S1_T5: phase = 0.5
20.0895 	EXP 	grating_S1_T5: phase = 0.5
20.1063 	EXP 	grating_S1_T5: phase = 0.0
20.1230 	EXP 	grating_S1_T5: phase = 0.0
20.1401 	EXP 	grating_S1_T5: phase = 0.5
20.1560 	EXP 	grating_S1_T5: phase = 0.5
20.1733 	EXP 	grating_S1_T5: phase = 0.0
20.1901 	EXP 	grating_S1_T5: phase = 0.0
20.2125 	EXP 	grating_S1_T5: phase = 0.5
20.2235 	EXP 	grating_S1_T5: phase = 0.5
20.2399 	EXP 	grating_S1_T5: phase = 0.0
20.2559 	EXP 	grating_S1_T5: phase = 0.0
20.2731 	EXP 	grating_S1_T5: phase = 0.5
20.2901 	EXP 	grating_S1_T5: phase = 0.5
20.3066 	EXP 	grating_S1_T5: phase = 0.0
20.3234 	EXP 	grating_S1_T5: phase = 0.0
20.3403 	EXP 	grating_S1_T5: phase = 0.5
20.3566 	EXP 	grating_S1_T5: phase = 0.5
20.3752 	EXP 	grating_S1_T5: phase = 0.0
20.3914 	EXP 	grating_S1_T5: phase = 0.0
20.4065 	EXP 	grating_S1_T5: phase = 0.5
20.4231 	EXP 	grating_S1_T5: phase = 0.5
20.4396 	EXP 	grating_S1_T5: phase = 0.0
20.4570 	EXP 	grating_S1_T5: phase = 0.0
20.4734 	EXP 	grating_S1_T5: phase = 0.5
20.4899 	EXP 	grating_S1_T5: phase = 0.5
20.5068 	EXP 	grating_S1_T5: phase = 0.0
20.5237 	EXP 	grating_S1_T5: phase = 0.0
20.5397 	EXP 	grating_S1_T5: phase = 0.5
20.5570 	EXP 	grating_S1_T5: phase = 0.5
20.5736 	EXP 	grating_S1_T5: phase = 0.0
20.5907 	EXP 	grating_S1_T5: phase = 0.0
20.6063 	EXP 	grating_S1_T5: phase = 0.5
20.6231 	EXP 	grating_S1_T5: phase = 0.5
20.6398 	EXP 	grating_S1_T5: phase = 0.0
20.6568 	EXP 	grating_S1_T5: phase = 0.0
20.6734 	EXP 	grating_S1_T5: phase = 0.5
20.6909 	EXP 	grating_S1_T5: phase = 0.5
20.7064 	EXP 	grating_S1_T5: phase = 0.0
20.7234 	EXP 	grating_S1_T5: phase = 0.0
20.7395 	EXP 	grating_S1_T5: phase = 0.5
20.7567 	EXP 	grating_S1_T5: phase = 0.5
20.7729 	EXP 	grating_S1_T5: phase = 0.0
20.7896 	EXP 	grating_S1_T5: phase = 0.0
20.8065 	EXP 	grating_S1_T5: phase = 0.5
20.8230 	EXP 	grating_S1_T5: phase = 0.5
20.8399 	EXP 	grating_S1_T5: phase = 0.0
20.8569 	EXP 	grating_S1_T5: phase = 0.0
20.8736 	EXP 	grating_S1_T5: phase = 0.5
20.8901 	EXP 	grating_S1_T5: phase = 0.5
20.9064 	EXP 	grating_S1_T5: phase = 0.0
20.9239 	EXP 	grating_S1_T5: phase = 0.0
20.9397 	EXP 	grating_S1_T5: phase = 0.5
20.9571 	EXP 	grating_S1_T5: phase = 0.5
20.9738 	EXP 	grating_S1_T5: phase = 0.0
20.9894 	EXP 	grating_S1_T5: phase = 0.0
21.0068 	EXP 	grating_S1_T5: phase = 0.5
21.0232 	EXP 	grating_S1_T5: phase = 0.5
21.0393 	EXP 	grating_S1_T5: phase = 0.0
21.0570 	EXP 	grating_S1_T5: phase = 0.0
21.0731 	EXP 	grating_S1_T5: phase = 0.5
21.0899 	EXP 	grating_S1_T5: phase = 0.5
21.1058 	EXP 	grating_S1_T5: phase = 0.0
21.1232 	EXP 	grating_S1_T5: phase = 0.0
21.1401 	EXP 	grating_S1_T5: phase = 0.5
21.1564 	EXP 	grating_S1_T5: phase = 0.5
21.1736 	EXP 	grating_S1_T5: phase = 0.0
21.1898 	EXP 	grating_S1_T5: phase = 0.0
21.2069 	EXP 	grating_S1_T5: phase = 0.5
21.2236 	EXP 	grating_S1_T5: phase = 0.5
21.2399 	EXP 	grating_S1_T5: phase = 0.0
21.2566 	EXP 	grating_S1_T5: phase = 0.0
21.2734 	EXP 	grating_S1_T5: phase = 0.5
21.2897 	EXP 	grating_S1_T5: phase = 0.5
21.3066 	EXP 	grating_S1_T5: phase = 0.0
21.3235 	EXP 	grating_S1_T5: phase = 0.0
21.3399 	EXP 	grating_S1_T5: phase = 0.5
21.3565 	EXP 	grating_S1_T5: phase = 0.5
21.3734 	EXP 	grating_S1_T5: phase = 0.0
21.3899 	EXP 	grating_S1_T5: phase = 0.0
21.4066 	EXP 	grating_S1_T5: phase = 0.5
21.4235 	EXP 	grating_S1_T5: phase = 0.5
21.4401 	EXP 	grating_S1_T5: phase = 0.0
21.4566 	EXP 	grating_S1_T5: phase = 0.0
21.4730 	EXP 	grating_S1_T5: phase = 0.5
21.4897 	EXP 	grating_S1_T5: phase = 0.5
21.7899 	EXP 	window1: mouseVisible = True
11.2778 	WARNING 	User requested fullscreen with size [1024  768], but screen is actually [1920, 1080]. Using actual size
12.0175 	EXP 	Created window1 = Window(allowGUI=False, allowStencil=False, args=UNKNOWN, autoLog=True, bitsMode=UNKNOWN, blendMode='avg', color=array([0., 0., 0.]), colorSpace='rgb', fullscr=<method-wrapper '__getattribute__' of attributeSetter object at 0x12ec32860>, gamma=None, kwargs=UNKNOWN, lms=UNKNOWN, monitor=<psychopy.monitors.calibTools.Monitor object at 0x12ccff5f8>, multiSample=False, name='window1', numSamples=2, pos=[0.0, 0.0], screen=0, size=array([1920, 1080]), stereo=False, units='height', useFBO=True, useRetina=False, viewOri=0.0, viewPos=None, viewScale=None, waitBlanking=True, winType='pyglet')
12.3411 	EXP 	Created grating_S1_T5 = GratingStim(__class__=<class 'psychopy.visual.grating.GratingStim'>, autoDraw=False, autoLog=True, blendmode='avg', color=array([0.5, 0.5, 0.5]), colorSpace='rgb', contrast=1.0, depth=0.0, interpolate=True, mask='circle', maskParams=None, name='grating_S1_T5', opacity=1.0, ori=90.0, phase=array([0., 0.]), pos=array([0., 0.]), rgbPedestal=array([0., 0., 0.]), sf=array([0.6, 0.6]), size=array([3.5, 3.5]), tex='sin', texRes=128, units='deg', win=Window(...))
12.3598 	EXP 	grating_S1_T5: phase = 0.0
12.3763 	EXP 	grating_S1_T5: phase = 0.0
12.3936 	EXP 	grating_S1_T5: phase = 0.0
12.4104 	EXP 	grating_S1_T5: phase = 0.0
12.4270 	EXP 	grating_S1_T5: phase = 0.0
12.4440 	EXP 	grating_S1_T5: phase = 0.0
12.4604 	EXP 	grating_S1_T5: phase = 0.0
12.4765 	EXP 	grating_S1_T5: phase = 0.0
12.4934 	EXP 	grating_S1_T5: phase = 0.0
12.5099 	EXP 	grating_S1_T5: phase = 0.0
12.5273 	EXP 	grating_S1_T5: phase = 0.0
12.5444 	EXP 	grating_S1_T5: phase = 0.0
12.5601 	EXP 	grating_S1_T5: phase = 0.0
12.5768 	EXP 	grating_S1_T5: phase = 0.0
12.5938 	EXP 	grating_S1_T5: phase = 0.0
12.6105 	EXP 	grating_S1_T5: phase = 0.0
12.6275 	EXP 	grating_S1_T5: phase = 0.0
12.6444 	EXP 	grating_S1_T5: phase = 0.0
12.6611 	EXP 	grating_S1_T5: phase = 0.0
12.6773 	EXP 	grating_S1_T5: phase = 0.0
12.6933 	EXP 	grating_S1_T5: phase = 0.0
12.7111 	EXP 	grating_S1_T5: phase = 0.0
12.7271 	EXP 	grating_S1_T5: phase = 0.0
12.7448 	EXP 	grating_S1_T5: phase = 0.0
12.7612 	EXP 	grating_S1_T5: phase = 0.0
12.7783 	EXP 	grating_S1_T5: phase = 0.0
12.7934 	EXP 	grating_S1_T5: phase = 0.0
12.8106 	EXP 	grating_S1_T5: phase = 0.0
12.8275 	EXP 	grating_S1_T5: phase = 0.0
12.8434 	EXP 	grating_S1_T5: phase = 0.0
12.8608 	EXP 	grating_S1_T5: phase = 0.5
12.8776 	EXP 	grating_S1_T5: phase = 0.5
12.8944 	EXP 	grating_S1_T5: phase = 0.5
12.9109 	EXP 	grating_S1_T5: phase = 0.5
12.9281 	EXP 	grating_S1_T5: phase = 0.5
12.9446 	EXP 	grating_S1_T5: phase = 0.5
12.9605 	EXP 	grating_S1_T5: phase = 0.5
12.9778 	EXP 	grating_S1_T5: phase = 0.5
12.9946 	EXP 	grating_S1_T5: phase = 0.5
13.0109 	EXP 	grating_S1_T5: phase = 0.5
13.0286 	EXP 	grating_S1_T5: phase = 0.5
13.0460 	EXP 	grating_S1_T5: phase = 0.5
13.0617 	EXP 	grating_S1_T5: phase = 0.5
13.0781 	EXP 	grating_S1_T5: phase = 0.5
13.0957 	EXP 	grating_S1_T5: phase = 0.5
13.1116 	EXP 	grating_S1_T5: phase = 0.5
13.1282 	EXP 	grating_S1_T5: phase = 0.5
13.1453 	EXP 	grating_S1_T5: phase = 0.5
13.1616 	EXP 	grating_S1_T5: phase = 0.5
13.1790 	EXP 	grating_S1_T5: phase = 0.5
13.1955 	EXP 	grating_S1_T5: phase = 0.5
13.2123 	EXP 	grating_S1_T5: phase = 0.5
13.2292 	EXP 	grating_S1_T5: phase = 0.5
13.2455 	EXP 	grating_S1_T5: phase = 0.5
13.2630 	EXP 	grating_S1_T5: phase = 0.5
13.2801 	EXP 	grating_S1_T5: phase = 0.5
13.2964 	EXP 	grating_S1_T5: phase = 0.5
13.3127 	EXP 	grating_S1_T5: phase = 0.5
13.3293 	EXP 	grating_S1_T5: phase = 0.5
13.3455 	EXP 	grating_S1_T5: phase = 0.5
13.3661 	EXP 	grating_S1_T5: phase = 0.0
13.3836 	EXP 	grating_S1_T5: phase = 0.0
13.4000 	EXP 	grating_S1_T5: phase = 0.0
13.4162 	EXP 	grating_S1_T5: phase = 0.0
13.4329 	EXP 	grating_S1_T5: phase = 0.0
13.4502 	EXP 	grating_S1_T5: phase = 0.0
13.4669 	EXP 	grating_S1_T5: phase = 0.0
13.4842 	EXP 	grating_S1_T5: phase = 0.0
13.5004 	EXP 	grating_S1_T5: phase = 0.0
13.5162 	EXP 	grating_S1_T5: phase = 0.0
13.5330 	EXP 	grating_S1_T5: phase = 0.0
13.5498 	EXP 	grating_S1_T5: phase = 0.0
13.5671 	EXP 	grating_S1_T5: phase = 0.0
13.5829 	EXP 	grating_S1_T5: phase = 0.0
13.6001 	EXP 	grating_S1_T5: phase = 0.0
13.6169 	EXP 	grating_S1_T5: phase = 0.0
13.6337 	EXP 	grating_S1_T5: phase = 0.0
13.6491 	EXP 	grating_S1_T5: phase = 0.0
13.6667 	EXP 	grating_S1_T5: phase = 0.0
13.6832 	EXP 	grating_S1_T5: phase = 0.0
13.7000 	EXP 	grating_S1_T5: phase = 0.0
13.7170 	EXP 	grating_S1_T5: phase = 0.0
13.7338 	EXP 	grating_S1_T5: phase = 0.0
13.7500 	EXP 	grating_S1_T5: phase = 0.0
13.7673 	EXP 	grating_S1_T5: phase = 0.0
13.7842 	EXP 	grating_S1_T5: phase = 0.0
13.7998 	EXP 	grating_S1_T5: phase = 0.0
13.8170 	EXP 	grating_S1_T5: phase = 0.0
13.8341 	EXP 	grating_S1_T5: phase = 0.0
13.8501 	EXP 	grating_S1_T5: phase = 0.0
13.8666 	EXP 	grating_S1_T5: phase = 0.5
13.8830 	EXP 	grating_S1_T5: phase = 0.5
13.9001 	EXP 	grating_S1_T5: phase = 0.5
13.9161 	EXP 	grating_S1_T5: phase = 0.5
13.9332 	EXP 	grating_S1_T5: phase = 0.5
13.9507 	EXP 	grating_S1_T5: phase = 0.5
13.9656 	EXP 	grating_S1_T5: phase = 0.5
13.9827 	EXP 	grating_S1_T5: phase = 0.5
14.0005 	EXP 	grating_S1_T5: phase = 0.5
14.0163 	EXP 	grating_S1_T5: phase = 0.5
14.0333 	EXP 	grating_S1_T5: phase = 0.5
14.0506 	EXP 	grating_S1_T5: phase = 0.5
14.0668 	EXP 	grating_S1_T5: phase = 0.5
14.0835 	EXP 	grating_S1_T5: phase = 0.5
14.0996 	EXP 	grating_S1_T5: phase = 0.5
14.1161 	EXP 	grating_S1_T5: phase = 0.5
14.1339 	EXP 	grating_S1_T5: phase = 0.5
14.1506 	EXP 	grating_S1_T5: phase = 0.5
14.1670 	EXP 	grating_S1_T5: phase = 0.5
14.1831 	EXP 	grating_S1_T5: phase = 0.5
14.2001 	EXP 	grating_S1_T5: phase = 0.5
14.2171 	EXP 	grating_S1_T5: phase = 0.5
14.2339 	EXP 	grating_S1_T5: phase = 0.5
14.2501 	EXP 	grating_S1_T5: phase = 0.5
14.2686 	EXP 	grating_S1_T5: phase = 0.5
14.2835 	EXP 	grating_S1_T5: phase = 0.5
14.2998 	EXP 	grating_S1_T5: phase = 0.5
14.3171 	EXP 	grating_S1_T5: phase = 0.5
14.3334 	EXP 	grating_S1_T5: phase = 0.5
14.3497 	EXP 	grating_S1_T5: phase = 0.5
14.6321 	EXP 	window1: mouseVisible = True
