10.6788 	WARNING 	User requested fullscreen with size [1024  768], but screen is actually [1920, 1080]. Using actual size
11.5335 	EXP 	Created window1 = Window(allowGUI=False, allowStencil=False, args=UNKNOWN, autoLog=True, bitsMode=UNKNOWN, blendMode='avg', color=array([0., 0., 0.]), colorSpace='rgb', fullscr=<method-wrapper '__getattribute__' of attributeSetter object at 0x12f23a7f0>, gamma=None, kwargs=UNKNOWN, lms=UNKNOWN, monitor=<psychopy.monitors.calibTools.Monitor object at 0x12fa5fa20>, multiSample=False, name='window1', numSamples=2, pos=[0.0, 0.0], screen=0, size=array([1920, 1080]), stereo=False, units='height', useFBO=True, useRetina=False, viewOri=0.0, viewPos=None, viewScale=None, waitBlanking=True, winType='pyglet')
11.8421 	EXP 	Created grating_S1_T5 = GratingStim(__class__=<class 'psychopy.visual.grating.GratingStim'>, autoDraw=False, autoLog=True, blendmode='avg', color=array([0.5, 0.5, 0.5]), colorSpace='rgb', contrast=1.0, depth=0.0, interpolate=True, mask='circle', maskParams=None, name='grating_S1_T5', opacity=1.0, ori=90.0, phase=array([0., 0.]), pos=array([0., 0.]), rgbPedestal=array([0., 0., 0.]), sf=array([0.6, 0.6]), size=array([3.5, 3.5]), tex='sin', texRes=128, units='deg', win=Window(...))
12.1300 	EXP 	window1: mouseVisible = True
10.9008 	WARNING 	User requested fullscreen with size [1024  768], but screen is actually [1920, 1080]. Using actual size
11.7203 	EXP 	Created window1 = Window(allowGUI=False, allowStencil=False, args=UNKNOWN, autoLog=True, bitsMode=UNKNOWN, blendMode='avg', color=array([0., 0., 0.]), colorSpace='rgb', fullscr=<method-wrapper '__getattribute__' of attributeSetter object at 0x12f737860>, gamma=None, kwargs=UNKNOWN, lms=UNKNOWN, monitor=<psychopy.monitors.calibTools.Monitor object at 0x12e5f35f8>, multiSample=False, name='window1', numSamples=2, pos=[0.0, 0.0], screen=0, size=array([1920, 1080]), stereo=False, units='height', useFBO=True, useRetina=False, viewOri=0.0, viewPos=None, viewScale=None, waitBlanking=True, winType='pyglet')
12.0914 	EXP 	Created grating_S1_T5 = GratingStim(__class__=<class 'psychopy.visual.grating.GratingStim'>, autoDraw=False, autoLog=True, blendmode='avg', color=array([0.5, 0.5, 0.5]), colorSpace='rgb', contrast=1.0, depth=0.0, interpolate=True, mask='circle', maskParams=None, name='grating_S1_T5', opacity=1.0, ori=90.0, phase=array([0., 0.]), pos=array([0., 0.]), rgbPedestal=array([0., 0., 0.]), sf=array([0.6, 0.6]), size=array([3.5, 3.5]), tex='sin', texRes=128, units='deg', win=Window(...))
12.1054 	EXP 	grating_S1_T5: phase = 0.0
12.1255 	EXP 	grating_S1_T5: phase = 0.0
12.1416 	EXP 	grating_S1_T5: phase = 0.0
12.1579 	EXP 	grating_S1_T5: phase = 0.0
12.1754 	EXP 	grating_S1_T5: phase = 0.0
12.1914 	EXP 	grating_S1_T5: phase = 0.0
12.2083 	EXP 	grating_S1_T5: phase = 0.0
12.2244 	EXP 	grating_S1_T5: phase = 0.0
12.2418 	EXP 	grating_S1_T5: phase = 0.0
12.2586 	EXP 	grating_S1_T5: phase = 0.0
12.2746 	EXP 	grating_S1_T5: phase = 0.0
12.2919 	EXP 	grating_S1_T5: phase = 0.0
12.3081 	EXP 	grating_S1_T5: phase = 0.0
12.3248 	EXP 	grating_S1_T5: phase = 0.0
12.3423 	EXP 	grating_S1_T5: phase = 0.0
12.3592 	EXP 	grating_S1_T5: phase = 0.0
12.3766 	EXP 	grating_S1_T5: phase = 0.0
12.3925 	EXP 	grating_S1_T5: phase = 0.0
12.4099 	EXP 	grating_S1_T5: phase = 0.0
12.4253 	EXP 	grating_S1_T5: phase = 0.0
12.4411 	EXP 	grating_S1_T5: phase = 0.0
12.4585 	EXP 	grating_S1_T5: phase = 0.0
12.4745 	EXP 	grating_S1_T5: phase = 0.0
12.4917 	EXP 	grating_S1_T5: phase = 0.0
12.5082 	EXP 	grating_S1_T5: phase = 0.0
12.5248 	EXP 	grating_S1_T5: phase = 0.0
12.5417 	EXP 	grating_S1_T5: phase = 0.0
12.5587 	EXP 	grating_S1_T5: phase = 0.0
12.5756 	EXP 	grating_S1_T5: phase = 0.0
12.5921 	EXP 	grating_S1_T5: phase = 0.0
12.8937 	EXP 	window1: mouseVisible = True
