12.9096 	WARNING 	User requested fullscreen with size [1024  768], but screen is actually [1920, 1080]. Using actual size
13.8725 	EXP 	Created window1 = Window(allowGUI=False, allowStencil=False, args=UNKNOWN, autoLog=True, bitsMode=UNKNOWN, blendMode='avg', color=array([0., 0., 0.]), colorSpace='rgb', fullscr=<method-wrapper '__getattribute__' of attributeSetter object at 0x12faef940>, gamma=None, kwargs=UNKNOWN, lms=UNKNOWN, monitor=<psychopy.monitors.calibTools.Monitor object at 0x12f8f1780>, multiSample=False, name='window1', numSamples=2, pos=[0.0, 0.0], screen=0, size=array([1920, 1080]), stereo=False, units='height', useFBO=True, useRetina=False, viewOri=0.0, viewPos=None, viewScale=None, waitBlanking=True, winType='pyglet')
14.5847 	EXP 	Created grating_S1_T5 = GratingStim(__class__=<class 'psychopy.visual.grating.GratingStim'>, autoDraw=False, autoLog=True, blendmode='avg', color=array([0.5, 0.5, 0.5]), colorSpace='rgb', contrast=1.0, depth=0.0, interpolate=True, mask='circle', maskParams=None, name='grating_S1_T5', opacity=1.0, ori=90.0, phase=array([0., 0.]), pos=array([0., 0.]), rgbPedestal=array([0., 0., 0.]), sf=array([0.6, 0.6]), size=array([3.5, 3.5]), tex='sin', texRes=128, units='deg', win=Window(...))
14.6057 	EXP 	grating_S1_T5: phase = 0.0
14.6057 	EXP 	grating_S1_T5: color = [4.475449986784952e-06, 4.475449986784952e-06, 4.475449986784952e-06]
14.6210 	EXP 	grating_S1_T5: phase = 0.0
14.6210 	EXP 	grating_S1_T5: color = [0.0010637800499807783, 0.0010637800499807783, 0.0010637800499807783]
14.6380 	EXP 	grating_S1_T5: phase = 0.5
14.6380 	EXP 	grating_S1_T5: color = [0.001830302149983254, 0.001830302149983254, 0.001830302149983254]
14.6550 	EXP 	grating_S1_T5: phase = 0.0
14.6550 	EXP 	grating_S1_T5: color = [0.002679272449995551, 0.002679272449995551, 0.002679272449995551]
14.6700 	EXP 	grating_S1_T5: phase = 0.0
14.6700 	EXP 	grating_S1_T5: color = [0.003527135849981278, 0.003527135849981278, 0.003527135849981278]
14.6866 	EXP 	grating_S1_T5: phase = 0.5
14.6866 	EXP 	grating_S1_T5: color = [0.004277189049980735, 0.004277189049980735, 0.004277189049980735]
14.7043 	EXP 	grating_S1_T5: phase = 0.0
14.7043 	EXP 	grating_S1_T5: color = [0.005101955899999667, 0.005101955899999667, 0.005101955899999667]
14.7213 	EXP 	grating_S1_T5: phase = 0.0
14.7213 	EXP 	grating_S1_T5: color = [0.005992870000000039, 0.005992870000000039, 0.005992870000000039]
14.7378 	EXP 	grating_S1_T5: phase = 0.5
14.7378 	EXP 	grating_S1_T5: color = [0.006840444899989962, 0.006840444899989962, 0.006840444899989962]
14.7536 	EXP 	grating_S1_T5: phase = 0.0
14.7536 	EXP 	grating_S1_T5: color = [0.007662177099973633, 0.007662177099973633, 0.007662177099973633]
14.7712 	EXP 	grating_S1_T5: phase = 0.0
14.7712 	EXP 	grating_S1_T5: color = [0.008458857549976528, 0.008458857549976528, 0.008458857549976528]
14.7877 	EXP 	grating_S1_T5: phase = 0.5
14.7877 	EXP 	grating_S1_T5: color = [0.009334214699993027, 0.009334214699993027, 0.009334214699993027]
14.8040 	EXP 	grating_S1_T5: phase = 0.0
14.8040 	EXP 	grating_S1_T5: color = [0.010159823499998312, 0.010159823499998312, 0.010159823499998312]
14.8208 	EXP 	grating_S1_T5: phase = 0.0
14.8208 	EXP 	grating_S1_T5: color = [0.010973731700005374, 0.010973731700005374, 0.010973731700005374]
14.8385 	EXP 	grating_S1_T5: phase = 0.5
14.8385 	EXP 	grating_S1_T5: color = [0.011813741549985934, 0.011813741549985934, 0.011813741549985934]
14.8539 	EXP 	grating_S1_T5: phase = 0.0
14.8539 	EXP 	grating_S1_T5: color = [0.012704957300002206, 0.012704957300002206, 0.012704957300002206]
14.8711 	EXP 	grating_S1_T5: phase = 0.0
14.8711 	EXP 	grating_S1_T5: color = [0.013474525299989182, 0.013474525299989182, 0.013474525299989182]
14.8873 	EXP 	grating_S1_T5: phase = 0.5
14.8873 	EXP 	grating_S1_T5: color = [0.014330947700000252, 0.014330947700000252, 0.014330947700000252]
14.9043 	EXP 	grating_S1_T5: phase = 0.0
14.9043 	EXP 	grating_S1_T5: color = [0.0151391018999675, 0.0151391018999675, 0.0151391018999675]
14.9208 	EXP 	grating_S1_T5: phase = 0.0
14.9208 	EXP 	grating_S1_T5: color = [0.01599324329999945, 0.01599324329999945, 0.01599324329999945]
14.9374 	EXP 	grating_S1_T5: phase = 0.5
14.9374 	EXP 	grating_S1_T5: color = [0.016812553349973315, 0.016812553349973315, 0.016812553349973315]
14.9536 	EXP 	grating_S1_T5: phase = 0.0
14.9536 	EXP 	grating_S1_T5: color = [0.017643871899963415, 0.017643871899963415, 0.017643871899963415]
14.9714 	EXP 	grating_S1_T5: phase = 0.0
14.9714 	EXP 	grating_S1_T5: color = [0.01845645394996609, 0.01845645394996609, 0.01845645394996609]
14.9878 	EXP 	grating_S1_T5: phase = 0.5
14.9878 	EXP 	grating_S1_T5: color = [0.01934978949998367, 0.01934978949998367, 0.01934978949998367]
15.0041 	EXP 	grating_S1_T5: phase = 0.0
15.0041 	EXP 	grating_S1_T5: color = [0.020165862349995223, 0.020165862349995223, 0.020165862349995223]
15.0212 	EXP 	grating_S1_T5: phase = 0.0
15.0212 	EXP 	grating_S1_T5: color = [0.02097846619999473, 0.02097846619999473, 0.02097846619999473]
15.0371 	EXP 	grating_S1_T5: phase = 0.5
15.0371 	EXP 	grating_S1_T5: color = [0.021838014649983962, 0.021838014649983962, 0.021838014649983962]
15.0544 	EXP 	grating_S1_T5: phase = 0.0
15.0544 	EXP 	grating_S1_T5: color = [0.02263591444998383, 0.02263591444998383, 0.02263591444998383]
15.0708 	EXP 	grating_S1_T5: phase = 0.0
15.0708 	EXP 	grating_S1_T5: color = [0.023501573849989656, 0.023501573849989656, 0.023501573849989656]
15.0873 	EXP 	grating_S1_T5: phase = 0.5
15.0873 	EXP 	grating_S1_T5: color = [0.0243179487499674, 0.0243179487499674, 0.0243179487499674]
15.1042 	EXP 	grating_S1_T5: phase = 0.0
15.1042 	EXP 	grating_S1_T5: color = [0.025, 0.025, 0.025]
15.1213 	EXP 	grating_S1_T5: phase = 0.0
15.1213 	EXP 	grating_S1_T5: color = [0.025, 0.025, 0.025]
15.1372 	EXP 	grating_S1_T5: phase = 0.5
15.1372 	EXP 	grating_S1_T5: color = [0.025, 0.025, 0.025]
15.1537 	EXP 	grating_S1_T5: phase = 0.0
15.1537 	EXP 	grating_S1_T5: color = [0.025, 0.025, 0.025]
15.1703 	EXP 	grating_S1_T5: phase = 0.0
15.1703 	EXP 	grating_S1_T5: color = [0.025, 0.025, 0.025]
15.1877 	EXP 	grating_S1_T5: phase = 0.5
15.1877 	EXP 	grating_S1_T5: color = [0.025, 0.025, 0.025]
15.2045 	EXP 	grating_S1_T5: phase = 0.0
15.2045 	EXP 	grating_S1_T5: color = [0.025, 0.025, 0.025]
15.2208 	EXP 	grating_S1_T5: phase = 0.0
15.2208 	EXP 	grating_S1_T5: color = [0.025, 0.025, 0.025]
15.2374 	EXP 	grating_S1_T5: phase = 0.5
15.2374 	EXP 	grating_S1_T5: color = [0.025, 0.025, 0.025]
15.2543 	EXP 	grating_S1_T5: phase = 0.0
15.2543 	EXP 	grating_S1_T5: color = [0.025, 0.025, 0.025]
15.2707 	EXP 	grating_S1_T5: phase = 0.0
15.2707 	EXP 	grating_S1_T5: color = [0.025, 0.025, 0.025]
15.2869 	EXP 	grating_S1_T5: phase = 0.5
15.2869 	EXP 	grating_S1_T5: color = [0.025, 0.025, 0.025]
15.3046 	EXP 	grating_S1_T5: phase = 0.0
15.3046 	EXP 	grating_S1_T5: color = [0.025, 0.025, 0.025]
15.3206 	EXP 	grating_S1_T5: phase = 0.0
15.3206 	EXP 	grating_S1_T5: color = [0.025, 0.025, 0.025]
15.3375 	EXP 	grating_S1_T5: phase = 0.5
15.3375 	EXP 	grating_S1_T5: color = [0.025, 0.025, 0.025]
15.3541 	EXP 	grating_S1_T5: phase = 0.0
15.3541 	EXP 	grating_S1_T5: color = [0.025, 0.025, 0.025]
15.3710 	EXP 	grating_S1_T5: phase = 0.0
15.3710 	EXP 	grating_S1_T5: color = [0.025, 0.025, 0.025]
15.3876 	EXP 	grating_S1_T5: phase = 0.5
15.3876 	EXP 	grating_S1_T5: color = [0.025, 0.025, 0.025]
15.4049 	EXP 	grating_S1_T5: phase = 0.0
15.4049 	EXP 	grating_S1_T5: color = [0.025, 0.025, 0.025]
15.4198 	EXP 	grating_S1_T5: phase = 0.0
15.4198 	EXP 	grating_S1_T5: color = [0.025, 0.025, 0.025]
15.4372 	EXP 	grating_S1_T5: phase = 0.5
15.4372 	EXP 	grating_S1_T5: color = [0.025, 0.025, 0.025]
15.4542 	EXP 	grating_S1_T5: phase = 0.0
15.4542 	EXP 	grating_S1_T5: color = [0.025, 0.025, 0.025]
15.4709 	EXP 	grating_S1_T5: phase = 0.0
15.4709 	EXP 	grating_S1_T5: color = [0.025, 0.025, 0.025]
15.4877 	EXP 	grating_S1_T5: phase = 0.5
15.4877 	EXP 	grating_S1_T5: color = [0.025, 0.025, 0.025]
15.5046 	EXP 	grating_S1_T5: phase = 0.0
15.5046 	EXP 	grating_S1_T5: color = [0.025, 0.025, 0.025]
15.5201 	EXP 	grating_S1_T5: phase = 0.0
15.5201 	EXP 	grating_S1_T5: color = [0.025, 0.025, 0.025]
15.5375 	EXP 	grating_S1_T5: phase = 0.5
15.5375 	EXP 	grating_S1_T5: color = [0.025, 0.025, 0.025]
15.5545 	EXP 	grating_S1_T5: phase = 0.0
15.5545 	EXP 	grating_S1_T5: color = [0.025, 0.025, 0.025]
15.5708 	EXP 	grating_S1_T5: phase = 0.0
15.5708 	EXP 	grating_S1_T5: color = [0.025, 0.025, 0.025]
15.5878 	EXP 	grating_S1_T5: phase = 0.5
15.5878 	EXP 	grating_S1_T5: color = [0.025, 0.025, 0.025]
15.6049 	EXP 	grating_S1_T5: phase = 0.0
15.6049 	EXP 	grating_S1_T5: color = [0.025, 0.025, 0.025]
15.6206 	EXP 	grating_S1_T5: phase = 0.0
15.6206 	EXP 	grating_S1_T5: color = [0.025, 0.025, 0.025]
15.6368 	EXP 	grating_S1_T5: phase = 0.5
15.6368 	EXP 	grating_S1_T5: color = [0.025, 0.025, 0.025]
15.6540 	EXP 	grating_S1_T5: phase = 0.0
15.6540 	EXP 	grating_S1_T5: color = [0.025, 0.025, 0.025]
15.6700 	EXP 	grating_S1_T5: phase = 0.0
15.6700 	EXP 	grating_S1_T5: color = [0.025, 0.025, 0.025]
15.6876 	EXP 	grating_S1_T5: phase = 0.5
15.6876 	EXP 	grating_S1_T5: color = [0.025, 0.025, 0.025]
15.7038 	EXP 	grating_S1_T5: phase = 0.0
15.7038 	EXP 	grating_S1_T5: color = [0.025, 0.025, 0.025]
15.7205 	EXP 	grating_S1_T5: phase = 0.0
15.7205 	EXP 	grating_S1_T5: color = [0.025, 0.025, 0.025]
15.7376 	EXP 	grating_S1_T5: phase = 0.5
15.7376 	EXP 	grating_S1_T5: color = [0.025, 0.025, 0.025]
15.7536 	EXP 	grating_S1_T5: phase = 0.0
15.7536 	EXP 	grating_S1_T5: color = [0.025, 0.025, 0.025]
15.7708 	EXP 	grating_S1_T5: phase = 0.0
15.7708 	EXP 	grating_S1_T5: color = [0.025, 0.025, 0.025]
15.7871 	EXP 	grating_S1_T5: phase = 0.5
15.7871 	EXP 	grating_S1_T5: color = [0.025, 0.025, 0.025]
15.8043 	EXP 	grating_S1_T5: phase = 0.0
15.8043 	EXP 	grating_S1_T5: color = [0.025, 0.025, 0.025]
15.8205 	EXP 	grating_S1_T5: phase = 0.0
15.8205 	EXP 	grating_S1_T5: color = [0.025, 0.025, 0.025]
15.8380 	EXP 	grating_S1_T5: phase = 0.5
15.8380 	EXP 	grating_S1_T5: color = [0.025, 0.025, 0.025]
15.8542 	EXP 	grating_S1_T5: phase = 0.0
15.8542 	EXP 	grating_S1_T5: color = [0.025, 0.025, 0.025]
15.8703 	EXP 	grating_S1_T5: phase = 0.0
15.8703 	EXP 	grating_S1_T5: color = [0.025, 0.025, 0.025]
15.8873 	EXP 	grating_S1_T5: phase = 0.5
15.8873 	EXP 	grating_S1_T5: color = [0.025, 0.025, 0.025]
15.9044 	EXP 	grating_S1_T5: phase = 0.0
15.9044 	EXP 	grating_S1_T5: color = [0.025, 0.025, 0.025]
15.9210 	EXP 	grating_S1_T5: phase = 0.0
15.9210 	EXP 	grating_S1_T5: color = [0.025, 0.025, 0.025]
15.9372 	EXP 	grating_S1_T5: phase = 0.5
15.9372 	EXP 	grating_S1_T5: color = [0.025, 0.025, 0.025]
15.9542 	EXP 	grating_S1_T5: phase = 0.0
15.9542 	EXP 	grating_S1_T5: color = [0.025, 0.025, 0.025]
15.9715 	EXP 	grating_S1_T5: phase = 0.0
15.9715 	EXP 	grating_S1_T5: color = [0.025, 0.025, 0.025]
15.9871 	EXP 	grating_S1_T5: phase = 0.5
15.9871 	EXP 	grating_S1_T5: color = [0.025, 0.025, 0.025]
16.0038 	EXP 	grating_S1_T5: phase = 0.0
16.0038 	EXP 	grating_S1_T5: color = [0.025, 0.025, 0.025]
16.0205 	EXP 	grating_S1_T5: phase = 0.0
16.0205 	EXP 	grating_S1_T5: color = [0.025, 0.025, 0.025]
16.0380 	EXP 	grating_S1_T5: phase = 0.5
16.0380 	EXP 	grating_S1_T5: color = [0.025, 0.025, 0.025]
16.0537 	EXP 	grating_S1_T5: phase = 0.0
16.0537 	EXP 	grating_S1_T5: color = [0.025, 0.025, 0.025]
16.0709 	EXP 	grating_S1_T5: phase = 0.0
16.0709 	EXP 	grating_S1_T5: color = [0.025, 0.025, 0.025]
16.0871 	EXP 	grating_S1_T5: phase = 0.5
16.0871 	EXP 	grating_S1_T5: color = [0.025, 0.025, 0.025]
16.1038 	EXP 	grating_S1_T5: phase = 0.0
16.1038 	EXP 	grating_S1_T5: color = [0.02486791764999907, 0.02486791764999907, 0.02486791764999907]
16.1207 	EXP 	grating_S1_T5: phase = 0.0
16.1207 	EXP 	grating_S1_T5: color = [0.024035231200014096, 0.024035231200014096, 0.024035231200014096]
16.1379 	EXP 	grating_S1_T5: phase = 0.5
16.1379 	EXP 	grating_S1_T5: color = [0.02318931520003389, 0.02318931520003389, 0.02318931520003389]
16.1536 	EXP 	grating_S1_T5: phase = 0.0
16.1536 	EXP 	grating_S1_T5: color = [0.02233193179999944, 0.02233193179999944, 0.02233193179999944]
16.1708 	EXP 	grating_S1_T5: phase = 0.0
16.1708 	EXP 	grating_S1_T5: color = [0.021547394350000106, 0.021547394350000106, 0.021547394350000106]
16.1876 	EXP 	grating_S1_T5: phase = 0.5
16.1876 	EXP 	grating_S1_T5: color = [0.020685330250034897, 0.020685330250034897, 0.020685330250034897]
16.2041 	EXP 	grating_S1_T5: phase = 0.0
16.2041 	EXP 	grating_S1_T5: color = [0.019842035650026447, 0.019842035650026447, 0.019842035650026447]
16.2203 	EXP 	grating_S1_T5: phase = 0.0
16.2203 	EXP 	grating_S1_T5: color = [0.019017683000038234, 0.019017683000038234, 0.019017683000038234]
16.2372 	EXP 	grating_S1_T5: phase = 0.5
16.2372 	EXP 	grating_S1_T5: color = [0.018208268400030647, 0.018208268400030647, 0.018208268400030647]
16.2539 	EXP 	grating_S1_T5: phase = 0.0
16.2539 	EXP 	grating_S1_T5: color = [0.017361098500032313, 0.017361098500032313, 0.017361098500032313]
16.2715 	EXP 	grating_S1_T5: phase = 0.0
16.2715 	EXP 	grating_S1_T5: color = [0.016528096699994423, 0.016528096699994423, 0.016528096699994423]
16.2886 	EXP 	grating_S1_T5: phase = 0.5
16.2886 	EXP 	grating_S1_T5: color = [0.015644303800036143, 0.015644303800036143, 0.015644303800036143]
16.3048 	EXP 	grating_S1_T5: phase = 0.0
16.3048 	EXP 	grating_S1_T5: color = [0.014790346800009502, 0.014790346800009502, 0.014790346800009502]
16.3219 	EXP 	grating_S1_T5: phase = 0.0
16.3219 	EXP 	grating_S1_T5: color = [0.013986106900028973, 0.013986106900028973, 0.013986106900028973]
16.3373 	EXP 	grating_S1_T5: phase = 0.5
16.3373 	EXP 	grating_S1_T5: color = [0.013129197300031592, 0.013129197300031592, 0.013129197300031592]
16.3546 	EXP 	grating_S1_T5: phase = 0.0
16.3546 	EXP 	grating_S1_T5: color = [0.01235930540001391, 0.01235930540001391, 0.01235930540001391]
16.3705 	EXP 	grating_S1_T5: phase = 0.0
16.3705 	EXP 	grating_S1_T5: color = [0.011487412450014745, 0.011487412450014745, 0.011487412450014745]
16.3881 	EXP 	grating_S1_T5: phase = 0.5
16.3881 	EXP 	grating_S1_T5: color = [0.010699255300005463, 0.010699255300005463, 0.010699255300005463]
16.4047 	EXP 	grating_S1_T5: phase = 0.0
16.4047 	EXP 	grating_S1_T5: color = [0.009821720700028892, 0.009821720700028892, 0.009821720700028892]
16.4207 	EXP 	grating_S1_T5: phase = 0.0
16.4207 	EXP 	grating_S1_T5: color = [0.008987980050005718, 0.008987980050005718, 0.008987980050005718]
16.4366 	EXP 	grating_S1_T5: phase = 0.5
16.4366 	EXP 	grating_S1_T5: color = [0.008187111100005496, 0.008187111100005496, 0.008187111100005496]
16.4543 	EXP 	grating_S1_T5: phase = 0.0
16.4543 	EXP 	grating_S1_T5: color = [0.007394696150004165, 0.007394696150004165, 0.007394696150004165]
16.4707 	EXP 	grating_S1_T5: phase = 0.0
16.4707 	EXP 	grating_S1_T5: color = [0.0065059152000230824, 0.0065059152000230824, 0.0065059152000230824]
16.4880 	EXP 	grating_S1_T5: phase = 0.5
16.4880 	EXP 	grating_S1_T5: color = [0.0056857442000364244, 0.0056857442000364244, 0.0056857442000364244]
16.5042 	EXP 	grating_S1_T5: phase = 0.0
16.5042 	EXP 	grating_S1_T5: color = [0.004822172600006525, 0.004822172600006525, 0.004822172600006525]
16.5213 	EXP 	grating_S1_T5: phase = 0.0
16.5213 	EXP 	grating_S1_T5: color = [0.00401650349999727, 0.00401650349999727, 0.00401650349999727]
16.5377 	EXP 	grating_S1_T5: phase = 0.5
16.5377 	EXP 	grating_S1_T5: color = [0.0031565953500376056, 0.0031565953500376056, 0.0031565953500376056]
16.5543 	EXP 	grating_S1_T5: phase = 0.0
16.5543 	EXP 	grating_S1_T5: color = [0.0023329303500304378, 0.0023329303500304378, 0.0023329303500304378]
16.5704 	EXP 	grating_S1_T5: phase = 0.0
16.5704 	EXP 	grating_S1_T5: color = [0.00150963099999899, 0.00150963099999899, 0.00150963099999899]
16.5876 	EXP 	grating_S1_T5: phase = 0.5
16.5876 	EXP 	grating_S1_T5: color = [0.0007027979499980574, 0.0007027979499980574, 0.0007027979499980574]
16.8747 	EXP 	window1: mouseVisible = True
