11.9754 	WARNING 	User requested fullscreen with size [1024  768], but screen is actually [1920, 1080]. Using actual size
12.8117 	EXP 	Created window1 = Window(allowGUI=False, allowStencil=False, args=UNKNOWN, autoLog=True, bitsMode=UNKNOWN, blendMode='avg', color=array([0., 0., 0.]), colorSpace='rgb', fullscr=<method-wrapper '__getattribute__' of attributeSetter object at 0x12f82e860>, gamma=None, kwargs=UNKNOWN, lms=UNKNOWN, monitor=<psychopy.monitors.calibTools.Monitor object at 0x12f6c75f8>, multiSample=False, name='window1', numSamples=2, pos=[0.0, 0.0], screen=0, size=array([1920, 1080]), stereo=False, units='height', useFBO=True, useRetina=False, viewOri=0.0, viewPos=None, viewScale=None, waitBlanking=True, winType='pyglet')
13.0921 	EXP 	Created grating_S1_T5 = GratingStim(__class__=<class 'psychopy.visual.grating.GratingStim'>, autoDraw=False, autoLog=True, blendmode='avg', color=array([0.5, 0.5, 0.5]), colorSpace='rgb', contrast=1.0, depth=0.0, interpolate=True, mask='circle', maskParams=None, name='grating_S1_T5', opacity=1.0, ori=90.0, phase=array([0., 0.]), pos=array([0., 0.]), rgbPedestal=array([0., 0., 0.]), sf=array([0.6, 0.6]), size=array([3.5, 3.5]), tex='sin', texRes=128, units='deg', win=Window(...))
13.1107 	EXP 	grating_S1_T5: phase = 0.0
13.1107 	EXP 	grating_S1_T5: color = [8.553601219318807e-06, 8.553601219318807e-06, 8.553601219318807e-06]
13.1273 	EXP 	grating_S1_T5: phase = 0.0
13.1273 	EXP 	grating_S1_T5: color = [0.0018844500998966398, 0.0018844500998966398, 0.0018844500998966398]
13.1444 	EXP 	grating_S1_T5: phase = 0.0
13.1444 	EXP 	grating_S1_T5: color = [0.0035430320000159558, 0.0035430320000159558, 0.0035430320000159558]
13.1613 	EXP 	grating_S1_T5: phase = 0.0
13.1613 	EXP 	grating_S1_T5: color = [0.005258915800368413, 0.005258915800368413, 0.005258915800368413]
13.1776 	EXP 	grating_S1_T5: phase = 0.5
13.1776 	EXP 	grating_S1_T5: color = [0.006946159301151056, 0.006946159301151056, 0.006946159301151056]
13.1938 	EXP 	grating_S1_T5: phase = 0.5
13.1938 	EXP 	grating_S1_T5: color = [0.008571717501035891, 0.008571717501035891, 0.008571717501035891]
13.2111 	EXP 	grating_S1_T5: phase = 0.5
13.2111 	EXP 	grating_S1_T5: color = [0.010192114800156561, 0.010192114800156561, 0.010192114800156561]
13.2277 	EXP 	grating_S1_T5: phase = 0.5
13.2277 	EXP 	grating_S1_T5: color = [0.011930828201002441, 0.011930828201002441, 0.011930828201002441]
13.2441 	EXP 	grating_S1_T5: phase = 0.0
13.2441 	EXP 	grating_S1_T5: color = [0.013590898500115146, 0.013590898500115146, 0.013590898500115146]
13.2608 	EXP 	grating_S1_T5: phase = 0.0
13.2608 	EXP 	grating_S1_T5: color = [0.01523354610108072, 0.01523354610108072, 0.01523354610108072]
13.2779 	EXP 	grating_S1_T5: phase = 0.0
13.2779 	EXP 	grating_S1_T5: color = [0.01689322370075388, 0.01689322370075388, 0.01689322370075388]
13.2944 	EXP 	grating_S1_T5: phase = 0.0
13.2944 	EXP 	grating_S1_T5: color = [0.01860934610012919, 0.01860934610012919, 0.01860934610012919]
13.3109 	EXP 	grating_S1_T5: phase = 0.5
13.3109 	EXP 	grating_S1_T5: color = [0.020254260500951207, 0.020254260500951207, 0.020254260500951207]
13.3272 	EXP 	grating_S1_T5: phase = 0.5
13.3272 	EXP 	grating_S1_T5: color = [0.02190299540088745, 0.02190299540088745, 0.02190299540088745]
13.3438 	EXP 	grating_S1_T5: phase = 0.5
13.3438 	EXP 	grating_S1_T5: color = [0.023528965600416996, 0.023528965600416996, 0.023528965600416996]
13.3607 	EXP 	grating_S1_T5: phase = 0.0
13.3607 	EXP 	grating_S1_T5: color = [0.02520322080090409, 0.02520322080090409, 0.02520322080090409]
13.3774 	EXP 	grating_S1_T5: phase = 0.0
13.3774 	EXP 	grating_S1_T5: color = [0.02688615450024372, 0.02688615450024372, 0.02688615450024372]
13.3942 	EXP 	grating_S1_T5: phase = 0.0
13.3942 	EXP 	grating_S1_T5: color = [0.028548805401078427, 0.028548805401078427, 0.028548805401078427]
13.4109 	EXP 	grating_S1_T5: phase = 0.0
13.4109 	EXP 	grating_S1_T5: color = [0.03024214120086981, 0.03024214120086981, 0.03024214120086981]
13.4275 	EXP 	grating_S1_T5: phase = 0.5
13.4275 	EXP 	grating_S1_T5: color = [0.03190048719989136, 0.03190048719989136, 0.03190048719989136]
13.4444 	EXP 	grating_S1_T5: phase = 0.5
13.4444 	EXP 	grating_S1_T5: color = [0.03356623350118753, 0.03356623350118753, 0.03356623350118753]
13.4615 	EXP 	grating_S1_T5: phase = 0.5
13.4615 	EXP 	grating_S1_T5: color = [0.03525391930015758, 0.03525391930015758, 0.03525391930015758]
13.4776 	EXP 	grating_S1_T5: phase = 0.5
13.4776 	EXP 	grating_S1_T5: color = [0.036966249400575184, 0.036966249400575184, 0.036966249400575184]
13.4939 	EXP 	grating_S1_T5: phase = 0.0
13.4939 	EXP 	grating_S1_T5: color = [0.03857583050121321, 0.03857583050121321, 0.03857583050121321]
13.5109 	EXP 	grating_S1_T5: phase = 0.0
13.5109 	EXP 	grating_S1_T5: color = [0.04020987390103983, 0.04020987390103983, 0.04020987390103983]
13.5272 	EXP 	grating_S1_T5: phase = 0.0
13.5272 	EXP 	grating_S1_T5: color = [0.041905543100438085, 0.041905543100438085, 0.041905543100438085]
13.5446 	EXP 	grating_S1_T5: phase = 0.0
13.5446 	EXP 	grating_S1_T5: color = [0.04353277780028293, 0.04353277780028293, 0.04353277780028293]
13.5611 	EXP 	grating_S1_T5: phase = 0.5
13.5611 	EXP 	grating_S1_T5: color = [0.04527091910131276, 0.04527091910131276, 0.04527091910131276]
13.5777 	EXP 	grating_S1_T5: phase = 0.5
13.5777 	EXP 	grating_S1_T5: color = [0.046922904800158, 0.046922904800158, 0.046922904800158]
13.5942 	EXP 	grating_S1_T5: phase = 0.5
13.5942 	EXP 	grating_S1_T5: color = [0.04858642090111971, 0.04858642090111971, 0.04858642090111971]
13.6109 	EXP 	grating_S1_T5: phase = 0.0
13.6109 	EXP 	grating_S1_T5: color = [0.05, 0.05, 0.05]
13.6274 	EXP 	grating_S1_T5: phase = 0.0
13.6274 	EXP 	grating_S1_T5: color = [0.05, 0.05, 0.05]
13.6443 	EXP 	grating_S1_T5: phase = 0.0
13.6443 	EXP 	grating_S1_T5: color = [0.05, 0.05, 0.05]
13.6610 	EXP 	grating_S1_T5: phase = 0.0
13.6610 	EXP 	grating_S1_T5: color = [0.05, 0.05, 0.05]
13.6774 	EXP 	grating_S1_T5: phase = 0.5
13.6774 	EXP 	grating_S1_T5: color = [0.05, 0.05, 0.05]
13.6945 	EXP 	grating_S1_T5: phase = 0.5
13.6945 	EXP 	grating_S1_T5: color = [0.05, 0.05, 0.05]
13.7104 	EXP 	grating_S1_T5: phase = 0.5
13.7104 	EXP 	grating_S1_T5: color = [0.05, 0.05, 0.05]
13.7278 	EXP 	grating_S1_T5: phase = 0.5
13.7278 	EXP 	grating_S1_T5: color = [0.05, 0.05, 0.05]
13.7441 	EXP 	grating_S1_T5: phase = 0.0
13.7441 	EXP 	grating_S1_T5: color = [0.05, 0.05, 0.05]
13.7608 	EXP 	grating_S1_T5: phase = 0.0
13.7608 	EXP 	grating_S1_T5: color = [0.05, 0.05, 0.05]
13.7768 	EXP 	grating_S1_T5: phase = 0.0
13.7768 	EXP 	grating_S1_T5: color = [0.05, 0.05, 0.05]
13.7942 	EXP 	grating_S1_T5: phase = 0.0
13.7942 	EXP 	grating_S1_T5: color = [0.05, 0.05, 0.05]
13.8121 	EXP 	grating_S1_T5: phase = 0.5
13.8121 	EXP 	grating_S1_T5: color = [0.05, 0.05, 0.05]
13.8269 	EXP 	grating_S1_T5: phase = 0.5
13.8269 	EXP 	grating_S1_T5: color = [0.05, 0.05, 0.05]
13.8446 	EXP 	grating_S1_T5: phase = 0.5
13.8446 	EXP 	grating_S1_T5: color = [0.05, 0.05, 0.05]
13.8610 	EXP 	grating_S1_T5: phase = 0.0
13.8610 	EXP 	grating_S1_T5: color = [0.05, 0.05, 0.05]
13.8770 	EXP 	grating_S1_T5: phase = 0.0
13.8770 	EXP 	grating_S1_T5: color = [0.05, 0.05, 0.05]
13.8950 	EXP 	grating_S1_T5: phase = 0.0
13.8950 	EXP 	grating_S1_T5: color = [0.05, 0.05, 0.05]
13.9120 	EXP 	grating_S1_T5: phase = 0.0
13.9120 	EXP 	grating_S1_T5: color = [0.05, 0.05, 0.05]
13.9282 	EXP 	grating_S1_T5: phase = 0.5
13.9282 	EXP 	grating_S1_T5: color = [0.05, 0.05, 0.05]
13.9458 	EXP 	grating_S1_T5: phase = 0.5
13.9458 	EXP 	grating_S1_T5: color = [0.05, 0.05, 0.05]
13.9617 	EXP 	grating_S1_T5: phase = 0.5
13.9617 	EXP 	grating_S1_T5: color = [0.05, 0.05, 0.05]
13.9785 	EXP 	grating_S1_T5: phase = 0.5
13.9785 	EXP 	grating_S1_T5: color = [0.05, 0.05, 0.05]
13.9949 	EXP 	grating_S1_T5: phase = 0.0
13.9949 	EXP 	grating_S1_T5: color = [0.05, 0.05, 0.05]
14.0110 	EXP 	grating_S1_T5: phase = 0.0
14.0110 	EXP 	grating_S1_T5: color = [0.05, 0.05, 0.05]
14.0281 	EXP 	grating_S1_T5: phase = 0.0
14.0281 	EXP 	grating_S1_T5: color = [0.05, 0.05, 0.05]
14.0447 	EXP 	grating_S1_T5: phase = 0.0
14.0447 	EXP 	grating_S1_T5: color = [0.05, 0.05, 0.05]
14.0616 	EXP 	grating_S1_T5: phase = 0.5
14.0616 	EXP 	grating_S1_T5: color = [0.05, 0.05, 0.05]
14.0779 	EXP 	grating_S1_T5: phase = 0.5
14.0779 	EXP 	grating_S1_T5: color = [0.05, 0.05, 0.05]
14.0950 	EXP 	grating_S1_T5: phase = 0.5
14.0950 	EXP 	grating_S1_T5: color = [0.05, 0.05, 0.05]
14.1115 	EXP 	grating_S1_T5: phase = 0.0
14.1115 	EXP 	grating_S1_T5: color = [0.05, 0.05, 0.05]
14.1284 	EXP 	grating_S1_T5: phase = 0.0
14.1284 	EXP 	grating_S1_T5: color = [0.05, 0.05, 0.05]
14.1453 	EXP 	grating_S1_T5: phase = 0.0
14.1453 	EXP 	grating_S1_T5: color = [0.05, 0.05, 0.05]
14.1615 	EXP 	grating_S1_T5: phase = 0.0
14.1615 	EXP 	grating_S1_T5: color = [0.05, 0.05, 0.05]
14.1783 	EXP 	grating_S1_T5: phase = 0.5
14.1783 	EXP 	grating_S1_T5: color = [0.05, 0.05, 0.05]
14.1940 	EXP 	grating_S1_T5: phase = 0.5
14.1940 	EXP 	grating_S1_T5: color = [0.05, 0.05, 0.05]
14.2115 	EXP 	grating_S1_T5: phase = 0.5
14.2115 	EXP 	grating_S1_T5: color = [0.05, 0.05, 0.05]
14.2281 	EXP 	grating_S1_T5: phase = 0.5
14.2281 	EXP 	grating_S1_T5: color = [0.05, 0.05, 0.05]
14.2447 	EXP 	grating_S1_T5: phase = 0.0
14.2447 	EXP 	grating_S1_T5: color = [0.05, 0.05, 0.05]
14.2618 	EXP 	grating_S1_T5: phase = 0.0
14.2618 	EXP 	grating_S1_T5: color = [0.05, 0.05, 0.05]
14.2785 	EXP 	grating_S1_T5: phase = 0.0
14.2785 	EXP 	grating_S1_T5: color = [0.05, 0.05, 0.05]
14.2948 	EXP 	grating_S1_T5: phase = 0.0
14.2948 	EXP 	grating_S1_T5: color = [0.05, 0.05, 0.05]
14.3114 	EXP 	grating_S1_T5: phase = 0.5
14.3114 	EXP 	grating_S1_T5: color = [0.05, 0.05, 0.05]
14.3285 	EXP 	grating_S1_T5: phase = 0.5
14.3285 	EXP 	grating_S1_T5: color = [0.05, 0.05, 0.05]
14.3448 	EXP 	grating_S1_T5: phase = 0.5
14.3448 	EXP 	grating_S1_T5: color = [0.05, 0.05, 0.05]
14.3612 	EXP 	grating_S1_T5: phase = 0.0
14.3612 	EXP 	grating_S1_T5: color = [0.05, 0.05, 0.05]
14.3779 	EXP 	grating_S1_T5: phase = 0.0
14.3779 	EXP 	grating_S1_T5: color = [0.05, 0.05, 0.05]
14.3944 	EXP 	grating_S1_T5: phase = 0.0
14.3944 	EXP 	grating_S1_T5: color = [0.05, 0.05, 0.05]
14.4114 	EXP 	grating_S1_T5: phase = 0.0
14.4114 	EXP 	grating_S1_T5: color = [0.05, 0.05, 0.05]
14.4284 	EXP 	grating_S1_T5: phase = 0.5
14.4284 	EXP 	grating_S1_T5: color = [0.05, 0.05, 0.05]
14.4450 	EXP 	grating_S1_T5: phase = 0.5
14.4450 	EXP 	grating_S1_T5: color = [0.05, 0.05, 0.05]
14.4609 	EXP 	grating_S1_T5: phase = 0.5
14.4609 	EXP 	grating_S1_T5: color = [0.05, 0.05, 0.05]
14.4782 	EXP 	grating_S1_T5: phase = 0.5
14.4782 	EXP 	grating_S1_T5: color = [0.05, 0.05, 0.05]
14.4949 	EXP 	grating_S1_T5: phase = 0.0
14.4949 	EXP 	grating_S1_T5: color = [0.05, 0.05, 0.05]
14.5114 	EXP 	grating_S1_T5: phase = 0.0
14.5114 	EXP 	grating_S1_T5: color = [0.05, 0.05, 0.05]
14.5284 	EXP 	grating_S1_T5: phase = 0.0
14.5284 	EXP 	grating_S1_T5: color = [0.05, 0.05, 0.05]
14.5447 	EXP 	grating_S1_T5: phase = 0.0
14.5447 	EXP 	grating_S1_T5: color = [0.05, 0.05, 0.05]
14.5616 	EXP 	grating_S1_T5: phase = 0.5
14.5616 	EXP 	grating_S1_T5: color = [0.05, 0.05, 0.05]
14.5786 	EXP 	grating_S1_T5: phase = 0.5
14.5786 	EXP 	grating_S1_T5: color = [0.05, 0.05, 0.05]
14.5950 	EXP 	grating_S1_T5: phase = 0.5
14.5950 	EXP 	grating_S1_T5: color = [0.05, 0.05, 0.05]
14.6110 	EXP 	grating_S1_T5: phase = 0.0
14.6110 	EXP 	grating_S1_T5: color = [0.04967401969915955, 0.04967401969915955, 0.04967401969915955]
14.6281 	EXP 	grating_S1_T5: phase = 0.0
14.6281 	EXP 	grating_S1_T5: color = [0.04807835389947286, 0.04807835389947286, 0.04807835389947286]
14.6444 	EXP 	grating_S1_T5: phase = 0.0
14.6444 	EXP 	grating_S1_T5: color = [0.04637693239928922, 0.04637693239928922, 0.04637693239928922]
14.6617 	EXP 	grating_S1_T5: phase = 0.0
14.6617 	EXP 	grating_S1_T5: color = [0.04474291340011405, 0.04474291340011405, 0.04474291340011405]
14.6783 	EXP 	grating_S1_T5: phase = 0.5
14.6783 	EXP 	grating_S1_T5: color = [0.04300902279937873, 0.04300902279937873, 0.04300902279937873]
14.6950 	EXP 	grating_S1_T5: phase = 0.5
14.6950 	EXP 	grating_S1_T5: color = [0.04135022569971625, 0.04135022569971625, 0.04135022569971625]
14.7114 	EXP 	grating_S1_T5: phase = 0.5
14.7114 	EXP 	grating_S1_T5: color = [0.03967525929911062, 0.03967525929911062, 0.03967525929911062]
14.7280 	EXP 	grating_S1_T5: phase = 0.5
14.7280 	EXP 	grating_S1_T5: color = [0.03804960269917501, 0.03804960269917501, 0.03804960269917501]
14.7444 	EXP 	grating_S1_T5: phase = 0.0
14.7444 	EXP 	grating_S1_T5: color = [0.03637284369906411, 0.03637284369906411, 0.03637284369906411]
14.7613 	EXP 	grating_S1_T5: phase = 0.0
14.7613 	EXP 	grating_S1_T5: color = [0.03472421079932247, 0.03472421079932247, 0.03472421079932247]
14.7781 	EXP 	grating_S1_T5: phase = 0.0
14.7781 	EXP 	grating_S1_T5: color = [0.033042698798817584, 0.033042698798817584, 0.033042698798817584]
14.7943 	EXP 	grating_S1_T5: phase = 0.0
14.7943 	EXP 	grating_S1_T5: color = [0.03136670739913825, 0.03136670739913825, 0.03136670739913825]
14.8117 	EXP 	grating_S1_T5: phase = 0.5
14.8117 	EXP 	grating_S1_T5: color = [0.029754455499642063, 0.029754455499642063, 0.029754455499642063]
14.8283 	EXP 	grating_S1_T5: phase = 0.5
14.8283 	EXP 	grating_S1_T5: color = [0.02800857459951658, 0.02800857459951658, 0.02800857459951658]
14.8443 	EXP 	grating_S1_T5: phase = 0.5
14.8443 	EXP 	grating_S1_T5: color = [0.026352818300074434, 0.026352818300074434, 0.026352818300074434]
14.8617 	EXP 	grating_S1_T5: phase = 0.0
14.8617 	EXP 	grating_S1_T5: color = [0.024740927599486897, 0.024740927599486897, 0.024740927599486897]
14.8779 	EXP 	grating_S1_T5: phase = 0.0
14.8779 	EXP 	grating_S1_T5: color = [0.023011352299363352, 0.023011352299363352, 0.023011352299363352]
14.8949 	EXP 	grating_S1_T5: phase = 0.0
14.8949 	EXP 	grating_S1_T5: color = [0.021394194899767172, 0.021394194899767172, 0.021394194899767172]
14.9114 	EXP 	grating_S1_T5: phase = 0.0
14.9114 	EXP 	grating_S1_T5: color = [0.01969821489910828, 0.01969821489910828, 0.01969821489910828]
14.9276 	EXP 	grating_S1_T5: phase = 0.5
14.9276 	EXP 	grating_S1_T5: color = [0.018041219298902435, 0.018041219298902435, 0.018041219298902435]
14.9451 	EXP 	grating_S1_T5: phase = 0.5
14.9451 	EXP 	grating_S1_T5: color = [0.016415574699931313, 0.016415574699931313, 0.016415574699931313]
14.9612 	EXP 	grating_S1_T5: phase = 0.5
14.9612 	EXP 	grating_S1_T5: color = [0.014656309699057603, 0.014656309699057603, 0.014656309699057603]
14.9787 	EXP 	grating_S1_T5: phase = 0.5
14.9787 	EXP 	grating_S1_T5: color = [0.013066836999496446, 0.013066836999496446, 0.013066836999496446]
14.9939 	EXP 	grating_S1_T5: phase = 0.0
14.9939 	EXP 	grating_S1_T5: color = [0.011306474999582861, 0.011306474999582861, 0.011306474999582861]
15.0117 	EXP 	grating_S1_T5: phase = 0.0
15.0117 	EXP 	grating_S1_T5: color = [0.009796201199060307, 0.009796201199060307, 0.009796201199060307]
15.0284 	EXP 	grating_S1_T5: phase = 0.0
15.0284 	EXP 	grating_S1_T5: color = [0.008005266998952721, 0.008005266998952721, 0.008005266998952721]
15.0452 	EXP 	grating_S1_T5: phase = 0.0
15.0452 	EXP 	grating_S1_T5: color = [0.0063271557999541985, 0.0063271557999541985, 0.0063271557999541985]
15.0617 	EXP 	grating_S1_T5: phase = 0.5
15.0617 	EXP 	grating_S1_T5: color = [0.004654281499097124, 0.004654281499097124, 0.004654281499097124]
15.0783 	EXP 	grating_S1_T5: phase = 0.5
15.0783 	EXP 	grating_S1_T5: color = [0.0030083079996984455, 0.0030083079996984455, 0.0030083079996984455]
15.0947 	EXP 	grating_S1_T5: phase = 0.5
15.0947 	EXP 	grating_S1_T5: color = [0.0013486065989127384, 0.0013486065989127384, 0.0013486065989127384]
15.3731 	EXP 	window1: mouseVisible = True
