9.5283 	WARNING 	User requested fullscreen with size [1024  768], but screen is actually [1920, 1080]. Using actual size
10.2745 	EXP 	Created window1 = Window(allowGUI=False, allowStencil=False, args=UNKNOWN, autoLog=True, bitsMode=UNKNOWN, blendMode='avg', color=array([0., 0., 0.]), colorSpace='rgb', fullscr=<method-wrapper '__getattribute__' of attributeSetter object at 0x12e50d860>, gamma=None, kwargs=UNKNOWN, lms=UNKNOWN, monitor=<psychopy.monitors.calibTools.Monitor object at 0x12fcf55f8>, multiSample=False, name='window1', numSamples=2, pos=[0.0, 0.0], screen=0, size=array([1920, 1080]), stereo=False, units='height', useFBO=True, useRetina=False, viewOri=0.0, viewPos=None, viewScale=None, waitBlanking=True, winType='pyglet')
10.5924 	EXP 	Created grating_S1_T5 = GratingStim(__class__=<class 'psychopy.visual.grating.GratingStim'>, autoDraw=False, autoLog=True, blendmode='avg', color=array([0.5, 0.5, 0.5]), colorSpace='rgb', contrast=1.0, depth=0.0, interpolate=True, mask='circle', maskParams=None, name='grating_S1_T5', opacity=1.0, ori=90.0, phase=array([0., 0.]), pos=array([0., 0.]), rgbPedestal=array([0., 0., 0.]), sf=array([0.6, 0.6]), size=array([3.5, 3.5]), tex='sin', texRes=128, units='deg', win=Window(...))
10.6070 	EXP 	grating_S1_T5: phase = 0.0
10.6070 	EXP 	grating_S1_T5: color = [4.370800161268563e-06, 4.370800161268563e-06, 4.370800161268563e-06]
10.6241 	EXP 	grating_S1_T5: phase = 0.0
10.6241 	EXP 	grating_S1_T5: color = [0.0007420611495035701, 0.0007420611495035701, 0.0007420611495035701]
10.6403 	EXP 	grating_S1_T5: phase = 0.5
10.6403 	EXP 	grating_S1_T5: color = [0.0015946207495289855, 0.0015946207495289855, 0.0015946207495289855]
10.6573 	EXP 	grating_S1_T5: phase = 0.5
10.6573 	EXP 	grating_S1_T5: color = [0.0024061078998784072, 0.0024061078998784072, 0.0024061078998784072]
10.6737 	EXP 	grating_S1_T5: phase = 0.0
10.6737 	EXP 	grating_S1_T5: color = [0.0032578598496911582, 0.0032578598496911582, 0.0032578598496911582]
10.6902 	EXP 	grating_S1_T5: phase = 0.5
10.6902 	EXP 	grating_S1_T5: color = [0.004076143800193677, 0.004076143800193677, 0.004076143800193677]
10.7063 	EXP 	grating_S1_T5: phase = 0.5
10.7063 	EXP 	grating_S1_T5: color = [0.004895439349638764, 0.004895439349638764, 0.004895439349638764]
10.7241 	EXP 	grating_S1_T5: phase = 0.0
10.7241 	EXP 	grating_S1_T5: color = [0.005703287999494933, 0.005703287999494933, 0.005703287999494933]
10.7399 	EXP 	grating_S1_T5: phase = 0.5
10.7399 	EXP 	grating_S1_T5: color = [0.006599942599859788, 0.006599942599859788, 0.006599942599859788]
10.7567 	EXP 	grating_S1_T5: phase = 0.5
10.7567 	EXP 	grating_S1_T5: color = [0.007394818699685857, 0.007394818699685857, 0.007394818699685857]
10.7735 	EXP 	grating_S1_T5: phase = 0.0
10.7735 	EXP 	grating_S1_T5: color = [0.008226716749777553, 0.008226716749777553, 0.008226716749777553]
10.7907 	EXP 	grating_S1_T5: phase = 0.5
10.7907 	EXP 	grating_S1_T5: color = [0.009065497999836225, 0.009065497999836225, 0.009065497999836225]
10.8071 	EXP 	grating_S1_T5: phase = 0.5
10.8071 	EXP 	grating_S1_T5: color = [0.009924291749484837, 0.009924291749484837, 0.009924291749484837]
10.8235 	EXP 	grating_S1_T5: phase = 0.0
10.8235 	EXP 	grating_S1_T5: color = [0.010743887249554974, 0.010743887249554974, 0.010743887249554974]
10.8404 	EXP 	grating_S1_T5: phase = 0.5
10.8404 	EXP 	grating_S1_T5: color = [0.011567187900072896, 0.011567187900072896, 0.011567187900072896]
10.8566 	EXP 	grating_S1_T5: phase = 0.5
10.8566 	EXP 	grating_S1_T5: color = [0.012414734350022627, 0.012414734350022627, 0.012414734350022627]
10.8737 	EXP 	grating_S1_T5: phase = 0.0
10.8737 	EXP 	grating_S1_T5: color = [0.013218823799979873, 0.013218823799979873, 0.013218823799979873]
10.8899 	EXP 	grating_S1_T5: phase = 0.5
10.8899 	EXP 	grating_S1_T5: color = [0.014075095499720192, 0.014075095499720192, 0.014075095499720192]
10.9076 	EXP 	grating_S1_T5: phase = 0.5
10.9076 	EXP 	grating_S1_T5: color = [0.014893067199591315, 0.014893067199591315, 0.014893067199591315]
10.9238 	EXP 	grating_S1_T5: phase = 0.0
10.9238 	EXP 	grating_S1_T5: color = [0.0157714748995204, 0.0157714748995204, 0.0157714748995204]
10.9406 	EXP 	grating_S1_T5: phase = 0.5
10.9406 	EXP 	grating_S1_T5: color = [0.01658185409978614, 0.01658185409978614, 0.01658185409978614]
10.9567 	EXP 	grating_S1_T5: phase = 0.5
10.9567 	EXP 	grating_S1_T5: color = [0.01742091674968833, 0.01742091674968833, 0.01742091674968833]
10.9735 	EXP 	grating_S1_T5: phase = 0.0
10.9735 	EXP 	grating_S1_T5: color = [0.01822625579952728, 0.01822625579952728, 0.01822625579952728]
10.9898 	EXP 	grating_S1_T5: phase = 0.5
10.9898 	EXP 	grating_S1_T5: color = [0.019067862749943744, 0.019067862749943744, 0.019067862749943744]
11.0065 	EXP 	grating_S1_T5: phase = 0.5
11.0065 	EXP 	grating_S1_T5: color = [0.019883811199542835, 0.019883811199542835, 0.019883811199542835]
11.0233 	EXP 	grating_S1_T5: phase = 0.0
11.0233 	EXP 	grating_S1_T5: color = [0.020711498049786316, 0.020711498049786316, 0.020711498049786316]
11.0405 	EXP 	grating_S1_T5: phase = 0.5
11.0405 	EXP 	grating_S1_T5: color = [0.021555013999750374, 0.021555013999750374, 0.021555013999750374]
11.0566 	EXP 	grating_S1_T5: phase = 0.5
11.0566 	EXP 	grating_S1_T5: color = [0.022427603699907196, 0.022427603699907196, 0.022427603699907196]
11.0732 	EXP 	grating_S1_T5: phase = 0.0
11.0732 	EXP 	grating_S1_T5: color = [0.02322138780000387, 0.02322138780000387, 0.02322138780000387]
11.0905 	EXP 	grating_S1_T5: phase = 0.5
11.0905 	EXP 	grating_S1_T5: color = [0.024050367799645755, 0.024050367799645755, 0.024050367799645755]
11.1072 	EXP 	grating_S1_T5: phase = 0.5
11.1072 	EXP 	grating_S1_T5: color = [0.0249176716497459, 0.0249176716497459, 0.0249176716497459]
11.1239 	EXP 	grating_S1_T5: phase = 0.0
11.1239 	EXP 	grating_S1_T5: color = [0.025, 0.025, 0.025]
11.1397 	EXP 	grating_S1_T5: phase = 0.5
11.1397 	EXP 	grating_S1_T5: color = [0.025, 0.025, 0.025]
11.1566 	EXP 	grating_S1_T5: phase = 0.5
11.1566 	EXP 	grating_S1_T5: color = [0.025, 0.025, 0.025]
11.1737 	EXP 	grating_S1_T5: phase = 0.0
11.1737 	EXP 	grating_S1_T5: color = [0.025, 0.025, 0.025]
11.1903 	EXP 	grating_S1_T5: phase = 0.5
11.1903 	EXP 	grating_S1_T5: color = [0.025, 0.025, 0.025]
11.2069 	EXP 	grating_S1_T5: phase = 0.5
11.2069 	EXP 	grating_S1_T5: color = [0.025, 0.025, 0.025]
11.2232 	EXP 	grating_S1_T5: phase = 0.0
11.2232 	EXP 	grating_S1_T5: color = [0.025, 0.025, 0.025]
11.2410 	EXP 	grating_S1_T5: phase = 0.5
11.2410 	EXP 	grating_S1_T5: color = [0.025, 0.025, 0.025]
11.2572 	EXP 	grating_S1_T5: phase = 0.5
11.2572 	EXP 	grating_S1_T5: color = [0.025, 0.025, 0.025]
11.2738 	EXP 	grating_S1_T5: phase = 0.0
11.2738 	EXP 	grating_S1_T5: color = [0.025, 0.025, 0.025]
11.2904 	EXP 	grating_S1_T5: phase = 0.5
11.2904 	EXP 	grating_S1_T5: color = [0.025, 0.025, 0.025]
11.3070 	EXP 	grating_S1_T5: phase = 0.5
11.3070 	EXP 	grating_S1_T5: color = [0.025, 0.025, 0.025]
11.3235 	EXP 	grating_S1_T5: phase = 0.0
11.3235 	EXP 	grating_S1_T5: color = [0.025, 0.025, 0.025]
11.3406 	EXP 	grating_S1_T5: phase = 0.5
11.3406 	EXP 	grating_S1_T5: color = [0.025, 0.025, 0.025]
11.3570 	EXP 	grating_S1_T5: phase = 0.5
11.3570 	EXP 	grating_S1_T5: color = [0.025, 0.025, 0.025]
11.3736 	EXP 	grating_S1_T5: phase = 0.0
11.3736 	EXP 	grating_S1_T5: color = [0.025, 0.025, 0.025]
11.3902 	EXP 	grating_S1_T5: phase = 0.5
11.3902 	EXP 	grating_S1_T5: color = [0.025, 0.025, 0.025]
11.4073 	EXP 	grating_S1_T5: phase = 0.5
11.4073 	EXP 	grating_S1_T5: color = [0.025, 0.025, 0.025]
11.4237 	EXP 	grating_S1_T5: phase = 0.0
11.4237 	EXP 	grating_S1_T5: color = [0.025, 0.025, 0.025]
11.4403 	EXP 	grating_S1_T5: phase = 0.5
11.4403 	EXP 	grating_S1_T5: color = [0.025, 0.025, 0.025]
11.4573 	EXP 	grating_S1_T5: phase = 0.5
11.4573 	EXP 	grating_S1_T5: color = [0.025, 0.025, 0.025]
11.4740 	EXP 	grating_S1_T5: phase = 0.0
11.4740 	EXP 	grating_S1_T5: color = [0.025, 0.025, 0.025]
11.4902 	EXP 	grating_S1_T5: phase = 0.5
11.4902 	EXP 	grating_S1_T5: color = [0.025, 0.025, 0.025]
11.5066 	EXP 	grating_S1_T5: phase = 0.5
11.5066 	EXP 	grating_S1_T5: color = [0.025, 0.025, 0.025]
11.5238 	EXP 	grating_S1_T5: phase = 0.0
11.5238 	EXP 	grating_S1_T5: color = [0.025, 0.025, 0.025]
11.5401 	EXP 	grating_S1_T5: phase = 0.5
11.5401 	EXP 	grating_S1_T5: color = [0.025, 0.025, 0.025]
11.5575 	EXP 	grating_S1_T5: phase = 0.5
11.5575 	EXP 	grating_S1_T5: color = [0.025, 0.025, 0.025]
11.5738 	EXP 	grating_S1_T5: phase = 0.0
11.5738 	EXP 	grating_S1_T5: color = [0.025, 0.025, 0.025]
11.5898 	EXP 	grating_S1_T5: phase = 0.5
11.5898 	EXP 	grating_S1_T5: color = [0.025, 0.025, 0.025]
11.6065 	EXP 	grating_S1_T5: phase = 0.5
11.6065 	EXP 	grating_S1_T5: color = [0.025, 0.025, 0.025]
11.6240 	EXP 	grating_S1_T5: phase = 0.0
11.6240 	EXP 	grating_S1_T5: color = [0.025, 0.025, 0.025]
11.6405 	EXP 	grating_S1_T5: phase = 0.5
11.6405 	EXP 	grating_S1_T5: color = [0.025, 0.025, 0.025]
11.6566 	EXP 	grating_S1_T5: phase = 0.5
11.6566 	EXP 	grating_S1_T5: color = [0.025, 0.025, 0.025]
11.6738 	EXP 	grating_S1_T5: phase = 0.0
11.6738 	EXP 	grating_S1_T5: color = [0.025, 0.025, 0.025]
11.6906 	EXP 	grating_S1_T5: phase = 0.5
11.6906 	EXP 	grating_S1_T5: color = [0.025, 0.025, 0.025]
11.7070 	EXP 	grating_S1_T5: phase = 0.5
11.7070 	EXP 	grating_S1_T5: color = [0.025, 0.025, 0.025]
11.7234 	EXP 	grating_S1_T5: phase = 0.0
11.7234 	EXP 	grating_S1_T5: color = [0.025, 0.025, 0.025]
11.7409 	EXP 	grating_S1_T5: phase = 0.5
11.7409 	EXP 	grating_S1_T5: color = [0.025, 0.025, 0.025]
11.7576 	EXP 	grating_S1_T5: phase = 0.5
11.7576 	EXP 	grating_S1_T5: color = [0.025, 0.025, 0.025]
11.7741 	EXP 	grating_S1_T5: phase = 0.0
11.7741 	EXP 	grating_S1_T5: color = [0.025, 0.025, 0.025]
11.7903 	EXP 	grating_S1_T5: phase = 0.5
11.7903 	EXP 	grating_S1_T5: color = [0.025, 0.025, 0.025]
11.8072 	EXP 	grating_S1_T5: phase = 0.5
11.8072 	EXP 	grating_S1_T5: color = [0.025, 0.025, 0.025]
11.8239 	EXP 	grating_S1_T5: phase = 0.0
11.8239 	EXP 	grating_S1_T5: color = [0.025, 0.025, 0.025]
11.8408 	EXP 	grating_S1_T5: phase = 0.5
11.8408 	EXP 	grating_S1_T5: color = [0.025, 0.025, 0.025]
11.8568 	EXP 	grating_S1_T5: phase = 0.5
11.8568 	EXP 	grating_S1_T5: color = [0.025, 0.025, 0.025]
11.8738 	EXP 	grating_S1_T5: phase = 0.0
11.8738 	EXP 	grating_S1_T5: color = [0.025, 0.025, 0.025]
11.8908 	EXP 	grating_S1_T5: phase = 0.5
11.8908 	EXP 	grating_S1_T5: color = [0.025, 0.025, 0.025]
11.9069 	EXP 	grating_S1_T5: phase = 0.5
11.9069 	EXP 	grating_S1_T5: color = [0.025, 0.025, 0.025]
11.9234 	EXP 	grating_S1_T5: phase = 0.0
11.9234 	EXP 	grating_S1_T5: color = [0.025, 0.025, 0.025]
11.9405 	EXP 	grating_S1_T5: phase = 0.5
11.9405 	EXP 	grating_S1_T5: color = [0.025, 0.025, 0.025]
11.9564 	EXP 	grating_S1_T5: phase = 0.5
11.9564 	EXP 	grating_S1_T5: color = [0.025, 0.025, 0.025]
11.9742 	EXP 	grating_S1_T5: phase = 0.0
11.9742 	EXP 	grating_S1_T5: color = [0.025, 0.025, 0.025]
11.9905 	EXP 	grating_S1_T5: phase = 0.5
11.9905 	EXP 	grating_S1_T5: color = [0.025, 0.025, 0.025]
12.0073 	EXP 	grating_S1_T5: phase = 0.5
12.0073 	EXP 	grating_S1_T5: color = [0.025, 0.025, 0.025]
12.0238 	EXP 	grating_S1_T5: phase = 0.0
12.0238 	EXP 	grating_S1_T5: color = [0.025, 0.025, 0.025]
12.0405 	EXP 	grating_S1_T5: phase = 0.5
12.0405 	EXP 	grating_S1_T5: color = [0.025, 0.025, 0.025]
12.0569 	EXP 	grating_S1_T5: phase = 0.5
12.0569 	EXP 	grating_S1_T5: color = [0.025, 0.025, 0.025]
12.0745 	EXP 	grating_S1_T5: phase = 0.0
12.0745 	EXP 	grating_S1_T5: color = [0.025, 0.025, 0.025]
12.0906 	EXP 	grating_S1_T5: phase = 0.5
12.0906 	EXP 	grating_S1_T5: color = [0.025, 0.025, 0.025]
12.1073 	EXP 	grating_S1_T5: phase = 0.5
12.1073 	EXP 	grating_S1_T5: color = [0.025, 0.025, 0.025]
12.1236 	EXP 	grating_S1_T5: phase = 0.0
12.1236 	EXP 	grating_S1_T5: color = [0.024239767200197094, 0.024239767200197094, 0.024239767200197094]
12.1399 	EXP 	grating_S1_T5: phase = 0.5
12.1399 	EXP 	grating_S1_T5: color = [0.023428680800134317, 0.023428680800134317, 0.023428680800134317]
12.1567 	EXP 	grating_S1_T5: phase = 0.5
12.1567 	EXP 	grating_S1_T5: color = [0.022608420049800772, 0.022608420049800772, 0.022608420049800772]
12.1733 	EXP 	grating_S1_T5: phase = 0.0
12.1733 	EXP 	grating_S1_T5: color = [0.02177386680050404, 0.02177386680050404, 0.02177386680050404]
12.1902 	EXP 	grating_S1_T5: phase = 0.5
12.1902 	EXP 	grating_S1_T5: color = [0.0209480359502777, 0.0209480359502777, 0.0209480359502777]
12.2070 	EXP 	grating_S1_T5: phase = 0.5
12.2070 	EXP 	grating_S1_T5: color = [0.020094561050063933, 0.020094561050063933, 0.020094561050063933]
12.2235 	EXP 	grating_S1_T5: phase = 0.0
12.2235 	EXP 	grating_S1_T5: color = [0.019259077699825867, 0.019259077699825867, 0.019259077699825867]
12.2401 	EXP 	grating_S1_T5: phase = 0.5
12.2401 	EXP 	grating_S1_T5: color = [0.01842604345001746, 0.01842604345001746, 0.01842604345001746]
12.2580 	EXP 	grating_S1_T5: phase = 0.5
12.2580 	EXP 	grating_S1_T5: color = [0.01760455625044415, 0.01760455625044415, 0.01760455625044415]
12.2739 	EXP 	grating_S1_T5: phase = 0.0
12.2739 	EXP 	grating_S1_T5: color = [0.01670915295035229, 0.01670915295035229, 0.01670915295035229]
12.2899 	EXP 	grating_S1_T5: phase = 0.5
12.2899 	EXP 	grating_S1_T5: color = [0.01591182820047834, 0.01591182820047834, 0.01591182820047834]
12.3065 	EXP 	grating_S1_T5: phase = 0.5
12.3065 	EXP 	grating_S1_T5: color = [0.01510996229990269, 0.01510996229990269, 0.01510996229990269]
12.3241 	EXP 	grating_S1_T5: phase = 0.0
12.3241 	EXP 	grating_S1_T5: color = [0.014276460600376595, 0.014276460600376595, 0.014276460600376595]
12.3399 	EXP 	grating_S1_T5: phase = 0.5
12.3399 	EXP 	grating_S1_T5: color = [0.013403379749797752, 0.013403379749797752, 0.013403379749797752]
12.3575 	EXP 	grating_S1_T5: phase = 0.5
12.3575 	EXP 	grating_S1_T5: color = [0.012606900250102627, 0.012606900250102627, 0.012606900250102627]
12.3739 	EXP 	grating_S1_T5: phase = 0.0
12.3739 	EXP 	grating_S1_T5: color = [0.011737025350157637, 0.011737025350157637, 0.011737025350157637]
12.3902 	EXP 	grating_S1_T5: phase = 0.5
12.3902 	EXP 	grating_S1_T5: color = [0.010914183050044813, 0.010914183050044813, 0.010914183050044813]
12.4076 	EXP 	grating_S1_T5: phase = 0.5
12.4076 	EXP 	grating_S1_T5: color = [0.010095161200297298, 0.010095161200297298, 0.010095161200297298]
12.4241 	EXP 	grating_S1_T5: phase = 0.0
12.4241 	EXP 	grating_S1_T5: color = [0.009226576700166333, 0.009226576700166333, 0.009226576700166333]
12.4404 	EXP 	grating_S1_T5: phase = 0.5
12.4404 	EXP 	grating_S1_T5: color = [0.008402451350411866, 0.008402451350411866, 0.008402451350411866]
12.4567 	EXP 	grating_S1_T5: phase = 0.5
12.4567 	EXP 	grating_S1_T5: color = [0.0075899424002273015, 0.0075899424002273015, 0.0075899424002273015]
12.4734 	EXP 	grating_S1_T5: phase = 0.0
12.4734 	EXP 	grating_S1_T5: color = [0.006767726549878717, 0.006767726549878717, 0.006767726549878717]
12.4900 	EXP 	grating_S1_T5: phase = 0.5
12.4900 	EXP 	grating_S1_T5: color = [0.005938716550008394, 0.005938716550008394, 0.005938716550008394]
12.5062 	EXP 	grating_S1_T5: phase = 0.5
12.5062 	EXP 	grating_S1_T5: color = [0.005108216049848124, 0.005108216049848124, 0.005108216049848124]
12.5236 	EXP 	grating_S1_T5: phase = 0.0
12.5236 	EXP 	grating_S1_T5: color = [0.004302656450454379, 0.004302656450454379, 0.004302656450454379]
12.5405 	EXP 	grating_S1_T5: phase = 0.5
12.5405 	EXP 	grating_S1_T5: color = [0.0034232423000503335, 0.0034232423000503335, 0.0034232423000503335]
12.5573 	EXP 	grating_S1_T5: phase = 0.5
12.5573 	EXP 	grating_S1_T5: color = [0.0025816127505095213, 0.0025816127505095213, 0.0025816127505095213]
12.5728 	EXP 	grating_S1_T5: phase = 0.0
12.5728 	EXP 	grating_S1_T5: color = [0.0017423565004719421, 0.0017423565004719421, 0.0017423565004719421]
12.5903 	EXP 	grating_S1_T5: phase = 0.5
12.5903 	EXP 	grating_S1_T5: color = [0.0009734555998875294, 0.0009734555998875294, 0.0009734555998875294]
12.6066 	EXP 	grating_S1_T5: phase = 0.5
12.6066 	EXP 	grating_S1_T5: color = [9.332914996775799e-05, 9.332914996775799e-05, 9.332914996775799e-05]
12.8837 	EXP 	window1: mouseVisible = True
