72.3537 	WARNING 	User requested fullscreen with size [1920 1080], but screen is actually [2560, 1440]. Using actual size
73.4428 	EXP 	Created window1 = Window(allowGUI=False, allowStencil=False, args=UNKNOWN, autoLog=True, bitsMode=UNKNOWN, blendMode='avg', color=array([0., 0., 0.]), colorSpace='rgb', fullscr=<method-wrapper '__getattribute__' of attributeSetter object at 0x12a53ff28>, gamma=None, kwargs=UNKNOWN, lms=UNKNOWN, monitor=<psychopy.monitors.calibTools.Monitor object at 0x12b0a0e48>, multiSample=False, name='window1', numSamples=2, pos=[0.0, 0.0], screen=0, size=array([2560, 1440]), stereo=False, units='deg', useFBO=True, useRetina=False, viewOri=0.0, viewPos=None, viewScale=None, waitBlanking=True, winType='pyglet')
73.6399 	EXP 	Created instrText = TextStim(__class__=<class 'psychopy.visual.text.TextStim'>, alignHoriz='center', alignVert='center', antialias=True, autoLog=True, bold=False, color='white', colorSpace='named', contrast=1.0, depth=0.0, flipHoriz=False, flipVert=False, font='Arial', fontFiles=[], height=1, italic=False, languageStyle='LTR', name='instrText', opacity=1.0, ori=0, pos=array([0., 0.]), rgb=array([255., 255., 255.]), text=str(...), units='deg', win=Window(...), wrapWidth=15.0)
73.6546 	EXP 	Created fixation = GratingStim(__class__=<class 'psychopy.visual.grating.GratingStim'>, autoDraw=False, autoLog=True, blendmode='avg', color='black', colorSpace='named', contrast=1.0, depth=-2.0, interpolate=True, mask='gauss', maskParams=None, name='fixation', opacity=1.0, ori=0.0, phase=array([0., 0.]), pos=array([0., 0.]), rgbPedestal=array([0., 0., 0.]), sf=array([1., 1.]), size=array([1., 1.]), tex=None, texRes=128, units='deg', win=Window(...))
73.6569 	EXP 	Created grating = GratingStim(__class__=<class 'psychopy.visual.grating.GratingStim'>, autoDraw=False, autoLog=True, blendmode='avg', color=array([0.5, 0.5, 0.5]), colorSpace='rgb', contrast=1.0, depth=0.0, interpolate=True, mask='gauss', maskParams=None, name='grating', opacity=1.0, ori=1.0, phase=array([0., 0.]), pos=array([0., 0.]), rgbPedestal=array([0., 0., 0.]), sf=array([1., 1.]), size=array([1., 1.]), tex='sin', texRes=128, units='deg', win=Window(...))
73.6901 	EXP 	Created thanksMsg = TextStim(__class__=<class 'psychopy.visual.text.TextStim'>, alignHoriz='center', alignVert='center', antialias=True, autoLog=True, bold=False, color=array([1., 1., 1.]), colorSpace='rgb', contrast=1.0, depth=0.0, flipHoriz=False, flipVert=False, font='Arial', fontFiles=[], height=0.1, italic=False, languageStyle='LTR', name='thanksMsg', opacity=1.0, ori=0, pos=array([0., 0.]), rgb=array([1., 1., 1.]), text=str(...), units='deg', win=Window(...), wrapWidth=15.0)
73.7263 	EXP 	instrText: autoDraw = True
87.5236 	DATA 	Keypress: space
87.5799 	EXP 	Imported stairDefinitions.xlsx as conditions, 4 conditions, 9 params
87.7700 	EXP 	window1: recordFrameIntervals = False
87.7876 	EXP 	instrText: autoDraw = False
87.7876 	EXP 	grating: color = '[0.001 0.001 0.001] (rgb)'
87.7876 	EXP 	grating: size = array([3.6, 3.6])
87.7876 	EXP 	grating: ori = 0.0
87.7876 	EXP 	grating: sf = array([12., 12.])
87.7877 	EXP 	window1: recordFrameIntervals = False
87.7877 	WARNING 	We overshot the intended duration of ISI by 0.7677s. The intervening code took too long to execute.
88.0545 	EXP 	fixation: autoDraw = True
88.6398 	EXP 	fixation: autoDraw = False
88.7901 	EXP 	grating: autoDraw = True
91.6619 	DATA 	Keypress: right
91.6633 	EXP 	window1: recordFrameIntervals = False
91.6755 	EXP 	fixation: autoDraw = False
91.6755 	EXP 	grating: autoDraw = False
91.6755 	EXP 	grating: color = '[0.001 0.001 0.001] (rgb)'
91.6755 	EXP 	grating: size = array([3.6, 3.6])
91.6755 	EXP 	grating: ori = 90.0
91.6755 	EXP 	grating: sf = array([1.2, 1.2])
91.6756 	EXP 	window1: recordFrameIntervals = False
91.6756 	WARNING 	We overshot the intended duration of ISI by 0.7623s. The intervening code took too long to execute.
91.9430 	EXP 	fixation: autoDraw = True
92.5268 	EXP 	fixation: autoDraw = False
92.6937 	EXP 	grating: autoDraw = True
94.1956 	DATA 	Keypress: up
94.1970 	EXP 	window1: recordFrameIntervals = False
94.2113 	EXP 	fixation: autoDraw = False
94.2113 	EXP 	grating: autoDraw = False
94.2113 	EXP 	grating: color = '[0.3 0.3 0.3] (rgb)'
94.2113 	EXP 	grating: size = array([3.6, 3.6])
94.2113 	EXP 	grating: ori = 90.0
94.2113 	EXP 	grating: sf = array([1.2, 1.2])
94.2113 	EXP 	window1: recordFrameIntervals = False
94.2114 	WARNING 	We overshot the intended duration of ISI by 0.7643s. The intervening code took too long to execute.
94.4784 	EXP 	fixation: autoDraw = True
95.0623 	EXP 	fixation: autoDraw = False
95.2285 	EXP 	grating: autoDraw = True
96.2479 	DATA 	Keypress: right
96.2493 	EXP 	window1: recordFrameIntervals = False
96.2634 	EXP 	fixation: autoDraw = False
96.2634 	EXP 	grating: autoDraw = False
96.2634 	EXP 	grating: color = '[0.3 0.3 0.3] (rgb)'
96.2634 	EXP 	grating: size = array([3.6, 3.6])
96.2634 	EXP 	grating: ori = 90.0
96.2634 	EXP 	grating: sf = array([12., 12.])
96.2634 	EXP 	window1: recordFrameIntervals = False
96.2634 	WARNING 	We overshot the intended duration of ISI by 0.7642s. The intervening code took too long to execute.
96.5300 	EXP 	fixation: autoDraw = True
97.1138 	EXP 	fixation: autoDraw = False
97.2808 	EXP 	grating: autoDraw = True
98.1153 	DATA 	Keypress: right
98.1168 	EXP 	window1: recordFrameIntervals = False
98.1311 	EXP 	fixation: autoDraw = False
98.1311 	EXP 	grating: autoDraw = False
98.1311 	EXP 	grating: color = '[0.02506749 0.02506749 0.02506749] (rgb)'
98.1311 	EXP 	grating: size = array([3.6, 3.6])
98.1311 	EXP 	grating: ori = 0.0
98.1311 	EXP 	grating: sf = array([12., 12.])
98.1311 	EXP 	window1: recordFrameIntervals = False
98.1311 	WARNING 	We overshot the intended duration of ISI by 0.7644s. The intervening code took too long to execute.
98.3982 	EXP 	fixation: autoDraw = True
98.9819 	EXP 	fixation: autoDraw = False
99.1484 	EXP 	grating: autoDraw = True
99.8676 	DATA 	Keypress: up
99.8690 	EXP 	window1: recordFrameIntervals = False
99.8831 	EXP 	fixation: autoDraw = False
99.8831 	EXP 	grating: autoDraw = False
99.8831 	EXP 	grating: color = '[0.02506749 0.02506749 0.02506749] (rgb)'
99.8831 	EXP 	grating: size = array([3.6, 3.6])
99.8831 	EXP 	grating: ori = 90.0
99.8831 	EXP 	grating: sf = array([1.2, 1.2])
99.8832 	EXP 	window1: recordFrameIntervals = False
99.8832 	WARNING 	We overshot the intended duration of ISI by 0.7642s. The intervening code took too long to execute.
100.1498 	EXP 	fixation: autoDraw = True
100.7333 	EXP 	fixation: autoDraw = False
100.9000 	EXP 	grating: autoDraw = True
101.4186 	DATA 	Keypress: right
101.4200 	EXP 	window1: recordFrameIntervals = False
101.4343 	EXP 	fixation: autoDraw = False
101.4343 	EXP 	grating: autoDraw = False
101.4343 	EXP 	grating: color = '[0.32406749 0.32406749 0.32406749] (rgb)'
101.4343 	EXP 	grating: size = array([3.6, 3.6])
101.4343 	EXP 	grating: ori = 0.0
101.4343 	EXP 	grating: sf = array([1.2, 1.2])
101.4344 	EXP 	window1: recordFrameIntervals = False
101.4344 	WARNING 	We overshot the intended duration of ISI by 0.7644s. The intervening code took too long to execute.
101.7009 	EXP 	fixation: autoDraw = True
102.2849 	EXP 	fixation: autoDraw = False
102.4515 	EXP 	grating: autoDraw = True
103.0196 	DATA 	Keypress: up
103.0212 	EXP 	window1: recordFrameIntervals = False
103.0355 	EXP 	fixation: autoDraw = False
103.0355 	EXP 	grating: autoDraw = False
103.0355 	EXP 	grating: color = '[0.32406749 0.32406749 0.32406749] (rgb)'
103.0355 	EXP 	grating: size = array([3.6, 3.6])
103.0355 	EXP 	grating: ori = 90.0
103.0355 	EXP 	grating: sf = array([12., 12.])
103.0356 	EXP 	window1: recordFrameIntervals = False
103.0356 	WARNING 	We overshot the intended duration of ISI by 0.7644s. The intervening code took too long to execute.
103.3018 	EXP 	fixation: autoDraw = True
103.8858 	EXP 	fixation: autoDraw = False
104.0529 	EXP 	grating: autoDraw = True
104.7384 	DATA 	Keypress: right
104.7398 	EXP 	window1: recordFrameIntervals = False
104.7530 	EXP 	fixation: autoDraw = False
104.7530 	EXP 	grating: autoDraw = False
104.7530 	EXP 	grating: color = '[0.33997471 0.33997471 0.33997471] (rgb)'
104.7530 	EXP 	grating: size = array([3.6, 3.6])
104.7530 	EXP 	grating: ori = 90.0
104.7530 	EXP 	grating: sf = array([1.2, 1.2])
104.7531 	EXP 	window1: recordFrameIntervals = False
104.7531 	WARNING 	We overshot the intended duration of ISI by 0.7632s. The intervening code took too long to execute.
105.0200 	EXP 	fixation: autoDraw = True
105.6037 	EXP 	fixation: autoDraw = False
105.7713 	EXP 	grating: autoDraw = True
106.3728 	DATA 	Keypress: right
106.3742 	EXP 	window1: recordFrameIntervals = False
106.3885 	EXP 	fixation: autoDraw = False
106.3885 	EXP 	grating: autoDraw = False
106.3885 	EXP 	grating: color = '[0.04097471 0.04097471 0.04097471] (rgb)'
106.3885 	EXP 	grating: size = array([3.6, 3.6])
106.3885 	EXP 	grating: ori = 0.0
106.3885 	EXP 	grating: sf = array([12., 12.])
106.3886 	EXP 	window1: recordFrameIntervals = False
106.3886 	WARNING 	We overshot the intended duration of ISI by 0.7644s. The intervening code took too long to execute.
106.6551 	EXP 	fixation: autoDraw = True
107.2386 	EXP 	fixation: autoDraw = False
107.4054 	EXP 	grating: autoDraw = True
108.0745 	DATA 	Keypress: up
108.0759 	EXP 	window1: recordFrameIntervals = False
108.0892 	EXP 	fixation: autoDraw = False
108.0892 	EXP 	grating: autoDraw = False
108.0892 	EXP 	grating: color = '[0.33997471 0.33997471 0.33997471] (rgb)'
108.0892 	EXP 	grating: size = array([3.6, 3.6])
108.0892 	EXP 	grating: ori = 90.0
108.0892 	EXP 	grating: sf = array([12., 12.])
108.0893 	EXP 	window1: recordFrameIntervals = False
108.0893 	WARNING 	We overshot the intended duration of ISI by 0.7634s. The intervening code took too long to execute.
108.3565 	EXP 	fixation: autoDraw = True
108.9404 	EXP 	fixation: autoDraw = False
109.1065 	EXP 	grating: autoDraw = True
109.5591 	DATA 	Keypress: right
109.5605 	EXP 	window1: recordFrameIntervals = False
109.5737 	EXP 	fixation: autoDraw = False
109.5737 	EXP 	grating: autoDraw = False
109.5737 	EXP 	grating: color = '[0.04097471 0.04097471 0.04097471] (rgb)'
109.5737 	EXP 	grating: size = array([3.6, 3.6])
109.5737 	EXP 	grating: ori = 0.0
109.5737 	EXP 	grating: sf = array([1.2, 1.2])
109.5738 	EXP 	window1: recordFrameIntervals = False
109.5738 	WARNING 	We overshot the intended duration of ISI by 0.7634s. The intervening code took too long to execute.
109.8413 	EXP 	fixation: autoDraw = True
110.4247 	EXP 	fixation: autoDraw = False
110.5917 	EXP 	grating: autoDraw = True
111.1598 	DATA 	Keypress: up
111.1613 	EXP 	window1: recordFrameIntervals = False
111.1756 	EXP 	fixation: autoDraw = False
111.1756 	EXP 	grating: autoDraw = False
111.1756 	EXP 	grating: color = '[0.35498187 0.35498187 0.35498187] (rgb)'
111.1756 	EXP 	grating: size = array([3.6, 3.6])
111.1756 	EXP 	grating: ori = 90.0
111.1756 	EXP 	grating: sf = array([12., 12.])
111.1756 	EXP 	window1: recordFrameIntervals = False
111.1757 	WARNING 	We overshot the intended duration of ISI by 0.7644s. The intervening code took too long to execute.
111.4420 	EXP 	fixation: autoDraw = True
112.0263 	EXP 	fixation: autoDraw = False
112.1926 	EXP 	grating: autoDraw = True
112.6608 	DATA 	Keypress: right
112.6623 	EXP 	window1: recordFrameIntervals = False
112.6766 	EXP 	fixation: autoDraw = False
112.6766 	EXP 	grating: autoDraw = False
112.6766 	EXP 	grating: color = '[0.05598187 0.05598187 0.05598187] (rgb)'
112.6766 	EXP 	grating: size = array([3.6, 3.6])
112.6766 	EXP 	grating: ori = 90.0
112.6766 	EXP 	grating: sf = array([1.2, 1.2])
112.6771 	EXP 	window1: recordFrameIntervals = False
112.6771 	WARNING 	We overshot the intended duration of ISI by 0.7648s. The intervening code took too long to execute.
112.9438 	EXP 	fixation: autoDraw = True
113.5271 	EXP 	fixation: autoDraw = False
113.6942 	EXP 	grating: autoDraw = True
114.1453 	DATA 	Keypress: right
114.1467 	EXP 	window1: recordFrameIntervals = False
114.1610 	EXP 	fixation: autoDraw = False
114.1610 	EXP 	grating: autoDraw = False
114.1610 	EXP 	grating: color = '[0.35498187 0.35498187 0.35498187] (rgb)'
114.1610 	EXP 	grating: size = array([3.6, 3.6])
114.1610 	EXP 	grating: ori = 90.0
114.1610 	EXP 	grating: sf = array([1.2, 1.2])
114.1611 	EXP 	window1: recordFrameIntervals = False
114.1611 	WARNING 	We overshot the intended duration of ISI by 0.7644s. The intervening code took too long to execute.
114.4278 	EXP 	fixation: autoDraw = True
115.0118 	EXP 	fixation: autoDraw = False
115.1787 	EXP 	grating: autoDraw = True
115.3138 	DATA 	Keypress: escape
115.6191 	EXP 	window1: mouseVisible = True
