37.3166 	WARNING 	User requested fullscreen with size [1920 1080], but screen is actually [2560, 1440]. Using actual size
38.3550 	EXP 	Created window1 = Window(allowGUI=False, allowStencil=False, args=UNKNOWN, autoLog=True, bitsMode=UNKNOWN, blendMode='avg', color=array([0., 0., 0.]), colorSpace='rgb', fullscr=<method-wrapper '__getattribute__' of attributeSetter object at 0x12aefeda0>, gamma=None, kwargs=UNKNOWN, lms=UNKNOWN, monitor=<psychopy.monitors.calibTools.Monitor object at 0x12b588198>, multiSample=False, name='window1', numSamples=2, pos=[0.0, 0.0], screen=0, size=array([2560, 1440]), stereo=False, units='deg', useFBO=True, useRetina=False, viewOri=0.0, viewPos=None, viewScale=None, waitBlanking=True, winType='pyglet')
38.3550 	EXP 	window1: recordFrameIntervals = False
38.5210 	EXP 	window1: recordFrameIntervals = True
38.7043 	EXP 	window1: recordFrameIntervals = False
38.9701 	EXP 	Created instrText = TextStim(__class__=<class 'psychopy.visual.text.TextStim'>, alignHoriz='center', alignVert='center', antialias=True, autoLog=True, bold=False, color='white', colorSpace='named', contrast=1.0, depth=0.0, flipHoriz=False, flipVert=False, font='Arial', fontFiles=[], height=1, italic=False, languageStyle='LTR', name='instrText', opacity=1.0, ori=0, pos=array([0., 0.]), rgb=array([255., 255., 255.]), text=str(...), units='deg', win=Window(...), wrapWidth=15.0)
38.9724 	EXP 	Created fixation = GratingStim(__class__=<class 'psychopy.visual.grating.GratingStim'>, autoDraw=False, autoLog=True, blendmode='avg', color='black', colorSpace='named', contrast=1.0, depth=-2.0, interpolate=True, mask='gauss', maskParams=None, name='fixation', opacity=1.0, ori=0.0, phase=array([0., 0.]), pos=array([0., 0.]), rgbPedestal=array([0., 0., 0.]), sf=array([1., 1.]), size=array([1., 1.]), tex=None, texRes=128, units='deg', win=Window(...))
38.9748 	EXP 	Created grating = GratingStim(__class__=<class 'psychopy.visual.grating.GratingStim'>, autoDraw=False, autoLog=True, blendmode='avg', color='white', colorSpace='named', contrast=1.0, depth=-3.0, interpolate=True, mask='gauss', maskParams=None, name='grating', opacity=1.0, ori=1.0, phase=array([0., 0.]), pos=array([0., 0.]), rgbPedestal=array([0., 0., 0.]), sf=array([1., 1.]), size=array([1., 1.]), tex='sin', texRes=128, units='deg', win=Window(...))
38.9981 	EXP 	Created thanksMsg = TextStim(__class__=<class 'psychopy.visual.text.TextStim'>, alignHoriz='center', alignVert='center', antialias=True, autoLog=True, bold=False, color=array([1., 1., 1.]), colorSpace='rgb', contrast=1.0, depth=0.0, flipHoriz=False, flipVert=False, font='Arial', fontFiles=[], height=0.1, italic=False, languageStyle='LTR', name='thanksMsg', opacity=1.0, ori=0, pos=array([0., 0.]), rgb=array([1., 1., 1.]), text=str(...), units='deg', win=Window(...), wrapWidth=15.0)
39.0383 	EXP 	instrText: autoDraw = True
40.3421 	DATA 	Keypress: right
40.3978 	EXP 	Imported stairDefinitions.xlsx as conditions, 4 conditions, 9 params
40.6053 	EXP 	window1: recordFrameIntervals = False
40.6230 	EXP 	instrText: autoDraw = False
40.6230 	EXP 	grating: color = '[0.001 0.001 0.001] (rgb)'
40.6230 	EXP 	grating: size = array([3.6, 3.6])
40.6230 	EXP 	grating: ori = 0.0
40.6230 	EXP 	grating: sf = array([12., 12.])
40.6231 	EXP 	window1: recordFrameIntervals = False
40.8725 	EXP 	fixation: autoDraw = True
41.4728 	EXP 	fixation: autoDraw = False
41.6234 	EXP 	grating: phase = 0.0
41.6234 	EXP 	grating: color = [4.042665939778089e-06, 4.042665939778089e-06, 4.042665939778089e-06]
41.6568 	EXP 	grating: phase = 0.0
41.6568 	EXP 	grating: color = [7.00975456275046e-05, 7.00975456275046e-05, 7.00975456275046e-05]
41.6902 	EXP 	grating: phase = 0.0
41.6902 	EXP 	grating: color = [0.0001377742700278759, 0.0001377742700278759, 0.0001377742700278759]
41.7237 	EXP 	grating: phase = 0.0
41.7237 	EXP 	grating: color = [0.00020408930396661164, 0.00020408930396661164, 0.00020408930396661164]
41.7567 	EXP 	grating: phase = 0.0
41.7567 	EXP 	grating: color = [0.00027128507383167744, 0.00027128507383167744, 0.00027128507383167744]
41.7902 	EXP 	grating: phase = 0.0
41.7902 	EXP 	grating: color = [0.0003378989677876234, 0.0003378989677876234, 0.0003378989677876234]
41.8236 	EXP 	grating: phase = 0.0
41.8236 	EXP 	grating: color = [0.0004047672096639872, 0.0004047672096639872, 0.0004047672096639872]
41.8572 	EXP 	grating: phase = 0.0
41.8572 	EXP 	grating: color = [0.00047148867789655925, 0.00047148867789655925, 0.00047148867789655925]
41.8904 	EXP 	grating: phase = 0.0
41.8904 	EXP 	grating: color = [0.0005381747777573764, 0.0005381747777573764, 0.0005381747777573764]
41.9237 	EXP 	grating: phase = 0.0
41.9237 	EXP 	grating: color = [0.0006048053517006338, 0.0006048053517006338, 0.0006048053517006338]
41.9570 	EXP 	grating: phase = 0.0
41.9570 	EXP 	grating: color = [0.0006715213637799025, 0.0006715213637799025, 0.0006715213637799025]
41.9904 	EXP 	grating: phase = 0.0
41.9904 	EXP 	grating: color = [0.0007383358436636627, 0.0007383358436636627, 0.0007383358436636627]
42.0238 	EXP 	grating: phase = 0.0
42.0238 	EXP 	grating: color = [0.0008049713037908078, 0.0008049713037908078, 0.0008049713037908078]
42.0570 	EXP 	grating: phase = 0.0
42.0570 	EXP 	grating: color = [0.0008713623937219382, 0.0008713623937219382, 0.0008713623937219382]
42.0906 	EXP 	grating: phase = 0.0
42.0906 	EXP 	grating: color = [0.0009382793977856637, 0.0009382793977856637, 0.0009382793977856637]
42.1238 	EXP 	grating: phase = 0.5
42.1238 	EXP 	grating: color = [0.001, 0.001, 0.001]
42.1571 	EXP 	grating: phase = 0.5
42.1571 	EXP 	grating: color = [0.001, 0.001, 0.001]
42.1905 	EXP 	grating: phase = 0.5
42.1905 	EXP 	grating: color = [0.001, 0.001, 0.001]
42.2240 	EXP 	grating: phase = 0.5
42.2240 	EXP 	grating: color = [0.001, 0.001, 0.001]
42.2572 	EXP 	grating: phase = 0.5
42.2572 	EXP 	grating: color = [0.001, 0.001, 0.001]
42.2907 	EXP 	grating: phase = 0.5
42.2907 	EXP 	grating: color = [0.001, 0.001, 0.001]
42.3239 	EXP 	grating: phase = 0.5
42.3239 	EXP 	grating: color = [0.001, 0.001, 0.001]
42.3571 	EXP 	grating: phase = 0.5
42.3571 	EXP 	grating: color = [0.001, 0.001, 0.001]
42.3911 	EXP 	grating: phase = 0.5
42.3911 	EXP 	grating: color = [0.001, 0.001, 0.001]
42.4239 	EXP 	grating: phase = 0.5
42.4239 	EXP 	grating: color = [0.001, 0.001, 0.001]
42.4577 	EXP 	grating: phase = 0.5
42.4577 	EXP 	grating: color = [0.001, 0.001, 0.001]
42.4912 	EXP 	grating: phase = 0.5
42.4912 	EXP 	grating: color = [0.001, 0.001, 0.001]
42.5245 	EXP 	grating: phase = 0.5
42.5245 	EXP 	grating: color = [0.001, 0.001, 0.001]
42.5577 	EXP 	grating: phase = 0.5
42.5577 	EXP 	grating: color = [0.001, 0.001, 0.001]
42.5909 	EXP 	grating: phase = 0.5
42.5909 	EXP 	grating: color = [0.001, 0.001, 0.001]
42.6240 	EXP 	grating: phase = 0.0
42.6240 	EXP 	grating: color = [0.001, 0.001, 0.001]
42.6579 	EXP 	grating: phase = 0.0
42.6579 	EXP 	grating: color = [0.001, 0.001, 0.001]
42.6906 	EXP 	grating: phase = 0.0
42.6906 	EXP 	grating: color = [0.001, 0.001, 0.001]
42.7237 	EXP 	grating: phase = 0.0
42.7237 	EXP 	grating: color = [0.001, 0.001, 0.001]
42.7578 	EXP 	grating: phase = 0.0
42.7578 	EXP 	grating: color = [0.001, 0.001, 0.001]
42.7913 	EXP 	grating: phase = 0.0
42.7913 	EXP 	grating: color = [0.001, 0.001, 0.001]
42.8244 	EXP 	grating: phase = 0.0
42.8244 	EXP 	grating: color = [0.001, 0.001, 0.001]
42.8583 	EXP 	grating: phase = 0.0
42.8583 	EXP 	grating: color = [0.001, 0.001, 0.001]
42.8909 	EXP 	grating: phase = 0.0
42.8909 	EXP 	grating: color = [0.001, 0.001, 0.001]
42.9246 	EXP 	grating: phase = 0.0
42.9246 	EXP 	grating: color = [0.001, 0.001, 0.001]
42.9578 	EXP 	grating: phase = 0.0
42.9578 	EXP 	grating: color = [0.001, 0.001, 0.001]
42.9913 	EXP 	grating: phase = 0.0
42.9913 	EXP 	grating: color = [0.001, 0.001, 0.001]
43.0244 	EXP 	grating: phase = 0.0
43.0244 	EXP 	grating: color = [0.001, 0.001, 0.001]
43.0581 	EXP 	grating: phase = 0.0
43.0581 	EXP 	grating: color = [0.001, 0.001, 0.001]
43.0909 	EXP 	grating: phase = 0.0
43.0909 	EXP 	grating: color = [0.001, 0.001, 0.001]
43.1249 	EXP 	grating: phase = 0.5
43.1249 	EXP 	grating: color = [0.0009933402980677785, 0.0009933402980677785, 0.0009933402980677785]
43.1579 	EXP 	grating: phase = 0.5
43.1579 	EXP 	grating: color = [0.0009265923481434584, 0.0009265923481434584, 0.0009265923481434584]
43.1913 	EXP 	grating: phase = 0.5
43.1913 	EXP 	grating: color = [0.0008601503283716739, 0.0008601503283716739, 0.0008601503283716739]
43.2247 	EXP 	grating: phase = 0.5
43.2247 	EXP 	grating: color = [0.0007930076159536839, 0.0007930076159536839, 0.0007930076159536839]
43.2581 	EXP 	grating: phase = 0.5
43.2581 	EXP 	grating: color = [0.0007264069141820073, 0.0007264069141820073, 0.0007264069141820073]
43.2916 	EXP 	grating: phase = 0.5
43.2916 	EXP 	grating: color = [0.000659926997963339, 0.000659926997963339, 0.000659926997963339]
43.3248 	EXP 	grating: phase = 0.5
43.3248 	EXP 	grating: color = [0.0005929700960405171, 0.0005929700960405171, 0.0005929700960405171]
43.3583 	EXP 	grating: phase = 0.5
43.3583 	EXP 	grating: color = [0.0005262481342069805, 0.0005262481342069805, 0.0005262481342069805]
43.3911 	EXP 	grating: phase = 0.5
43.3911 	EXP 	grating: color = [0.0004594224621541798, 0.0004594224621541798, 0.0004594224621541798]
43.4245 	EXP 	grating: phase = 0.5
43.4245 	EXP 	grating: color = [0.0003928113882429898, 0.0003928113882429898, 0.0003928113882429898]
43.4584 	EXP 	grating: phase = 0.5
43.4584 	EXP 	grating: color = [0.0003256396441720426, 0.0003256396441720426, 0.0003256396441720426]
43.4918 	EXP 	grating: phase = 0.5
43.4918 	EXP 	grating: color = [0.00025935127632692456, 0.00025935127632692456, 0.00025935127632692456]
43.5252 	EXP 	grating: phase = 0.5
43.5252 	EXP 	grating: color = [0.00019252605829387905, 0.00019252605829387905, 0.00019252605829387905]
43.5584 	EXP 	grating: phase = 0.5
43.5584 	EXP 	grating: color = [0.00012604111013934016, 0.00012604111013934016, 0.00012604111013934016]
43.5917 	EXP 	grating: phase = 0.5
43.5917 	EXP 	grating: color = [5.944829434156418e-05, 5.944829434156418e-05, 5.944829434156418e-05]
43.6255 	EXP 	grating: phase = 0.0
43.6255 	EXP 	grating: color = [0.001, 0.001, 0.001]
43.6585 	EXP 	grating: phase = 0.0
43.6585 	EXP 	grating: color = [0.001, 0.001, 0.001]
43.6922 	EXP 	grating: phase = 0.0
43.6922 	EXP 	grating: color = [0.001, 0.001, 0.001]
43.7249 	EXP 	grating: phase = 0.0
43.7249 	EXP 	grating: color = [0.001, 0.001, 0.001]
43.7584 	EXP 	grating: phase = 0.0
43.7584 	EXP 	grating: color = [0.001, 0.001, 0.001]
43.7919 	EXP 	grating: phase = 0.0
43.7919 	EXP 	grating: color = [0.001, 0.001, 0.001]
43.8252 	EXP 	grating: phase = 0.0
43.8252 	EXP 	grating: color = [0.001, 0.001, 0.001]
43.8588 	EXP 	grating: phase = 0.0
43.8588 	EXP 	grating: color = [0.001, 0.001, 0.001]
43.8921 	EXP 	grating: phase = 0.0
43.8921 	EXP 	grating: color = [0.001, 0.001, 0.001]
43.9257 	EXP 	grating: phase = 0.0
43.9257 	EXP 	grating: color = [0.001, 0.001, 0.001]
43.9589 	EXP 	grating: phase = 0.0
43.9589 	EXP 	grating: color = [0.001, 0.001, 0.001]
43.9919 	EXP 	grating: phase = 0.0
43.9919 	EXP 	grating: color = [0.001, 0.001, 0.001]
44.0256 	EXP 	grating: phase = 0.0
44.0256 	EXP 	grating: color = [0.001, 0.001, 0.001]
44.0589 	EXP 	grating: phase = 0.0
44.0589 	EXP 	grating: color = [0.001, 0.001, 0.001]
44.0924 	EXP 	grating: phase = 0.0
44.0924 	EXP 	grating: color = [0.001, 0.001, 0.001]
44.1256 	EXP 	grating: phase = 0.5
44.1256 	EXP 	grating: color = [0.001, 0.001, 0.001]
44.1589 	EXP 	grating: phase = 0.5
44.1589 	EXP 	grating: color = [0.001, 0.001, 0.001]
44.1922 	EXP 	grating: phase = 0.5
44.1922 	EXP 	grating: color = [0.001, 0.001, 0.001]
44.2257 	EXP 	grating: phase = 0.5
44.2257 	EXP 	grating: color = [0.001, 0.001, 0.001]
44.2590 	EXP 	grating: phase = 0.5
44.2590 	EXP 	grating: color = [0.001, 0.001, 0.001]
44.2923 	EXP 	grating: phase = 0.5
44.2923 	EXP 	grating: color = [0.001, 0.001, 0.001]
44.3258 	EXP 	grating: phase = 0.5
44.3258 	EXP 	grating: color = [0.001, 0.001, 0.001]
44.3594 	EXP 	grating: phase = 0.5
44.3594 	EXP 	grating: color = [0.001, 0.001, 0.001]
44.3924 	EXP 	grating: phase = 0.5
44.3924 	EXP 	grating: color = [0.001, 0.001, 0.001]
44.4256 	EXP 	grating: phase = 0.5
44.4256 	EXP 	grating: color = [0.001, 0.001, 0.001]
44.4591 	EXP 	grating: phase = 0.5
44.4591 	EXP 	grating: color = [0.001, 0.001, 0.001]
44.4929 	EXP 	grating: phase = 0.5
44.4929 	EXP 	grating: color = [0.001, 0.001, 0.001]
44.5259 	EXP 	grating: phase = 0.5
44.5259 	EXP 	grating: color = [0.001, 0.001, 0.001]
44.5592 	EXP 	grating: phase = 0.5
44.5592 	EXP 	grating: color = [0.001, 0.001, 0.001]
44.5926 	EXP 	grating: phase = 0.5
44.5926 	EXP 	grating: color = [0.001, 0.001, 0.001]
44.6262 	EXP 	grating: phase = 0.0
44.6262 	EXP 	grating: color = [0.001, 0.001, 0.001]
44.6592 	EXP 	grating: phase = 0.0
44.6592 	EXP 	grating: color = [0.001, 0.001, 0.001]
44.6926 	EXP 	grating: phase = 0.0
44.6926 	EXP 	grating: color = [0.001, 0.001, 0.001]
44.7261 	EXP 	grating: phase = 0.0
44.7261 	EXP 	grating: color = [0.001, 0.001, 0.001]
44.7595 	EXP 	grating: phase = 0.0
44.7595 	EXP 	grating: color = [0.001, 0.001, 0.001]
44.7924 	EXP 	grating: phase = 0.0
44.7924 	EXP 	grating: color = [0.001, 0.001, 0.001]
44.8259 	EXP 	grating: phase = 0.0
44.8259 	EXP 	grating: color = [0.001, 0.001, 0.001]
44.8595 	EXP 	grating: phase = 0.0
44.8595 	EXP 	grating: color = [0.001, 0.001, 0.001]
44.8928 	EXP 	grating: phase = 0.0
44.8928 	EXP 	grating: color = [0.001, 0.001, 0.001]
44.9258 	EXP 	grating: phase = 0.0
44.9258 	EXP 	grating: color = [0.001, 0.001, 0.001]
44.9273 	DATA 	Keypress: right
44.9289 	EXP 	window1: recordFrameIntervals = False
44.9435 	EXP 	fixation: autoDraw = False
44.9435 	EXP 	grating: autoDraw = False
44.9435 	EXP 	grating: color = '[0.001 0.001 0.001] (rgb)'
44.9435 	EXP 	grating: size = array([3.6, 3.6])
44.9435 	EXP 	grating: ori = 0.0
44.9435 	EXP 	grating: sf = array([1.2, 1.2])
44.9436 	EXP 	window1: recordFrameIntervals = False
45.2093 	EXP 	fixation: autoDraw = True
45.7932 	EXP 	fixation: autoDraw = False
45.9605 	EXP 	grating: phase = 0.0
45.9605 	EXP 	grating: color = [3.055582568049431e-05, 3.055582568049431e-05, 3.055582568049431e-05]
45.9938 	EXP 	grating: phase = 0.0
45.9938 	EXP 	grating: color = [9.76467039436102e-05, 9.76467039436102e-05, 9.76467039436102e-05]
46.0269 	EXP 	grating: phase = 0.0
46.0269 	EXP 	grating: color = [0.00016308472957462071, 0.00016308472957462071, 0.00016308472957462071]
46.0609 	EXP 	grating: phase = 0.0
46.0609 	EXP 	grating: color = [0.00023112727561965584, 0.00023112727561965584, 0.00023112727561965584]
46.0943 	EXP 	grating: phase = 0.0
46.0943 	EXP 	grating: color = [0.0002983865337446332, 0.0002983865337446332, 0.0002983865337446332]
46.1266 	EXP 	grating: phase = 0.0
46.1266 	EXP 	grating: color = [0.00036521479394286874, 0.00036521479394286874, 0.00036521479394286874]
46.1608 	EXP 	grating: phase = 0.0
46.1608 	EXP 	grating: color = [0.0004298610338009894, 0.0004298610338009894, 0.0004298610338009894]
46.1936 	EXP 	grating: phase = 0.0
46.1936 	EXP 	grating: color = [0.0004982005315832794, 0.0004982005315832794, 0.0004982005315832794]
46.2277 	EXP 	grating: phase = 0.0
46.2277 	EXP 	grating: color = [0.0005648998636752367, 0.0005648998636752367, 0.0005648998636752367]
46.2599 	EXP 	grating: phase = 0.0
46.2599 	EXP 	grating: color = [0.0006301571596413851, 0.0006301571596413851, 0.0006301571596413851]
46.2943 	EXP 	grating: phase = 0.0
46.2943 	EXP 	grating: color = [0.0006986895399168134, 0.0006986895399168134, 0.0006986895399168134]
46.3277 	EXP 	grating: phase = 0.0
46.3277 	EXP 	grating: color = [0.0007634899918921292, 0.0007634899918921292, 0.0007634899918921292]
46.3601 	EXP 	grating: phase = 0.0
46.3601 	EXP 	grating: color = [0.000832130363676697, 0.000832130363676697, 0.000832130363676697]
46.3944 	EXP 	grating: phase = 0.0
46.3944 	EXP 	grating: color = [0.0008970102639868856, 0.0008970102639868856, 0.0008970102639868856]
46.4276 	EXP 	grating: phase = 0.0
46.4276 	EXP 	grating: color = [0.0009654348879121244, 0.0009654348879121244, 0.0009654348879121244]
46.4611 	EXP 	grating: phase = 0.5
46.4611 	EXP 	grating: color = [0.001, 0.001, 0.001]
46.4945 	EXP 	grating: phase = 0.5
46.4945 	EXP 	grating: color = [0.001, 0.001, 0.001]
46.5275 	EXP 	grating: phase = 0.5
46.5275 	EXP 	grating: color = [0.001, 0.001, 0.001]
46.5609 	EXP 	grating: phase = 0.5
46.5609 	EXP 	grating: color = [0.001, 0.001, 0.001]
46.5943 	EXP 	grating: phase = 0.5
46.5943 	EXP 	grating: color = [0.001, 0.001, 0.001]
46.6276 	EXP 	grating: phase = 0.5
46.6276 	EXP 	grating: color = [0.001, 0.001, 0.001]
46.6611 	EXP 	grating: phase = 0.5
46.6611 	EXP 	grating: color = [0.001, 0.001, 0.001]
46.6947 	EXP 	grating: phase = 0.5
46.6947 	EXP 	grating: color = [0.001, 0.001, 0.001]
46.7273 	EXP 	grating: phase = 0.5
46.7273 	EXP 	grating: color = [0.001, 0.001, 0.001]
46.7614 	EXP 	grating: phase = 0.5
46.7614 	EXP 	grating: color = [0.001, 0.001, 0.001]
46.7939 	EXP 	grating: phase = 0.5
46.7939 	EXP 	grating: color = [0.001, 0.001, 0.001]
46.8281 	EXP 	grating: phase = 0.5
46.8281 	EXP 	grating: color = [0.001, 0.001, 0.001]
46.8616 	EXP 	grating: phase = 0.5
46.8616 	EXP 	grating: color = [0.001, 0.001, 0.001]
46.8939 	EXP 	grating: phase = 0.5
46.8939 	EXP 	grating: color = [0.001, 0.001, 0.001]
46.9279 	EXP 	grating: phase = 0.5
46.9279 	EXP 	grating: color = [0.001, 0.001, 0.001]
46.9611 	EXP 	grating: phase = 0.0
46.9611 	EXP 	grating: color = [0.001, 0.001, 0.001]
46.9949 	EXP 	grating: phase = 0.0
46.9949 	EXP 	grating: color = [0.001, 0.001, 0.001]
47.0276 	EXP 	grating: phase = 0.0
47.0276 	EXP 	grating: color = [0.001, 0.001, 0.001]
47.0615 	EXP 	grating: phase = 0.0
47.0615 	EXP 	grating: color = [0.001, 0.001, 0.001]
47.0948 	EXP 	grating: phase = 0.0
47.0948 	EXP 	grating: color = [0.001, 0.001, 0.001]
47.1282 	EXP 	grating: phase = 0.0
47.1282 	EXP 	grating: color = [0.001, 0.001, 0.001]
47.1617 	EXP 	grating: phase = 0.0
47.1617 	EXP 	grating: color = [0.001, 0.001, 0.001]
47.1950 	EXP 	grating: phase = 0.0
47.1950 	EXP 	grating: color = [0.001, 0.001, 0.001]
47.2285 	EXP 	grating: phase = 0.0
47.2285 	EXP 	grating: color = [0.001, 0.001, 0.001]
47.2610 	EXP 	grating: phase = 0.0
47.2610 	EXP 	grating: color = [0.001, 0.001, 0.001]
47.2952 	EXP 	grating: phase = 0.0
47.2952 	EXP 	grating: color = [0.001, 0.001, 0.001]
47.3282 	EXP 	grating: phase = 0.0
47.3282 	EXP 	grating: color = [0.001, 0.001, 0.001]
47.3620 	EXP 	grating: phase = 0.0
47.3620 	EXP 	grating: color = [0.001, 0.001, 0.001]
47.3952 	EXP 	grating: phase = 0.0
47.3952 	EXP 	grating: color = [0.001, 0.001, 0.001]
47.4285 	EXP 	grating: phase = 0.0
47.4285 	EXP 	grating: color = [0.001, 0.001, 0.001]
47.4615 	EXP 	grating: phase = 0.5
47.4615 	EXP 	grating: color = [0.0009670995264314115, 0.0009670995264314115, 0.0009670995264314115]
47.4952 	EXP 	grating: phase = 0.5
47.4952 	EXP 	grating: color = [0.0008994547300972044, 0.0008994547300972044, 0.0008994547300972044]
47.5286 	EXP 	grating: phase = 0.5
47.5286 	EXP 	grating: color = [0.0008328721500001848, 0.0008328721500001848, 0.0008328721500001848]
47.5615 	EXP 	grating: phase = 0.5
47.5615 	EXP 	grating: color = [0.0007661230619996787, 0.0007661230619996787, 0.0007661230619996787]
47.5952 	EXP 	grating: phase = 0.5
47.5952 	EXP 	grating: color = [0.0006998949921689927, 0.0006998949921689927, 0.0006998949921689927]
47.6285 	EXP 	grating: phase = 0.5
47.6285 	EXP 	grating: color = [0.0006329146223142744, 0.0006329146223142744, 0.0006329146223142744]
47.6618 	EXP 	grating: phase = 0.5
47.6618 	EXP 	grating: color = [0.0005666603362187744, 0.0005666603362187744, 0.0005666603362187744]
47.6952 	EXP 	grating: phase = 0.5
47.6952 	EXP 	grating: color = [0.0004997313283383846, 0.0004997313283383846, 0.0004997313283383846]
47.7285 	EXP 	grating: phase = 0.5
47.7285 	EXP 	grating: color = [0.0004329028041101992, 0.0004329028041101992, 0.0004329028041101992]
47.7620 	EXP 	grating: phase = 0.5
47.7620 	EXP 	grating: color = [0.0003666464863345027, 0.0003666464863345027, 0.0003666464863345027]
47.7957 	EXP 	grating: phase = 0.5
47.7957 	EXP 	grating: color = [0.0002992567303590477, 0.0002992567303590477, 0.0002992567303590477]
47.8289 	EXP 	grating: phase = 0.5
47.8289 	EXP 	grating: color = [0.00023215151624754072, 0.00023215151624754072, 0.00023215151624754072]
47.8621 	EXP 	grating: phase = 0.5
47.8621 	EXP 	grating: color = [0.00016622575605288148, 0.00016622575605288148, 0.00016622575605288148]
47.8955 	EXP 	grating: phase = 0.5
47.8955 	EXP 	grating: color = [9.895441634580493e-05, 9.895441634580493e-05, 9.895441634580493e-05]
47.9284 	EXP 	grating: phase = 0.5
47.9284 	EXP 	grating: color = [3.3009400125592946e-05, 3.3009400125592946e-05, 3.3009400125592946e-05]
47.9620 	EXP 	grating: phase = 0.0
47.9620 	EXP 	grating: color = [0.001, 0.001, 0.001]
47.9954 	EXP 	grating: phase = 0.0
47.9954 	EXP 	grating: color = [0.001, 0.001, 0.001]
48.0289 	EXP 	grating: phase = 0.0
48.0289 	EXP 	grating: color = [0.001, 0.001, 0.001]
48.0623 	EXP 	grating: phase = 0.0
48.0623 	EXP 	grating: color = [0.001, 0.001, 0.001]
48.0959 	EXP 	grating: phase = 0.0
48.0959 	EXP 	grating: color = [0.001, 0.001, 0.001]
48.1293 	EXP 	grating: phase = 0.0
48.1293 	EXP 	grating: color = [0.001, 0.001, 0.001]
48.1626 	EXP 	grating: phase = 0.0
48.1626 	EXP 	grating: color = [0.001, 0.001, 0.001]
48.1958 	EXP 	grating: phase = 0.0
48.1958 	EXP 	grating: color = [0.001, 0.001, 0.001]
48.2144 	DATA 	Keypress: up
48.2290 	EXP 	grating: phase = 0.0
48.2290 	EXP 	grating: color = [0.001, 0.001, 0.001]
48.2307 	EXP 	window1: recordFrameIntervals = False
48.2451 	EXP 	fixation: autoDraw = False
48.2451 	EXP 	grating: autoDraw = False
48.2451 	EXP 	grating: color = '[0.5 0.5 0.5] (rgb)'
48.2451 	EXP 	grating: size = array([3.6, 3.6])
48.2451 	EXP 	grating: ori = 90.0
48.2451 	EXP 	grating: sf = array([12., 12.])
48.2452 	EXP 	window1: recordFrameIntervals = False
48.5126 	EXP 	fixation: autoDraw = True
49.0966 	EXP 	fixation: autoDraw = False
49.2634 	EXP 	grating: phase = 0.0
49.2634 	EXP 	grating: color = [0.016406055074185133, 0.016406055074185133, 0.016406055074185133]
49.2962 	EXP 	grating: phase = 0.0
49.2962 	EXP 	grating: color = [0.04916453501209617, 0.04916453501209617, 0.04916453501209617]
49.3300 	EXP 	grating: phase = 0.0
49.3300 	EXP 	grating: color = [0.08323626220226288, 0.08323626220226288, 0.08323626220226288]
49.3633 	EXP 	grating: phase = 0.0
49.3633 	EXP 	grating: color = [0.11674004001542926, 0.11674004001542926, 0.11674004001542926]
49.3966 	EXP 	grating: phase = 0.0
49.3966 	EXP 	grating: color = [0.14994491008110344, 0.14994491008110344, 0.14994491008110344]
49.4302 	EXP 	grating: phase = 0.0
49.4302 	EXP 	grating: color = [0.1833813120611012, 0.1833813120611012, 0.1833813120611012]
49.4632 	EXP 	grating: phase = 0.0
49.4632 	EXP 	grating: color = [0.2161530510056764, 0.2161530510056764, 0.2161530510056764]
49.4970 	EXP 	grating: phase = 0.0
49.4970 	EXP 	grating: color = [0.25016089412383735, 0.25016089412383735, 0.25016089412383735]
49.5300 	EXP 	grating: phase = 0.0
49.5300 	EXP 	grating: color = [0.28370694909244776, 0.28370694909244776, 0.28370694909244776]
49.5634 	EXP 	grating: phase = 0.0
49.5634 	EXP 	grating: color = [0.31663734605535865, 0.31663734605535865, 0.31663734605535865]
49.5969 	EXP 	grating: phase = 0.0
49.5969 	EXP 	grating: color = [0.3502533871214837, 0.3502533871214837, 0.3502533871214837]
49.6306 	EXP 	grating: phase = 0.0
49.6306 	EXP 	grating: color = [0.3837436391040683, 0.3837436391040683, 0.3837436391040683]
49.6636 	EXP 	grating: phase = 0.0
49.6636 	EXP 	grating: color = [0.4163073680829257, 0.4163073680829257, 0.4163073680829257]
49.6968 	EXP 	grating: phase = 0.0
49.6968 	EXP 	grating: color = [0.449949452187866, 0.449949452187866, 0.449949452187866]
49.7296 	EXP 	grating: phase = 0.0
49.7296 	EXP 	grating: color = [0.4836655871476978, 0.4836655871476978, 0.4836655871476978]
49.7639 	EXP 	grating: phase = 0.5
49.7639 	EXP 	grating: color = [0.5, 0.5, 0.5]
49.7973 	EXP 	grating: phase = 0.5
49.7973 	EXP 	grating: color = [0.5, 0.5, 0.5]
49.8301 	EXP 	grating: phase = 0.5
49.8301 	EXP 	grating: color = [0.5, 0.5, 0.5]
49.8640 	EXP 	grating: phase = 0.5
49.8640 	EXP 	grating: color = [0.5, 0.5, 0.5]
49.8972 	EXP 	grating: phase = 0.5
49.8972 	EXP 	grating: color = [0.5, 0.5, 0.5]
49.9305 	EXP 	grating: phase = 0.5
49.9305 	EXP 	grating: color = [0.5, 0.5, 0.5]
49.9638 	EXP 	grating: phase = 0.5
49.9638 	EXP 	grating: color = [0.5, 0.5, 0.5]
49.9652 	DATA 	Keypress: up
49.9665 	EXP 	window1: recordFrameIntervals = False
49.9807 	EXP 	fixation: autoDraw = False
49.9807 	EXP 	grating: autoDraw = False
49.9807 	EXP 	grating: color = '[0.5 0.5 0.5] (rgb)'
49.9807 	EXP 	grating: size = array([3.6, 3.6])
49.9807 	EXP 	grating: ori = 90.0
49.9807 	EXP 	grating: sf = array([1.2, 1.2])
49.9809 	EXP 	window1: recordFrameIntervals = False
50.2473 	EXP 	fixation: autoDraw = True
50.8313 	EXP 	fixation: autoDraw = False
50.9979 	EXP 	grating: phase = 0.0
50.9979 	EXP 	grating: color = [0.015267329989001155, 0.015267329989001155, 0.015267329989001155]
51.0311 	EXP 	grating: phase = 0.0
51.0311 	EXP 	grating: color = [0.048600740963593125, 0.048600740963593125, 0.048600740963593125]
51.0646 	EXP 	grating: phase = 0.0
51.0646 	EXP 	grating: color = [0.08208483294583857, 0.08208483294583857, 0.08208483294583857]
51.0973 	EXP 	grating: phase = 0.0
51.0973 	EXP 	grating: color = [0.11550542106851935, 0.11550542106851935, 0.11550542106851935]
51.1317 	EXP 	grating: phase = 0.0
51.1317 	EXP 	grating: color = [0.1488557499833405, 0.1488557499833405, 0.1488557499833405]
51.1648 	EXP 	grating: phase = 0.0
51.1648 	EXP 	grating: color = [0.18209840706549585, 0.18209840706549585, 0.18209840706549585]
51.1982 	EXP 	grating: phase = 0.0
51.1982 	EXP 	grating: color = [0.2151387168560177, 0.2151387168560177, 0.2151387168560177]
51.2315 	EXP 	grating: phase = 0.0
51.2315 	EXP 	grating: color = [0.2490702159702778, 0.2490702159702778, 0.2490702159702778]
51.2648 	EXP 	grating: phase = 0.0
51.2648 	EXP 	grating: color = [0.2821528019849211, 0.2821528019849211, 0.2821528019849211]
51.2981 	EXP 	grating: phase = 0.0
51.2981 	EXP 	grating: color = [0.3153549178969115, 0.3153549178969115, 0.3153549178969115]
51.3316 	EXP 	grating: phase = 0.0
51.3316 	EXP 	grating: color = [0.3490433630067855, 0.3490433630067855, 0.3490433630067855]
51.3649 	EXP 	grating: phase = 0.0
51.3649 	EXP 	grating: color = [0.381801231065765, 0.381801231065765, 0.381801231065765]
51.3983 	EXP 	grating: phase = 0.0
51.3983 	EXP 	grating: color = [0.41562127391807735, 0.41562127391807735, 0.41562127391807735]
51.4309 	EXP 	grating: phase = 0.0
51.4309 	EXP 	grating: color = [0.44909425801597536, 0.44909425801597536, 0.44909425801597536]
51.4648 	EXP 	grating: phase = 0.0
51.4648 	EXP 	grating: color = [0.48226160486228764, 0.48226160486228764, 0.48226160486228764]
51.4986 	EXP 	grating: phase = 0.5
51.4986 	EXP 	grating: color = [0.5, 0.5, 0.5]
51.5314 	EXP 	grating: phase = 0.5
51.5314 	EXP 	grating: color = [0.5, 0.5, 0.5]
51.5655 	EXP 	grating: phase = 0.5
51.5655 	EXP 	grating: color = [0.5, 0.5, 0.5]
51.5978 	EXP 	grating: phase = 0.5
51.5978 	EXP 	grating: color = [0.5, 0.5, 0.5]
51.6320 	EXP 	grating: phase = 0.5
51.6320 	EXP 	grating: color = [0.5, 0.5, 0.5]
51.6653 	EXP 	grating: phase = 0.5
51.6653 	EXP 	grating: color = [0.5, 0.5, 0.5]
51.6981 	EXP 	grating: phase = 0.5
51.6981 	EXP 	grating: color = [0.5, 0.5, 0.5]
51.7320 	EXP 	grating: phase = 0.5
51.7320 	EXP 	grating: color = [0.5, 0.5, 0.5]
51.7653 	EXP 	grating: phase = 0.5
51.7653 	EXP 	grating: color = [0.5, 0.5, 0.5]
51.7984 	EXP 	grating: phase = 0.5
51.7984 	EXP 	grating: color = [0.5, 0.5, 0.5]
51.8311 	EXP 	grating: phase = 0.5
51.8311 	EXP 	grating: color = [0.5, 0.5, 0.5]
51.8651 	EXP 	grating: phase = 0.5
51.8651 	EXP 	grating: color = [0.5, 0.5, 0.5]
51.8988 	EXP 	grating: phase = 0.5
51.8988 	EXP 	grating: color = [0.5, 0.5, 0.5]
51.9321 	EXP 	grating: phase = 0.5
51.9321 	EXP 	grating: color = [0.5, 0.5, 0.5]
51.9649 	EXP 	grating: phase = 0.5
51.9649 	EXP 	grating: color = [0.5, 0.5, 0.5]
51.9991 	EXP 	grating: phase = 0.0
51.9991 	EXP 	grating: color = [0.5, 0.5, 0.5]
52.0323 	EXP 	grating: phase = 0.0
52.0323 	EXP 	grating: color = [0.5, 0.5, 0.5]
52.0651 	EXP 	grating: phase = 0.0
52.0651 	EXP 	grating: color = [0.5, 0.5, 0.5]
52.0981 	EXP 	grating: phase = 0.0
52.0981 	EXP 	grating: color = [0.5, 0.5, 0.5]
52.1321 	EXP 	grating: phase = 0.0
52.1321 	EXP 	grating: color = [0.5, 0.5, 0.5]
52.1658 	EXP 	grating: phase = 0.0
52.1658 	EXP 	grating: color = [0.5, 0.5, 0.5]
52.1991 	EXP 	grating: phase = 0.0
52.1991 	EXP 	grating: color = [0.5, 0.5, 0.5]
52.2316 	EXP 	grating: phase = 0.0
52.2316 	EXP 	grating: color = [0.5, 0.5, 0.5]
52.2657 	EXP 	grating: phase = 0.0
52.2657 	EXP 	grating: color = [0.5, 0.5, 0.5]
52.2993 	EXP 	grating: phase = 0.0
52.2993 	EXP 	grating: color = [0.5, 0.5, 0.5]
52.3324 	EXP 	grating: phase = 0.0
52.3324 	EXP 	grating: color = [0.5, 0.5, 0.5]
52.3651 	EXP 	grating: phase = 0.0
52.3651 	EXP 	grating: color = [0.5, 0.5, 0.5]
52.3991 	EXP 	grating: phase = 0.0
52.3991 	EXP 	grating: color = [0.5, 0.5, 0.5]
52.4322 	EXP 	grating: phase = 0.0
52.4322 	EXP 	grating: color = [0.5, 0.5, 0.5]
52.4657 	EXP 	grating: phase = 0.0
52.4657 	EXP 	grating: color = [0.5, 0.5, 0.5]
52.4994 	EXP 	grating: phase = 0.5
52.4994 	EXP 	grating: color = [0.4836178331170231, 0.4836178331170231, 0.4836178331170231]
52.5327 	EXP 	grating: phase = 0.5
52.5327 	EXP 	grating: color = [0.4500205321237445, 0.4500205321237445, 0.4500205321237445]
52.5658 	EXP 	grating: phase = 0.5
52.5658 	EXP 	grating: color = [0.4165709831286222, 0.4165709831286222, 0.4165709831286222]
52.5993 	EXP 	grating: phase = 0.5
52.5993 	EXP 	grating: color = [0.3832761771045625, 0.3832761771045625, 0.3832761771045625]
52.6327 	EXP 	grating: phase = 0.5
52.6327 	EXP 	grating: color = [0.3500519839581102, 0.3500519839581102, 0.3500519839581102]
52.6660 	EXP 	grating: phase = 0.5
52.6660 	EXP 	grating: color = [0.3166548900771886, 0.3166548900771886, 0.3166548900771886]
52.6995 	EXP 	grating: phase = 0.5
52.6995 	EXP 	grating: color = [0.28305232897400856, 0.28305232897400856, 0.28305232897400856]
52.7328 	EXP 	grating: phase = 0.5
52.7328 	EXP 	grating: color = [0.2498349091038108, 0.2498349091038108, 0.2498349091038108]
52.7653 	EXP 	grating: phase = 0.5
52.7653 	EXP 	grating: color = [0.21637776703573763, 0.21637776703573763, 0.21637776703573763]
52.7993 	EXP 	grating: phase = 0.5
52.7993 	EXP 	grating: color = [0.1834952689241618, 0.1834952689241618, 0.1834952689241618]
52.8183 	DATA 	Keypress: up
52.8327 	EXP 	grating: phase = 0.5
52.8327 	EXP 	grating: color = [0.1496737210545689, 0.1496737210545689, 0.1496737210545689]
52.8343 	EXP 	window1: recordFrameIntervals = False
52.8495 	EXP 	fixation: autoDraw = False
52.8495 	EXP 	grating: autoDraw = False
52.8495 	EXP 	grating: color = '[0.52406749 0.52406749 0.52406749] (rgb)'
52.8495 	EXP 	grating: size = array([3.6, 3.6])
52.8495 	EXP 	grating: ori = 90.0
52.8495 	EXP 	grating: sf = array([12., 12.])
52.8496 	EXP 	window1: recordFrameIntervals = False
53.1166 	EXP 	fixation: autoDraw = True
53.7004 	EXP 	fixation: autoDraw = False
53.8670 	EXP 	grating: phase = 0.0
53.8670 	EXP 	grating: color = [0.0172328755599732, 0.0172328755599732, 0.0172328755599732]
53.9007 	EXP 	grating: phase = 0.0
53.9007 	EXP 	grating: color = [0.05272250445234375, 0.05272250445234375, 0.05272250445234375]
53.9339 	EXP 	grating: phase = 0.0
53.9339 	EXP 	grating: color = [0.08758147488138444, 0.08758147488138444, 0.08758147488138444]
53.9674 	EXP 	grating: phase = 0.0
53.9674 	EXP 	grating: color = [0.12256942887926714, 0.12256942887926714, 0.12256942887926714]
54.0007 	EXP 	grating: phase = 0.0
54.0007 	EXP 	grating: color = [0.15758060308715385, 0.15758060308715385, 0.15758060308715385]
54.0340 	EXP 	grating: phase = 0.0
54.0340 	EXP 	grating: color = [0.19251044725880703, 0.19251044725880703, 0.19251044725880703]
54.0674 	EXP 	grating: phase = 0.0
54.0674 	EXP 	grating: color = [0.22741036408170948, 0.22741036408170948, 0.22741036408170948]
54.1007 	EXP 	grating: phase = 0.0
54.1007 	EXP 	grating: color = [0.2619290794879176, 0.2619290794879176, 0.2619290794879176]
54.1339 	EXP 	grating: phase = 0.0
54.1339 	EXP 	grating: color = [0.2972130495548828, 0.2972130495548828, 0.2972130495548828]
54.1673 	EXP 	grating: phase = 0.0
54.1673 	EXP 	grating: color = [0.332175714145067, 0.332175714145067, 0.332175714145067]
54.2009 	EXP 	grating: phase = 0.0
54.2009 	EXP 	grating: color = [0.3672719770615413, 0.3672719770615413, 0.3672719770615413]
54.2341 	EXP 	grating: phase = 0.0
54.2341 	EXP 	grating: color = [0.40211133464940907, 0.40211133464940907, 0.40211133464940907]
54.2676 	EXP 	grating: phase = 0.0
54.2676 	EXP 	grating: color = [0.43709489791667283, 0.43709489791667283, 0.43709489791667283]
54.3007 	EXP 	grating: phase = 0.0
54.3007 	EXP 	grating: color = [0.47206777964329677, 0.47206777964329677, 0.47206777964329677]
54.3336 	EXP 	grating: phase = 0.0
54.3336 	EXP 	grating: color = [0.5070323672524493, 0.5070323672524493, 0.5070323672524493]
54.3673 	EXP 	grating: phase = 0.5
54.3673 	EXP 	grating: color = [0.5240674859355188, 0.5240674859355188, 0.5240674859355188]
54.4002 	EXP 	grating: phase = 0.5
54.4002 	EXP 	grating: color = [0.5240674859355188, 0.5240674859355188, 0.5240674859355188]
54.4339 	EXP 	grating: phase = 0.5
54.4339 	EXP 	grating: color = [0.5240674859355188, 0.5240674859355188, 0.5240674859355188]
54.4677 	EXP 	grating: phase = 0.5
54.4677 	EXP 	grating: color = [0.5240674859355188, 0.5240674859355188, 0.5240674859355188]
54.5003 	EXP 	grating: phase = 0.5
54.5003 	EXP 	grating: color = [0.5240674859355188, 0.5240674859355188, 0.5240674859355188]
54.5341 	EXP 	grating: phase = 0.5
54.5341 	EXP 	grating: color = [0.5240674859355188, 0.5240674859355188, 0.5240674859355188]
54.5677 	EXP 	grating: phase = 0.5
54.5677 	EXP 	grating: color = [0.5240674859355188, 0.5240674859355188, 0.5240674859355188]
54.6011 	EXP 	grating: phase = 0.5
54.6011 	EXP 	grating: color = [0.5240674859355188, 0.5240674859355188, 0.5240674859355188]
54.6343 	EXP 	grating: phase = 0.5
54.6343 	EXP 	grating: color = [0.5240674859355188, 0.5240674859355188, 0.5240674859355188]
54.6677 	EXP 	grating: phase = 0.5
54.6677 	EXP 	grating: color = [0.5240674859355188, 0.5240674859355188, 0.5240674859355188]
54.7012 	EXP 	grating: phase = 0.5
54.7012 	EXP 	grating: color = [0.5240674859355188, 0.5240674859355188, 0.5240674859355188]
54.7025 	DATA 	Keypress: up
54.7038 	EXP 	window1: recordFrameIntervals = False
54.7179 	EXP 	fixation: autoDraw = False
54.7179 	EXP 	grating: autoDraw = False
54.7179 	EXP 	grating: color = '[0.02506749 0.02506749 0.02506749] (rgb)'
54.7179 	EXP 	grating: size = array([3.6, 3.6])
54.7179 	EXP 	grating: ori = 90.0
54.7179 	EXP 	grating: sf = array([1.2, 1.2])
54.7180 	EXP 	window1: recordFrameIntervals = False
54.9846 	EXP 	fixation: autoDraw = True
55.5677 	EXP 	fixation: autoDraw = False
55.7344 	EXP 	grating: phase = 0.0
55.7344 	EXP 	grating: color = [0.0007737546826366278, 0.0007737546826366278, 0.0007737546826366278]
55.7678 	EXP 	grating: phase = 0.0
55.7678 	EXP 	grating: color = [0.0024021111401943216, 0.0024021111401943216, 0.0024021111401943216]
55.8015 	EXP 	grating: phase = 0.0
55.8015 	EXP 	grating: color = [0.004078502776159346, 0.004078502776159346, 0.004078502776159346]
55.8353 	EXP 	grating: phase = 0.0
55.8353 	EXP 	grating: color = [0.005755607478095686, 0.005755607478095686, 0.005755607478095686]
55.8689 	EXP 	grating: phase = 0.0
55.8689 	EXP 	grating: color = [0.0074496237511363994, 0.0074496237511363994, 0.0074496237511363994]
55.9016 	EXP 	grating: phase = 0.0
55.9016 	EXP 	grating: color = [0.009091393079184848, 0.009091393079184848, 0.009091393079184848]
55.9353 	EXP 	grating: phase = 0.0
55.9353 	EXP 	grating: color = [0.010792831835882963, 0.010792831835882963, 0.010792831835882963]
55.9681 	EXP 	grating: phase = 0.0
55.9681 	EXP 	grating: color = [0.012473086765624605, 0.012473086765624605, 0.012473086765624605]
56.0013 	EXP 	grating: phase = 0.0
56.0013 	EXP 	grating: color = [0.014109465977020081, 0.014109465977020081, 0.014109465977020081]
56.0356 	EXP 	grating: phase = 0.0
56.0356 	EXP 	grating: color = [0.015825291023830373, 0.015825291023830373, 0.015825291023830373]
56.0686 	EXP 	grating: phase = 0.0
56.0686 	EXP 	grating: color = [0.017505490250217536, 0.017505490250217536, 0.017505490250217536]
56.1024 	EXP 	grating: phase = 0.0
56.1024 	EXP 	grating: color = [0.0191671934415585, 0.0191671934415585, 0.0191671934415585]
56.1350 	EXP 	grating: phase = 0.0
56.1350 	EXP 	grating: color = [0.020854928764501044, 0.020854928764501044, 0.020854928764501044]
56.1690 	EXP 	grating: phase = 0.0
56.1690 	EXP 	grating: color = [0.022476352162174727, 0.022476352162174727, 0.022476352162174727]
56.2023 	EXP 	grating: phase = 0.0
56.2023 	EXP 	grating: color = [0.02418870600985991, 0.02418870600985991, 0.02418870600985991]
56.2359 	EXP 	grating: phase = 0.5
56.2359 	EXP 	grating: color = [0.02506748593551877, 0.02506748593551877, 0.02506748593551877]
56.2691 	EXP 	grating: phase = 0.5
56.2691 	EXP 	grating: color = [0.02506748593551877, 0.02506748593551877, 0.02506748593551877]
56.3025 	EXP 	grating: phase = 0.5
56.3025 	EXP 	grating: color = [0.02506748593551877, 0.02506748593551877, 0.02506748593551877]
56.3359 	EXP 	grating: phase = 0.5
56.3359 	EXP 	grating: color = [0.02506748593551877, 0.02506748593551877, 0.02506748593551877]
56.3692 	EXP 	grating: phase = 0.5
56.3692 	EXP 	grating: color = [0.02506748593551877, 0.02506748593551877, 0.02506748593551877]
56.4027 	EXP 	grating: phase = 0.5
56.4027 	EXP 	grating: color = [0.02506748593551877, 0.02506748593551877, 0.02506748593551877]
56.4360 	EXP 	grating: phase = 0.5
56.4360 	EXP 	grating: color = [0.02506748593551877, 0.02506748593551877, 0.02506748593551877]
56.4688 	EXP 	grating: phase = 0.5
56.4688 	EXP 	grating: color = [0.02506748593551877, 0.02506748593551877, 0.02506748593551877]
56.5025 	EXP 	grating: phase = 0.5
56.5025 	EXP 	grating: color = [0.02506748593551877, 0.02506748593551877, 0.02506748593551877]
56.5358 	EXP 	grating: phase = 0.5
56.5358 	EXP 	grating: color = [0.02506748593551877, 0.02506748593551877, 0.02506748593551877]
56.5691 	EXP 	grating: phase = 0.5
56.5691 	EXP 	grating: color = [0.02506748593551877, 0.02506748593551877, 0.02506748593551877]
56.6026 	EXP 	grating: phase = 0.5
56.6026 	EXP 	grating: color = [0.02506748593551877, 0.02506748593551877, 0.02506748593551877]
56.6356 	EXP 	grating: phase = 0.5
56.6356 	EXP 	grating: color = [0.02506748593551877, 0.02506748593551877, 0.02506748593551877]
56.6686 	EXP 	grating: phase = 0.5
56.6686 	EXP 	grating: color = [0.02506748593551877, 0.02506748593551877, 0.02506748593551877]
56.7025 	EXP 	grating: phase = 0.5
56.7025 	EXP 	grating: color = [0.02506748593551877, 0.02506748593551877, 0.02506748593551877]
56.7360 	EXP 	grating: phase = 0.0
56.7360 	EXP 	grating: color = [0.02506748593551877, 0.02506748593551877, 0.02506748593551877]
56.7695 	EXP 	grating: phase = 0.0
56.7695 	EXP 	grating: color = [0.02506748593551877, 0.02506748593551877, 0.02506748593551877]
56.8023 	EXP 	grating: phase = 0.0
56.8023 	EXP 	grating: color = [0.02506748593551877, 0.02506748593551877, 0.02506748593551877]
56.8362 	EXP 	grating: phase = 0.0
56.8362 	EXP 	grating: color = [0.02506748593551877, 0.02506748593551877, 0.02506748593551877]
56.8692 	EXP 	grating: phase = 0.0
56.8692 	EXP 	grating: color = [0.02506748593551877, 0.02506748593551877, 0.02506748593551877]
56.9029 	EXP 	grating: phase = 0.0
56.9029 	EXP 	grating: color = [0.02506748593551877, 0.02506748593551877, 0.02506748593551877]
56.9361 	EXP 	grating: phase = 0.0
56.9361 	EXP 	grating: color = [0.02506748593551877, 0.02506748593551877, 0.02506748593551877]
56.9696 	EXP 	grating: phase = 0.0
56.9696 	EXP 	grating: color = [0.02506748593551877, 0.02506748593551877, 0.02506748593551877]
57.0030 	EXP 	grating: phase = 0.0
57.0030 	EXP 	grating: color = [0.02506748593551877, 0.02506748593551877, 0.02506748593551877]
57.0363 	EXP 	grating: phase = 0.0
57.0363 	EXP 	grating: color = [0.02506748593551877, 0.02506748593551877, 0.02506748593551877]
57.0698 	EXP 	grating: phase = 0.0
57.0698 	EXP 	grating: color = [0.02506748593551877, 0.02506748593551877, 0.02506748593551877]
57.1034 	EXP 	grating: phase = 0.0
57.1034 	EXP 	grating: color = [0.02506748593551877, 0.02506748593551877, 0.02506748593551877]
57.1364 	EXP 	grating: phase = 0.0
57.1364 	EXP 	grating: color = [0.02506748593551877, 0.02506748593551877, 0.02506748593551877]
57.1692 	EXP 	grating: phase = 0.0
57.1692 	EXP 	grating: color = [0.02506748593551877, 0.02506748593551877, 0.02506748593551877]
57.2024 	EXP 	grating: phase = 0.0
57.2024 	EXP 	grating: color = [0.02506748593551877, 0.02506748593551877, 0.02506748593551877]
57.2363 	EXP 	grating: phase = 0.5
57.2363 	EXP 	grating: color = [0.024239972134575523, 0.024239972134575523, 0.024239972134575523]
57.2377 	DATA 	Keypress: up
57.2392 	EXP 	window1: recordFrameIntervals = False
57.2530 	EXP 	fixation: autoDraw = False
57.2530 	EXP 	grating: autoDraw = False
57.2530 	EXP 	grating: color = '[0.02506749 0.02506749 0.02506749] (rgb)'
57.2530 	EXP 	grating: size = array([3.6, 3.6])
57.2530 	EXP 	grating: ori = 90.0
57.2530 	EXP 	grating: sf = array([12., 12.])
57.2531 	EXP 	window1: recordFrameIntervals = False
57.5200 	EXP 	fixation: autoDraw = True
58.1033 	EXP 	fixation: autoDraw = False
58.2710 	EXP 	grating: phase = 0.0
58.2710 	EXP 	grating: color = [0.0007777394568847603, 0.0007777394568847603, 0.0007777394568847603]
58.3041 	EXP 	grating: phase = 0.0
58.3041 	EXP 	grating: color = [0.002418638145704953, 0.002418638145704953, 0.002418638145704953]
58.3376 	EXP 	grating: phase = 0.0
58.3376 	EXP 	grating: color = [0.004118535254870345, 0.004118535254870345, 0.004118535254870345]
58.3709 	EXP 	grating: phase = 0.0
58.3709 	EXP 	grating: color = [0.00579399517869206, 0.00579399517869206, 0.00579399517869206]
58.4034 	EXP 	grating: phase = 0.0
58.4034 	EXP 	grating: color = [0.007423914797043648, 0.007423914797043648, 0.007423914797043648]
58.4368 	EXP 	grating: phase = 0.0
58.4368 	EXP 	grating: color = [0.009097155995090131, 0.009097155995090131, 0.009097155995090131]
58.4701 	EXP 	grating: phase = 0.0
58.4701 	EXP 	grating: color = [0.010764038431101946, 0.010764038431101946, 0.010764038431101946]
58.5044 	EXP 	grating: phase = 0.0
58.5044 	EXP 	grating: color = [0.012439405204720652, 0.012439405204720652, 0.012439405204720652]
58.5368 	EXP 	grating: phase = 0.0
58.5368 	EXP 	grating: color = [0.014129455707088484, 0.014129455707088484, 0.014129455707088484]
58.5710 	EXP 	grating: phase = 0.0
58.5710 	EXP 	grating: color = [0.015820603455813768, 0.015820603455813768, 0.015820603455813768]
58.6045 	EXP 	grating: phase = 0.0
58.6045 	EXP 	grating: color = [0.01749542736685841, 0.01749542736685841, 0.01749542736685841]
58.6378 	EXP 	grating: phase = 0.0
58.6378 	EXP 	grating: color = [0.019176872961638537, 0.019176872961638537, 0.019176872961638537]
58.6712 	EXP 	grating: phase = 0.0
58.6712 	EXP 	grating: color = [0.0208425677909268, 0.0208425677909268, 0.0208425677909268]
58.7037 	EXP 	grating: phase = 0.0
58.7037 	EXP 	grating: color = [0.022526292460673836, 0.022526292460673836, 0.022526292460673836]
58.7379 	EXP 	grating: phase = 0.0
58.7379 	EXP 	grating: color = [0.024154304204115615, 0.024154304204115615, 0.024154304204115615]
58.7703 	EXP 	grating: phase = 0.5
58.7703 	EXP 	grating: color = [0.02506748593551877, 0.02506748593551877, 0.02506748593551877]
58.8046 	EXP 	grating: phase = 0.5
58.8046 	EXP 	grating: color = [0.02506748593551877, 0.02506748593551877, 0.02506748593551877]
58.8380 	EXP 	grating: phase = 0.5
58.8380 	EXP 	grating: color = [0.02506748593551877, 0.02506748593551877, 0.02506748593551877]
58.8715 	EXP 	grating: phase = 0.5
58.8715 	EXP 	grating: color = [0.02506748593551877, 0.02506748593551877, 0.02506748593551877]
58.9049 	EXP 	grating: phase = 0.5
58.9049 	EXP 	grating: color = [0.02506748593551877, 0.02506748593551877, 0.02506748593551877]
58.9376 	EXP 	grating: phase = 0.5
58.9376 	EXP 	grating: color = [0.02506748593551877, 0.02506748593551877, 0.02506748593551877]
58.9712 	EXP 	grating: phase = 0.5
58.9712 	EXP 	grating: color = [0.02506748593551877, 0.02506748593551877, 0.02506748593551877]
59.0045 	EXP 	grating: phase = 0.5
59.0045 	EXP 	grating: color = [0.02506748593551877, 0.02506748593551877, 0.02506748593551877]
59.0377 	EXP 	grating: phase = 0.5
59.0377 	EXP 	grating: color = [0.02506748593551877, 0.02506748593551877, 0.02506748593551877]
59.0716 	EXP 	grating: phase = 0.5
59.0716 	EXP 	grating: color = [0.02506748593551877, 0.02506748593551877, 0.02506748593551877]
59.1050 	EXP 	grating: phase = 0.5
59.1050 	EXP 	grating: color = [0.02506748593551877, 0.02506748593551877, 0.02506748593551877]
59.1373 	EXP 	grating: phase = 0.5
59.1373 	EXP 	grating: color = [0.02506748593551877, 0.02506748593551877, 0.02506748593551877]
59.1709 	EXP 	grating: phase = 0.5
59.1709 	EXP 	grating: color = [0.02506748593551877, 0.02506748593551877, 0.02506748593551877]
59.2041 	EXP 	grating: phase = 0.5
59.2041 	EXP 	grating: color = [0.02506748593551877, 0.02506748593551877, 0.02506748593551877]
59.2378 	EXP 	grating: phase = 0.5
59.2378 	EXP 	grating: color = [0.02506748593551877, 0.02506748593551877, 0.02506748593551877]
59.2714 	EXP 	grating: phase = 0.0
59.2714 	EXP 	grating: color = [0.02506748593551877, 0.02506748593551877, 0.02506748593551877]
59.3046 	EXP 	grating: phase = 0.0
59.3046 	EXP 	grating: color = [0.02506748593551877, 0.02506748593551877, 0.02506748593551877]
59.3382 	EXP 	grating: phase = 0.0
59.3382 	EXP 	grating: color = [0.02506748593551877, 0.02506748593551877, 0.02506748593551877]
59.3718 	EXP 	grating: phase = 0.0
59.3718 	EXP 	grating: color = [0.02506748593551877, 0.02506748593551877, 0.02506748593551877]
59.4046 	EXP 	grating: phase = 0.0
59.4046 	EXP 	grating: color = [0.02506748593551877, 0.02506748593551877, 0.02506748593551877]
59.4376 	EXP 	grating: phase = 0.0
59.4376 	EXP 	grating: color = [0.02506748593551877, 0.02506748593551877, 0.02506748593551877]
59.4718 	EXP 	grating: phase = 0.0
59.4718 	EXP 	grating: color = [0.02506748593551877, 0.02506748593551877, 0.02506748593551877]
59.5052 	EXP 	grating: phase = 0.0
59.5052 	EXP 	grating: color = [0.02506748593551877, 0.02506748593551877, 0.02506748593551877]
59.5378 	EXP 	grating: phase = 0.0
59.5378 	EXP 	grating: color = [0.02506748593551877, 0.02506748593551877, 0.02506748593551877]
59.5720 	EXP 	grating: phase = 0.0
59.5720 	EXP 	grating: color = [0.02506748593551877, 0.02506748593551877, 0.02506748593551877]
59.6052 	EXP 	grating: phase = 0.0
59.6052 	EXP 	grating: color = [0.02506748593551877, 0.02506748593551877, 0.02506748593551877]
59.6388 	EXP 	grating: phase = 0.0
59.6388 	EXP 	grating: color = [0.02506748593551877, 0.02506748593551877, 0.02506748593551877]
59.6719 	EXP 	grating: phase = 0.0
59.6719 	EXP 	grating: color = [0.02506748593551877, 0.02506748593551877, 0.02506748593551877]
59.7044 	EXP 	grating: phase = 0.0
59.7044 	EXP 	grating: color = [0.02506748593551877, 0.02506748593551877, 0.02506748593551877]
59.7386 	EXP 	grating: phase = 0.0
59.7386 	EXP 	grating: color = [0.02506748593551877, 0.02506748593551877, 0.02506748593551877]
59.7718 	EXP 	grating: phase = 0.5
59.7718 	EXP 	grating: color = [0.024245733579688126, 0.024245733579688126, 0.024245733579688126]
59.8053 	EXP 	grating: phase = 0.5
59.8053 	EXP 	grating: color = [0.022569343858088176, 0.022569343858088176, 0.022569343858088176]
59.8385 	EXP 	grating: phase = 0.5
59.8385 	EXP 	grating: color = [0.020892207919316844, 0.020892207919316844, 0.020892207919316844]
59.8721 	EXP 	grating: phase = 0.5
59.8721 	EXP 	grating: color = [0.019218725569635785, 0.019218725569635785, 0.019218725569635785]
59.8909 	DATA 	Keypress: up
59.9054 	EXP 	grating: phase = 0.5
59.9054 	EXP 	grating: color = [0.017548778293504756, 0.017548778293504756, 0.017548778293504756]
59.9069 	EXP 	window1: recordFrameIntervals = False
59.9222 	EXP 	fixation: autoDraw = False
59.9222 	EXP 	grating: autoDraw = False
59.9222 	EXP 	grating: color = '[0.52406749 0.52406749 0.52406749] (rgb)'
59.9222 	EXP 	grating: size = array([3.6, 3.6])
59.9222 	EXP 	grating: ori = 90.0
59.9222 	EXP 	grating: sf = array([1.2, 1.2])
59.9223 	EXP 	window1: recordFrameIntervals = False
60.1889 	EXP 	fixation: autoDraw = True
60.7725 	EXP 	fixation: autoDraw = False
60.9392 	EXP 	grating: phase = 0.0
60.9392 	EXP 	grating: color = [0.016834327438418083, 0.016834327438418083, 0.016834327438418083]
60.9721 	EXP 	grating: phase = 0.0
60.9721 	EXP 	grating: color = [0.05235298464376791, 0.05235298464376791, 0.05235298464376791]
61.0066 	EXP 	grating: phase = 0.0
61.0066 	EXP 	grating: color = [0.08754977508507449, 0.08754977508507449, 0.08754977508507449]
61.0391 	EXP 	grating: phase = 0.0
61.0391 	EXP 	grating: color = [0.12260029845850476, 0.12260029845850476, 0.12260029845850476]
61.0728 	EXP 	grating: phase = 0.0
61.0728 	EXP 	grating: color = [0.15650441578226137, 0.15650441578226137, 0.15650441578226137]
61.1065 	EXP 	grating: phase = 0.0
61.1065 	EXP 	grating: color = [0.19191325664666345, 0.19191325664666345, 0.19191325664666345]
61.1391 	EXP 	grating: phase = 0.0
61.1391 	EXP 	grating: color = [0.227482819434212, 0.227482819434212, 0.227482819434212]
61.1733 	EXP 	grating: phase = 0.0
61.1733 	EXP 	grating: color = [0.2621714606544789, 0.2621714606544789, 0.2621714606544789]
61.2057 	EXP 	grating: phase = 0.0
61.2057 	EXP 	grating: color = [0.29732847339961904, 0.29732847339961904, 0.29732847339961904]
61.2390 	EXP 	grating: phase = 0.0
61.2390 	EXP 	grating: color = [0.3323785753195267, 0.3323785753195267, 0.3323785753195267]
61.2734 	EXP 	grating: phase = 0.0
61.2734 	EXP 	grating: color = [0.36661413081937666, 0.36661413081937666, 0.36661413081937666]
61.3060 	EXP 	grating: phase = 0.0
61.3060 	EXP 	grating: color = [0.40132720389802035, 0.40132720389802035, 0.40132720389802035]
61.3399 	EXP 	grating: phase = 0.0
61.3399 	EXP 	grating: color = [0.43701762842772524, 0.43701762842772524, 0.43701762842772524]
61.3734 	EXP 	grating: phase = 0.0
61.3734 	EXP 	grating: color = [0.47202902885878245, 0.47202902885878245, 0.47202902885878245]
61.4066 	EXP 	grating: phase = 0.0
61.4066 	EXP 	grating: color = [0.5074853187519991, 0.5074853187519991, 0.5074853187519991]
61.4392 	EXP 	grating: phase = 0.5
61.4392 	EXP 	grating: color = [0.5240674859355188, 0.5240674859355188, 0.5240674859355188]
61.4730 	EXP 	grating: phase = 0.5
61.4730 	EXP 	grating: color = [0.5240674859355188, 0.5240674859355188, 0.5240674859355188]
61.5067 	EXP 	grating: phase = 0.5
61.5067 	EXP 	grating: color = [0.5240674859355188, 0.5240674859355188, 0.5240674859355188]
61.5392 	EXP 	grating: phase = 0.5
61.5392 	EXP 	grating: color = [0.5240674859355188, 0.5240674859355188, 0.5240674859355188]
61.5733 	EXP 	grating: phase = 0.5
61.5733 	EXP 	grating: color = [0.5240674859355188, 0.5240674859355188, 0.5240674859355188]
61.5747 	DATA 	Keypress: up
61.5761 	EXP 	window1: recordFrameIntervals = False
61.5904 	EXP 	fixation: autoDraw = False
61.5904 	EXP 	grating: autoDraw = False
61.5904 	EXP 	grating: color = '[0.04097471 0.04097471 0.04097471] (rgb)'
61.5904 	EXP 	grating: size = array([3.6, 3.6])
61.5904 	EXP 	grating: ori = 90.0
61.5904 	EXP 	grating: sf = array([1.2, 1.2])
61.5905 	EXP 	window1: recordFrameIntervals = False
61.8569 	EXP 	fixation: autoDraw = True
62.4395 	EXP 	fixation: autoDraw = False
62.6055 	EXP 	grating: phase = 0.0
62.6055 	EXP 	grating: color = [0.0011138860494841847, 0.0011138860494841847, 0.0011138860494841847]
62.6387 	EXP 	grating: phase = 0.0
62.6387 	EXP 	grating: color = [0.003858203352309896, 0.003858203352309896, 0.003858203352309896]
62.6730 	EXP 	grating: phase = 0.0
62.6730 	EXP 	grating: color = [0.006591893862376814, 0.006591893862376814, 0.006591893862376814]
62.7064 	EXP 	grating: phase = 0.0
62.7064 	EXP 	grating: color = [0.00931295521297468, 0.00931295521297468, 0.00931295521297468]
62.7398 	EXP 	grating: phase = 0.0
62.7398 	EXP 	grating: color = [0.012052505351260656, 0.012052505351260656, 0.012052505351260656]
62.7724 	EXP 	grating: phase = 0.0
62.7724 	EXP 	grating: color = [0.014803615921273505, 0.014803615921273505, 0.014803615921273505]
62.8064 	EXP 	grating: phase = 0.0
62.8064 	EXP 	grating: color = [0.01754686861770947, 0.01754686861770947, 0.01754686861770947]
62.8389 	EXP 	grating: phase = 0.0
62.8389 	EXP 	grating: color = [0.020250280944337513, 0.020250280944337513, 0.020250280944337513]
62.8725 	EXP 	grating: phase = 0.0
62.8725 	EXP 	grating: color = [0.023008738130342238, 0.023008738130342238, 0.023008738130342238]
62.9060 	EXP 	grating: phase = 0.0
62.9060 	EXP 	grating: color = [0.0257414945816737, 0.0257414945816737, 0.0257414945816737]
62.9398 	EXP 	grating: phase = 0.0
62.9398 	EXP 	grating: color = [0.028494567831299333, 0.028494567831299333, 0.028494567831299333]
62.9722 	EXP 	grating: phase = 0.0
62.9722 	EXP 	grating: color = [0.031174050192854207, 0.031174050192854207, 0.031174050192854207]
63.0066 	EXP 	grating: phase = 0.0
63.0066 	EXP 	grating: color = [0.033929163015843984, 0.033929163015843984, 0.033929163015843984]
63.0400 	EXP 	grating: phase = 0.0
63.0400 	EXP 	grating: color = [0.03670713276400897, 0.03670713276400897, 0.03670713276400897]
63.0733 	EXP 	grating: phase = 0.0
63.0733 	EXP 	grating: color = [0.03942301622676891, 0.03942301622676891, 0.03942301622676891]
63.1068 	EXP 	grating: phase = 0.5
63.1068 	EXP 	grating: color = [0.040974708106998485, 0.040974708106998485, 0.040974708106998485]
63.1402 	EXP 	grating: phase = 0.5
63.1402 	EXP 	grating: color = [0.040974708106998485, 0.040974708106998485, 0.040974708106998485]
63.1730 	EXP 	grating: phase = 0.5
63.1730 	EXP 	grating: color = [0.040974708106998485, 0.040974708106998485, 0.040974708106998485]
63.2062 	EXP 	grating: phase = 0.5
63.2062 	EXP 	grating: color = [0.040974708106998485, 0.040974708106998485, 0.040974708106998485]
63.2402 	EXP 	grating: phase = 0.5
63.2402 	EXP 	grating: color = [0.040974708106998485, 0.040974708106998485, 0.040974708106998485]
63.2736 	EXP 	grating: phase = 0.5
63.2736 	EXP 	grating: color = [0.040974708106998485, 0.040974708106998485, 0.040974708106998485]
63.3069 	EXP 	grating: phase = 0.5
63.3069 	EXP 	grating: color = [0.040974708106998485, 0.040974708106998485, 0.040974708106998485]
63.3401 	EXP 	grating: phase = 0.5
63.3401 	EXP 	grating: color = [0.040974708106998485, 0.040974708106998485, 0.040974708106998485]
63.3736 	EXP 	grating: phase = 0.5
63.3736 	EXP 	grating: color = [0.040974708106998485, 0.040974708106998485, 0.040974708106998485]
63.4068 	EXP 	grating: phase = 0.5
63.4068 	EXP 	grating: color = [0.040974708106998485, 0.040974708106998485, 0.040974708106998485]
63.4398 	EXP 	grating: phase = 0.5
63.4398 	EXP 	grating: color = [0.040974708106998485, 0.040974708106998485, 0.040974708106998485]
63.4736 	EXP 	grating: phase = 0.5
63.4736 	EXP 	grating: color = [0.040974708106998485, 0.040974708106998485, 0.040974708106998485]
63.5078 	EXP 	grating: phase = 0.5
63.5078 	EXP 	grating: color = [0.040974708106998485, 0.040974708106998485, 0.040974708106998485]
63.5409 	EXP 	grating: phase = 0.5
63.5409 	EXP 	grating: color = [0.040974708106998485, 0.040974708106998485, 0.040974708106998485]
63.5751 	EXP 	grating: phase = 0.5
63.5751 	EXP 	grating: color = [0.040974708106998485, 0.040974708106998485, 0.040974708106998485]
63.6086 	EXP 	grating: phase = 0.0
63.6086 	EXP 	grating: color = [0.040974708106998485, 0.040974708106998485, 0.040974708106998485]
63.6419 	EXP 	grating: phase = 0.0
63.6419 	EXP 	grating: color = [0.040974708106998485, 0.040974708106998485, 0.040974708106998485]
63.6751 	EXP 	grating: phase = 0.0
63.6751 	EXP 	grating: color = [0.040974708106998485, 0.040974708106998485, 0.040974708106998485]
63.7089 	EXP 	grating: phase = 0.0
63.7089 	EXP 	grating: color = [0.040974708106998485, 0.040974708106998485, 0.040974708106998485]
63.7422 	EXP 	grating: phase = 0.0
63.7422 	EXP 	grating: color = [0.040974708106998485, 0.040974708106998485, 0.040974708106998485]
63.7756 	EXP 	grating: phase = 0.0
63.7756 	EXP 	grating: color = [0.040974708106998485, 0.040974708106998485, 0.040974708106998485]
63.8089 	EXP 	grating: phase = 0.0
63.8089 	EXP 	grating: color = [0.040974708106998485, 0.040974708106998485, 0.040974708106998485]
63.8421 	EXP 	grating: phase = 0.0
63.8421 	EXP 	grating: color = [0.040974708106998485, 0.040974708106998485, 0.040974708106998485]
63.8753 	EXP 	grating: phase = 0.0
63.8753 	EXP 	grating: color = [0.040974708106998485, 0.040974708106998485, 0.040974708106998485]
63.9090 	EXP 	grating: phase = 0.0
63.9090 	EXP 	grating: color = [0.040974708106998485, 0.040974708106998485, 0.040974708106998485]
63.9422 	EXP 	grating: phase = 0.0
63.9422 	EXP 	grating: color = [0.040974708106998485, 0.040974708106998485, 0.040974708106998485]
63.9757 	EXP 	grating: phase = 0.0
63.9757 	EXP 	grating: color = [0.040974708106998485, 0.040974708106998485, 0.040974708106998485]
64.0090 	EXP 	grating: phase = 0.0
64.0090 	EXP 	grating: color = [0.040974708106998485, 0.040974708106998485, 0.040974708106998485]
64.0420 	EXP 	grating: phase = 0.0
64.0420 	EXP 	grating: color = [0.040974708106998485, 0.040974708106998485, 0.040974708106998485]
64.0753 	EXP 	grating: phase = 0.0
64.0753 	EXP 	grating: color = [0.040974708106998485, 0.040974708106998485, 0.040974708106998485]
64.1089 	EXP 	grating: phase = 0.5
64.1089 	EXP 	grating: color = [0.0396007531183362, 0.0396007531183362, 0.0396007531183362]
64.1424 	EXP 	grating: phase = 0.5
64.1424 	EXP 	grating: color = [0.036875636662232564, 0.036875636662232564, 0.036875636662232564]
64.1755 	EXP 	grating: phase = 0.5
64.1755 	EXP 	grating: color = [0.03412970815865107, 0.03412970815865107, 0.03412970815865107]
64.2089 	EXP 	grating: phase = 0.5
64.2089 	EXP 	grating: color = [0.031413059269159264, 0.031413059269159264, 0.031413059269159264]
64.2103 	DATA 	Keypress: up
64.2118 	EXP 	window1: recordFrameIntervals = False
64.2250 	EXP 	fixation: autoDraw = False
64.2250 	EXP 	grating: autoDraw = False
64.2250 	EXP 	grating: color = '[0.53997471 0.53997471 0.53997471] (rgb)'
64.2250 	EXP 	grating: size = array([3.6, 3.6])
64.2250 	EXP 	grating: ori = 0.0
64.2250 	EXP 	grating: sf = array([12., 12.])
64.2251 	EXP 	window1: recordFrameIntervals = False
64.4928 	EXP 	fixation: autoDraw = True
65.0765 	EXP 	fixation: autoDraw = False
65.2424 	EXP 	grating: phase = 0.0
65.2424 	EXP 	grating: color = [0.016440279631456157, 0.016440279631456157, 0.016440279631456157]
65.2764 	EXP 	grating: phase = 0.0
65.2764 	EXP 	grating: color = [0.05267639250000621, 0.05267639250000621, 0.05267639250000621]
65.3101 	EXP 	grating: phase = 0.0
65.3101 	EXP 	grating: color = [0.08876239477690277, 0.08876239477690277, 0.08876239477690277]
65.3425 	EXP 	grating: phase = 0.0
65.3425 	EXP 	grating: color = [0.12486447522174843, 0.12486447522174843, 0.12486447522174843]
65.3758 	EXP 	grating: phase = 0.0
65.3758 	EXP 	grating: color = [0.16057112018772776, 0.16057112018772776, 0.16057112018772776]
65.4097 	EXP 	grating: phase = 0.0
65.4097 	EXP 	grating: color = [0.1963968622284313, 0.1963968622284313, 0.1963968622284313]
65.4430 	EXP 	grating: phase = 0.0
65.4430 	EXP 	grating: color = [0.23251866906134042, 0.23251866906134042, 0.23251866906134042]
65.4762 	EXP 	grating: phase = 0.0
65.4762 	EXP 	grating: color = [0.26806895149928717, 0.26806895149928717, 0.26806895149928717]
65.5093 	EXP 	grating: phase = 0.0
65.5093 	EXP 	grating: color = [0.30493939427136174, 0.30493939427136174, 0.30493939427136174]
65.5435 	EXP 	grating: phase = 0.0
65.5435 	EXP 	grating: color = [0.3407127056887564, 0.3407127056887564, 0.3407127056887564]
65.5770 	EXP 	grating: phase = 0.0
65.5770 	EXP 	grating: color = [0.37670624272175196, 0.37670624272175196, 0.37670624272175196]
65.6103 	EXP 	grating: phase = 0.0
65.6103 	EXP 	grating: color = [0.41320163418397476, 0.41320163418397476, 0.41320163418397476]
65.6437 	EXP 	grating: phase = 0.0
65.6437 	EXP 	grating: color = [0.4491160906587753, 0.4491160906587753, 0.4491160906587753]
65.6769 	EXP 	grating: phase = 0.0
65.6769 	EXP 	grating: color = [0.4849730745287566, 0.4849730745287566, 0.4849730745287566]
65.7102 	EXP 	grating: phase = 0.0
65.7102 	EXP 	grating: color = [0.5209324600072581, 0.5209324600072581, 0.5209324600072581]
65.7437 	EXP 	grating: phase = 0.5
65.7437 	EXP 	grating: color = [0.5399747081069984, 0.5399747081069984, 0.5399747081069984]
65.7764 	EXP 	grating: phase = 0.5
65.7764 	EXP 	grating: color = [0.5399747081069984, 0.5399747081069984, 0.5399747081069984]
65.8103 	EXP 	grating: phase = 0.5
65.8103 	EXP 	grating: color = [0.5399747081069984, 0.5399747081069984, 0.5399747081069984]
65.8435 	EXP 	grating: phase = 0.5
65.8435 	EXP 	grating: color = [0.5399747081069984, 0.5399747081069984, 0.5399747081069984]
65.8767 	EXP 	grating: phase = 0.5
65.8767 	EXP 	grating: color = [0.5399747081069984, 0.5399747081069984, 0.5399747081069984]
65.9096 	EXP 	grating: phase = 0.5
65.9096 	EXP 	grating: color = [0.5399747081069984, 0.5399747081069984, 0.5399747081069984]
65.9434 	EXP 	grating: phase = 0.5
65.9434 	EXP 	grating: color = [0.5399747081069984, 0.5399747081069984, 0.5399747081069984]
65.9766 	EXP 	grating: phase = 0.5
65.9766 	EXP 	grating: color = [0.5399747081069984, 0.5399747081069984, 0.5399747081069984]
66.0106 	EXP 	grating: phase = 0.5
66.0106 	EXP 	grating: color = [0.5399747081069984, 0.5399747081069984, 0.5399747081069984]
66.0441 	EXP 	grating: phase = 0.5
66.0441 	EXP 	grating: color = [0.5399747081069984, 0.5399747081069984, 0.5399747081069984]
66.0773 	EXP 	grating: phase = 0.5
66.0773 	EXP 	grating: color = [0.5399747081069984, 0.5399747081069984, 0.5399747081069984]
66.1098 	EXP 	grating: phase = 0.5
66.1098 	EXP 	grating: color = [0.5399747081069984, 0.5399747081069984, 0.5399747081069984]
66.1437 	EXP 	grating: phase = 0.5
66.1437 	EXP 	grating: color = [0.5399747081069984, 0.5399747081069984, 0.5399747081069984]
66.1765 	EXP 	grating: phase = 0.5
66.1765 	EXP 	grating: color = [0.5399747081069984, 0.5399747081069984, 0.5399747081069984]
66.2106 	EXP 	grating: phase = 0.5
66.2106 	EXP 	grating: color = [0.5399747081069984, 0.5399747081069984, 0.5399747081069984]
66.2438 	EXP 	grating: phase = 0.0
66.2438 	EXP 	grating: color = [0.5399747081069984, 0.5399747081069984, 0.5399747081069984]
66.2773 	EXP 	grating: phase = 0.0
66.2773 	EXP 	grating: color = [0.5399747081069984, 0.5399747081069984, 0.5399747081069984]
66.3104 	EXP 	grating: phase = 0.0
66.3104 	EXP 	grating: color = [0.5399747081069984, 0.5399747081069984, 0.5399747081069984]
66.3436 	EXP 	grating: phase = 0.0
66.3436 	EXP 	grating: color = [0.5399747081069984, 0.5399747081069984, 0.5399747081069984]
66.3450 	DATA 	Keypress: right
66.3467 	EXP 	window1: recordFrameIntervals = False
66.3610 	EXP 	fixation: autoDraw = False
66.3610 	EXP 	grating: autoDraw = False
66.3610 	EXP 	grating: color = '[0.53997471 0.53997471 0.53997471] (rgb)'
66.3610 	EXP 	grating: size = array([3.6, 3.6])
66.3610 	EXP 	grating: ori = 90.0
66.3610 	EXP 	grating: sf = array([1.2, 1.2])
66.3611 	EXP 	window1: recordFrameIntervals = False
66.6277 	EXP 	fixation: autoDraw = True
67.2116 	EXP 	fixation: autoDraw = False
67.3775 	EXP 	grating: phase = 0.0
67.3775 	EXP 	grating: color = [0.01667455299406583, 0.01667455299406583, 0.01667455299406583]
67.4117 	EXP 	grating: phase = 0.0
67.4117 	EXP 	grating: color = [0.05267028967070054, 0.05267028967070054, 0.05267028967070054]
67.4449 	EXP 	grating: phase = 0.0
67.4449 	EXP 	grating: color = [0.0888659995512681, 0.0888659995512681, 0.0888659995512681]
67.4784 	EXP 	grating: phase = 0.0
67.4784 	EXP 	grating: color = [0.12506661462709318, 0.12506661462709318, 0.12506661462709318]
67.5120 	EXP 	grating: phase = 0.0
67.5120 	EXP 	grating: color = [0.16127512408011246, 0.16127512408011246, 0.16127512408011246]
67.5451 	EXP 	grating: phase = 0.0
67.5451 	EXP 	grating: color = [0.19709730640945347, 0.19709730640945347, 0.19709730640945347]
67.5777 	EXP 	grating: phase = 0.0
67.5777 	EXP 	grating: color = [0.23326372592785385, 0.23326372592785385, 0.23326372592785385]
67.6118 	EXP 	grating: phase = 0.0
67.6118 	EXP 	grating: color = [0.26913181161150185, 0.26913181161150185, 0.26913181161150185]
67.6451 	EXP 	grating: phase = 0.0
67.6451 	EXP 	grating: color = [0.3046398680829129, 0.3046398680829129, 0.3046398680829129]
67.6785 	EXP 	grating: phase = 0.0
67.6785 	EXP 	grating: color = [0.34062258064642714, 0.34062258064642714, 0.34062258064642714]
67.7115 	EXP 	grating: phase = 0.0
67.7115 	EXP 	grating: color = [0.37663505025461824, 0.37663505025461824, 0.37663505025461824]
67.7451 	EXP 	grating: phase = 0.0
67.7451 	EXP 	grating: color = [0.4126957091064994, 0.4126957091064994, 0.4126957091064994]
67.7783 	EXP 	grating: phase = 0.0
67.7783 	EXP 	grating: color = [0.4490607550877111, 0.4490607550877111, 0.4490607550877111]
67.8121 	EXP 	grating: phase = 0.0
67.8121 	EXP 	grating: color = [0.48458150426731383, 0.48458150426731383, 0.48458150426731383]
67.8453 	EXP 	grating: phase = 0.0
67.8453 	EXP 	grating: color = [0.5211762284479544, 0.5211762284479544, 0.5211762284479544]
67.8782 	EXP 	grating: phase = 0.5
67.8782 	EXP 	grating: color = [0.5399747081069984, 0.5399747081069984, 0.5399747081069984]
67.9119 	EXP 	grating: phase = 0.5
67.9119 	EXP 	grating: color = [0.5399747081069984, 0.5399747081069984, 0.5399747081069984]
67.9447 	EXP 	grating: phase = 0.5
67.9447 	EXP 	grating: color = [0.5399747081069984, 0.5399747081069984, 0.5399747081069984]
67.9789 	EXP 	grating: phase = 0.5
67.9789 	EXP 	grating: color = [0.5399747081069984, 0.5399747081069984, 0.5399747081069984]
68.0124 	EXP 	grating: phase = 0.5
68.0124 	EXP 	grating: color = [0.5399747081069984, 0.5399747081069984, 0.5399747081069984]
68.0454 	EXP 	grating: phase = 0.5
68.0454 	EXP 	grating: color = [0.5399747081069984, 0.5399747081069984, 0.5399747081069984]
68.0789 	EXP 	grating: phase = 0.5
68.0789 	EXP 	grating: color = [0.5399747081069984, 0.5399747081069984, 0.5399747081069984]
68.1115 	EXP 	grating: phase = 0.5
68.1115 	EXP 	grating: color = [0.5399747081069984, 0.5399747081069984, 0.5399747081069984]
68.1456 	EXP 	grating: phase = 0.5
68.1456 	EXP 	grating: color = [0.5399747081069984, 0.5399747081069984, 0.5399747081069984]
68.1791 	EXP 	grating: phase = 0.5
68.1791 	EXP 	grating: color = [0.5399747081069984, 0.5399747081069984, 0.5399747081069984]
68.2124 	EXP 	grating: phase = 0.5
68.2124 	EXP 	grating: color = [0.5399747081069984, 0.5399747081069984, 0.5399747081069984]
68.2456 	EXP 	grating: phase = 0.5
68.2456 	EXP 	grating: color = [0.5399747081069984, 0.5399747081069984, 0.5399747081069984]
68.2786 	EXP 	grating: phase = 0.5
68.2786 	EXP 	grating: color = [0.5399747081069984, 0.5399747081069984, 0.5399747081069984]
68.3126 	EXP 	grating: phase = 0.5
68.3126 	EXP 	grating: color = [0.5399747081069984, 0.5399747081069984, 0.5399747081069984]
68.3459 	EXP 	grating: phase = 0.5
68.3459 	EXP 	grating: color = [0.5399747081069984, 0.5399747081069984, 0.5399747081069984]
68.3787 	EXP 	grating: phase = 0.0
68.3787 	EXP 	grating: color = [0.5399747081069984, 0.5399747081069984, 0.5399747081069984]
68.4123 	EXP 	grating: phase = 0.0
68.4123 	EXP 	grating: color = [0.5399747081069984, 0.5399747081069984, 0.5399747081069984]
68.4461 	EXP 	grating: phase = 0.0
68.4461 	EXP 	grating: color = [0.5399747081069984, 0.5399747081069984, 0.5399747081069984]
68.4792 	EXP 	grating: phase = 0.0
68.4792 	EXP 	grating: color = [0.5399747081069984, 0.5399747081069984, 0.5399747081069984]
68.5122 	EXP 	grating: phase = 0.0
68.5122 	EXP 	grating: color = [0.5399747081069984, 0.5399747081069984, 0.5399747081069984]
68.5460 	EXP 	grating: phase = 0.0
68.5460 	EXP 	grating: color = [0.5399747081069984, 0.5399747081069984, 0.5399747081069984]
68.5793 	EXP 	grating: phase = 0.0
68.5793 	EXP 	grating: color = [0.5399747081069984, 0.5399747081069984, 0.5399747081069984]
68.6128 	EXP 	grating: phase = 0.0
68.6128 	EXP 	grating: color = [0.5399747081069984, 0.5399747081069984, 0.5399747081069984]
68.6462 	EXP 	grating: phase = 0.0
68.6462 	EXP 	grating: color = [0.5399747081069984, 0.5399747081069984, 0.5399747081069984]
68.6795 	EXP 	grating: phase = 0.0
68.6795 	EXP 	grating: color = [0.5399747081069984, 0.5399747081069984, 0.5399747081069984]
68.7129 	EXP 	grating: phase = 0.0
68.7129 	EXP 	grating: color = [0.5399747081069984, 0.5399747081069984, 0.5399747081069984]
68.7457 	EXP 	grating: phase = 0.0
68.7457 	EXP 	grating: color = [0.5399747081069984, 0.5399747081069984, 0.5399747081069984]
68.7788 	EXP 	grating: phase = 0.0
68.7788 	EXP 	grating: color = [0.5399747081069984, 0.5399747081069984, 0.5399747081069984]
68.8129 	EXP 	grating: phase = 0.0
68.8129 	EXP 	grating: color = [0.5399747081069984, 0.5399747081069984, 0.5399747081069984]
68.8455 	EXP 	grating: phase = 0.0
68.8455 	EXP 	grating: color = [0.5399747081069984, 0.5399747081069984, 0.5399747081069984]
68.8790 	EXP 	grating: phase = 0.5
68.8790 	EXP 	grating: color = [0.5214132123910887, 0.5214132123910887, 0.5214132123910887]
68.9121 	EXP 	grating: phase = 0.5
68.9121 	EXP 	grating: color = [0.4861650998376611, 0.4861650998376611, 0.4861650998376611]
68.9459 	EXP 	grating: phase = 0.5
68.9459 	EXP 	grating: color = [0.4504844480313981, 0.4504844480313981, 0.4504844480313981]
68.9796 	EXP 	grating: phase = 0.5
68.9796 	EXP 	grating: color = [0.41371675486816334, 0.41371675486816334, 0.41371675486816334]
69.0131 	EXP 	grating: phase = 0.5
69.0131 	EXP 	grating: color = [0.37767523578241946, 0.37767523578241946, 0.37767523578241946]
69.0459 	EXP 	grating: phase = 0.5
69.0459 	EXP 	grating: color = [0.34155977366921164, 0.34155977366921164, 0.34155977366921164]
69.0474 	DATA 	Keypress: up
69.0488 	EXP 	window1: recordFrameIntervals = False
69.0632 	EXP 	fixation: autoDraw = False
69.0632 	EXP 	grating: autoDraw = False
69.0632 	EXP 	grating: color = '[0.04097471 0.04097471 0.04097471] (rgb)'
69.0632 	EXP 	grating: size = array([3.6, 3.6])
69.0632 	EXP 	grating: ori = 90.0
69.0632 	EXP 	grating: sf = array([12., 12.])
69.0633 	EXP 	window1: recordFrameIntervals = False
69.3292 	EXP 	fixation: autoDraw = True
69.9138 	EXP 	fixation: autoDraw = False
70.0804 	EXP 	grating: phase = 0.0
70.0804 	EXP 	grating: color = [0.0012281925414245204, 0.0012281925414245204, 0.0012281925414245204]
70.1142 	EXP 	grating: phase = 0.0
70.1142 	EXP 	grating: color = [0.004039714429605983, 0.004039714429605983, 0.004039714429605983]
70.1471 	EXP 	grating: phase = 0.0
70.1471 	EXP 	grating: color = [0.006697478313273097, 0.006697478313273097, 0.006697478313273097]
70.1809 	EXP 	grating: phase = 0.0
70.1809 	EXP 	grating: color = [0.009508313042258196, 0.009508313042258196, 0.009508313042258196]
70.2142 	EXP 	grating: phase = 0.0
70.2142 	EXP 	grating: color = [0.012164699440196916, 0.012164699440196916, 0.012164699440196916]
70.2471 	EXP 	grating: phase = 0.0
70.2471 	EXP 	grating: color = [0.014898983997423818, 0.014898983997423818, 0.014898983997423818]
70.2801 	EXP 	grating: phase = 0.0
70.2801 	EXP 	grating: color = [0.017632362925614892, 0.017632362925614892, 0.017632362925614892]
70.3135 	EXP 	grating: phase = 0.0
70.3135 	EXP 	grating: color = [0.020369588067800613, 0.020369588067800613, 0.020369588067800613]
70.3471 	EXP 	grating: phase = 0.0
70.3471 	EXP 	grating: color = [0.023101154783903267, 0.023101154783903267, 0.023101154783903267]
70.3801 	EXP 	grating: phase = 0.0
70.3801 	EXP 	grating: color = [0.025858868523722423, 0.025858868523722423, 0.025858868523722423]
70.4135 	EXP 	grating: phase = 0.0
70.4135 	EXP 	grating: color = [0.028571571866993887, 0.028571571866993887, 0.028571571866993887]
70.4469 	EXP 	grating: phase = 0.0
70.4469 	EXP 	grating: color = [0.03130244453589912, 0.03130244453589912, 0.03130244453589912]
70.4802 	EXP 	grating: phase = 0.0
70.4802 	EXP 	grating: color = [0.03403653002798759, 0.03403653002798759, 0.03403653002798759]
70.5136 	EXP 	grating: phase = 0.0
70.5136 	EXP 	grating: color = [0.036771727025930026, 0.036771727025930026, 0.036771727025930026]
70.5468 	EXP 	grating: phase = 0.0
70.5468 	EXP 	grating: color = [0.039503109903001835, 0.039503109903001835, 0.039503109903001835]
70.5803 	EXP 	grating: phase = 0.5
70.5803 	EXP 	grating: color = [0.040974708106998485, 0.040974708106998485, 0.040974708106998485]
70.6137 	EXP 	grating: phase = 0.5
70.6137 	EXP 	grating: color = [0.040974708106998485, 0.040974708106998485, 0.040974708106998485]
70.6476 	EXP 	grating: phase = 0.5
70.6476 	EXP 	grating: color = [0.040974708106998485, 0.040974708106998485, 0.040974708106998485]
70.6814 	EXP 	grating: phase = 0.5
70.6814 	EXP 	grating: color = [0.040974708106998485, 0.040974708106998485, 0.040974708106998485]
70.7147 	EXP 	grating: phase = 0.5
70.7147 	EXP 	grating: color = [0.040974708106998485, 0.040974708106998485, 0.040974708106998485]
70.7477 	EXP 	grating: phase = 0.5
70.7477 	EXP 	grating: color = [0.040974708106998485, 0.040974708106998485, 0.040974708106998485]
70.7805 	EXP 	grating: phase = 0.5
70.7805 	EXP 	grating: color = [0.040974708106998485, 0.040974708106998485, 0.040974708106998485]
70.8146 	EXP 	grating: phase = 0.5
70.8146 	EXP 	grating: color = [0.040974708106998485, 0.040974708106998485, 0.040974708106998485]
70.8477 	EXP 	grating: phase = 0.5
70.8477 	EXP 	grating: color = [0.040974708106998485, 0.040974708106998485, 0.040974708106998485]
70.8815 	EXP 	grating: phase = 0.5
70.8815 	EXP 	grating: color = [0.040974708106998485, 0.040974708106998485, 0.040974708106998485]
70.9145 	EXP 	grating: phase = 0.5
70.9145 	EXP 	grating: color = [0.040974708106998485, 0.040974708106998485, 0.040974708106998485]
70.9481 	EXP 	grating: phase = 0.5
70.9481 	EXP 	grating: color = [0.040974708106998485, 0.040974708106998485, 0.040974708106998485]
70.9495 	DATA 	Keypress: up
70.9508 	EXP 	window1: recordFrameIntervals = False
70.9639 	EXP 	fixation: autoDraw = False
70.9639 	EXP 	grating: autoDraw = False
70.9639 	EXP 	grating: color = '[0.05598187 0.05598187 0.05598187] (rgb)'
70.9639 	EXP 	grating: size = array([3.6, 3.6])
70.9639 	EXP 	grating: ori = 0.0
70.9639 	EXP 	grating: sf = array([12., 12.])
70.9640 	EXP 	window1: recordFrameIntervals = False
71.2309 	EXP 	fixation: autoDraw = True
71.8147 	EXP 	fixation: autoDraw = False
71.9815 	EXP 	grating: phase = 0.0
71.9815 	EXP 	grating: color = [0.001628514020044462, 0.001628514020044462, 0.001628514020044462]
72.0157 	EXP 	grating: phase = 0.0
72.0157 	EXP 	grating: color = [0.005362902266081237, 0.005362902266081237, 0.005362902266081237]
72.0482 	EXP 	grating: phase = 0.0
72.0482 	EXP 	grating: color = [0.00908145488795238, 0.00908145488795238, 0.00908145488795238]
72.0826 	EXP 	grating: phase = 0.0
72.0826 	EXP 	grating: color = [0.012838192203291549, 0.012838192203291549, 0.012838192203291549]
72.1159 	EXP 	grating: phase = 0.0
72.1159 	EXP 	grating: color = [0.016567647751200676, 0.016567647751200676, 0.016567647751200676]
72.1483 	EXP 	grating: phase = 0.0
72.1483 	EXP 	grating: color = [0.020305246656611712, 0.020305246656611712, 0.020305246656611712]
72.1817 	EXP 	grating: phase = 0.0
72.1817 	EXP 	grating: color = [0.024043245271674958, 0.024043245271674958, 0.024043245271674958]
72.2160 	EXP 	grating: phase = 0.0
72.2160 	EXP 	grating: color = [0.02777928149560802, 0.02777928149560802, 0.02777928149560802]
72.2484 	EXP 	grating: phase = 0.0
72.2484 	EXP 	grating: color = [0.03161125059079313, 0.03161125059079313, 0.03161125059079313]
72.2816 	EXP 	grating: phase = 0.0
72.2816 	EXP 	grating: color = [0.03525111611975034, 0.03525111611975034, 0.03525111611975034]
72.3157 	EXP 	grating: phase = 0.0
72.3157 	EXP 	grating: color = [0.03909676965926019, 0.03909676965926019, 0.03909676965926019]
72.3485 	EXP 	grating: phase = 0.0
72.3485 	EXP 	grating: color = [0.042820876037287695, 0.042820876037287695, 0.042820876037287695]
72.3819 	EXP 	grating: phase = 0.0
72.3819 	EXP 	grating: color = [0.04655849037530253, 0.04655849037530253, 0.04655849037530253]
72.4152 	EXP 	grating: phase = 0.0
72.4152 	EXP 	grating: color = [0.05029948638262566, 0.05029948638262566, 0.05029948638262566]
72.4485 	EXP 	grating: phase = 0.0
72.4485 	EXP 	grating: color = [0.053926450437283835, 0.053926450437283835, 0.053926450437283835]
72.4820 	EXP 	grating: phase = 0.5
72.4820 	EXP 	grating: color = [0.0559818653929014, 0.0559818653929014, 0.0559818653929014]
72.5153 	EXP 	grating: phase = 0.5
72.5153 	EXP 	grating: color = [0.0559818653929014, 0.0559818653929014, 0.0559818653929014]
72.5486 	EXP 	grating: phase = 0.5
72.5486 	EXP 	grating: color = [0.0559818653929014, 0.0559818653929014, 0.0559818653929014]
72.5820 	EXP 	grating: phase = 0.5
72.5820 	EXP 	grating: color = [0.0559818653929014, 0.0559818653929014, 0.0559818653929014]
72.6163 	EXP 	grating: phase = 0.5
72.6163 	EXP 	grating: color = [0.0559818653929014, 0.0559818653929014, 0.0559818653929014]
72.6487 	EXP 	grating: phase = 0.5
72.6487 	EXP 	grating: color = [0.0559818653929014, 0.0559818653929014, 0.0559818653929014]
72.6830 	EXP 	grating: phase = 0.5
72.6830 	EXP 	grating: color = [0.0559818653929014, 0.0559818653929014, 0.0559818653929014]
72.7164 	EXP 	grating: phase = 0.5
72.7164 	EXP 	grating: color = [0.0559818653929014, 0.0559818653929014, 0.0559818653929014]
72.7498 	EXP 	grating: phase = 0.5
72.7498 	EXP 	grating: color = [0.0559818653929014, 0.0559818653929014, 0.0559818653929014]
72.7830 	EXP 	grating: phase = 0.5
72.7830 	EXP 	grating: color = [0.0559818653929014, 0.0559818653929014, 0.0559818653929014]
72.8165 	EXP 	grating: phase = 0.5
72.8165 	EXP 	grating: color = [0.0559818653929014, 0.0559818653929014, 0.0559818653929014]
72.8494 	EXP 	grating: phase = 0.5
72.8494 	EXP 	grating: color = [0.0559818653929014, 0.0559818653929014, 0.0559818653929014]
72.8832 	EXP 	grating: phase = 0.5
72.8832 	EXP 	grating: color = [0.0559818653929014, 0.0559818653929014, 0.0559818653929014]
72.9156 	EXP 	grating: phase = 0.5
72.9156 	EXP 	grating: color = [0.0559818653929014, 0.0559818653929014, 0.0559818653929014]
72.9490 	EXP 	grating: phase = 0.5
72.9490 	EXP 	grating: color = [0.0559818653929014, 0.0559818653929014, 0.0559818653929014]
72.9503 	DATA 	Keypress: up
72.9516 	EXP 	window1: recordFrameIntervals = False
72.9663 	EXP 	fixation: autoDraw = False
72.9663 	EXP 	grating: autoDraw = False
72.9663 	EXP 	grating: color = '[0.55498187 0.55498187 0.55498187] (rgb)'
72.9663 	EXP 	grating: size = array([3.6, 3.6])
72.9663 	EXP 	grating: ori = 0.0
72.9663 	EXP 	grating: sf = array([12., 12.])
72.9664 	EXP 	window1: recordFrameIntervals = False
73.2326 	EXP 	fixation: autoDraw = True
73.8163 	EXP 	fixation: autoDraw = False
73.9832 	EXP 	grating: phase = 0.0
73.9832 	EXP 	grating: color = [0.017193071896034848, 0.017193071896034848, 0.017193071896034848]
74.0165 	EXP 	grating: phase = 0.0
74.0165 	EXP 	grating: color = [0.05419995744067255, 0.05419995744067255, 0.05419995744067255]
74.0499 	EXP 	grating: phase = 0.0
74.0499 	EXP 	grating: color = [0.09122753059257845, 0.09122753059257845, 0.09122753059257845]
74.0833 	EXP 	grating: phase = 0.0
74.0833 	EXP 	grating: color = [0.12838799519635, 0.12838799519635, 0.12838799519635]
74.1166 	EXP 	grating: phase = 0.0
74.1166 	EXP 	grating: color = [0.16506421938170804, 0.16506421938170804, 0.16506421938170804]
74.1500 	EXP 	grating: phase = 0.0
74.1500 	EXP 	grating: color = [0.20215077275979712, 0.20215077275979712, 0.20215077275979712]
74.1843 	EXP 	grating: phase = 0.0
74.1843 	EXP 	grating: color = [0.23957620129131704, 0.23957620129131704, 0.23957620129131704]
74.2171 	EXP 	grating: phase = 0.0
74.2171 	EXP 	grating: color = [0.2773707603111598, 0.2773707603111598, 0.2773707603111598]
74.2501 	EXP 	grating: phase = 0.0
74.2501 	EXP 	grating: color = [0.313414156404939, 0.313414156404939, 0.313414156404939]
74.2834 	EXP 	grating: phase = 0.0
74.2834 	EXP 	grating: color = [0.35055890953983027, 0.35055890953983027, 0.35055890953983027]
74.3168 	EXP 	grating: phase = 0.0
74.3168 	EXP 	grating: color = [0.3874613641463515, 0.3874613641463515, 0.3874613641463515]
74.3504 	EXP 	grating: phase = 0.0
74.3504 	EXP 	grating: color = [0.4244843619903364, 0.4244843619903364, 0.4244843619903364]
74.3835 	EXP 	grating: phase = 0.0
74.3835 	EXP 	grating: color = [0.46150649304812796, 0.46150649304812796, 0.46150649304812796]
74.4169 	EXP 	grating: phase = 0.0
74.4169 	EXP 	grating: color = [0.4985204325370553, 0.4985204325370553, 0.4985204325370553]
74.4503 	EXP 	grating: phase = 0.0
74.4503 	EXP 	grating: color = [0.5357224318088758, 0.5357224318088758, 0.5357224318088758]
74.4836 	EXP 	grating: phase = 0.5
74.4836 	EXP 	grating: color = [0.5549818653929014, 0.5549818653929014, 0.5549818653929014]
74.5173 	EXP 	grating: phase = 0.5
74.5173 	EXP 	grating: color = [0.5549818653929014, 0.5549818653929014, 0.5549818653929014]
74.5506 	EXP 	grating: phase = 0.5
74.5506 	EXP 	grating: color = [0.5549818653929014, 0.5549818653929014, 0.5549818653929014]
74.5845 	EXP 	grating: phase = 0.5
74.5845 	EXP 	grating: color = [0.5549818653929014, 0.5549818653929014, 0.5549818653929014]
74.6171 	EXP 	grating: phase = 0.5
74.6171 	EXP 	grating: color = [0.5549818653929014, 0.5549818653929014, 0.5549818653929014]
74.6504 	EXP 	grating: phase = 0.5
74.6504 	EXP 	grating: color = [0.5549818653929014, 0.5549818653929014, 0.5549818653929014]
74.6838 	EXP 	grating: phase = 0.5
74.6838 	EXP 	grating: color = [0.5549818653929014, 0.5549818653929014, 0.5549818653929014]
74.7171 	EXP 	grating: phase = 0.5
74.7171 	EXP 	grating: color = [0.5549818653929014, 0.5549818653929014, 0.5549818653929014]
74.7505 	EXP 	grating: phase = 0.5
74.7505 	EXP 	grating: color = [0.5549818653929014, 0.5549818653929014, 0.5549818653929014]
74.7847 	EXP 	grating: phase = 0.5
74.7847 	EXP 	grating: color = [0.5549818653929014, 0.5549818653929014, 0.5549818653929014]
74.8172 	EXP 	grating: phase = 0.5
74.8172 	EXP 	grating: color = [0.5549818653929014, 0.5549818653929014, 0.5549818653929014]
74.8506 	EXP 	grating: phase = 0.5
74.8506 	EXP 	grating: color = [0.5549818653929014, 0.5549818653929014, 0.5549818653929014]
74.8839 	EXP 	grating: phase = 0.5
74.8839 	EXP 	grating: color = [0.5549818653929014, 0.5549818653929014, 0.5549818653929014]
74.8853 	DATA 	Keypress: right
74.8866 	EXP 	window1: recordFrameIntervals = False
74.9006 	EXP 	fixation: autoDraw = False
74.9006 	EXP 	grating: autoDraw = False
74.9006 	EXP 	grating: color = '[0.55498187 0.55498187 0.55498187] (rgb)'
74.9006 	EXP 	grating: size = array([3.6, 3.6])
74.9006 	EXP 	grating: ori = 0.0
74.9006 	EXP 	grating: sf = array([1.2, 1.2])
74.9007 	EXP 	window1: recordFrameIntervals = False
75.1675 	EXP 	fixation: autoDraw = True
75.7514 	EXP 	fixation: autoDraw = False
75.9181 	EXP 	grating: phase = 0.0
75.9181 	EXP 	grating: color = [0.01711147614815224, 0.01711147614815224, 0.01711147614815224]
75.9515 	EXP 	grating: phase = 0.0
75.9515 	EXP 	grating: color = [0.05444288292888302, 0.05444288292888302, 0.05444288292888302]
75.9849 	EXP 	grating: phase = 0.0
75.9849 	EXP 	grating: color = [0.09115585585100963, 0.09115585585100963, 0.09115585585100963]
76.0182 	EXP 	grating: phase = 0.0
76.0182 	EXP 	grating: color = [0.12819924487895806, 0.12819924487895806, 0.12819924487895806]
76.0516 	EXP 	grating: phase = 0.0
76.0516 	EXP 	grating: color = [0.1652456139044007, 0.1652456139044007, 0.1652456139044007]
76.0849 	EXP 	grating: phase = 0.0
76.0849 	EXP 	grating: color = [0.20293460126034965, 0.20293460126034965, 0.20293460126034965]
76.1183 	EXP 	grating: phase = 0.0
76.1183 	EXP 	grating: color = [0.23931597574307226, 0.23931597574307226, 0.23931597574307226]
76.1517 	EXP 	grating: phase = 0.0
76.1517 	EXP 	grating: color = [0.2763503940249433, 0.2763503940249433, 0.2763503940249433]
76.1849 	EXP 	grating: phase = 0.0
76.1849 	EXP 	grating: color = [0.3133051899576713, 0.3133051899576713, 0.3133051899576713]
76.2184 	EXP 	grating: phase = 0.0
76.2184 	EXP 	grating: color = [0.3512865173678587, 0.3512865173678587, 0.3512865173678587]
76.2518 	EXP 	grating: phase = 0.0
76.2518 	EXP 	grating: color = [0.388300084970879, 0.388300084970879, 0.388300084970879]
76.2851 	EXP 	grating: phase = 0.0
76.2851 	EXP 	grating: color = [0.42438611691814837, 0.42438611691814837, 0.42438611691814837]
76.3185 	EXP 	grating: phase = 0.0
76.3185 	EXP 	grating: color = [0.4614643197907278, 0.4614643197907278, 0.4614643197907278]
76.3518 	EXP 	grating: phase = 0.0
76.3518 	EXP 	grating: color = [0.49848775723021505, 0.49848775723021505, 0.49848775723021505]
76.3852 	EXP 	grating: phase = 0.0
76.3852 	EXP 	grating: color = [0.5355270593896896, 0.5355270593896896, 0.5355270593896896]
76.4186 	EXP 	grating: phase = 0.5
76.4186 	EXP 	grating: color = [0.5549818653929014, 0.5549818653929014, 0.5549818653929014]
76.4519 	EXP 	grating: phase = 0.5
76.4519 	EXP 	grating: color = [0.5549818653929014, 0.5549818653929014, 0.5549818653929014]
76.4853 	EXP 	grating: phase = 0.5
76.4853 	EXP 	grating: color = [0.5549818653929014, 0.5549818653929014, 0.5549818653929014]
76.5186 	EXP 	grating: phase = 0.5
76.5186 	EXP 	grating: color = [0.5549818653929014, 0.5549818653929014, 0.5549818653929014]
76.5520 	EXP 	grating: phase = 0.5
76.5520 	EXP 	grating: color = [0.5549818653929014, 0.5549818653929014, 0.5549818653929014]
76.5854 	EXP 	grating: phase = 0.5
76.5854 	EXP 	grating: color = [0.5549818653929014, 0.5549818653929014, 0.5549818653929014]
76.6188 	EXP 	grating: phase = 0.5
76.6188 	EXP 	grating: color = [0.5549818653929014, 0.5549818653929014, 0.5549818653929014]
76.6521 	EXP 	grating: phase = 0.5
76.6521 	EXP 	grating: color = [0.5549818653929014, 0.5549818653929014, 0.5549818653929014]
76.6855 	EXP 	grating: phase = 0.5
76.6855 	EXP 	grating: color = [0.5549818653929014, 0.5549818653929014, 0.5549818653929014]
76.7189 	EXP 	grating: phase = 0.5
76.7189 	EXP 	grating: color = [0.5549818653929014, 0.5549818653929014, 0.5549818653929014]
76.7202 	DATA 	Keypress: right
76.7216 	EXP 	window1: recordFrameIntervals = False
76.7355 	EXP 	fixation: autoDraw = False
76.7355 	EXP 	grating: autoDraw = False
76.7355 	EXP 	grating: color = '[0.05598187 0.05598187 0.05598187] (rgb)'
76.7355 	EXP 	grating: size = array([3.6, 3.6])
76.7355 	EXP 	grating: ori = 90.0
76.7355 	EXP 	grating: sf = array([1.2, 1.2])
76.7356 	EXP 	window1: recordFrameIntervals = False
77.0025 	EXP 	fixation: autoDraw = True
77.5848 	EXP 	fixation: autoDraw = False
77.7515 	EXP 	grating: phase = 0.0
77.7515 	EXP 	grating: color = [0.0015894013891356146, 0.0015894013891356146, 0.0015894013891356146]
77.7846 	EXP 	grating: phase = 0.0
77.7846 	EXP 	grating: color = [0.00525604910711193, 0.00525604910711193, 0.00525604910711193]
77.8180 	EXP 	grating: phase = 0.0
77.8180 	EXP 	grating: color = [0.00906646440739365, 0.00906646440739365, 0.00906646440739365]
77.8521 	EXP 	grating: phase = 0.0
77.8521 	EXP 	grating: color = [0.012727762043087778, 0.012727762043087778, 0.012727762043087778]
77.8847 	EXP 	grating: phase = 0.0
77.8847 	EXP 	grating: color = [0.016463969667983684, 0.016463969667983684, 0.016463969667983684]
77.9191 	EXP 	grating: phase = 0.0
77.9191 	EXP 	grating: color = [0.020209529659332794, 0.020209529659332794, 0.020209529659332794]
77.9514 	EXP 	grating: phase = 0.0
77.9514 	EXP 	grating: color = [0.023936166410875034, 0.023936166410875034, 0.023936166410875034]
77.9847 	EXP 	grating: phase = 0.0
77.9847 	EXP 	grating: color = [0.02767264376744585, 0.02767264376744585, 0.02767264376744585]
78.0181 	EXP 	grating: phase = 0.0
78.0181 	EXP 	grating: color = [0.03139616636552477, 0.03139616636552477, 0.03139616636552477]
78.0516 	EXP 	grating: phase = 0.0
78.0516 	EXP 	grating: color = [0.035138845725817436, 0.035138845725817436, 0.035138845725817436]
78.0847 	EXP 	grating: phase = 0.0
78.0847 	EXP 	grating: color = [0.038869084139477914, 0.038869084139477914, 0.038869084139477914]
78.1183 	EXP 	grating: phase = 0.0
78.1183 	EXP 	grating: color = [0.04269978155682737, 0.04269978155682737, 0.04269978155682737]
78.1517 	EXP 	grating: phase = 0.0
78.1517 	EXP 	grating: color = [0.046353415705578375, 0.046353415705578375, 0.046353415705578375]
78.1850 	EXP 	grating: phase = 0.0
78.1850 	EXP 	grating: color = [0.050170156835372584, 0.050170156835372584, 0.050170156835372584]
78.2190 	EXP 	grating: phase = 0.0
78.2190 	EXP 	grating: color = [0.05382484133965133, 0.05382484133965133, 0.05382484133965133]
78.2524 	EXP 	grating: phase = 0.5
78.2524 	EXP 	grating: color = [0.0559818653929014, 0.0559818653929014, 0.0559818653929014]
78.2851 	EXP 	grating: phase = 0.5
78.2851 	EXP 	grating: color = [0.0559818653929014, 0.0559818653929014, 0.0559818653929014]
78.3185 	EXP 	grating: phase = 0.5
78.3185 	EXP 	grating: color = [0.0559818653929014, 0.0559818653929014, 0.0559818653929014]
78.3518 	EXP 	grating: phase = 0.5
78.3518 	EXP 	grating: color = [0.0559818653929014, 0.0559818653929014, 0.0559818653929014]
78.3857 	EXP 	grating: phase = 0.5
78.3857 	EXP 	grating: color = [0.0559818653929014, 0.0559818653929014, 0.0559818653929014]
78.4184 	EXP 	grating: phase = 0.5
78.4184 	EXP 	grating: color = [0.0559818653929014, 0.0559818653929014, 0.0559818653929014]
78.4518 	EXP 	grating: phase = 0.5
78.4518 	EXP 	grating: color = [0.0559818653929014, 0.0559818653929014, 0.0559818653929014]
78.4852 	EXP 	grating: phase = 0.5
78.4852 	EXP 	grating: color = [0.0559818653929014, 0.0559818653929014, 0.0559818653929014]
78.5187 	EXP 	grating: phase = 0.5
78.5187 	EXP 	grating: color = [0.0559818653929014, 0.0559818653929014, 0.0559818653929014]
78.5520 	EXP 	grating: phase = 0.5
78.5520 	EXP 	grating: color = [0.0559818653929014, 0.0559818653929014, 0.0559818653929014]
78.5861 	EXP 	grating: phase = 0.5
78.5861 	EXP 	grating: color = [0.0559818653929014, 0.0559818653929014, 0.0559818653929014]
78.6186 	EXP 	grating: phase = 0.5
78.6186 	EXP 	grating: color = [0.0559818653929014, 0.0559818653929014, 0.0559818653929014]
78.6521 	EXP 	grating: phase = 0.5
78.6521 	EXP 	grating: color = [0.0559818653929014, 0.0559818653929014, 0.0559818653929014]
78.6855 	EXP 	grating: phase = 0.5
78.6855 	EXP 	grating: color = [0.0559818653929014, 0.0559818653929014, 0.0559818653929014]
78.7187 	EXP 	grating: phase = 0.5
78.7187 	EXP 	grating: color = [0.0559818653929014, 0.0559818653929014, 0.0559818653929014]
78.7533 	EXP 	grating: phase = 0.0
78.7533 	EXP 	grating: color = [0.0559818653929014, 0.0559818653929014, 0.0559818653929014]
78.7855 	EXP 	grating: phase = 0.0
78.7855 	EXP 	grating: color = [0.0559818653929014, 0.0559818653929014, 0.0559818653929014]
78.8188 	EXP 	grating: phase = 0.0
78.8188 	EXP 	grating: color = [0.0559818653929014, 0.0559818653929014, 0.0559818653929014]
78.8522 	EXP 	grating: phase = 0.0
78.8522 	EXP 	grating: color = [0.0559818653929014, 0.0559818653929014, 0.0559818653929014]
78.8536 	DATA 	Keypress: up
78.8550 	EXP 	window1: recordFrameIntervals = False
78.8689 	EXP 	fixation: autoDraw = False
78.8689 	EXP 	grating: autoDraw = False
78.8689 	EXP 	grating: color = '[0.06922716 0.06922716 0.06922716] (rgb)'
78.8689 	EXP 	grating: size = array([3.6, 3.6])
78.8689 	EXP 	grating: ori = 90.0
78.8689 	EXP 	grating: sf = array([1.2, 1.2])
78.8690 	EXP 	window1: recordFrameIntervals = False
79.1208 	EXP 	fixation: autoDraw = True
79.7215 	EXP 	fixation: autoDraw = False
79.8236 	DATA 	Keypress: escape
80.2300 	EXP 	window1: mouseVisible = True
