9.8080 	EXP 	Created window1 = Window(allowGUI=False, allowStencil=False, args=UNKNOWN, autoLog=True, bitsMode=UNKNOWN, blendMode='avg', color=array([0., 0., 0.]), colorSpace='rgb', fullscr=<method-wrapper '__getattribute__' of attributeSetter object at 0x12f59ce80>, gamma=None, gammaErrorPolicy='raise', kwargs=UNKNOWN, lms=UNKNOWN, monitor=<psychopy.monitors.calibTools.Monitor object at 0x1308858d0>, multiSample=False, name='window1', numSamples=2, pos=[0.0, 0.0], screen=0, size=array([1920, 1080]), stereo=False, units='deg', useFBO=True, useRetina=False, viewOri=0.0, viewPos=None, viewScale=None, waitBlanking=True, winType='pyglet')
9.8080 	EXP 	window1: recordFrameIntervals = False
9.9730 	EXP 	window1: recordFrameIntervals = True
10.1564 	EXP 	window1: recordFrameIntervals = False
10.6616 	EXP 	Created setup_text = TextStim(__class__=<class 'psychopy.visual.text.TextStim'>, alignHoriz='center', alignVert='center', antialias=True, autoLog=True, bold=False, color='white', colorSpace='named', contrast=1.0, depth=0.0, flipHoriz=False, flipVert=False, font='Arial', fontFiles=[], height=1, italic=False, languageStyle='LTR', name='setup_text', opacity=1.0, ori=0, pos=array([0., 0.]), rgb=array([255., 255., 255.]), text=str(...), units='deg', win=Window(...), wrapWidth=15.0)
10.7829 	EXP 	Created instrText = TextStim(__class__=<class 'psychopy.visual.text.TextStim'>, alignHoriz='center', alignVert='center', antialias=True, autoLog=True, bold=False, color='white', colorSpace='named', contrast=1.0, depth=0.0, flipHoriz=False, flipVert=False, font='Arial', fontFiles=[], height=1, italic=False, languageStyle='LTR', name='instrText', opacity=1.0, ori=0, pos=array([0., 0.]), rgb=array([255., 255., 255.]), text=str(...), units='deg', win=Window(...), wrapWidth=15.0)
10.8224 	EXP 	Created fixation = GratingStim(__class__=<class 'psychopy.visual.grating.GratingStim'>, autoDraw=False, autoLog=True, blendmode='avg', color='black', colorSpace='named', contrast=1.0, depth=-2.0, interpolate=True, mask='gauss', maskParams=None, name='fixation', opacity=1.0, ori=0.0, phase=array([0., 0.]), pos=array([0., 0.]), rgbPedestal=array([0., 0., 0.]), sf=array([1., 1.]), size=array([1., 1.]), tex=None, texRes=128, units='deg', win=Window(...))
10.8267 	EXP 	Created grating = GratingStim(__class__=<class 'psychopy.visual.grating.GratingStim'>, autoDraw=False, autoLog=True, blendmode='avg', color='white', colorSpace='named', contrast=1.0, depth=-3.0, interpolate=True, mask='gauss', maskParams=None, name='grating', opacity=1.0, ori=1.0, phase=array([0., 0.]), pos=array([0., 0.]), rgbPedestal=array([0., 0., 0.]), sf=array([1., 1.]), size=array([60., 60.]), tex='sin', texRes=128, units='deg', win=Window(...))
10.9411 	EXP 	Created text = TextStim(__class__=<class 'psychopy.visual.text.TextStim'>, alignHoriz='center', alignVert='center', antialias=True, autoLog=True, bold=False, color='white', colorSpace='named', contrast=1.0, depth=0.0, flipHoriz=False, flipVert=False, font='Arial', fontFiles=[], height=0.1, italic=False, languageStyle='LTR', name='text', opacity=1.0, ori=0, pos=array([0., 0.]), rgb=array([255., 255., 255.]), text=str(...), units='deg', win=Window(...), wrapWidth=15.0)
10.9798 	EXP 	Created fixation = GratingStim(__class__=<class 'psychopy.visual.grating.GratingStim'>, autoDraw=False, autoLog=True, blendmode='avg', color='black', colorSpace='named', contrast=1.0, depth=-2.0, interpolate=True, mask='gauss', maskParams=None, name='fixation', opacity=1.0, ori=0.0, phase=array([0., 0.]), pos=array([0., 0.]), rgbPedestal=array([0., 0., 0.]), sf=array([1., 1.]), size=array([1., 1.]), tex=None, texRes=128, units='deg', win=Window(...))
10.9838 	EXP 	Created grating = GratingStim(__class__=<class 'psychopy.visual.grating.GratingStim'>, autoDraw=False, autoLog=True, blendmode='avg', color='white', colorSpace='named', contrast=1.0, depth=-3.0, interpolate=True, mask='gauss', maskParams=None, name='grating', opacity=1.0, ori=1.0, phase=array([0., 0.]), pos=array([0., 0.]), rgbPedestal=array([0., 0., 0.]), sf=array([1., 1.]), size=array([3.5, 3.5]), tex='sin', texRes=128, units='deg', win=Window(...))
11.0383 	EXP 	Created thanksMsg = TextStim(__class__=<class 'psychopy.visual.text.TextStim'>, alignHoriz='center', alignVert='center', antialias=True, autoLog=True, bold=False, color=array([1., 1., 1.]), colorSpace='rgb', contrast=1.0, depth=0.0, flipHoriz=False, flipVert=False, font='Arial', fontFiles=[], height=0.1, italic=False, languageStyle='LTR', name='thanksMsg', opacity=1.0, ori=0, pos=array([0., 0.]), rgb=array([1., 1., 1.]), text=str(...), units='deg', win=Window(...), wrapWidth=15.0)
11.0506 	EXP 	setup_text: autoDraw = True
12.8828 	DATA 	Keypress: space
12.9120 	EXP 	setup_text: autoDraw = False
12.9120 	EXP 	instrText: autoDraw = True
13.4775 	EXP 	Created sequence: random, trialTypes=1, nReps=10, seed=None
13.4780 	EXP 	New trial (rep=0, index=0): None
13.4785 	EXP 	window1: recordFrameIntervals = False
13.4818 	DATA 	Keypress: space
13.4937 	EXP 	instrText: autoDraw = False
13.4937 	EXP 	grating: ori = 90.0
13.4937 	EXP 	grating: sf = array([1.2, 1.2])
13.4939 	EXP 	window1: recordFrameIntervals = False
13.7444 	EXP 	fixation: autoDraw = True
14.3607 	EXP 	fixation: autoDraw = False
14.4739 	EXP 	grating: autoDraw = True
14.9939 	EXP 	New trial (rep=1, index=0): None
14.9945 	EXP 	window1: recordFrameIntervals = False
14.9980 	DATA 	Keypress: left
15.0073 	EXP 	fixation: autoDraw = False
15.0073 	EXP 	grating: autoDraw = False
15.0073 	EXP 	grating: ori = 0.0
15.0073 	EXP 	grating: sf = array([12., 12.])
15.0076 	EXP 	window1: recordFrameIntervals = False
15.2568 	EXP 	fixation: autoDraw = True
15.8569 	EXP 	fixation: autoDraw = False
15.9904 	EXP 	grating: autoDraw = True
16.3928 	EXP 	New trial (rep=2, index=0): None
16.3934 	EXP 	window1: recordFrameIntervals = False
16.3966 	DATA 	Keypress: up
16.4069 	EXP 	fixation: autoDraw = False
16.4069 	EXP 	grating: autoDraw = False
16.4069 	EXP 	grating: ori = 90.0
16.4069 	EXP 	grating: sf = array([1.2, 1.2])
16.4071 	EXP 	window1: recordFrameIntervals = False
16.6569 	EXP 	fixation: autoDraw = True
17.2569 	EXP 	fixation: autoDraw = False
17.3898 	EXP 	grating: autoDraw = True
17.6958 	EXP 	New trial (rep=3, index=0): None
17.6965 	EXP 	window1: recordFrameIntervals = False
17.6991 	DATA 	Keypress: left
17.7168 	EXP 	fixation: autoDraw = False
17.7168 	EXP 	grating: autoDraw = False
17.7168 	EXP 	grating: ori = 90.0
17.7168 	EXP 	grating: sf = array([12., 12.])
17.7171 	EXP 	window1: recordFrameIntervals = False
17.9567 	EXP 	fixation: autoDraw = True
18.5579 	EXP 	fixation: autoDraw = False
18.6898 	EXP 	grating: autoDraw = True
19.2087 	EXP 	New trial (rep=4, index=0): None
19.2092 	EXP 	window1: recordFrameIntervals = False
19.2119 	DATA 	Keypress: left
19.2237 	EXP 	fixation: autoDraw = False
19.2237 	EXP 	grating: autoDraw = False
19.2237 	EXP 	grating: ori = 0.0
19.2237 	EXP 	grating: sf = array([1.2, 1.2])
19.2240 	EXP 	window1: recordFrameIntervals = False
19.4736 	EXP 	fixation: autoDraw = True
20.0733 	EXP 	fixation: autoDraw = False
20.2070 	EXP 	grating: autoDraw = True
20.6599 	EXP 	New trial (rep=5, index=0): None
20.6605 	EXP 	window1: recordFrameIntervals = False
20.6632 	DATA 	Keypress: up
20.6730 	EXP 	fixation: autoDraw = False
20.6730 	EXP 	grating: autoDraw = False
20.6730 	EXP 	grating: ori = 0.0
20.6730 	EXP 	grating: sf = array([1.2, 1.2])
20.6733 	EXP 	window1: recordFrameIntervals = False
20.9231 	EXP 	fixation: autoDraw = True
21.5235 	EXP 	fixation: autoDraw = False
21.6570 	EXP 	grating: autoDraw = True
22.1934 	EXP 	New trial (rep=6, index=0): None
22.1938 	EXP 	window1: recordFrameIntervals = False
22.1963 	DATA 	Keypress: up
22.2066 	EXP 	fixation: autoDraw = False
22.2066 	EXP 	grating: autoDraw = False
22.2066 	EXP 	grating: ori = 0.0
22.2066 	EXP 	grating: sf = array([1.2, 1.2])
22.2068 	EXP 	window1: recordFrameIntervals = False
22.4568 	EXP 	fixation: autoDraw = True
23.0568 	EXP 	fixation: autoDraw = False
23.1889 	EXP 	grating: autoDraw = True
23.6268 	EXP 	New trial (rep=7, index=0): None
23.6274 	EXP 	window1: recordFrameIntervals = False
23.6302 	DATA 	Keypress: left
23.6404 	EXP 	fixation: autoDraw = False
23.6404 	EXP 	grating: autoDraw = False
23.6404 	EXP 	grating: ori = 0.0
23.6404 	EXP 	grating: sf = array([1.2, 1.2])
23.6406 	EXP 	window1: recordFrameIntervals = False
23.8892 	EXP 	fixation: autoDraw = True
24.4907 	EXP 	fixation: autoDraw = False
24.6229 	EXP 	grating: autoDraw = True
24.9768 	EXP 	New trial (rep=8, index=0): None
24.9776 	EXP 	window1: recordFrameIntervals = False
24.9811 	DATA 	Keypress: up
24.9901 	EXP 	fixation: autoDraw = False
24.9901 	EXP 	grating: autoDraw = False
24.9901 	EXP 	grating: ori = 0.0
24.9901 	EXP 	grating: sf = array([12., 12.])
24.9903 	EXP 	window1: recordFrameIntervals = False
25.2393 	EXP 	fixation: autoDraw = True
25.8391 	EXP 	fixation: autoDraw = False
25.9734 	EXP 	grating: autoDraw = True
26.3942 	EXP 	New trial (rep=9, index=0): None
26.3949 	EXP 	window1: recordFrameIntervals = False
26.3979 	DATA 	Keypress: up
26.4070 	EXP 	fixation: autoDraw = False
26.4070 	EXP 	grating: autoDraw = False
26.4070 	EXP 	grating: ori = 0.0
26.4070 	EXP 	grating: sf = array([12., 12.])
26.4073 	EXP 	window1: recordFrameIntervals = False
26.6572 	EXP 	fixation: autoDraw = True
27.2570 	EXP 	fixation: autoDraw = False
27.3899 	EXP 	grating: autoDraw = True
27.8302 	DATA 	Keypress: up
27.8399 	EXP 	fixation: autoDraw = False
27.8399 	EXP 	grating: autoDraw = False
27.8399 	EXP 	text: autoDraw = True
30.4217 	EXP 	Imported stairDefinitions.xlsx as conditions, 2 conditions, 9 params
30.6091 	EXP 	window1: recordFrameIntervals = False
30.6120 	DATA 	Keypress: space
30.6237 	EXP 	text: autoDraw = False
30.6237 	EXP 	grating: ori = 90.0
30.6237 	EXP 	grating: sf = array([1.2, 1.2])
30.6240 	EXP 	window1: recordFrameIntervals = False
30.8735 	EXP 	fixation: autoDraw = True
31.4737 	EXP 	fixation: autoDraw = False
31.6071 	EXP 	grating: autoDraw = True
32.0580 	EXP 	window1: recordFrameIntervals = False
32.0613 	DATA 	Keypress: left
32.0732 	EXP 	fixation: autoDraw = False
32.0732 	EXP 	grating: autoDraw = False
32.0732 	EXP 	grating: ori = 0.0
32.0732 	EXP 	grating: sf = array([12., 12.])
32.0734 	EXP 	window1: recordFrameIntervals = False
32.3236 	EXP 	fixation: autoDraw = True
32.9234 	EXP 	fixation: autoDraw = False
33.0562 	EXP 	grating: autoDraw = True
33.6093 	EXP 	window1: recordFrameIntervals = False
33.6129 	DATA 	Keypress: up
33.6225 	EXP 	fixation: autoDraw = False
33.6225 	EXP 	grating: autoDraw = False
33.6225 	EXP 	grating: ori = 0.0
33.6225 	EXP 	grating: sf = array([12., 12.])
33.6228 	EXP 	window1: recordFrameIntervals = False
33.8732 	EXP 	fixation: autoDraw = True
34.4739 	EXP 	fixation: autoDraw = False
34.6067 	EXP 	grating: autoDraw = True
35.1099 	EXP 	window1: recordFrameIntervals = False
35.1124 	DATA 	Keypress: up
35.1234 	EXP 	fixation: autoDraw = False
35.1234 	EXP 	grating: autoDraw = False
35.1234 	EXP 	grating: ori = 90.0
35.1234 	EXP 	grating: sf = array([1.2, 1.2])
35.1237 	EXP 	window1: recordFrameIntervals = False
35.3735 	EXP 	fixation: autoDraw = True
35.9738 	EXP 	fixation: autoDraw = False
36.1071 	EXP 	grating: autoDraw = True
36.5097 	EXP 	window1: recordFrameIntervals = False
36.5124 	DATA 	Keypress: left
36.5232 	EXP 	fixation: autoDraw = False
36.5232 	EXP 	grating: autoDraw = False
36.5232 	EXP 	grating: ori = 0.0
36.5232 	EXP 	grating: sf = array([12., 12.])
36.5235 	EXP 	window1: recordFrameIntervals = False
36.7692 	EXP 	fixation: autoDraw = True
37.3737 	EXP 	fixation: autoDraw = False
37.5061 	EXP 	grating: autoDraw = True
37.9262 	EXP 	window1: recordFrameIntervals = False
37.9293 	DATA 	Keypress: up
37.9424 	EXP 	fixation: autoDraw = False
37.9424 	EXP 	grating: autoDraw = False
37.9424 	EXP 	grating: ori = 90.0
37.9424 	EXP 	grating: sf = array([1.2, 1.2])
37.9426 	EXP 	window1: recordFrameIntervals = False
38.1912 	EXP 	fixation: autoDraw = True
38.8062 	EXP 	fixation: autoDraw = False
38.9234 	EXP 	grating: autoDraw = True
39.3577 	EXP 	window1: recordFrameIntervals = False
39.3603 	DATA 	Keypress: left
39.3735 	EXP 	fixation: autoDraw = False
39.3735 	EXP 	grating: autoDraw = False
39.3735 	EXP 	grating: ori = 0.0
39.3735 	EXP 	grating: sf = array([1.2, 1.2])
39.3737 	EXP 	window1: recordFrameIntervals = False
39.6232 	EXP 	fixation: autoDraw = True
40.2238 	EXP 	fixation: autoDraw = False
40.3573 	EXP 	grating: autoDraw = True
40.7592 	EXP 	window1: recordFrameIntervals = False
40.7623 	DATA 	Keypress: up
40.7735 	EXP 	fixation: autoDraw = False
40.7735 	EXP 	grating: autoDraw = False
40.7735 	EXP 	grating: ori = 90.0
40.7735 	EXP 	grating: sf = array([12., 12.])
40.7738 	EXP 	window1: recordFrameIntervals = False
41.0238 	EXP 	fixation: autoDraw = True
41.6237 	EXP 	fixation: autoDraw = False
41.7574 	EXP 	grating: autoDraw = True
42.1429 	EXP 	window1: recordFrameIntervals = False
42.1457 	DATA 	Keypress: left
42.1567 	EXP 	fixation: autoDraw = False
42.1567 	EXP 	grating: autoDraw = False
42.1567 	EXP 	grating: ori = 0.0
42.1567 	EXP 	grating: sf = array([12., 12.])
42.1570 	EXP 	window1: recordFrameIntervals = False
42.4067 	EXP 	fixation: autoDraw = True
43.0066 	EXP 	fixation: autoDraw = False
43.1392 	EXP 	grating: autoDraw = True
43.5073 	EXP 	window1: recordFrameIntervals = False
43.5096 	DATA 	Keypress: up
43.5229 	EXP 	fixation: autoDraw = False
43.5229 	EXP 	grating: autoDraw = False
43.5229 	EXP 	grating: ori = 0.0
43.5229 	EXP 	grating: sf = array([1.2, 1.2])
43.5232 	EXP 	window1: recordFrameIntervals = False
43.7729 	EXP 	fixation: autoDraw = True
44.3729 	EXP 	fixation: autoDraw = False
44.5071 	EXP 	grating: autoDraw = True
44.9936 	EXP 	window1: recordFrameIntervals = False
44.9970 	DATA 	Keypress: up
45.0069 	EXP 	fixation: autoDraw = False
45.0069 	EXP 	grating: autoDraw = False
45.0069 	EXP 	grating: ori = 0.0
45.0069 	EXP 	grating: sf = array([1.2, 1.2])
45.0072 	EXP 	window1: recordFrameIntervals = False
45.2572 	EXP 	fixation: autoDraw = True
45.8583 	EXP 	fixation: autoDraw = False
45.9915 	EXP 	grating: autoDraw = True
46.4422 	EXP 	window1: recordFrameIntervals = False
46.4453 	DATA 	Keypress: up
46.4574 	EXP 	fixation: autoDraw = False
46.4574 	EXP 	grating: autoDraw = False
46.4574 	EXP 	grating: ori = 90.0
46.4574 	EXP 	grating: sf = array([12., 12.])
46.4577 	EXP 	window1: recordFrameIntervals = False
46.7079 	EXP 	fixation: autoDraw = True
47.3246 	EXP 	fixation: autoDraw = False
47.4418 	EXP 	grating: autoDraw = True
47.9596 	EXP 	window1: recordFrameIntervals = False
47.9626 	DATA 	Keypress: left
47.9743 	EXP 	fixation: autoDraw = False
47.9743 	EXP 	grating: autoDraw = False
47.9743 	EXP 	grating: ori = 90.0
47.9743 	EXP 	grating: sf = array([1.2, 1.2])
47.9745 	EXP 	window1: recordFrameIntervals = False
48.2236 	EXP 	fixation: autoDraw = True
48.8246 	EXP 	fixation: autoDraw = False
48.9579 	EXP 	grating: autoDraw = True
49.6589 	EXP 	window1: recordFrameIntervals = False
49.6623 	DATA 	Keypress: left
49.6742 	EXP 	fixation: autoDraw = False
49.6742 	EXP 	grating: autoDraw = False
49.6742 	EXP 	grating: ori = 90.0
49.6742 	EXP 	grating: sf = array([12., 12.])
49.6746 	EXP 	window1: recordFrameIntervals = False
49.9238 	EXP 	fixation: autoDraw = True
50.5255 	EXP 	fixation: autoDraw = False
50.6583 	EXP 	grating: autoDraw = True
51.1110 	EXP 	window1: recordFrameIntervals = False
51.1136 	DATA 	Keypress: left
51.1242 	EXP 	fixation: autoDraw = False
51.1242 	EXP 	grating: autoDraw = False
51.1242 	EXP 	grating: ori = 90.0
51.1242 	EXP 	grating: sf = array([1.2, 1.2])
51.1245 	EXP 	window1: recordFrameIntervals = False
51.3740 	EXP 	fixation: autoDraw = True
51.9747 	EXP 	fixation: autoDraw = False
52.1082 	EXP 	grating: autoDraw = True
52.6098 	EXP 	window1: recordFrameIntervals = False
52.6133 	DATA 	Keypress: left
52.6247 	EXP 	fixation: autoDraw = False
52.6247 	EXP 	grating: autoDraw = False
52.6247 	EXP 	grating: ori = 90.0
52.6247 	EXP 	grating: sf = array([12., 12.])
52.6250 	EXP 	window1: recordFrameIntervals = False
52.8745 	EXP 	fixation: autoDraw = True
53.4740 	EXP 	fixation: autoDraw = False
53.6073 	EXP 	grating: autoDraw = True
54.3590 	EXP 	window1: recordFrameIntervals = False
54.3614 	DATA 	Keypress: left
54.3742 	EXP 	fixation: autoDraw = False
54.3742 	EXP 	grating: autoDraw = False
54.3742 	EXP 	grating: ori = 90.0
54.3742 	EXP 	grating: sf = array([1.2, 1.2])
54.3744 	EXP 	window1: recordFrameIntervals = False
54.6244 	EXP 	fixation: autoDraw = True
55.2247 	EXP 	fixation: autoDraw = False
55.3575 	EXP 	grating: autoDraw = True
55.8257 	EXP 	window1: recordFrameIntervals = False
55.8282 	DATA 	Keypress: left
55.8411 	EXP 	fixation: autoDraw = False
55.8411 	EXP 	grating: autoDraw = False
55.8411 	EXP 	grating: ori = 0.0
55.8411 	EXP 	grating: sf = array([12., 12.])
55.8413 	EXP 	window1: recordFrameIntervals = False
56.0911 	EXP 	fixation: autoDraw = True
56.6903 	EXP 	fixation: autoDraw = False
56.8236 	EXP 	grating: autoDraw = True
57.4770 	EXP 	window1: recordFrameIntervals = False
57.4805 	DATA 	Keypress: up
57.4914 	EXP 	fixation: autoDraw = False
57.4914 	EXP 	grating: autoDraw = False
57.4914 	EXP 	grating: ori = 0.0
57.4914 	EXP 	grating: sf = array([12., 12.])
57.4917 	EXP 	window1: recordFrameIntervals = False
57.7405 	EXP 	fixation: autoDraw = True
58.3412 	EXP 	fixation: autoDraw = False
58.4744 	EXP 	grating: autoDraw = True
58.9097 	EXP 	window1: recordFrameIntervals = False
58.9124 	DATA 	Keypress: up
58.9235 	EXP 	fixation: autoDraw = False
58.9235 	EXP 	grating: autoDraw = False
58.9235 	EXP 	grating: ori = 90.0
58.9235 	EXP 	grating: sf = array([1.2, 1.2])
58.9238 	EXP 	window1: recordFrameIntervals = False
59.1731 	EXP 	fixation: autoDraw = True
59.7737 	EXP 	fixation: autoDraw = False
59.9073 	EXP 	grating: autoDraw = True
60.4759 	EXP 	window1: recordFrameIntervals = False
60.4795 	DATA 	Keypress: left
60.4906 	EXP 	fixation: autoDraw = False
60.4906 	EXP 	grating: autoDraw = False
60.4906 	EXP 	grating: ori = 90.0
60.4906 	EXP 	grating: sf = array([1.2, 1.2])
60.4909 	EXP 	window1: recordFrameIntervals = False
60.7409 	EXP 	fixation: autoDraw = True
61.3414 	EXP 	fixation: autoDraw = False
61.4743 	EXP 	grating: autoDraw = True
62.1434 	EXP 	window1: recordFrameIntervals = False
62.1468 	DATA 	Keypress: left
62.1574 	EXP 	fixation: autoDraw = False
62.1574 	EXP 	grating: autoDraw = False
62.1574 	EXP 	grating: ori = 90.0
62.1574 	EXP 	grating: sf = array([12., 12.])
62.1576 	EXP 	window1: recordFrameIntervals = False
62.4081 	EXP 	fixation: autoDraw = True
63.0058 	EXP 	fixation: autoDraw = False
63.1400 	EXP 	grating: autoDraw = True
63.6607 	EXP 	window1: recordFrameIntervals = False
63.6643 	DATA 	Keypress: left
63.6750 	EXP 	fixation: autoDraw = False
63.6750 	EXP 	grating: autoDraw = False
63.6750 	EXP 	grating: ori = 90.0
63.6750 	EXP 	grating: sf = array([1.2, 1.2])
63.6752 	EXP 	window1: recordFrameIntervals = False
63.9247 	EXP 	fixation: autoDraw = True
64.5245 	EXP 	fixation: autoDraw = False
64.6580 	EXP 	grating: autoDraw = True
65.2751 	EXP 	window1: recordFrameIntervals = False
65.2778 	DATA 	Keypress: left
65.2914 	EXP 	fixation: autoDraw = False
65.2914 	EXP 	grating: autoDraw = False
65.2914 	EXP 	grating: ori = 0.0
65.2914 	EXP 	grating: sf = array([12., 12.])
65.2916 	EXP 	window1: recordFrameIntervals = False
65.5413 	EXP 	fixation: autoDraw = True
66.1414 	EXP 	fixation: autoDraw = False
66.2743 	EXP 	grating: autoDraw = True
66.6757 	EXP 	window1: recordFrameIntervals = False
66.6784 	DATA 	Keypress: up
66.6913 	EXP 	fixation: autoDraw = False
66.6913 	EXP 	grating: autoDraw = False
66.6913 	EXP 	grating: ori = 0.0
66.6913 	EXP 	grating: sf = array([1.2, 1.2])
66.6916 	EXP 	window1: recordFrameIntervals = False
66.9413 	EXP 	fixation: autoDraw = True
67.5413 	EXP 	fixation: autoDraw = False
67.6748 	EXP 	grating: autoDraw = True
68.1938 	EXP 	window1: recordFrameIntervals = False
68.1975 	DATA 	Keypress: up
68.2082 	EXP 	fixation: autoDraw = False
68.2082 	EXP 	grating: autoDraw = False
68.2082 	EXP 	grating: ori = 0.0
68.2082 	EXP 	grating: sf = array([12., 12.])
68.2085 	EXP 	window1: recordFrameIntervals = False
68.4570 	EXP 	fixation: autoDraw = True
69.0574 	EXP 	fixation: autoDraw = False
69.1895 	EXP 	grating: autoDraw = True
69.5754 	EXP 	window1: recordFrameIntervals = False
69.5899 	EXP 	fixation: autoDraw = False
69.5899 	EXP 	grating: autoDraw = False
69.5899 	EXP 	grating: ori = 0.0
69.5899 	EXP 	grating: sf = array([1.2, 1.2])
69.5902 	EXP 	window1: recordFrameIntervals = False
69.6136 	DATA 	Keypress: up
69.8407 	EXP 	fixation: autoDraw = True
70.4410 	EXP 	fixation: autoDraw = False
70.5744 	EXP 	grating: autoDraw = True
71.0929 	EXP 	window1: recordFrameIntervals = False
71.0958 	DATA 	Keypress: left
71.1079 	EXP 	fixation: autoDraw = False
71.1079 	EXP 	grating: autoDraw = False
71.1079 	EXP 	grating: ori = 90.0
71.1079 	EXP 	grating: sf = array([12., 12.])
71.1081 	EXP 	window1: recordFrameIntervals = False
71.3579 	EXP 	fixation: autoDraw = True
71.9568 	EXP 	fixation: autoDraw = False
72.0912 	EXP 	grating: autoDraw = True
72.7439 	EXP 	window1: recordFrameIntervals = False
72.7467 	DATA 	Keypress: left
72.7572 	EXP 	fixation: autoDraw = False
72.7572 	EXP 	grating: autoDraw = False
72.7572 	EXP 	grating: ori = 90.0
72.7572 	EXP 	grating: sf = array([1.2, 1.2])
72.7576 	EXP 	window1: recordFrameIntervals = False
73.0080 	EXP 	fixation: autoDraw = True
73.6081 	EXP 	fixation: autoDraw = False
73.7411 	EXP 	grating: autoDraw = True
74.4424 	EXP 	window1: recordFrameIntervals = False
74.4456 	DATA 	Keypress: left
74.4580 	EXP 	fixation: autoDraw = False
74.4580 	EXP 	grating: autoDraw = False
74.4580 	EXP 	grating: ori = 0.0
74.4580 	EXP 	grating: sf = array([12., 12.])
74.4583 	EXP 	window1: recordFrameIntervals = False
74.7079 	EXP 	fixation: autoDraw = True
75.3064 	EXP 	fixation: autoDraw = False
75.4405 	EXP 	grating: autoDraw = True
75.8929 	EXP 	window1: recordFrameIntervals = False
75.8963 	DATA 	Keypress: up
75.9087 	EXP 	fixation: autoDraw = False
75.9087 	EXP 	grating: autoDraw = False
75.9087 	EXP 	grating: ori = 90.0
75.9087 	EXP 	grating: sf = array([12., 12.])
75.9090 	EXP 	window1: recordFrameIntervals = False
76.1577 	EXP 	fixation: autoDraw = True
76.7581 	EXP 	fixation: autoDraw = False
76.8912 	EXP 	grating: autoDraw = True
77.4918 	EXP 	window1: recordFrameIntervals = False
77.4939 	DATA 	Keypress: left
77.5072 	EXP 	fixation: autoDraw = False
77.5072 	EXP 	grating: autoDraw = False
77.5072 	EXP 	grating: ori = 90.0
77.5072 	EXP 	grating: sf = array([1.2, 1.2])
77.5074 	EXP 	window1: recordFrameIntervals = False
77.7579 	EXP 	fixation: autoDraw = True
78.3582 	EXP 	fixation: autoDraw = False
78.4913 	EXP 	grating: autoDraw = True
79.0777 	EXP 	window1: recordFrameIntervals = False
79.0809 	DATA 	Keypress: left
79.0913 	EXP 	fixation: autoDraw = False
79.0913 	EXP 	grating: autoDraw = False
79.0913 	EXP 	grating: ori = 90.0
79.0913 	EXP 	grating: sf = array([1.2, 1.2])
79.0916 	EXP 	window1: recordFrameIntervals = False
79.3413 	EXP 	fixation: autoDraw = True
79.9414 	EXP 	fixation: autoDraw = False
80.0745 	EXP 	grating: autoDraw = True
80.5764 	EXP 	window1: recordFrameIntervals = False
80.5797 	DATA 	Keypress: left
80.5908 	EXP 	fixation: autoDraw = False
80.5908 	EXP 	grating: autoDraw = False
80.5908 	EXP 	grating: ori = 0.0
80.5908 	EXP 	grating: sf = array([12., 12.])
80.5911 	EXP 	window1: recordFrameIntervals = False
80.8414 	EXP 	fixation: autoDraw = True
81.4408 	EXP 	fixation: autoDraw = False
81.5750 	EXP 	grating: autoDraw = True
82.0588 	EXP 	window1: recordFrameIntervals = False
82.0612 	DATA 	Keypress: left
82.0746 	EXP 	fixation: autoDraw = False
82.0746 	EXP 	grating: autoDraw = False
82.0746 	EXP 	grating: ori = 90.0
82.0746 	EXP 	grating: sf = array([1.2, 1.2])
82.0749 	EXP 	window1: recordFrameIntervals = False
82.3241 	EXP 	fixation: autoDraw = True
82.9246 	EXP 	fixation: autoDraw = False
83.0561 	EXP 	grating: autoDraw = True
83.6924 	EXP 	window1: recordFrameIntervals = False
83.6950 	DATA 	Keypress: left
83.7079 	EXP 	fixation: autoDraw = False
83.7079 	EXP 	grating: autoDraw = False
83.7079 	EXP 	grating: ori = 90.0
83.7079 	EXP 	grating: sf = array([12., 12.])
83.7082 	EXP 	window1: recordFrameIntervals = False
83.9579 	EXP 	fixation: autoDraw = True
84.5593 	EXP 	fixation: autoDraw = False
84.6912 	EXP 	grating: autoDraw = True
85.2924 	EXP 	window1: recordFrameIntervals = False
85.2958 	DATA 	Keypress: left
85.3080 	EXP 	fixation: autoDraw = False
85.3080 	EXP 	grating: autoDraw = False
85.3080 	EXP 	grating: ori = 90.0
85.3080 	EXP 	grating: sf = array([1.2, 1.2])
85.3083 	EXP 	window1: recordFrameIntervals = False
85.5594 	EXP 	fixation: autoDraw = True
86.1736 	EXP 	fixation: autoDraw = False
86.2908 	EXP 	grating: autoDraw = True
87.0100 	EXP 	window1: recordFrameIntervals = False
87.0135 	DATA 	Keypress: left
87.0247 	EXP 	fixation: autoDraw = False
87.0247 	EXP 	grating: autoDraw = False
87.0247 	EXP 	grating: ori = 90.0
87.0247 	EXP 	grating: sf = array([12., 12.])
87.0250 	EXP 	window1: recordFrameIntervals = False
87.2745 	EXP 	fixation: autoDraw = True
87.8732 	EXP 	fixation: autoDraw = False
88.0080 	EXP 	grating: autoDraw = True
88.6750 	EXP 	window1: recordFrameIntervals = False
88.6774 	DATA 	Keypress: left
88.6904 	EXP 	fixation: autoDraw = False
88.6904 	EXP 	grating: autoDraw = False
88.6904 	EXP 	grating: ori = 0.0
88.6904 	EXP 	grating: sf = array([1.2, 1.2])
88.6907 	EXP 	window1: recordFrameIntervals = False
88.9413 	EXP 	fixation: autoDraw = True
89.5410 	EXP 	fixation: autoDraw = False
89.6746 	EXP 	grating: autoDraw = True
90.2583 	EXP 	window1: recordFrameIntervals = False
90.2614 	DATA 	Keypress: up
90.2746 	EXP 	fixation: autoDraw = False
90.2746 	EXP 	grating: autoDraw = False
90.2746 	EXP 	grating: ori = 0.0
90.2746 	EXP 	grating: sf = array([12., 12.])
90.2749 	EXP 	window1: recordFrameIntervals = False
90.5247 	EXP 	fixation: autoDraw = True
91.1246 	EXP 	fixation: autoDraw = False
91.2577 	EXP 	grating: autoDraw = True
91.8772 	EXP 	window1: recordFrameIntervals = False
91.8812 	DATA 	Keypress: up
91.8909 	EXP 	fixation: autoDraw = False
91.8909 	EXP 	grating: autoDraw = False
91.8909 	EXP 	grating: ori = 90.0
91.8909 	EXP 	grating: sf = array([12., 12.])
91.8912 	EXP 	window1: recordFrameIntervals = False
92.1410 	EXP 	fixation: autoDraw = True
92.7410 	EXP 	fixation: autoDraw = False
92.8741 	EXP 	grating: autoDraw = True
93.5592 	EXP 	window1: recordFrameIntervals = False
93.5642 	DATA 	Keypress: left
93.5748 	EXP 	fixation: autoDraw = False
93.5748 	EXP 	grating: autoDraw = False
93.5748 	EXP 	grating: ori = 0.0
93.5748 	EXP 	grating: sf = array([1.2, 1.2])
93.5750 	EXP 	window1: recordFrameIntervals = False
93.8240 	EXP 	fixation: autoDraw = True
94.4240 	EXP 	fixation: autoDraw = False
94.5563 	EXP 	grating: autoDraw = True
95.5084 	EXP 	window1: recordFrameIntervals = False
95.5118 	DATA 	Keypress: up
95.5244 	EXP 	fixation: autoDraw = False
95.5244 	EXP 	grating: autoDraw = False
95.5244 	EXP 	grating: ori = 90.0
95.5244 	EXP 	grating: sf = array([1.2, 1.2])
95.5246 	EXP 	window1: recordFrameIntervals = False
95.7748 	EXP 	fixation: autoDraw = True
96.3748 	EXP 	fixation: autoDraw = False
96.5070 	EXP 	grating: autoDraw = True
96.9935 	EXP 	window1: recordFrameIntervals = False
96.9961 	DATA 	Keypress: left
97.0070 	EXP 	fixation: autoDraw = False
97.0070 	EXP 	grating: autoDraw = False
97.0070 	EXP 	grating: ori = 0.0
97.0070 	EXP 	grating: sf = array([12., 12.])
97.0072 	EXP 	window1: recordFrameIntervals = False
97.2582 	EXP 	fixation: autoDraw = True
97.8581 	EXP 	fixation: autoDraw = False
97.9913 	EXP 	grating: autoDraw = True
98.4600 	EXP 	window1: recordFrameIntervals = False
98.4640 	DATA 	Keypress: up
98.4748 	EXP 	fixation: autoDraw = False
98.4748 	EXP 	grating: autoDraw = False
98.4748 	EXP 	grating: ori = 0.0
98.4748 	EXP 	grating: sf = array([1.2, 1.2])
98.4753 	EXP 	window1: recordFrameIntervals = False
98.7249 	EXP 	fixation: autoDraw = True
99.3413 	EXP 	fixation: autoDraw = False
99.4580 	EXP 	grating: autoDraw = True
100.1432 	EXP 	window1: recordFrameIntervals = False
100.1467 	DATA 	Keypress: left
100.1577 	EXP 	fixation: autoDraw = False
100.1577 	EXP 	grating: autoDraw = False
100.1577 	EXP 	grating: ori = 0.0
100.1577 	EXP 	grating: sf = array([12., 12.])
100.1580 	EXP 	window1: recordFrameIntervals = False
100.4080 	EXP 	fixation: autoDraw = True
101.0080 	EXP 	fixation: autoDraw = False
101.1410 	EXP 	grating: autoDraw = True
101.8111 	EXP 	window1: recordFrameIntervals = False
101.8143 	DATA 	Keypress: up
101.8239 	EXP 	fixation: autoDraw = False
101.8239 	EXP 	grating: autoDraw = False
101.8239 	EXP 	grating: ori = 0.0
101.8239 	EXP 	grating: sf = array([12., 12.])
101.8243 	EXP 	window1: recordFrameIntervals = False
102.0746 	EXP 	fixation: autoDraw = True
102.6743 	EXP 	fixation: autoDraw = False
102.8079 	EXP 	grating: autoDraw = True
103.4782 	EXP 	window1: recordFrameIntervals = False
103.4908 	EXP 	fixation: autoDraw = False
103.4908 	EXP 	grating: autoDraw = False
103.4908 	EXP 	grating: ori = 90.0
103.4908 	EXP 	grating: sf = array([1.2, 1.2])
103.4913 	EXP 	window1: recordFrameIntervals = False
103.5161 	DATA 	Keypress: up
103.7410 	EXP 	fixation: autoDraw = True
104.3405 	EXP 	fixation: autoDraw = False
104.4747 	EXP 	grating: autoDraw = True
104.8952 	EXP 	window1: recordFrameIntervals = False
104.8996 	DATA 	Keypress: left
104.9084 	EXP 	fixation: autoDraw = False
104.9084 	EXP 	grating: autoDraw = False
104.9084 	EXP 	grating: ori = 0.0
104.9084 	EXP 	grating: sf = array([1.2, 1.2])
104.9087 	EXP 	window1: recordFrameIntervals = False
105.1584 	EXP 	fixation: autoDraw = True
105.7575 	EXP 	fixation: autoDraw = False
105.8913 	EXP 	grating: autoDraw = True
106.6098 	EXP 	window1: recordFrameIntervals = False
106.6130 	DATA 	Keypress: up
106.6252 	EXP 	fixation: autoDraw = False
106.6252 	EXP 	grating: autoDraw = False
106.6252 	EXP 	grating: ori = 90.0
106.6252 	EXP 	grating: sf = array([12., 12.])
106.6255 	EXP 	window1: recordFrameIntervals = False
106.8735 	EXP 	fixation: autoDraw = True
107.4749 	EXP 	fixation: autoDraw = False
107.6077 	EXP 	grating: autoDraw = True
108.2600 	EXP 	window1: recordFrameIntervals = False
108.2635 	DATA 	Keypress: left
108.2747 	EXP 	fixation: autoDraw = False
108.2747 	EXP 	grating: autoDraw = False
108.2747 	EXP 	grating: ori = 0.0
108.2747 	EXP 	grating: sf = array([12., 12.])
108.2749 	EXP 	window1: recordFrameIntervals = False
108.5249 	EXP 	fixation: autoDraw = True
109.1231 	EXP 	fixation: autoDraw = False
109.2577 	EXP 	grating: autoDraw = True
110.2095 	EXP 	window1: recordFrameIntervals = False
110.2120 	DATA 	Keypress: up
110.2244 	EXP 	fixation: autoDraw = False
110.2244 	EXP 	grating: autoDraw = False
110.2244 	EXP 	grating: ori = 0.0
110.2244 	EXP 	grating: sf = array([1.2, 1.2])
110.2246 	EXP 	window1: recordFrameIntervals = False
110.4747 	EXP 	fixation: autoDraw = True
111.0743 	EXP 	fixation: autoDraw = False
111.2079 	EXP 	grating: autoDraw = True
111.8919 	EXP 	window1: recordFrameIntervals = False
111.8949 	DATA 	Keypress: up
111.9074 	EXP 	fixation: autoDraw = False
111.9074 	EXP 	grating: autoDraw = False
111.9074 	EXP 	grating: ori = 0.0
111.9074 	EXP 	grating: sf = array([1.2, 1.2])
111.9078 	EXP 	window1: recordFrameIntervals = False
112.1573 	EXP 	fixation: autoDraw = True
112.7575 	EXP 	fixation: autoDraw = False
112.8907 	EXP 	grating: autoDraw = True
113.3758 	EXP 	window1: recordFrameIntervals = False
113.3782 	DATA 	Keypress: up
113.3908 	EXP 	fixation: autoDraw = False
113.3908 	EXP 	grating: autoDraw = False
113.3908 	EXP 	grating: ori = 0.0
113.3908 	EXP 	grating: sf = array([12., 12.])
113.3912 	EXP 	window1: recordFrameIntervals = False
113.6416 	EXP 	fixation: autoDraw = True
114.2410 	EXP 	fixation: autoDraw = False
114.3746 	EXP 	grating: autoDraw = True
114.9102 	EXP 	window1: recordFrameIntervals = False
114.9132 	DATA 	Keypress: up
114.9231 	EXP 	fixation: autoDraw = False
114.9231 	EXP 	grating: autoDraw = False
114.9231 	EXP 	grating: ori = 90.0
114.9231 	EXP 	grating: sf = array([1.2, 1.2])
114.9235 	EXP 	window1: recordFrameIntervals = False
115.1748 	EXP 	fixation: autoDraw = True
115.7737 	EXP 	fixation: autoDraw = False
115.9083 	EXP 	grating: autoDraw = True
116.5932 	EXP 	window1: recordFrameIntervals = False
116.5966 	DATA 	Keypress: left
116.6077 	EXP 	fixation: autoDraw = False
116.6077 	EXP 	grating: autoDraw = False
116.6077 	EXP 	grating: ori = 0.0
116.6077 	EXP 	grating: sf = array([12., 12.])
116.6079 	EXP 	window1: recordFrameIntervals = False
116.8575 	EXP 	fixation: autoDraw = True
117.4580 	EXP 	fixation: autoDraw = False
117.5914 	EXP 	grating: autoDraw = True
118.1279 	EXP 	window1: recordFrameIntervals = False
118.1310 	DATA 	Keypress: up
118.1414 	EXP 	fixation: autoDraw = False
118.1414 	EXP 	grating: autoDraw = False
118.1414 	EXP 	grating: ori = 90.0
118.1414 	EXP 	grating: sf = array([1.2, 1.2])
118.1417 	EXP 	window1: recordFrameIntervals = False
118.3911 	EXP 	fixation: autoDraw = True
118.9909 	EXP 	fixation: autoDraw = False
119.1230 	EXP 	grating: autoDraw = True
119.9084 	EXP 	window1: recordFrameIntervals = False
119.9109 	DATA 	Keypress: left
119.9235 	EXP 	fixation: autoDraw = False
119.9235 	EXP 	grating: autoDraw = False
119.9235 	EXP 	grating: ori = 0.0
119.9235 	EXP 	grating: sf = array([12., 12.])
119.9238 	EXP 	window1: recordFrameIntervals = False
120.1745 	EXP 	fixation: autoDraw = True
120.7747 	EXP 	fixation: autoDraw = False
120.9069 	EXP 	grating: autoDraw = True
121.3926 	EXP 	window1: recordFrameIntervals = False
121.3958 	DATA 	Keypress: up
121.4079 	EXP 	fixation: autoDraw = False
121.4079 	EXP 	grating: autoDraw = False
121.4079 	EXP 	grating: ori = 90.0
121.4079 	EXP 	grating: sf = array([1.2, 1.2])
121.4082 	EXP 	window1: recordFrameIntervals = False
121.6578 	EXP 	fixation: autoDraw = True
122.2583 	EXP 	fixation: autoDraw = False
122.3914 	EXP 	grating: autoDraw = True
122.9927 	EXP 	window1: recordFrameIntervals = False
122.9952 	DATA 	Keypress: left
123.0074 	EXP 	fixation: autoDraw = False
123.0074 	EXP 	grating: autoDraw = False
123.0074 	EXP 	grating: ori = 90.0
123.0074 	EXP 	grating: sf = array([12., 12.])
123.0076 	EXP 	window1: recordFrameIntervals = False
123.2581 	EXP 	fixation: autoDraw = True
123.8580 	EXP 	fixation: autoDraw = False
123.9913 	EXP 	grating: autoDraw = True
124.7081 	EXP 	window1: recordFrameIntervals = False
124.7101 	DATA 	Keypress: left
124.7243 	EXP 	fixation: autoDraw = False
124.7243 	EXP 	grating: autoDraw = False
124.7243 	EXP 	grating: ori = 0.0
124.7243 	EXP 	grating: sf = array([1.2, 1.2])
124.7245 	EXP 	window1: recordFrameIntervals = False
124.9733 	EXP 	fixation: autoDraw = True
125.5735 	EXP 	fixation: autoDraw = False
125.7068 	EXP 	grating: autoDraw = True
126.4282 	EXP 	window1: recordFrameIntervals = False
126.4320 	DATA 	Keypress: up
126.4419 	EXP 	fixation: autoDraw = False
126.4419 	EXP 	grating: autoDraw = False
126.4419 	EXP 	grating: ori = 0.0
126.4419 	EXP 	grating: sf = array([12., 12.])
126.4422 	EXP 	window1: recordFrameIntervals = False
126.6915 	EXP 	fixation: autoDraw = True
127.2932 	EXP 	fixation: autoDraw = False
127.4235 	EXP 	grating: autoDraw = True
127.8776 	EXP 	window1: recordFrameIntervals = False
127.8817 	DATA 	Keypress: up
127.8907 	EXP 	fixation: autoDraw = False
127.8907 	EXP 	grating: autoDraw = False
127.8907 	EXP 	grating: ori = 90.0
127.8907 	EXP 	grating: sf = array([12., 12.])
127.8910 	EXP 	window1: recordFrameIntervals = False
128.1404 	EXP 	fixation: autoDraw = True
128.7405 	EXP 	fixation: autoDraw = False
128.8743 	EXP 	grating: autoDraw = True
129.4754 	EXP 	window1: recordFrameIntervals = False
129.4781 	DATA 	Keypress: left
129.4906 	EXP 	fixation: autoDraw = False
129.4906 	EXP 	grating: autoDraw = False
129.4906 	EXP 	grating: ori = 0.0
129.4906 	EXP 	grating: sf = array([1.2, 1.2])
129.4909 	EXP 	window1: recordFrameIntervals = False
129.7403 	EXP 	fixation: autoDraw = True
130.3414 	EXP 	fixation: autoDraw = False
130.4747 	EXP 	grating: autoDraw = True
130.9770 	EXP 	window1: recordFrameIntervals = False
130.9800 	DATA 	Keypress: up
130.9926 	EXP 	fixation: autoDraw = False
130.9926 	EXP 	grating: autoDraw = False
130.9926 	EXP 	grating: ori = 90.0
130.9926 	EXP 	grating: sf = array([12., 12.])
130.9928 	EXP 	window1: recordFrameIntervals = False
131.2411 	EXP 	fixation: autoDraw = True
131.8402 	EXP 	fixation: autoDraw = False
131.9726 	EXP 	grating: autoDraw = True
132.5613 	EXP 	window1: recordFrameIntervals = False
132.5645 	DATA 	Keypress: left
132.5747 	EXP 	fixation: autoDraw = False
132.5747 	EXP 	grating: autoDraw = False
132.5747 	EXP 	grating: ori = 0.0
132.5747 	EXP 	grating: sf = array([1.2, 1.2])
132.5749 	EXP 	window1: recordFrameIntervals = False
132.8247 	EXP 	fixation: autoDraw = True
133.4239 	EXP 	fixation: autoDraw = False
133.5586 	EXP 	grating: autoDraw = True
134.0760 	EXP 	window1: recordFrameIntervals = False
134.0786 	DATA 	Keypress: up
134.0924 	EXP 	fixation: autoDraw = False
134.0924 	EXP 	grating: autoDraw = False
134.0924 	EXP 	grating: ori = 0.0
134.0924 	EXP 	grating: sf = array([1.2, 1.2])
134.0926 	EXP 	window1: recordFrameIntervals = False
134.3410 	EXP 	fixation: autoDraw = True
134.9408 	EXP 	fixation: autoDraw = False
135.0747 	EXP 	grating: autoDraw = True
136.0944 	EXP 	window1: recordFrameIntervals = False
136.0978 	DATA 	Keypress: up
136.1078 	EXP 	fixation: autoDraw = False
136.1078 	EXP 	grating: autoDraw = False
136.1078 	EXP 	grating: ori = 0.0
136.1078 	EXP 	grating: sf = array([12., 12.])
136.1080 	EXP 	window1: recordFrameIntervals = False
136.3575 	EXP 	fixation: autoDraw = True
136.9574 	EXP 	fixation: autoDraw = False
137.0910 	EXP 	grating: autoDraw = True
137.9944 	EXP 	window1: recordFrameIntervals = False
137.9978 	DATA 	Keypress: up
138.0088 	EXP 	fixation: autoDraw = False
138.0088 	EXP 	grating: autoDraw = False
138.0088 	EXP 	grating: ori = 0.0
138.0088 	EXP 	grating: sf = array([12., 12.])
138.0091 	EXP 	window1: recordFrameIntervals = False
138.2571 	EXP 	fixation: autoDraw = True
138.8580 	EXP 	fixation: autoDraw = False
138.9915 	EXP 	grating: autoDraw = True
139.4590 	EXP 	window1: recordFrameIntervals = False
139.4617 	DATA 	Keypress: up
139.4745 	EXP 	fixation: autoDraw = False
139.4745 	EXP 	grating: autoDraw = False
139.4745 	EXP 	grating: ori = 90.0
139.4745 	EXP 	grating: sf = array([1.2, 1.2])
139.4748 	EXP 	window1: recordFrameIntervals = False
139.7238 	EXP 	fixation: autoDraw = True
140.3247 	EXP 	fixation: autoDraw = False
140.4585 	EXP 	grating: autoDraw = True
141.1113 	EXP 	window1: recordFrameIntervals = False
141.1146 	DATA 	Keypress: left
141.1247 	EXP 	fixation: autoDraw = False
141.1247 	EXP 	grating: autoDraw = False
141.1247 	EXP 	grating: ori = 90.0
141.1247 	EXP 	grating: sf = array([12., 12.])
141.1250 	EXP 	window1: recordFrameIntervals = False
141.3746 	EXP 	fixation: autoDraw = True
141.9738 	EXP 	fixation: autoDraw = False
142.1081 	EXP 	grating: autoDraw = True
142.6924 	EXP 	window1: recordFrameIntervals = False
142.6953 	DATA 	Keypress: left
142.7066 	EXP 	fixation: autoDraw = False
142.7066 	EXP 	grating: autoDraw = False
142.7066 	EXP 	grating: ori = 90.0
142.7066 	EXP 	grating: sf = array([1.2, 1.2])
142.7068 	EXP 	window1: recordFrameIntervals = False
142.9528 	EXP 	fixation: autoDraw = True
143.5579 	EXP 	fixation: autoDraw = False
143.6912 	EXP 	grating: autoDraw = True
144.1939 	EXP 	window1: recordFrameIntervals = False
144.1974 	DATA 	Keypress: left
144.2086 	EXP 	fixation: autoDraw = False
144.2086 	EXP 	grating: autoDraw = False
144.2086 	EXP 	grating: ori = 0.0
144.2086 	EXP 	grating: sf = array([1.2, 1.2])
144.2088 	EXP 	window1: recordFrameIntervals = False
144.4567 	EXP 	fixation: autoDraw = True
145.0577 	EXP 	fixation: autoDraw = False
145.1913 	EXP 	grating: autoDraw = True
145.7774 	EXP 	window1: recordFrameIntervals = False
145.7800 	DATA 	Keypress: up
145.7906 	EXP 	fixation: autoDraw = False
145.7906 	EXP 	grating: autoDraw = False
145.7906 	EXP 	grating: ori = 90.0
145.7906 	EXP 	grating: sf = array([12., 12.])
145.7909 	EXP 	window1: recordFrameIntervals = False
146.0397 	EXP 	fixation: autoDraw = True
146.6406 	EXP 	fixation: autoDraw = False
146.7733 	EXP 	grating: autoDraw = True
147.2253 	EXP 	window1: recordFrameIntervals = False
147.2281 	DATA 	Keypress: left
147.2399 	EXP 	fixation: autoDraw = False
147.2399 	EXP 	grating: autoDraw = False
147.2399 	EXP 	grating: ori = 0.0
147.2399 	EXP 	grating: sf = array([12., 12.])
147.2402 	EXP 	window1: recordFrameIntervals = False
147.4898 	EXP 	fixation: autoDraw = True
148.0901 	EXP 	fixation: autoDraw = False
148.2231 	EXP 	grating: autoDraw = True
148.6263 	EXP 	window1: recordFrameIntervals = False
148.6300 	DATA 	Keypress: up
148.6414 	EXP 	fixation: autoDraw = False
148.6414 	EXP 	grating: autoDraw = False
148.6414 	EXP 	grating: ori = 90.0
148.6414 	EXP 	grating: sf = array([1.2, 1.2])
148.6417 	EXP 	window1: recordFrameIntervals = False
148.8916 	EXP 	fixation: autoDraw = True
149.4907 	EXP 	fixation: autoDraw = False
149.6247 	EXP 	grating: autoDraw = True
150.1611 	EXP 	window1: recordFrameIntervals = False
150.1640 	DATA 	Keypress: left
150.1743 	EXP 	fixation: autoDraw = False
150.1743 	EXP 	grating: autoDraw = False
150.1743 	EXP 	grating: ori = 90.0
150.1743 	EXP 	grating: sf = array([12., 12.])
150.1746 	EXP 	window1: recordFrameIntervals = False
150.4247 	EXP 	fixation: autoDraw = True
151.0246 	EXP 	fixation: autoDraw = False
151.1574 	EXP 	grating: autoDraw = True
151.7108 	EXP 	window1: recordFrameIntervals = False
151.7141 	DATA 	Keypress: left
151.7237 	EXP 	fixation: autoDraw = False
151.7237 	EXP 	grating: autoDraw = False
151.7237 	EXP 	grating: ori = 90.0
151.7237 	EXP 	grating: sf = array([1.2, 1.2])
151.7239 	EXP 	window1: recordFrameIntervals = False
151.9750 	EXP 	fixation: autoDraw = True
152.5742 	EXP 	fixation: autoDraw = False
152.7080 	EXP 	grating: autoDraw = True
153.1935 	EXP 	window1: recordFrameIntervals = False
153.1969 	DATA 	Keypress: left
153.2082 	EXP 	fixation: autoDraw = False
153.2082 	EXP 	grating: autoDraw = False
153.2082 	EXP 	grating: ori = 90.0
153.2082 	EXP 	grating: sf = array([12., 12.])
153.2085 	EXP 	window1: recordFrameIntervals = False
153.4577 	EXP 	fixation: autoDraw = True
154.0570 	EXP 	fixation: autoDraw = False
154.1913 	EXP 	grating: autoDraw = True
154.6262 	EXP 	window1: recordFrameIntervals = False
154.6307 	DATA 	Keypress: left
154.6411 	EXP 	fixation: autoDraw = False
154.6411 	EXP 	grating: autoDraw = False
154.6411 	EXP 	grating: ori = 90.0
154.6411 	EXP 	grating: sf = array([1.2, 1.2])
154.6413 	EXP 	window1: recordFrameIntervals = False
154.8910 	EXP 	fixation: autoDraw = True
155.4912 	EXP 	fixation: autoDraw = False
155.6247 	EXP 	grating: autoDraw = True
156.1789 	DATA 	Keypress: left
156.1910 	EXP 	fixation: autoDraw = False
156.1910 	EXP 	grating: autoDraw = False
156.1910 	EXP 	thanksMsg: autoDraw = True
158.1914 	EXP 	thanksMsg: autoDraw = False
158.1914 	EXP 	thanksMsg: autoDraw = False
158.5155 	EXP 	window1: mouseVisible = True
