9.5495 	EXP 	Created window1 = Window(allowGUI=False, allowStencil=False, args=UNKNOWN, autoLog=True, bitsMode=UNKNOWN, blendMode='avg', color=array([0., 0., 0.]), colorSpace='rgb', fullscr=<method-wrapper '__getattribute__' of attributeSetter object at 0x12fabfe80>, gamma=None, gammaErrorPolicy='raise', kwargs=UNKNOWN, lms=UNKNOWN, monitor=<psychopy.monitors.calibTools.Monitor object at 0x130c0c8d0>, multiSample=False, name='window1', numSamples=2, pos=[0.0, 0.0], screen=0, size=array([1920, 1080]), stereo=False, units='deg', useFBO=True, useRetina=False, viewOri=0.0, viewPos=None, viewScale=None, waitBlanking=True, winType='pyglet')
9.5496 	EXP 	window1: recordFrameIntervals = False
9.7161 	EXP 	window1: recordFrameIntervals = True
9.8989 	EXP 	window1: recordFrameIntervals = False
10.4688 	EXP 	Created setup_text = TextStim(__class__=<class 'psychopy.visual.text.TextStim'>, alignHoriz='center', alignVert='center', antialias=True, autoLog=True, bold=False, color='white', colorSpace='named', contrast=1.0, depth=0.0, flipHoriz=False, flipVert=False, font='Arial', fontFiles=[], height=1, italic=False, languageStyle='LTR', name='setup_text', opacity=1.0, ori=0, pos=array([0., 0.]), rgb=array([255., 255., 255.]), text=str(...), units='deg', win=Window(...), wrapWidth=15.0)
10.6526 	EXP 	Created instrText = TextStim(__class__=<class 'psychopy.visual.text.TextStim'>, alignHoriz='center', alignVert='center', antialias=True, autoLog=True, bold=False, color='white', colorSpace='named', contrast=1.0, depth=0.0, flipHoriz=False, flipVert=False, font='Arial', fontFiles=[], height=1, italic=False, languageStyle='LTR', name='instrText', opacity=1.0, ori=0, pos=array([0., 0.]), rgb=array([255., 255., 255.]), text=str(...), units='deg', win=Window(...), wrapWidth=15.0)
10.7024 	EXP 	Created fixation = GratingStim(__class__=<class 'psychopy.visual.grating.GratingStim'>, autoDraw=False, autoLog=True, blendmode='avg', color='black', colorSpace='named', contrast=1.0, depth=-2.0, interpolate=True, mask='gauss', maskParams=None, name='fixation', opacity=1.0, ori=0.0, phase=array([0., 0.]), pos=array([0., 0.]), rgbPedestal=array([0., 0., 0.]), sf=array([1., 1.]), size=array([1., 1.]), tex=None, texRes=128, units='deg', win=Window(...))
10.7068 	EXP 	Created grating = GratingStim(__class__=<class 'psychopy.visual.grating.GratingStim'>, autoDraw=False, autoLog=True, blendmode='avg', color='white', colorSpace='named', contrast=1.0, depth=-3.0, interpolate=True, mask='gauss', maskParams=None, name='grating', opacity=1.0, ori=1.0, phase=array([0., 0.]), pos=array([0., 0.]), rgbPedestal=array([0., 0., 0.]), sf=array([1., 1.]), size=array([60., 60.]), tex='sin', texRes=128, units='deg', win=Window(...))
10.8487 	EXP 	Created text = TextStim(__class__=<class 'psychopy.visual.text.TextStim'>, alignHoriz='center', alignVert='center', antialias=True, autoLog=True, bold=False, color='white', colorSpace='named', contrast=1.0, depth=0.0, flipHoriz=False, flipVert=False, font='Arial', fontFiles=[], height=0.1, italic=False, languageStyle='LTR', name='text', opacity=1.0, ori=0, pos=array([0., 0.]), rgb=array([255., 255., 255.]), text=str(...), units='deg', win=Window(...), wrapWidth=15.0)
10.8926 	EXP 	Created fixation = GratingStim(__class__=<class 'psychopy.visual.grating.GratingStim'>, autoDraw=False, autoLog=True, blendmode='avg', color='black', colorSpace='named', contrast=1.0, depth=-2.0, interpolate=True, mask='gauss', maskParams=None, name='fixation', opacity=1.0, ori=0.0, phase=array([0., 0.]), pos=array([0., 0.]), rgbPedestal=array([0., 0., 0.]), sf=array([1., 1.]), size=array([1., 1.]), tex=None, texRes=128, units='deg', win=Window(...))
10.8976 	EXP 	Created grating = GratingStim(__class__=<class 'psychopy.visual.grating.GratingStim'>, autoDraw=False, autoLog=True, blendmode='avg', color='white', colorSpace='named', contrast=1.0, depth=-3.0, interpolate=True, mask='gauss', maskParams=None, name='grating', opacity=1.0, ori=1.0, phase=array([0., 0.]), pos=array([0., 0.]), rgbPedestal=array([0., 0., 0.]), sf=array([1., 1.]), size=array([3.5, 3.5]), tex='sin', texRes=128, units='deg', win=Window(...))
10.9655 	EXP 	Created thanksMsg = TextStim(__class__=<class 'psychopy.visual.text.TextStim'>, alignHoriz='center', alignVert='center', antialias=True, autoLog=True, bold=False, color=array([1., 1., 1.]), colorSpace='rgb', contrast=1.0, depth=0.0, flipHoriz=False, flipVert=False, font='Arial', fontFiles=[], height=0.1, italic=False, languageStyle='LTR', name='thanksMsg', opacity=1.0, ori=0, pos=array([0., 0.]), rgb=array([1., 1., 1.]), text=str(...), units='deg', win=Window(...), wrapWidth=15.0)
10.9827 	EXP 	setup_text: autoDraw = True
11.4768 	DATA 	Keypress: space
11.4872 	EXP 	setup_text: autoDraw = False
11.4872 	EXP 	instrText: autoDraw = True
11.9177 	EXP 	Created sequence: random, trialTypes=1, nReps=10, seed=None
11.9185 	EXP 	New trial (rep=0, index=0): None
11.9192 	EXP 	window1: recordFrameIntervals = False
11.9232 	DATA 	Keypress: space
11.9342 	EXP 	instrText: autoDraw = False
11.9342 	EXP 	grating: ori = 90.0
11.9342 	EXP 	grating: sf = array([1.2, 1.2])
11.9345 	EXP 	window1: recordFrameIntervals = False
12.1822 	EXP 	fixation: autoDraw = True
12.7825 	EXP 	fixation: autoDraw = False
12.9152 	EXP 	grating: autoDraw = True
13.4038 	EXP 	New trial (rep=1, index=0): None
13.4045 	EXP 	window1: recordFrameIntervals = False
13.4125 	DATA 	Keypress: left
13.4254 	EXP 	fixation: autoDraw = False
13.4254 	EXP 	grating: autoDraw = False
13.4254 	EXP 	grating: ori = 0.0
13.4254 	EXP 	grating: sf = array([1.2, 1.2])
13.4257 	EXP 	window1: recordFrameIntervals = False
13.6654 	EXP 	fixation: autoDraw = True
14.2657 	EXP 	fixation: autoDraw = False
14.3985 	EXP 	grating: autoDraw = True
14.8524 	EXP 	New trial (rep=2, index=0): None
14.8528 	EXP 	window1: recordFrameIntervals = False
14.8557 	DATA 	Keypress: up
14.8658 	EXP 	fixation: autoDraw = False
14.8658 	EXP 	grating: autoDraw = False
14.8658 	EXP 	grating: ori = 0.0
14.8658 	EXP 	grating: sf = array([1.2, 1.2])
14.8661 	EXP 	window1: recordFrameIntervals = False
15.1152 	EXP 	fixation: autoDraw = True
15.7156 	EXP 	fixation: autoDraw = False
15.8489 	EXP 	grating: autoDraw = True
16.4692 	EXP 	New trial (rep=3, index=0): None
16.4701 	EXP 	window1: recordFrameIntervals = False
16.4735 	DATA 	Keypress: up
16.4826 	EXP 	fixation: autoDraw = False
16.4826 	EXP 	grating: autoDraw = False
16.4826 	EXP 	grating: ori = 90.0
16.4826 	EXP 	grating: sf = array([1.2, 1.2])
16.4829 	EXP 	window1: recordFrameIntervals = False
16.7316 	EXP 	fixation: autoDraw = True
17.3321 	EXP 	fixation: autoDraw = False
17.4653 	EXP 	grating: autoDraw = True
17.8531 	EXP 	New trial (rep=4, index=0): None
17.8538 	EXP 	window1: recordFrameIntervals = False
17.8567 	DATA 	Keypress: left
17.8648 	EXP 	fixation: autoDraw = False
17.8648 	EXP 	grating: autoDraw = False
17.8648 	EXP 	grating: ori = 0.0
17.8648 	EXP 	grating: sf = array([12., 12.])
17.8650 	EXP 	window1: recordFrameIntervals = False
18.1157 	EXP 	fixation: autoDraw = True
18.7152 	EXP 	fixation: autoDraw = False
18.8489 	EXP 	grating: autoDraw = True
19.3203 	EXP 	New trial (rep=5, index=0): None
19.3211 	EXP 	window1: recordFrameIntervals = False
19.3243 	DATA 	Keypress: up
19.3325 	EXP 	fixation: autoDraw = False
19.3325 	EXP 	grating: autoDraw = False
19.3325 	EXP 	grating: ori = 0.0
19.3325 	EXP 	grating: sf = array([12., 12.])
19.3327 	EXP 	window1: recordFrameIntervals = False
19.5822 	EXP 	fixation: autoDraw = True
20.1816 	EXP 	fixation: autoDraw = False
20.3157 	EXP 	grating: autoDraw = True
20.8516 	EXP 	New trial (rep=6, index=0): None
20.8522 	EXP 	window1: recordFrameIntervals = False
20.8546 	DATA 	Keypress: up
20.8657 	EXP 	fixation: autoDraw = False
20.8657 	EXP 	grating: autoDraw = False
20.8657 	EXP 	grating: ori = 0.0
20.8657 	EXP 	grating: sf = array([1.2, 1.2])
20.8660 	EXP 	window1: recordFrameIntervals = False
21.1117 	EXP 	fixation: autoDraw = True
21.7165 	EXP 	fixation: autoDraw = False
21.8490 	EXP 	grating: autoDraw = True
22.4182 	EXP 	New trial (rep=7, index=0): None
22.4190 	EXP 	window1: recordFrameIntervals = False
22.4219 	DATA 	Keypress: left
22.4314 	EXP 	fixation: autoDraw = False
22.4314 	EXP 	grating: autoDraw = False
22.4314 	EXP 	grating: ori = 0.0
22.4314 	EXP 	grating: sf = array([1.2, 1.2])
22.4316 	EXP 	window1: recordFrameIntervals = False
22.6824 	EXP 	fixation: autoDraw = True
23.2826 	EXP 	fixation: autoDraw = False
23.4160 	EXP 	grating: autoDraw = True
23.9691 	EXP 	New trial (rep=8, index=0): None
23.9698 	EXP 	window1: recordFrameIntervals = False
23.9730 	DATA 	Keypress: up
23.9828 	EXP 	fixation: autoDraw = False
23.9828 	EXP 	grating: autoDraw = False
23.9828 	EXP 	grating: ori = 90.0
23.9828 	EXP 	grating: sf = array([1.2, 1.2])
23.9832 	EXP 	window1: recordFrameIntervals = False
24.2322 	EXP 	fixation: autoDraw = True
24.8319 	EXP 	fixation: autoDraw = False
24.9660 	EXP 	grating: autoDraw = True
25.5714 	EXP 	New trial (rep=9, index=0): None
25.5721 	EXP 	window1: recordFrameIntervals = False
25.5748 	DATA 	Keypress: left
25.5911 	EXP 	fixation: autoDraw = False
25.5911 	EXP 	grating: autoDraw = False
25.5911 	EXP 	grating: ori = 90.0
25.5911 	EXP 	grating: sf = array([12., 12.])
25.5913 	EXP 	window1: recordFrameIntervals = False
25.8331 	EXP 	fixation: autoDraw = True
26.4492 	EXP 	fixation: autoDraw = False
26.5652 	EXP 	grating: autoDraw = True
27.6715 	DATA 	Keypress: left
27.6824 	EXP 	fixation: autoDraw = False
27.6824 	EXP 	grating: autoDraw = False
27.6824 	EXP 	text: autoDraw = True
32.0534 	EXP 	Imported stairDefinitions.xlsx as conditions, 2 conditions, 9 params
32.2610 	EXP 	window1: recordFrameIntervals = False
32.2645 	DATA 	Keypress: lcommand
32.2754 	EXP 	text: autoDraw = False
32.2754 	EXP 	grating: ori = 0.0
32.2754 	EXP 	grating: sf = array([12., 12.])
32.2757 	EXP 	window1: recordFrameIntervals = False
32.5257 	EXP 	fixation: autoDraw = True
33.1265 	EXP 	fixation: autoDraw = False
33.2608 	EXP 	grating: autoDraw = True
34.0801 	EXP 	window1: mouseVisible = True
